syshost=pitzer database=xalt year=2018 month=09 software=None executables=stream-x64-omp-variable cpuhours=483.37 corehours=0 nodehours=21.29 n_jobs=266 n_users=2 n_groups=0 n_accounts=0 
syshost=pitzer database=xalt year=2018 month=09 software=None executables=ior cpuhours=145.99 corehours=0 nodehours=3.65 n_jobs=5 n_users=1 n_groups=0 n_accounts=0 
syshost=pitzer database=xalt year=2018 month=09 software=None executables=xhpcg cpuhours=105.02 corehours=0 nodehours=2.75 n_jobs=2 n_users=2 n_groups=0 n_accounts=0 
syshost=pitzer database=xalt year=2018 month=09 software=None executables=stream-x64-omp cpuhours=97.68 corehours=0 nodehours=81.56 n_jobs=284 n_users=3 n_groups=0 n_accounts=0 
syshost=pitzer database=xalt year=2018 month=09 software=None executables=xhpcg-3.1_gcc_485_cuda90176_ompi_1_10_2_sm_35_sm_50_sm_60_sm_70_ver_10_8_17 cpuhours=70.93 corehours=0 nodehours=35.46 n_jobs=5 n_users=1 n_groups=0 n_accounts=0 
syshost=pitzer database=xalt year=2018 month=09 software=None executables=ORCA cpuhours=70.82 corehours=0 nodehours=0.89 n_jobs=2 n_users=1 n_groups=0 n_accounts=0 
syshost=pitzer database=xalt year=2018 month=09 software=None executables=orted cpuhours=35.28 corehours=0 nodehours=1093.21 n_jobs=32 n_users=4 n_groups=0 n_accounts=0 
syshost=pitzer database=xalt year=2018 month=09 software=None executables=short cpuhours=14.35 corehours=0 nodehours=14.35 n_jobs=1 n_users=1 n_groups=0 n_accounts=0 
syshost=pitzer database=xalt year=2018 month=09 software=None executables=Xvnc cpuhours=10.49 corehours=0 nodehours=10.49 n_jobs=6 n_users=1 n_groups=0 n_accounts=0 
syshost=pitzer database=xalt year=2018 month=09 software=None executables=gmx_mpi cpuhours=8.56 corehours=0 nodehours=0.31 n_jobs=1 n_users=1 n_groups=0 n_accounts=0 
syshost=pitzer database=xalt year=2018 month=09 software=None executables=Amber cpuhours=3.11 corehours=0 nodehours=0.29 n_jobs=44 n_users=2 n_groups=0 n_accounts=0 
syshost=pitzer database=xalt year=2018 month=09 software=None executables=osu_bw cpuhours=1.13 corehours=0 nodehours=123.35 n_jobs=24 n_users=1 n_groups=0 n_accounts=0 
syshost=pitzer database=xalt year=2018 month=09 software=None executables=OpenFORM cpuhours=1.04 corehours=0 nodehours=0.38 n_jobs=16 n_users=3 n_groups=0 n_accounts=0 
syshost=pitzer database=xalt year=2018 month=09 software=None executables=mpi cpuhours=0.77 corehours=0 nodehours=0.02 n_jobs=20 n_users=1 n_groups=0 n_accounts=0 
syshost=pitzer database=xalt year=2018 month=09 software=None executables=snappyHexMesh cpuhours=0.64 corehours=0 nodehours=0.24 n_jobs=5 n_users=2 n_groups=0 n_accounts=0 
syshost=pitzer database=xalt year=2018 month=09 software=None executables=QChem cpuhours=0.22 corehours=0 nodehours=0.11 n_jobs=33 n_users=2 n_groups=0 n_accounts=0 
syshost=pitzer database=xalt year=2018 month=09 software=None executables=pdinv cpuhours=0.2 corehours=0 nodehours=0.2 n_jobs=15 n_users=2 n_groups=0 n_accounts=0 
syshost=pitzer database=xalt year=2018 month=09 software=None executables=gmx_gpu cpuhours=0.16 corehours=0 nodehours=0.16 n_jobs=1 n_users=1 n_groups=0 n_accounts=0 
syshost=pitzer database=xalt year=2018 month=09 software=None executables=osu_allreduce cpuhours=0.13 corehours=0 nodehours=0.0 n_jobs=1 n_users=1 n_groups=0 n_accounts=0 
syshost=pitzer database=xalt year=2018 month=09 software=None executables=hybrid cpuhours=0.08 corehours=0 nodehours=0.0 n_jobs=17 n_users=1 n_groups=0 n_accounts=0 
syshost=pitzer database=xalt year=2018 month=09 software=None executables=R cpuhours=0.07 corehours=0 nodehours=0.07 n_jobs=2 n_users=1 n_groups=0 n_accounts=0 
syshost=pitzer database=xalt year=2018 month=09 software=None executables=MATLAB cpuhours=0.04 corehours=0 nodehours=0.04 n_jobs=3 n_users=2 n_groups=0 n_accounts=0 
syshost=pitzer database=xalt year=2018 month=09 software=None executables=python3.6 cpuhours=0.03 corehours=0 nodehours=0.03 n_jobs=1 n_users=1 n_groups=0 n_accounts=0 
syshost=pitzer database=xalt year=2018 month=09 software=None executables=2d_mpi_example cpuhours=0.01 corehours=0 nodehours=0.01 n_jobs=27 n_users=1 n_groups=0 n_accounts=0 
syshost=pitzer database=xalt year=2018 month=09 software=None executables=blockMesh cpuhours=0.01 corehours=0 nodehours=0.01 n_jobs=12 n_users=3 n_groups=0 n_accounts=0 
syshost=pitzer database=xalt year=2018 month=09 software=None executables=decomposePar cpuhours=0.01 corehours=0 nodehours=0.01 n_jobs=15 n_users=3 n_groups=0 n_accounts=0 
syshost=pitzer database=xalt year=2018 month=09 software=None executables=foamToVTK cpuhours=0.01 corehours=0 nodehours=0.01 n_jobs=7 n_users=2 n_groups=0 n_accounts=0 
syshost=pitzer database=xalt year=2018 month=09 software=None executables=openmp cpuhours=0.01 corehours=0 nodehours=0.0 n_jobs=11 n_users=1 n_groups=0 n_accounts=0 
syshost=pitzer database=xalt year=2018 month=09 software=None executables=patchSummary cpuhours=0.01 corehours=0 nodehours=0.0 n_jobs=9 n_users=3 n_groups=0 n_accounts=0 
syshost=pitzer database=xalt year=2018 month=09 software=None executables=pingpong-mpi cpuhours=0.01 corehours=0 nodehours=0.01 n_jobs=11 n_users=2 n_groups=0 n_accounts=0 
syshost=pitzer database=xalt year=2018 month=09 software=None executables=potentialFoam cpuhours=0.01 corehours=0 nodehours=0.01 n_jobs=9 n_users=3 n_groups=0 n_accounts=0 
syshost=pitzer database=xalt year=2018 month=09 software=None executables=surfaceFeatureExtract cpuhours=0.01 corehours=0 nodehours=0.01 n_jobs=6 n_users=2 n_groups=0 n_accounts=0 
syshost=pitzer database=xalt year=2018 month=09 software=None executables=LL_parmetis cpuhours=0.0 corehours=0 nodehours=0.0 n_jobs=4 n_users=1 n_groups=0 n_accounts=0 
syshost=pitzer database=xalt year=2018 month=09 software=None executables=Rscript cpuhours=0.0 corehours=0 nodehours=0.0 n_jobs=3 n_users=1 n_groups=0 n_accounts=0 
syshost=pitzer database=xalt year=2018 month=09 software=None executables=ansysToFoam cpuhours=0.0 corehours=0 nodehours=0.0 n_jobs=7 n_users=2 n_groups=0 n_accounts=0 
syshost=pitzer database=xalt year=2018 month=09 software=None executables=c_tareas cpuhours=0.0 corehours=0 nodehours=0.0 n_jobs=3 n_users=1 n_groups=0 n_accounts=0 
syshost=pitzer database=xalt year=2018 month=09 software=None executables=c_tdshpk cpuhours=0.0 corehours=0 nodehours=0.0 n_jobs=2 n_users=1 n_groups=0 n_accounts=0 
syshost=pitzer database=xalt year=2018 month=09 software=None executables=c_tgflas cpuhours=0.0 corehours=0 nodehours=0.0 n_jobs=3 n_users=1 n_groups=0 n_accounts=0 
syshost=pitzer database=xalt year=2018 month=09 software=None executables=c_tgrida cpuhours=0.0 corehours=0 nodehours=0.0 n_jobs=1 n_users=1 n_groups=0 n_accounts=0 
syshost=pitzer database=xalt year=2018 month=09 software=None executables=c_thstmv cpuhours=0.0 corehours=0 nodehours=0.0 n_jobs=2 n_users=1 n_groups=0 n_accounts=0 
syshost=pitzer database=xalt year=2018 month=09 software=None executables=c_tisosr cpuhours=0.0 corehours=0 nodehours=0.0 n_jobs=1 n_users=1 n_groups=0 n_accounts=0 
syshost=pitzer database=xalt year=2018 month=09 software=None executables=createPatch cpuhours=0.0 corehours=0 nodehours=0.01 n_jobs=5 n_users=1 n_groups=0 n_accounts=0 
syshost=pitzer database=xalt year=2018 month=09 software=None executables=deviceQuery cpuhours=0.0 corehours=0 nodehours=0.0 n_jobs=1 n_users=1 n_groups=0 n_accounts=0 
syshost=pitzer database=xalt year=2018 month=09 software=None executables=dp_plan_dft_c2r_3d cpuhours=0.0 corehours=0 nodehours=0.0 n_jobs=24 n_users=1 n_groups=0 n_accounts=0 
syshost=pitzer database=xalt year=2018 month=09 software=None executables=dp_plan_dft_c2r_3d_F cpuhours=0.0 corehours=0 nodehours=0.0 n_jobs=20 n_users=1 n_groups=0 n_accounts=0 
syshost=pitzer database=xalt year=2018 month=09 software=None executables=extrudeToRegionMesh cpuhours=0.0 corehours=0 nodehours=0.0 n_jobs=1 n_users=1 n_groups=0 n_accounts=0 
syshost=pitzer database=xalt year=2018 month=09 software=None executables=fireFoam cpuhours=0.0 corehours=0 nodehours=0.0 n_jobs=5 n_users=1 n_groups=0 n_accounts=0 
syshost=pitzer database=xalt year=2018 month=09 software=None executables=foamDictionary cpuhours=0.0 corehours=0 nodehours=0.0 n_jobs=15 n_users=3 n_groups=0 n_accounts=0 
syshost=pitzer database=xalt year=2018 month=09 software=None executables=foamToEnsight cpuhours=0.0 corehours=0 nodehours=0.0 n_jobs=7 n_users=2 n_groups=0 n_accounts=0 
syshost=pitzer database=xalt year=2018 month=09 software=None executables=foamToEnsightParts cpuhours=0.0 corehours=0 nodehours=0.0 n_jobs=7 n_users=2 n_groups=0 n_accounts=0 
