syshost=pitzer database=xalt year=2018 month=11 software=None executables=LAMMPS cpuhours=704017.85 corehours=0 nodehours=18299.12 n_jobs=2695 n_users=11 n_groups=0 n_accounts=0 
syshost=pitzer database=xalt year=2018 month=11 software=None executables=gmx_mpi cpuhours=393940.73 corehours=0 nodehours=9848.52 n_jobs=137 n_users=3 n_groups=0 n_accounts=0 
syshost=pitzer database=xalt year=2018 month=11 software=None executables=tkestatsclone.exe cpuhours=247426.46 corehours=0 nodehours=6185.66 n_jobs=45 n_users=1 n_groups=0 n_accounts=0 
syshost=pitzer database=xalt year=2018 month=11 software=None executables=dgswem cpuhours=234181.55 corehours=0 nodehours=5941.72 n_jobs=19 n_users=3 n_groups=0 n_accounts=0 
syshost=pitzer database=xalt year=2018 month=11 software=None executables=OpenFORM cpuhours=125649.93 corehours=0 nodehours=3140.13 n_jobs=191 n_users=4 n_groups=0 n_accounts=0 
syshost=pitzer database=xalt year=2018 month=11 software=None executables=TSpimpleFoamRobustBlendingFactor-v0.1 cpuhours=120647.54 corehours=0 nodehours=3711.52 n_jobs=35 n_users=2 n_groups=0 n_accounts=0 
syshost=pitzer database=xalt year=2018 month=11 software=None executables=namd2 cpuhours=113893.87 corehours=0 nodehours=15798.6 n_jobs=422 n_users=3 n_groups=0 n_accounts=0 
syshost=pitzer database=xalt year=2018 month=11 software=None executables=VASP cpuhours=84015.75 corehours=0 nodehours=2100.39 n_jobs=530 n_users=3 n_groups=0 n_accounts=0 
syshost=pitzer database=xalt year=2018 month=11 software=None executables=python2.7 cpuhours=55376.75 corehours=0 nodehours=2667.42 n_jobs=415 n_users=25 n_groups=0 n_accounts=0 
syshost=pitzer database=xalt year=2018 month=11 software=None executables=simplecFoam cpuhours=42150.99 corehours=0 nodehours=1069.67 n_jobs=67 n_users=2 n_groups=0 n_accounts=0 
syshost=pitzer database=xalt year=2018 month=11 software=None executables=v2_Reco cpuhours=42144.69 corehours=0 nodehours=42144.69 n_jobs=208 n_users=1 n_groups=0 n_accounts=0 
syshost=pitzer database=xalt year=2018 month=11 software=None executables=QChem cpuhours=35778.77 corehours=0 nodehours=1672.01 n_jobs=1385 n_users=7 n_groups=0 n_accounts=0 
syshost=pitzer database=xalt year=2018 month=11 software=None executables=TSsnappyHexMesh cpuhours=32052.48 corehours=0 nodehours=934.69 n_jobs=191 n_users=3 n_groups=0 n_accounts=0 
syshost=pitzer database=xalt year=2018 month=11 software=None executables=TSsnappyHexMesh-v2.0 cpuhours=23647.8 corehours=0 nodehours=591.19 n_jobs=91 n_users=5 n_groups=0 n_accounts=0 
syshost=pitzer database=xalt year=2018 month=11 software=None executables=python3.6 cpuhours=21703.95 corehours=0 nodehours=21703.93 n_jobs=3408 n_users=14 n_groups=0 n_accounts=0 
syshost=pitzer database=xalt year=2018 month=11 software=None executables=padcirc cpuhours=14384.68 corehours=0 nodehours=464.6 n_jobs=16 n_users=1 n_groups=0 n_accounts=0 
syshost=pitzer database=xalt year=2018 month=11 software=None executables=lt-simulate cpuhours=5403.74 corehours=0 nodehours=5403.74 n_jobs=1089 n_users=3 n_groups=0 n_accounts=0 
syshost=pitzer database=xalt year=2018 month=11 software=None executables=execFlowFunctionObjects cpuhours=4967.55 corehours=0 nodehours=126.18 n_jobs=62 n_users=3 n_groups=0 n_accounts=0 
syshost=pitzer database=xalt year=2018 month=11 software=None executables=kMC cpuhours=3360.42 corehours=0 nodehours=3360.42 n_jobs=70 n_users=1 n_groups=0 n_accounts=0 
syshost=pitzer database=xalt year=2018 month=11 software=None executables=cavity.exe cpuhours=3282.26 corehours=0 nodehours=164.11 n_jobs=3 n_users=1 n_groups=0 n_accounts=0 
syshost=pitzer database=xalt year=2018 month=11 software=None executables=orted cpuhours=2914.93 corehours=0 nodehours=2914.72 n_jobs=30 n_users=8 n_groups=0 n_accounts=0 
syshost=pitzer database=xalt year=2018 month=11 software=None executables=pturbo.x cpuhours=1866.54 corehours=0 nodehours=57.61 n_jobs=1 n_users=1 n_groups=0 n_accounts=0 
syshost=pitzer database=xalt year=2018 month=11 software=None executables=MOPAC2016.exe cpuhours=1749.49 corehours=0 nodehours=1749.49 n_jobs=82 n_users=1 n_groups=0 n_accounts=0 
syshost=pitzer database=xalt year=2018 month=11 software=None executables=pw.x cpuhours=1422.65 corehours=0 nodehours=35.57 n_jobs=12 n_users=3 n_groups=0 n_accounts=0 
syshost=pitzer database=xalt year=2018 month=11 software=None executables=calc.f95 cpuhours=1284.85 corehours=0 nodehours=1284.85 n_jobs=578 n_users=1 n_groups=0 n_accounts=0 
syshost=pitzer database=xalt year=2018 month=11 software=None executables=AraSim cpuhours=803.14 corehours=0 nodehours=803.14 n_jobs=26 n_users=1 n_groups=0 n_accounts=0 
syshost=pitzer database=xalt year=2018 month=11 software=None executables=checkMesh cpuhours=713.02 corehours=0 nodehours=18.13 n_jobs=447 n_users=5 n_groups=0 n_accounts=0 
syshost=pitzer database=xalt year=2018 month=11 software=None executables=gmx cpuhours=538.69 corehours=0 nodehours=538.73 n_jobs=443 n_users=4 n_groups=0 n_accounts=0 
syshost=pitzer database=xalt year=2018 month=11 software=None executables=potentialFoam cpuhours=518.44 corehours=0 nodehours=12.45 n_jobs=209 n_users=5 n_groups=0 n_accounts=0 
syshost=pitzer database=xalt year=2018 month=11 software=None executables=3DHELMPAR_DOAK.exe cpuhours=409.72 corehours=0 nodehours=20.49 n_jobs=3 n_users=1 n_groups=0 n_accounts=0 
syshost=pitzer database=xalt year=2018 month=11 software=None executables=2-exe.f95 cpuhours=380.47 corehours=0 nodehours=380.47 n_jobs=349 n_users=1 n_groups=0 n_accounts=0 
syshost=pitzer database=xalt year=2018 month=11 software=None executables=foamToEnsight cpuhours=355.06 corehours=0 nodehours=8.9 n_jobs=52 n_users=4 n_groups=0 n_accounts=0 
syshost=pitzer database=xalt year=2018 month=11 software=None executables=Gaussian cpuhours=320.46 corehours=0 nodehours=307.66 n_jobs=66 n_users=4 n_groups=0 n_accounts=0 
syshost=pitzer database=xalt year=2018 month=11 software=None executables=renumberMesh cpuhours=304.79 corehours=0 nodehours=7.64 n_jobs=226 n_users=5 n_groups=0 n_accounts=0 
syshost=pitzer database=xalt year=2018 month=11 software=None executables=topoSet cpuhours=265.39 corehours=0 nodehours=6.59 n_jobs=208 n_users=3 n_groups=0 n_accounts=0 
syshost=pitzer database=xalt year=2018 month=11 software=None executables=xcfour cpuhours=254.0 corehours=0 nodehours=254.0 n_jobs=42 n_users=1 n_groups=0 n_accounts=0 
syshost=pitzer database=xalt year=2018 month=11 software=None executables=xrun cpuhours=254.0 corehours=0 nodehours=254.0 n_jobs=32 n_users=1 n_groups=0 n_accounts=0 
syshost=pitzer database=xalt year=2018 month=11 software=None executables=TSyPlusRAS-v1.1 cpuhours=229.38 corehours=0 nodehours=5.73 n_jobs=46 n_users=1 n_groups=0 n_accounts=0 
syshost=pitzer database=xalt year=2018 month=11 software=None executables=TSfaceZonesToBaffles-v1.9.13 cpuhours=205.73 corehours=0 nodehours=5.47 n_jobs=158 n_users=3 n_groups=0 n_accounts=0 
syshost=pitzer database=xalt year=2018 month=11 software=None executables=grinn cpuhours=200.32 corehours=0 nodehours=200.32 n_jobs=21 n_users=1 n_groups=0 n_accounts=0 
syshost=pitzer database=xalt year=2018 month=11 software=None executables=Amber cpuhours=197.1 corehours=0 nodehours=196.61 n_jobs=8 n_users=2 n_groups=0 n_accounts=0 
syshost=pitzer database=xalt year=2018 month=11 software=None executables=gmx_d cpuhours=174.37 corehours=0 nodehours=174.37 n_jobs=7 n_users=1 n_groups=0 n_accounts=0 
syshost=pitzer database=xalt year=2018 month=11 software=None executables=TSredistributePar-v0.1 cpuhours=173.04 corehours=0 nodehours=4.34 n_jobs=14 n_users=2 n_groups=0 n_accounts=0 
syshost=pitzer database=xalt year=2018 month=11 software=None executables=bowtie2-align-s cpuhours=154.82 corehours=0 nodehours=154.82 n_jobs=12 n_users=2 n_groups=0 n_accounts=0 
syshost=pitzer database=xalt year=2018 month=11 software=None executables=xvscf cpuhours=127.0 corehours=0 nodehours=127.0 n_jobs=5 n_users=1 n_groups=0 n_accounts=0 
syshost=pitzer database=xalt year=2018 month=11 software=None executables=checkSetup-v3.7.6 cpuhours=108.43 corehours=0 nodehours=2.75 n_jobs=85 n_users=4 n_groups=0 n_accounts=0 
syshost=pitzer database=xalt year=2018 month=11 software=None executables=TSfaceZonesToBaffles-v1.9.7 cpuhours=83.62 corehours=0 nodehours=2.09 n_jobs=79 n_users=5 n_groups=0 n_accounts=0 
syshost=pitzer database=xalt year=2018 month=11 software=None executables=gmx_gpu cpuhours=68.82 corehours=0 nodehours=68.82 n_jobs=20 n_users=2 n_groups=0 n_accounts=0 
syshost=pitzer database=xalt year=2018 month=11 software=None executables=setSurfaceFields-v1.1 cpuhours=68.75 corehours=0 nodehours=1.72 n_jobs=69 n_users=3 n_groups=0 n_accounts=0 
syshost=pitzer database=xalt year=2018 month=11 software=None executables=samtools cpuhours=67.43 corehours=0 nodehours=67.43 n_jobs=412 n_users=5 n_groups=0 n_accounts=0 
