syshost=pitzer database=xalt year=2018 month=10 software=None executables=LAMMPS cpuhours=169033.96 corehours=0 nodehours=4226.1 n_jobs=157 n_users=7 n_groups=0 n_accounts=0 
syshost=pitzer database=xalt year=2018 month=10 software=None executables=TSpimpleFoamRobustBlendingFactor-v0.1 cpuhours=69558.33 corehours=0 nodehours=1811.41 n_jobs=30 n_users=2 n_groups=0 n_accounts=0 
syshost=pitzer database=xalt year=2018 month=10 software=None executables=VASP cpuhours=50406.01 corehours=0 nodehours=1260.17 n_jobs=153 n_users=3 n_groups=0 n_accounts=0 
syshost=pitzer database=xalt year=2018 month=10 software=None executables=AraSim cpuhours=23527.2 corehours=0 nodehours=23527.2 n_jobs=495 n_users=1 n_groups=0 n_accounts=0 
syshost=pitzer database=xalt year=2018 month=10 software=None executables=QChem cpuhours=23407.5 corehours=0 nodehours=834.06 n_jobs=55 n_users=3 n_groups=0 n_accounts=0 
syshost=pitzer database=xalt year=2018 month=10 software=None executables=simplecFoam cpuhours=6061.84 corehours=0 nodehours=157.86 n_jobs=4 n_users=2 n_groups=0 n_accounts=0 
syshost=pitzer database=xalt year=2018 month=10 software=None executables=python3.6 cpuhours=2666.05 corehours=0 nodehours=2666.05 n_jobs=359 n_users=7 n_groups=0 n_accounts=0 
syshost=pitzer database=xalt year=2018 month=10 software=None executables=execFlowFunctionObjects cpuhours=1724.99 corehours=0 nodehours=44.92 n_jobs=10 n_users=1 n_groups=0 n_accounts=0 
syshost=pitzer database=xalt year=2018 month=10 software=None executables=tkestatsclone.exe cpuhours=1648.79 corehours=0 nodehours=41.22 n_jobs=10 n_users=1 n_groups=0 n_accounts=0 
syshost=pitzer database=xalt year=2018 month=10 software=None executables=osc.exe cpuhours=773.11 corehours=0 nodehours=37.04 n_jobs=1 n_users=1 n_groups=0 n_accounts=0 
syshost=pitzer database=xalt year=2018 month=10 software=None executables=TSsnappyHexMesh-v2.0 cpuhours=702.98 corehours=0 nodehours=35.15 n_jobs=5 n_users=2 n_groups=0 n_accounts=0 
syshost=pitzer database=xalt year=2018 month=10 software=None executables=osu_allreduce cpuhours=640.01 corehours=0 nodehours=16.85 n_jobs=65 n_users=2 n_groups=0 n_accounts=0 
syshost=pitzer database=xalt year=2018 month=10 software=None executables=Gaussian cpuhours=497.41 corehours=0 nodehours=72.22 n_jobs=25 n_users=4 n_groups=0 n_accounts=0 
syshost=pitzer database=xalt year=2018 month=10 software=None executables=gmx_gpu_mpi cpuhours=336.32 corehours=0 nodehours=9.52 n_jobs=16 n_users=3 n_groups=0 n_accounts=0 
syshost=pitzer database=xalt year=2018 month=10 software=None executables=xhpcg cpuhours=228.42 corehours=0 nodehours=5.77 n_jobs=12 n_users=1 n_groups=0 n_accounts=0 
syshost=pitzer database=xalt year=2018 month=10 software=None executables=python2.7 cpuhours=213.24 corehours=0 nodehours=48.16 n_jobs=169 n_users=20 n_groups=0 n_accounts=0 
syshost=pitzer database=xalt year=2018 month=10 software=None executables=foamToEnsight cpuhours=199.74 corehours=0 nodehours=5.2 n_jobs=13 n_users=3 n_groups=0 n_accounts=0 
syshost=pitzer database=xalt year=2018 month=10 software=None executables=gmx_mpi cpuhours=119.02 corehours=0 nodehours=3.57 n_jobs=17 n_users=3 n_groups=0 n_accounts=0 
syshost=pitzer database=xalt year=2018 month=10 software=None executables=xhpcg-3.1_gcc_485_cuda90176_ompi_1_10_2_sm_35_sm_50_sm_60_sm_70_ver_10_8_17 cpuhours=91.77 corehours=0 nodehours=45.89 n_jobs=12 n_users=1 n_groups=0 n_accounts=0 
syshost=pitzer database=xalt year=2018 month=10 software=None executables=cp2k.psmp cpuhours=71.76 corehours=0 nodehours=17.94 n_jobs=5 n_users=2 n_groups=0 n_accounts=0 
syshost=pitzer database=xalt year=2018 month=10 software=None executables=cp2k.popt cpuhours=62.45 corehours=0 nodehours=27.75 n_jobs=19 n_users=3 n_groups=0 n_accounts=0 
syshost=pitzer database=xalt year=2018 month=10 software=None executables=create_mega_reads cpuhours=61.56 corehours=0 nodehours=61.56 n_jobs=3 n_users=2 n_groups=0 n_accounts=0 
syshost=pitzer database=xalt year=2018 month=10 software=None executables=renumberMesh cpuhours=57.39 corehours=0 nodehours=1.49 n_jobs=18 n_users=1 n_groups=0 n_accounts=0 
syshost=pitzer database=xalt year=2018 month=10 software=None executables=Amber cpuhours=51.66 corehours=0 nodehours=46.94 n_jobs=77 n_users=4 n_groups=0 n_accounts=0 
syshost=pitzer database=xalt year=2018 month=10 software=None executables=pvpython cpuhours=47.55 corehours=0 nodehours=1.24 n_jobs=26 n_users=3 n_groups=0 n_accounts=0 
syshost=pitzer database=xalt year=2018 month=10 software=None executables=orted cpuhours=45.7 corehours=0 nodehours=2433.16 n_jobs=88 n_users=7 n_groups=0 n_accounts=0 
syshost=pitzer database=xalt year=2018 month=10 software=None executables=mmseqs cpuhours=40.96 corehours=0 nodehours=1.7 n_jobs=2 n_users=1 n_groups=0 n_accounts=0 
syshost=pitzer database=xalt year=2018 month=10 software=None executables=gmx cpuhours=36.78 corehours=0 nodehours=36.78 n_jobs=33 n_users=4 n_groups=0 n_accounts=0 
syshost=pitzer database=xalt year=2018 month=10 software=None executables=namd2 cpuhours=20.8 corehours=0 nodehours=20.38 n_jobs=4 n_users=2 n_groups=0 n_accounts=0 
syshost=pitzer database=xalt year=2018 month=10 software=None executables=TSredistributePar-v0.1 cpuhours=18.17 corehours=0 nodehours=0.47 n_jobs=2 n_users=1 n_groups=0 n_accounts=0 
syshost=pitzer database=xalt year=2018 month=10 software=None executables=checkSetup-v3.7.6 cpuhours=16.79 corehours=0 nodehours=0.44 n_jobs=20 n_users=1 n_groups=0 n_accounts=0 
syshost=pitzer database=xalt year=2018 month=10 software=None executables=foamToVTK cpuhours=15.89 corehours=0 nodehours=0.42 n_jobs=13 n_users=3 n_groups=0 n_accounts=0 
syshost=pitzer database=xalt year=2018 month=10 software=None executables=potentialFoam cpuhours=13.89 corehours=0 nodehours=0.36 n_jobs=4 n_users=3 n_groups=0 n_accounts=0 
syshost=pitzer database=xalt year=2018 month=10 software=None executables=Xvnc cpuhours=10.04 corehours=0 nodehours=10.04 n_jobs=8 n_users=5 n_groups=0 n_accounts=0 
syshost=pitzer database=xalt year=2018 month=10 software=None executables=pw.x cpuhours=9.61 corehours=0 nodehours=0.31 n_jobs=30 n_users=3 n_groups=0 n_accounts=0 
syshost=pitzer database=xalt year=2018 month=10 software=None executables=R cpuhours=9.47 corehours=0 nodehours=1.09 n_jobs=35 n_users=4 n_groups=0 n_accounts=0 
syshost=pitzer database=xalt year=2018 month=10 software=None executables=setsm cpuhours=8.15 corehours=0 nodehours=8.15 n_jobs=61 n_users=1 n_groups=0 n_accounts=0 
syshost=pitzer database=xalt year=2018 month=10 software=None executables=veff_to_file cpuhours=5.92 corehours=0 nodehours=5.92 n_jobs=9 n_users=1 n_groups=0 n_accounts=0 
syshost=pitzer database=xalt year=2018 month=10 software=None executables=overlapInCore cpuhours=5.54 corehours=0 nodehours=5.54 n_jobs=1 n_users=1 n_groups=0 n_accounts=0 
syshost=pitzer database=xalt year=2018 month=10 software=None executables=TSfaceZonesToBaffles-v1.9.7 cpuhours=4.42 corehours=0 nodehours=0.21 n_jobs=5 n_users=2 n_groups=0 n_accounts=0 
syshost=pitzer database=xalt year=2018 month=10 software=None executables=boSpec-v4.0.10 cpuhours=4.25 corehours=0 nodehours=0.11 n_jobs=18 n_users=1 n_groups=0 n_accounts=0 
syshost=pitzer database=xalt year=2018 month=10 software=None executables=checkMesh cpuhours=4.12 corehours=0 nodehours=0.15 n_jobs=7 n_users=2 n_groups=0 n_accounts=0 
syshost=pitzer database=xalt year=2018 month=10 software=None executables=findMatchesBetweenKUnitigsAndReads cpuhours=3.03 corehours=0 nodehours=3.03 n_jobs=8 n_users=2 n_groups=0 n_accounts=0 
syshost=pitzer database=xalt year=2018 month=10 software=None executables=joinKUnitigs_v3 cpuhours=2.65 corehours=0 nodehours=2.65 n_jobs=8 n_users=2 n_groups=0 n_accounts=0 
syshost=pitzer database=xalt year=2018 month=10 software=None executables=hybrid cpuhours=2.55 corehours=0 nodehours=0.04 n_jobs=28 n_users=1 n_groups=0 n_accounts=0 
syshost=pitzer database=xalt year=2018 month=10 software=None executables=create_k_unitigs_large_k cpuhours=2.54 corehours=0 nodehours=2.54 n_jobs=8 n_users=2 n_groups=0 n_accounts=0 
syshost=pitzer database=xalt year=2018 month=10 software=None executables=mpi cpuhours=2.26 corehours=0 nodehours=0.01 n_jobs=4 n_users=1 n_groups=0 n_accounts=0 
syshost=pitzer database=xalt year=2018 month=10 software=None executables=topoSet cpuhours=2.11 corehours=0 nodehours=0.05 n_jobs=2 n_users=1 n_groups=0 n_accounts=0 
syshost=pitzer database=xalt year=2018 month=10 software=None executables=ufasta cpuhours=1.96 corehours=0 nodehours=1.96 n_jobs=8 n_users=2 n_groups=0 n_accounts=0 
syshost=pitzer database=xalt year=2018 month=10 software=None executables=setSurfaceFields-v1.1 cpuhours=1.8 corehours=0 nodehours=0.05 n_jobs=2 n_users=1 n_groups=0 n_accounts=0 
