syshost=pitzer database=xalt year=2018 month=12 software=None executables=LAMMPS cpuhours=1441194.89 corehours=0 nodehours=36745.51 n_jobs=1688 n_users=11 n_groups=0 n_accounts=0 
syshost=pitzer database=xalt year=2018 month=12 software=None executables=QChem cpuhours=271242.45 corehours=0 nodehours=8196.05 n_jobs=1159 n_users=11 n_groups=0 n_accounts=0 
syshost=pitzer database=xalt year=2018 month=12 software=None executables=lt-simulate cpuhours=140964.8 corehours=0 nodehours=140964.8 n_jobs=8302 n_users=4 n_groups=0 n_accounts=0 
syshost=pitzer database=xalt year=2018 month=12 software=None executables=VASP cpuhours=122280.12 corehours=0 nodehours=3057.0 n_jobs=425 n_users=3 n_groups=0 n_accounts=0 
syshost=pitzer database=xalt year=2018 month=12 software=None executables=gmx_mpi cpuhours=61357.7 corehours=0 nodehours=1533.94 n_jobs=30 n_users=4 n_groups=0 n_accounts=0 
syshost=pitzer database=xalt year=2018 month=12 software=None executables=v2_Reco cpuhours=38514.83 corehours=0 nodehours=38514.83 n_jobs=7432 n_users=1 n_groups=0 n_accounts=0 
syshost=pitzer database=xalt year=2018 month=12 software=None executables=dgswem cpuhours=31818.15 corehours=0 nodehours=1122.01 n_jobs=16 n_users=2 n_groups=0 n_accounts=0 
syshost=pitzer database=xalt year=2018 month=12 software=None executables=pw.x cpuhours=19642.8 corehours=0 nodehours=702.28 n_jobs=736 n_users=2 n_groups=0 n_accounts=0 
syshost=pitzer database=xalt year=2018 month=12 software=None executables=3DHELMPAR_DOAK.exe cpuhours=18671.68 corehours=0 nodehours=466.79 n_jobs=1 n_users=1 n_groups=0 n_accounts=0 
syshost=pitzer database=xalt year=2018 month=12 software=None executables=namd2 cpuhours=16527.27 corehours=0 nodehours=16527.27 n_jobs=654 n_users=3 n_groups=0 n_accounts=0 
syshost=pitzer database=xalt year=2018 month=12 software=None executables=python2.7 cpuhours=15800.29 corehours=0 nodehours=15719.71 n_jobs=1661 n_users=55 n_groups=0 n_accounts=0 
syshost=pitzer database=xalt year=2018 month=12 software=None executables=AraSim cpuhours=9907.94 corehours=0 nodehours=9907.94 n_jobs=92 n_users=2 n_groups=0 n_accounts=0 
syshost=pitzer database=xalt year=2018 month=12 software=None executables=MOLCAS cpuhours=9389.5 corehours=0 nodehours=9389.5 n_jobs=766 n_users=3 n_groups=0 n_accounts=0 
syshost=pitzer database=xalt year=2018 month=12 software=None executables=kMC cpuhours=8093.53 corehours=0 nodehours=8093.53 n_jobs=330 n_users=1 n_groups=0 n_accounts=0 
syshost=pitzer database=xalt year=2018 month=12 software=None executables=osu_alltoallv cpuhours=5761.98 corehours=0 nodehours=205.78 n_jobs=9 n_users=1 n_groups=0 n_accounts=0 
syshost=pitzer database=xalt year=2018 month=12 software=None executables=wrf.exe cpuhours=5745.88 corehours=0 nodehours=143.65 n_jobs=30 n_users=2 n_groups=0 n_accounts=0 
syshost=pitzer database=xalt year=2018 month=12 software=None executables=siesta cpuhours=4383.53 corehours=0 nodehours=127.97 n_jobs=31 n_users=2 n_groups=0 n_accounts=0 
syshost=pitzer database=xalt year=2018 month=12 software=None executables=padcirc cpuhours=4254.12 corehours=0 nodehours=106.35 n_jobs=2 n_users=1 n_groups=0 n_accounts=0 
syshost=pitzer database=xalt year=2018 month=12 software=None executables=samtools cpuhours=4117.76 corehours=0 nodehours=4117.76 n_jobs=892 n_users=4 n_groups=0 n_accounts=0 
syshost=pitzer database=xalt year=2018 month=12 software=None executables=MOPAC2016.exe cpuhours=4021.58 corehours=0 nodehours=4021.58 n_jobs=146 n_users=1 n_groups=0 n_accounts=0 
syshost=pitzer database=xalt year=2018 month=12 software=None executables=bwa cpuhours=3764.99 corehours=0 nodehours=3764.99 n_jobs=247 n_users=2 n_groups=0 n_accounts=0 
syshost=pitzer database=xalt year=2018 month=12 software=None executables=osu_allgatherv cpuhours=3582.72 corehours=0 nodehours=127.95 n_jobs=9 n_users=1 n_groups=0 n_accounts=0 
syshost=pitzer database=xalt year=2018 month=12 software=None executables=gmx_gpu cpuhours=3334.89 corehours=0 nodehours=3334.89 n_jobs=133 n_users=4 n_groups=0 n_accounts=0 
syshost=pitzer database=xalt year=2018 month=12 software=None executables=osu_allgather cpuhours=3021.04 corehours=0 nodehours=107.89 n_jobs=9 n_users=1 n_groups=0 n_accounts=0 
syshost=pitzer database=xalt year=2018 month=12 software=None executables=MEXE cpuhours=2457.03 corehours=0 nodehours=61.43 n_jobs=1 n_users=1 n_groups=0 n_accounts=0 
syshost=pitzer database=xalt year=2018 month=12 software=None executables=python3.6 cpuhours=2222.26 corehours=0 nodehours=2222.27 n_jobs=2336 n_users=20 n_groups=0 n_accounts=0 
syshost=pitzer database=xalt year=2018 month=12 software=None executables=python cpuhours=1836.9 corehours=0 nodehours=1836.9 n_jobs=33 n_users=1 n_groups=0 n_accounts=0 
syshost=pitzer database=xalt year=2018 month=12 software=None executables=imp cpuhours=1028.18 corehours=0 nodehours=1028.18 n_jobs=62 n_users=1 n_groups=0 n_accounts=0 
syshost=pitzer database=xalt year=2018 month=12 software=None executables=gmx cpuhours=956.75 corehours=0 nodehours=985.73 n_jobs=891 n_users=7 n_groups=0 n_accounts=0 
syshost=pitzer database=xalt year=2018 month=12 software=None executables=mclr.exe cpuhours=899.06 corehours=0 nodehours=899.06 n_jobs=486 n_users=3 n_groups=0 n_accounts=0 
syshost=pitzer database=xalt year=2018 month=12 software=None executables=Amber cpuhours=679.41 corehours=0 nodehours=624.54 n_jobs=630 n_users=3 n_groups=0 n_accounts=0 
syshost=pitzer database=xalt year=2018 month=12 software=None executables=v2_SaveVals cpuhours=593.83 corehours=0 nodehours=593.83 n_jobs=6841 n_users=1 n_groups=0 n_accounts=0 
syshost=pitzer database=xalt year=2018 month=12 software=None executables=ORCA cpuhours=493.14 corehours=0 nodehours=13.19 n_jobs=26 n_users=1 n_groups=0 n_accounts=0 
syshost=pitzer database=xalt year=2018 month=12 software=None executables=python2 cpuhours=463.89 corehours=0 nodehours=463.89 n_jobs=31 n_users=1 n_groups=0 n_accounts=0 
syshost=pitzer database=xalt year=2018 month=12 software=None executables=R cpuhours=461.73 corehours=0 nodehours=461.73 n_jobs=465 n_users=8 n_groups=0 n_accounts=0 
syshost=pitzer database=xalt year=2018 month=12 software=None executables=bowtie2-align-s cpuhours=354.09 corehours=0 nodehours=354.09 n_jobs=30 n_users=3 n_groups=0 n_accounts=0 
syshost=pitzer database=xalt year=2018 month=12 software=None executables=2-exe.f95 cpuhours=346.84 corehours=0 nodehours=346.84 n_jobs=150 n_users=1 n_groups=0 n_accounts=0 
syshost=pitzer database=xalt year=2018 month=12 software=None executables=geogrid.exe cpuhours=318.43 corehours=0 nodehours=7.96 n_jobs=2 n_users=2 n_groups=0 n_accounts=0 
syshost=pitzer database=xalt year=2018 month=12 software=None executables=real.exe cpuhours=311.72 corehours=0 nodehours=36.25 n_jobs=4785 n_users=2 n_groups=0 n_accounts=0 
syshost=pitzer database=xalt year=2018 month=12 software=None executables=s4kt cpuhours=299.91 corehours=0 nodehours=299.91 n_jobs=1505 n_users=1 n_groups=0 n_accounts=0 
syshost=pitzer database=xalt year=2018 month=12 software=None executables=SaveLowFreqPower cpuhours=255.39 corehours=0 nodehours=255.39 n_jobs=11009 n_users=1 n_groups=0 n_accounts=0 
syshost=pitzer database=xalt year=2018 month=12 software=None executables=xcfour cpuhours=166.52 corehours=0 nodehours=166.52 n_jobs=1 n_users=1 n_groups=0 n_accounts=0 
syshost=pitzer database=xalt year=2018 month=12 software=None executables=xrun cpuhours=166.52 corehours=0 nodehours=166.52 n_jobs=1 n_users=1 n_groups=0 n_accounts=0 
syshost=pitzer database=xalt year=2018 month=12 software=None executables=xvscf cpuhours=104.84 corehours=0 nodehours=104.84 n_jobs=1 n_users=1 n_groups=0 n_accounts=0 
syshost=pitzer database=xalt year=2018 month=12 software=None executables=fieldtheory_2d cpuhours=100.11 corehours=0 nodehours=100.11 n_jobs=15 n_users=1 n_groups=0 n_accounts=0 
syshost=pitzer database=xalt year=2018 month=12 software=None executables=osu_allreduce cpuhours=88.91 corehours=0 nodehours=2.22 n_jobs=130 n_users=1 n_groups=0 n_accounts=0 
syshost=pitzer database=xalt year=2018 month=12 software=None executables=CompareFilters cpuhours=88.88 corehours=0 nodehours=88.88 n_jobs=1146 n_users=1 n_groups=0 n_accounts=0 
syshost=pitzer database=xalt year=2018 month=12 software=None executables=Xvnc cpuhours=54.8 corehours=0 nodehours=62.4 n_jobs=31 n_users=14 n_groups=0 n_accounts=0 
syshost=pitzer database=xalt year=2018 month=12 software=None executables=b.f95 cpuhours=44.37 corehours=0 nodehours=44.37 n_jobs=159 n_users=1 n_groups=0 n_accounts=0 
syshost=pitzer database=xalt year=2018 month=12 software=None executables=MATLAB cpuhours=40.88 corehours=0 nodehours=41.84 n_jobs=36 n_users=7 n_groups=0 n_accounts=0 
