syshost=pitzer database=xalt year=2019 month=12 software=None executables=LAMMPS cpuhours=614215.15 corehours=0 nodehours=33060.35 n_jobs=3823 n_users=11 n_groups=0 n_accounts=0 
syshost=pitzer database=xalt year=2019 month=12 software=None executables=fdl3di.exe cpuhours=578131.29 corehours=0 nodehours=14799.9 n_jobs=117 n_users=3 n_groups=0 n_accounts=0 
syshost=pitzer database=xalt year=2019 month=12 software=None executables=wrf.exe cpuhours=502537.95 corehours=0 nodehours=12563.45 n_jobs=969 n_users=4 n_groups=0 n_accounts=0 
syshost=pitzer database=xalt year=2019 month=12 software=None executables=python3.6 cpuhours=250631.47 corehours=0 nodehours=13092.75 n_jobs=2269 n_users=74 n_groups=0 n_accounts=0 
syshost=pitzer database=xalt year=2019 month=12 software=None executables=python2.7 cpuhours=193432.57 corehours=0 nodehours=8168.87 n_jobs=1026 n_users=67 n_groups=0 n_accounts=0 
syshost=pitzer database=xalt year=2019 month=12 software=None executables=VASP cpuhours=188703.58 corehours=0 nodehours=4738.19 n_jobs=1003 n_users=8 n_groups=0 n_accounts=0 
syshost=pitzer database=xalt year=2019 month=12 software=None executables=lt-simulate cpuhours=162808.12 corehours=0 nodehours=162808.12 n_jobs=6907 n_users=4 n_groups=0 n_accounts=0 
syshost=pitzer database=xalt year=2019 month=12 software=None executables=QChem cpuhours=79363.46 corehours=0 nodehours=5387.92 n_jobs=1172 n_users=5 n_groups=0 n_accounts=0 
syshost=pitzer database=xalt year=2019 month=12 software=None executables=namd2 cpuhours=73539.46 corehours=0 nodehours=5416.08 n_jobs=170 n_users=8 n_groups=0 n_accounts=0 
syshost=pitzer database=xalt year=2019 month=12 software=None executables=cp2k.popt cpuhours=49210.69 corehours=0 nodehours=1230.27 n_jobs=138 n_users=3 n_groups=0 n_accounts=0 
syshost=pitzer database=xalt year=2019 month=12 software=None executables=MOLCAS cpuhours=37398.62 corehours=0 nodehours=37398.62 n_jobs=1795 n_users=4 n_groups=0 n_accounts=0 
syshost=pitzer database=xalt year=2019 month=12 software=None executables=pimpleDyMFoam cpuhours=27508.69 corehours=0 nodehours=687.74 n_jobs=10 n_users=2 n_groups=0 n_accounts=0 
syshost=pitzer database=xalt year=2019 month=12 software=None executables=parallel-command-processor cpuhours=19921.89 corehours=0 nodehours=503.92 n_jobs=103 n_users=4 n_groups=0 n_accounts=0 
syshost=pitzer database=xalt year=2019 month=12 software=None executables=proc.exe cpuhours=16551.15 corehours=0 nodehours=484.9 n_jobs=13 n_users=1 n_groups=0 n_accounts=0 
syshost=pitzer database=xalt year=2019 month=12 software=None executables=MEXE cpuhours=15165.32 corehours=0 nodehours=379.13 n_jobs=9 n_users=1 n_groups=0 n_accounts=0 
syshost=pitzer database=xalt year=2019 month=12 software=None executables=ORCA cpuhours=11378.76 corehours=0 nodehours=9148.07 n_jobs=72 n_users=4 n_groups=0 n_accounts=0 
syshost=pitzer database=xalt year=2019 month=12 software=None executables=mdrun_mpi cpuhours=11283.0 corehours=0 nodehours=573.89 n_jobs=92 n_users=3 n_groups=0 n_accounts=0 
syshost=pitzer database=xalt year=2019 month=12 software=None executables=TSpimpleFoamRobustBlendingFactor-v0.1 cpuhours=9438.46 corehours=0 nodehours=240.78 n_jobs=1 n_users=1 n_groups=0 n_accounts=0 
syshost=pitzer database=xalt year=2019 month=12 software=None executables=hmmsearch cpuhours=8516.11 corehours=0 nodehours=8516.11 n_jobs=2588 n_users=13 n_groups=0 n_accounts=0 
syshost=pitzer database=xalt year=2019 month=12 software=None executables=Gaussian cpuhours=8322.0 corehours=0 nodehours=7458.49 n_jobs=4340 n_users=11 n_groups=0 n_accounts=0 
syshost=pitzer database=xalt year=2019 month=12 software=None executables=R cpuhours=8315.86 corehours=0 nodehours=7473.44 n_jobs=575 n_users=29 n_groups=0 n_accounts=0 
syshost=pitzer database=xalt year=2019 month=12 software=None executables=mclr.exe cpuhours=7892.58 corehours=0 nodehours=7892.58 n_jobs=170 n_users=4 n_groups=0 n_accounts=0 
syshost=pitzer database=xalt year=2019 month=12 software=None executables=converge-mpich cpuhours=6959.41 corehours=0 nodehours=173.99 n_jobs=16 n_users=1 n_groups=0 n_accounts=0 
syshost=pitzer database=xalt year=2019 month=12 software=None executables=python3.7 cpuhours=6851.82 corehours=0 nodehours=6855.59 n_jobs=1094 n_users=23 n_groups=0 n_accounts=0 
syshost=pitzer database=xalt year=2019 month=12 software=None executables=evp cpuhours=5862.25 corehours=0 nodehours=183.2 n_jobs=120 n_users=2 n_groups=0 n_accounts=0 
syshost=pitzer database=xalt year=2019 month=12 software=None executables=mfixsolver cpuhours=5851.86 corehours=0 nodehours=365.74 n_jobs=53 n_users=1 n_groups=0 n_accounts=0 
syshost=pitzer database=xalt year=2019 month=12 software=None executables=lsp cpuhours=5759.14 corehours=0 nodehours=151.31 n_jobs=3 n_users=1 n_groups=0 n_accounts=0 
syshost=pitzer database=xalt year=2019 month=12 software=None executables=trial cpuhours=5757.04 corehours=0 nodehours=179.91 n_jobs=117 n_users=1 n_groups=0 n_accounts=0 
syshost=pitzer database=xalt year=2019 month=12 software=None executables=padcirc cpuhours=4627.21 corehours=0 nodehours=115.68 n_jobs=3 n_users=1 n_groups=0 n_accounts=0 
syshost=pitzer database=xalt year=2019 month=12 software=None executables=curvdns cpuhours=4333.0 corehours=0 nodehours=108.33 n_jobs=23 n_users=2 n_groups=0 n_accounts=0 
syshost=pitzer database=xalt year=2019 month=12 software=None executables=pw.x cpuhours=3295.22 corehours=0 nodehours=128.35 n_jobs=372 n_users=4 n_groups=0 n_accounts=0 
syshost=pitzer database=xalt year=2019 month=12 software=None executables=simplecFoam cpuhours=3113.93 corehours=0 nodehours=79.44 n_jobs=2 n_users=1 n_groups=0 n_accounts=0 
syshost=pitzer database=xalt year=2019 month=12 software=None executables=gen_be_stage4_regional.exe cpuhours=3037.98 corehours=0 nodehours=3037.98 n_jobs=37 n_users=1 n_groups=0 n_accounts=0 
syshost=pitzer database=xalt year=2019 month=12 software=None executables=lmp cpuhours=2650.75 corehours=0 nodehours=1516.17 n_jobs=92 n_users=1 n_groups=0 n_accounts=0 
syshost=pitzer database=xalt year=2019 month=12 software=None executables=MATLAB cpuhours=2262.56 corehours=0 nodehours=2262.56 n_jobs=67 n_users=6 n_groups=0 n_accounts=0 
syshost=pitzer database=xalt year=2019 month=12 software=None executables=scf.exe cpuhours=2172.02 corehours=0 nodehours=2172.02 n_jobs=107 n_users=3 n_groups=0 n_accounts=0 
syshost=pitzer database=xalt year=2019 month=12 software=None executables=spectcorr_HDF5_parallel cpuhours=1940.97 corehours=0 nodehours=48.52 n_jobs=9 n_users=1 n_groups=0 n_accounts=0 
syshost=pitzer database=xalt year=2019 month=12 software=None executables=garffield_pitzer cpuhours=1936.91 corehours=0 nodehours=63.68 n_jobs=13 n_users=1 n_groups=0 n_accounts=0 
syshost=pitzer database=xalt year=2019 month=12 software=None executables=perl cpuhours=1795.01 corehours=0 nodehours=904.86 n_jobs=506 n_users=13 n_groups=0 n_accounts=0 
syshost=pitzer database=xalt year=2019 month=12 software=None executables=l906.exe cpuhours=1509.44 corehours=0 nodehours=46.62 n_jobs=9 n_users=1 n_groups=0 n_accounts=0 
syshost=pitzer database=xalt year=2019 month=12 software=None executables=execFlowFunctionObjects cpuhours=1325.86 corehours=0 nodehours=33.82 n_jobs=3 n_users=1 n_groups=0 n_accounts=0 
syshost=pitzer database=xalt year=2019 month=12 software=None executables=pmi_proxy cpuhours=1191.0 corehours=0 nodehours=15006.57 n_jobs=1221 n_users=10 n_groups=0 n_accounts=0 
syshost=pitzer database=xalt year=2019 month=12 software=None executables=real.exe cpuhours=1162.43 corehours=0 nodehours=547.71 n_jobs=2291 n_users=2 n_groups=0 n_accounts=0 
syshost=pitzer database=xalt year=2019 month=12 software=None executables=espf.exe cpuhours=1019.79 corehours=0 nodehours=1019.79 n_jobs=1790 n_users=4 n_groups=0 n_accounts=0 
syshost=pitzer database=xalt year=2019 month=12 software=None executables=blastn cpuhours=885.92 corehours=0 nodehours=885.92 n_jobs=70 n_users=5 n_groups=0 n_accounts=0 
syshost=pitzer database=xalt year=2019 month=12 software=None executables=fluent_mpi.19.3.0 cpuhours=831.25 corehours=0 nodehours=831.25 n_jobs=5 n_users=1 n_groups=0 n_accounts=0 
syshost=pitzer database=xalt year=2019 month=12 software=None executables=simulate cpuhours=739.77 corehours=0 nodehours=739.77 n_jobs=209 n_users=1 n_groups=0 n_accounts=0 
syshost=pitzer database=xalt year=2019 month=12 software=None executables=xhpcg_skx cpuhours=738.0 corehours=0 nodehours=18.45 n_jobs=159 n_users=1 n_groups=0 n_accounts=0 
syshost=pitzer database=xalt year=2019 month=12 software=None executables=setsm cpuhours=734.34 corehours=0 nodehours=62.77 n_jobs=34 n_users=2 n_groups=0 n_accounts=0 
syshost=pitzer database=xalt year=2019 month=12 software=None executables=samtools cpuhours=679.8 corehours=0 nodehours=677.31 n_jobs=938 n_users=13 n_groups=0 n_accounts=0 
