syshost=pitzer database=xalt year=2019 month=08 software=None executables=LAMMPS cpuhours=1201928.81 corehours=0 nodehours=35692.89 n_jobs=5027 n_users=10 n_groups=0 n_accounts=0 
syshost=pitzer database=xalt year=2019 month=08 software=None executables=VASP cpuhours=584989.1 corehours=0 nodehours=14625.11 n_jobs=2597 n_users=10 n_groups=0 n_accounts=0 
syshost=pitzer database=xalt year=2019 month=08 software=None executables=parallel-command-processor cpuhours=275168.7 corehours=0 nodehours=9650.37 n_jobs=834 n_users=6 n_groups=0 n_accounts=0 
syshost=pitzer database=xalt year=2019 month=08 software=None executables=QChem cpuhours=203383.38 corehours=0 nodehours=7262.53 n_jobs=2057 n_users=13 n_groups=0 n_accounts=0 
syshost=pitzer database=xalt year=2019 month=08 software=None executables=lt-simulate cpuhours=176949.68 corehours=0 nodehours=176949.68 n_jobs=4010 n_users=4 n_groups=0 n_accounts=0 
syshost=pitzer database=xalt year=2019 month=08 software=None executables=TSpimpleFoamRobustBlendingFactor-v0.1 cpuhours=104089.87 corehours=0 nodehours=2655.35 n_jobs=21 n_users=1 n_groups=0 n_accounts=0 
syshost=pitzer database=xalt year=2019 month=08 software=None executables=proc.exe cpuhours=81397.1 corehours=0 nodehours=2119.37 n_jobs=16 n_users=1 n_groups=0 n_accounts=0 
syshost=pitzer database=xalt year=2019 month=08 software=None executables=gmx_mpi cpuhours=66624.24 corehours=0 nodehours=1665.63 n_jobs=38 n_users=4 n_groups=0 n_accounts=0 
syshost=pitzer database=xalt year=2019 month=08 software=None executables=MOLCAS cpuhours=57523.72 corehours=0 nodehours=57523.72 n_jobs=2264 n_users=4 n_groups=0 n_accounts=0 
syshost=pitzer database=xalt year=2019 month=08 software=None executables=triflow_df.exe cpuhours=46647.42 corehours=0 nodehours=1166.19 n_jobs=3 n_users=1 n_groups=0 n_accounts=0 
syshost=pitzer database=xalt year=2019 month=08 software=None executables=R cpuhours=44294.72 corehours=0 nodehours=43917.75 n_jobs=1395 n_users=26 n_groups=0 n_accounts=0 
syshost=pitzer database=xalt year=2019 month=08 software=None executables=Arepo cpuhours=41348.71 corehours=0 nodehours=1033.72 n_jobs=41 n_users=1 n_groups=0 n_accounts=0 
syshost=pitzer database=xalt year=2019 month=08 software=None executables=Arepo-sidm cpuhours=37997.42 corehours=0 nodehours=949.94 n_jobs=41 n_users=1 n_groups=0 n_accounts=0 
syshost=pitzer database=xalt year=2019 month=08 software=None executables=simplecFoam cpuhours=35142.73 corehours=0 nodehours=896.5 n_jobs=20 n_users=1 n_groups=0 n_accounts=0 
syshost=pitzer database=xalt year=2019 month=08 software=None executables=python3.7 cpuhours=31263.68 corehours=0 nodehours=31263.68 n_jobs=6282 n_users=18 n_groups=0 n_accounts=0 
syshost=pitzer database=xalt year=2019 month=08 software=None executables=AraSim cpuhours=21267.6 corehours=0 nodehours=21267.6 n_jobs=60 n_users=1 n_groups=0 n_accounts=0 
syshost=pitzer database=xalt year=2019 month=08 software=None executables=python3.6 cpuhours=18876.25 corehours=0 nodehours=9140.86 n_jobs=6998 n_users=70 n_groups=0 n_accounts=0 
syshost=pitzer database=xalt year=2019 month=08 software=None executables=ORCA cpuhours=18322.18 corehours=0 nodehours=559.52 n_jobs=45 n_users=3 n_groups=0 n_accounts=0 
syshost=pitzer database=xalt year=2019 month=08 software=None executables=lsp cpuhours=14587.57 corehours=0 nodehours=388.48 n_jobs=17 n_users=3 n_groups=0 n_accounts=0 
syshost=pitzer database=xalt year=2019 month=08 software=None executables=python2.7 cpuhours=10020.94 corehours=0 nodehours=9541.79 n_jobs=3590 n_users=74 n_groups=0 n_accounts=0 
syshost=pitzer database=xalt year=2019 month=08 software=None executables=Gaussian cpuhours=9949.14 corehours=0 nodehours=8100.23 n_jobs=1340 n_users=8 n_groups=0 n_accounts=0 
syshost=pitzer database=xalt year=2019 month=08 software=None executables=mclr.exe cpuhours=9475.83 corehours=0 nodehours=9475.83 n_jobs=338 n_users=4 n_groups=0 n_accounts=0 
syshost=pitzer database=xalt year=2019 month=08 software=None executables=execFlowFunctionObjects cpuhours=8603.56 corehours=0 nodehours=219.48 n_jobs=30 n_users=1 n_groups=0 n_accounts=0 
syshost=pitzer database=xalt year=2019 month=08 software=None executables=v2_Reco cpuhours=8577.0 corehours=0 nodehours=8577.0 n_jobs=77 n_users=1 n_groups=0 n_accounts=0 
syshost=pitzer database=xalt year=2019 month=08 software=None executables=namd2 cpuhours=7463.87 corehours=0 nodehours=191.79 n_jobs=64 n_users=5 n_groups=0 n_accounts=0 
syshost=pitzer database=xalt year=2019 month=08 software=None executables=cp2k.popt cpuhours=7455.44 corehours=0 nodehours=199.06 n_jobs=33 n_users=2 n_groups=0 n_accounts=0 
syshost=pitzer database=xalt year=2019 month=08 software=None executables=v2_SaveVals100 cpuhours=6832.42 corehours=0 nodehours=6832.42 n_jobs=294 n_users=1 n_groups=0 n_accounts=0 
syshost=pitzer database=xalt year=2019 month=08 software=None executables=TSsnappyHexMesh-v2.0 cpuhours=6297.71 corehours=0 nodehours=656.01 n_jobs=16 n_users=1 n_groups=0 n_accounts=0 
syshost=pitzer database=xalt year=2019 month=08 software=None executables=v2_analysis_reco cpuhours=5250.93 corehours=0 nodehours=5250.93 n_jobs=273 n_users=1 n_groups=0 n_accounts=0 
syshost=pitzer database=xalt year=2019 month=08 software=None executables=geogrid.exe cpuhours=3885.02 corehours=0 nodehours=239.92 n_jobs=19 n_users=2 n_groups=0 n_accounts=0 
syshost=pitzer database=xalt year=2019 month=08 software=None executables=dgswem cpuhours=3420.42 corehours=0 nodehours=88.57 n_jobs=30 n_users=1 n_groups=0 n_accounts=0 
syshost=pitzer database=xalt year=2019 month=08 software=None executables=pmi_proxy cpuhours=3015.16 corehours=0 nodehours=11969.11 n_jobs=1742 n_users=10 n_groups=0 n_accounts=0 
syshost=pitzer database=xalt year=2019 month=08 software=None executables=full cpuhours=2766.9 corehours=0 nodehours=115.79 n_jobs=89 n_users=1 n_groups=0 n_accounts=0 
syshost=pitzer database=xalt year=2019 month=08 software=None executables=scf.exe cpuhours=2472.52 corehours=0 nodehours=2472.52 n_jobs=178 n_users=1 n_groups=0 n_accounts=0 
syshost=pitzer database=xalt year=2019 month=08 software=None executables=hmmscan cpuhours=1731.38 corehours=0 nodehours=1731.38 n_jobs=12 n_users=3 n_groups=0 n_accounts=0 
syshost=pitzer database=xalt year=2019 month=08 software=None executables=v2_Reco100 cpuhours=1649.85 corehours=0 nodehours=1649.85 n_jobs=42 n_users=1 n_groups=0 n_accounts=0 
syshost=pitzer database=xalt year=2019 month=08 software=None executables=setsm cpuhours=1579.39 corehours=0 nodehours=39.48 n_jobs=7 n_users=1 n_groups=0 n_accounts=0 
syshost=pitzer database=xalt year=2019 month=08 software=None executables=Chaquetin cpuhours=1519.92 corehours=0 nodehours=1519.92 n_jobs=40 n_users=1 n_groups=0 n_accounts=0 
syshost=pitzer database=xalt year=2019 month=08 software=None executables=foamToEnsight cpuhours=1383.22 corehours=0 nodehours=35.29 n_jobs=33 n_users=2 n_groups=0 n_accounts=0 
syshost=pitzer database=xalt year=2019 month=08 software=None executables=megahit_asm_core cpuhours=1333.88 corehours=0 nodehours=1333.88 n_jobs=186 n_users=2 n_groups=0 n_accounts=0 
syshost=pitzer database=xalt year=2019 month=08 software=None executables=v2_CWID100 cpuhours=1302.99 corehours=0 nodehours=1302.99 n_jobs=11 n_users=1 n_groups=0 n_accounts=0 
syshost=pitzer database=xalt year=2019 month=08 software=None executables=trial cpuhours=1263.2 corehours=0 nodehours=39.47 n_jobs=158 n_users=1 n_groups=0 n_accounts=0 
syshost=pitzer database=xalt year=2019 month=08 software=None executables=hmmsearch cpuhours=1201.88 corehours=0 nodehours=1201.88 n_jobs=6659 n_users=7 n_groups=0 n_accounts=0 
syshost=pitzer database=xalt year=2019 month=08 software=None executables=MATLAB cpuhours=1200.2 corehours=0 nodehours=1203.53 n_jobs=2071 n_users=9 n_groups=0 n_accounts=0 
syshost=pitzer database=xalt year=2019 month=08 software=None executables=samtools cpuhours=1038.23 corehours=0 nodehours=985.64 n_jobs=689 n_users=8 n_groups=0 n_accounts=0 
syshost=pitzer database=xalt year=2019 month=08 software=None executables=gcpp cpuhours=1002.44 corehours=0 nodehours=1002.44 n_jobs=1 n_users=1 n_groups=0 n_accounts=0 
syshost=pitzer database=xalt year=2019 month=08 software=None executables=seward.exe cpuhours=922.43 corehours=0 nodehours=922.43 n_jobs=2097 n_users=4 n_groups=0 n_accounts=0 
syshost=pitzer database=xalt year=2019 month=08 software=None executables=mdrun_mpi cpuhours=878.4 corehours=0 nodehours=54.9 n_jobs=5 n_users=1 n_groups=0 n_accounts=0 
syshost=pitzer database=xalt year=2019 month=08 software=None executables=matlab_helper cpuhours=867.88 corehours=0 nodehours=867.97 n_jobs=1791 n_users=5 n_groups=0 n_accounts=0 
syshost=pitzer database=xalt year=2019 month=08 software=None executables=gmx cpuhours=860.47 corehours=0 nodehours=1338.0 n_jobs=71 n_users=6 n_groups=0 n_accounts=0 
