syshost=pitzer database=xalt year=2019 month=11 software=None executables=cs_solver cpuhours=636247.56 corehours=0 nodehours=15906.19 n_jobs=24 n_users=1 n_groups=0 n_accounts=0 
syshost=pitzer database=xalt year=2019 month=11 software=None executables=VASP cpuhours=457524.89 corehours=0 nodehours=11599.07 n_jobs=2155 n_users=11 n_groups=0 n_accounts=0 
syshost=pitzer database=xalt year=2019 month=11 software=None executables=LAMMPS cpuhours=288896.75 corehours=0 nodehours=24416.27 n_jobs=4693 n_users=10 n_groups=0 n_accounts=0 
syshost=pitzer database=xalt year=2019 month=11 software=None executables=fdl3di.exe cpuhours=222117.67 corehours=0 nodehours=5630.58 n_jobs=86 n_users=3 n_groups=0 n_accounts=0 
syshost=pitzer database=xalt year=2019 month=11 software=None executables=python3.6 cpuhours=181137.99 corehours=0 nodehours=16955.64 n_jobs=3951 n_users=101 n_groups=0 n_accounts=0 
syshost=pitzer database=xalt year=2019 month=11 software=None executables=cp2k.popt cpuhours=157302.57 corehours=0 nodehours=3943.58 n_jobs=310 n_users=3 n_groups=0 n_accounts=0 
syshost=pitzer database=xalt year=2019 month=11 software=None executables=lt-simulate cpuhours=152546.95 corehours=0 nodehours=152546.95 n_jobs=11400 n_users=5 n_groups=0 n_accounts=0 
syshost=pitzer database=xalt year=2019 month=11 software=None executables=QChem cpuhours=132872.36 corehours=0 nodehours=8885.27 n_jobs=787 n_users=9 n_groups=0 n_accounts=0 
syshost=pitzer database=xalt year=2019 month=11 software=None executables=curvdns cpuhours=105545.31 corehours=0 nodehours=2638.77 n_jobs=90 n_users=2 n_groups=0 n_accounts=0 
syshost=pitzer database=xalt year=2019 month=11 software=None executables=python2.7 cpuhours=67613.98 corehours=0 nodehours=23498.52 n_jobs=2523 n_users=98 n_groups=0 n_accounts=0 
syshost=pitzer database=xalt year=2019 month=11 software=None executables=ORCA cpuhours=47238.18 corehours=0 nodehours=42165.1 n_jobs=93 n_users=3 n_groups=0 n_accounts=0 
syshost=pitzer database=xalt year=2019 month=11 software=None executables=MOLCAS cpuhours=46945.35 corehours=0 nodehours=46943.7 n_jobs=8684 n_users=4 n_groups=0 n_accounts=0 
syshost=pitzer database=xalt year=2019 month=11 software=None executables=converge-2.3.23-openmpi-linux-64 cpuhours=37238.09 corehours=0 nodehours=930.95 n_jobs=17 n_users=1 n_groups=0 n_accounts=0 
syshost=pitzer database=xalt year=2019 month=11 software=None executables=converge-mpich cpuhours=33099.52 corehours=0 nodehours=829.07 n_jobs=27 n_users=2 n_groups=0 n_accounts=0 
syshost=pitzer database=xalt year=2019 month=11 software=None executables=wrf.exe cpuhours=27128.75 corehours=0 nodehours=678.22 n_jobs=268 n_users=2 n_groups=0 n_accounts=0 
syshost=pitzer database=xalt year=2019 month=11 software=None executables=namd2 cpuhours=26599.93 corehours=0 nodehours=3084.67 n_jobs=122 n_users=9 n_groups=0 n_accounts=0 
syshost=pitzer database=xalt year=2019 month=11 software=None executables=parallel-command-processor cpuhours=22211.04 corehours=0 nodehours=743.56 n_jobs=248 n_users=3 n_groups=0 n_accounts=0 
syshost=pitzer database=xalt year=2019 month=11 software=None executables=v2_analysis_reco_100 cpuhours=20751.61 corehours=0 nodehours=20751.61 n_jobs=75 n_users=1 n_groups=0 n_accounts=0 
syshost=pitzer database=xalt year=2019 month=11 software=None executables=orted cpuhours=15838.57 corehours=0 nodehours=152732.02 n_jobs=122 n_users=14 n_groups=0 n_accounts=0 
syshost=pitzer database=xalt year=2019 month=11 software=None executables=python3.7 cpuhours=13628.42 corehours=0 nodehours=13632.1 n_jobs=4029 n_users=36 n_groups=0 n_accounts=0 
syshost=pitzer database=xalt year=2019 month=11 software=None executables=dgswem cpuhours=12251.32 corehours=0 nodehours=308.2 n_jobs=32 n_users=1 n_groups=0 n_accounts=0 
syshost=pitzer database=xalt year=2019 month=11 software=None executables=nodet_mpi cpuhours=11339.96 corehours=0 nodehours=283.5 n_jobs=5 n_users=1 n_groups=0 n_accounts=0 
syshost=pitzer database=xalt year=2019 month=11 software=None executables=lsp cpuhours=9287.34 corehours=0 nodehours=244.0 n_jobs=11 n_users=1 n_groups=0 n_accounts=0 
syshost=pitzer database=xalt year=2019 month=11 software=None executables=hmmscan cpuhours=8787.63 corehours=0 nodehours=8787.63 n_jobs=387 n_users=4 n_groups=0 n_accounts=0 
syshost=pitzer database=xalt year=2019 month=11 software=None executables=Gaussian cpuhours=8594.92 corehours=0 nodehours=5506.09 n_jobs=486 n_users=10 n_groups=0 n_accounts=0 
syshost=pitzer database=xalt year=2019 month=11 software=None executables=comsollauncher cpuhours=7451.85 corehours=0 nodehours=93.16 n_jobs=9 n_users=1 n_groups=0 n_accounts=0 
syshost=pitzer database=xalt year=2019 month=11 software=None executables=bowtie2-align-s cpuhours=7029.26 corehours=0 nodehours=7028.94 n_jobs=520 n_users=10 n_groups=0 n_accounts=0 
syshost=pitzer database=xalt year=2019 month=11 software=None executables=samtools cpuhours=6911.69 corehours=0 nodehours=6910.49 n_jobs=1535 n_users=15 n_groups=0 n_accounts=0 
syshost=pitzer database=xalt year=2019 month=11 software=None executables=gen_be_stage4_regional.exe cpuhours=6702.7 corehours=0 nodehours=6702.7 n_jobs=65 n_users=1 n_groups=0 n_accounts=0 
syshost=pitzer database=xalt year=2019 month=11 software=None executables=arts cpuhours=5979.54 corehours=0 nodehours=149.49 n_jobs=4 n_users=1 n_groups=0 n_accounts=0 
syshost=pitzer database=xalt year=2019 month=11 software=None executables=simplecFoam cpuhours=5808.0 corehours=0 nodehours=148.16 n_jobs=2 n_users=1 n_groups=0 n_accounts=0 
syshost=pitzer database=xalt year=2019 month=11 software=None executables=R cpuhours=5399.09 corehours=0 nodehours=4428.57 n_jobs=1338 n_users=31 n_groups=0 n_accounts=0 
syshost=pitzer database=xalt year=2019 month=11 software=None executables=fluent_mpi.19.3.0 cpuhours=4369.24 corehours=0 nodehours=4369.24 n_jobs=42 n_users=2 n_groups=0 n_accounts=0 
syshost=pitzer database=xalt year=2019 month=11 software=None executables=Arepo-sidm-ethos2 cpuhours=3710.67 corehours=0 nodehours=92.77 n_jobs=6 n_users=1 n_groups=0 n_accounts=0 
syshost=pitzer database=xalt year=2019 month=11 software=None executables=hmmsearch cpuhours=3054.1 corehours=0 nodehours=3054.1 n_jobs=4301 n_users=18 n_groups=0 n_accounts=0 
syshost=pitzer database=xalt year=2019 month=11 software=None executables=pw.x cpuhours=2661.71 corehours=0 nodehours=66.86 n_jobs=28 n_users=4 n_groups=0 n_accounts=0 
syshost=pitzer database=xalt year=2019 month=11 software=None executables=v2_SaveVals100_A3 cpuhours=2622.45 corehours=0 nodehours=2622.45 n_jobs=122 n_users=1 n_groups=0 n_accounts=0 
syshost=pitzer database=xalt year=2019 month=11 software=None executables=garffield_pitzer cpuhours=2235.8 corehours=0 nodehours=55.9 n_jobs=10 n_users=1 n_groups=0 n_accounts=0 
syshost=pitzer database=xalt year=2019 month=11 software=None executables=setsm cpuhours=2224.46 corehours=0 nodehours=92.68 n_jobs=37 n_users=1 n_groups=0 n_accounts=0 
syshost=pitzer database=xalt year=2019 month=11 software=None executables=trial cpuhours=2122.94 corehours=0 nodehours=66.34 n_jobs=165 n_users=1 n_groups=0 n_accounts=0 
syshost=pitzer database=xalt year=2019 month=11 software=None executables=lmp cpuhours=1996.25 corehours=0 nodehours=226.83 n_jobs=15 n_users=1 n_groups=0 n_accounts=0 
syshost=pitzer database=xalt year=2019 month=11 software=None executables=dual_mpi cpuhours=1883.36 corehours=0 nodehours=47.08 n_jobs=4 n_users=1 n_groups=0 n_accounts=0 
syshost=pitzer database=xalt year=2019 month=11 software=None executables=gmx_d cpuhours=1695.46 corehours=0 nodehours=1695.46 n_jobs=897 n_users=17 n_groups=0 n_accounts=0 
syshost=pitzer database=xalt year=2019 month=11 software=None executables=v2_Reco100 cpuhours=1679.16 corehours=0 nodehours=1679.16 n_jobs=6 n_users=1 n_groups=0 n_accounts=0 
syshost=pitzer database=xalt year=2019 month=11 software=None executables=v2_CWID_TB cpuhours=1656.9 corehours=0 nodehours=1656.9 n_jobs=181 n_users=1 n_groups=0 n_accounts=0 
syshost=pitzer database=xalt year=2019 month=11 software=None executables=l1002.exe cpuhours=1452.49 corehours=0 nodehours=36.67 n_jobs=2 n_users=2 n_groups=0 n_accounts=0 
syshost=pitzer database=xalt year=2019 month=11 software=None executables=orca cpuhours=1443.45 corehours=0 nodehours=1443.45 n_jobs=18 n_users=2 n_groups=0 n_accounts=0 
syshost=pitzer database=xalt year=2019 month=11 software=None executables=TSsnappyHexMesh-v2.0 cpuhours=1257.4 corehours=0 nodehours=130.98 n_jobs=3 n_users=1 n_groups=0 n_accounts=0 
syshost=pitzer database=xalt year=2019 month=11 software=None executables=pmi_proxy cpuhours=1245.01 corehours=0 nodehours=9028.37 n_jobs=791 n_users=12 n_groups=0 n_accounts=0 
syshost=pitzer database=xalt year=2019 month=11 software=None executables=MATLAB cpuhours=1061.02 corehours=0 nodehours=1061.02 n_jobs=138 n_users=12 n_groups=0 n_accounts=0 
