syshost=pitzer database=xalt year=2019 month=10 software=None executables=VASP cpuhours=725622.99 corehours=0 nodehours=18232.29 n_jobs=1741 n_users=9 n_groups=0 n_accounts=0 
syshost=pitzer database=xalt year=2019 month=10 software=None executables=lt-simulate cpuhours=528055.0 corehours=0 nodehours=528055.0 n_jobs=10983 n_users=6 n_groups=0 n_accounts=0 
syshost=pitzer database=xalt year=2019 month=10 software=None executables=cp2k.popt cpuhours=435208.6 corehours=0 nodehours=10880.56 n_jobs=203 n_users=2 n_groups=0 n_accounts=0 
syshost=pitzer database=xalt year=2019 month=10 software=None executables=LAMMPS cpuhours=326344.52 corehours=0 nodehours=9152.44 n_jobs=2014 n_users=11 n_groups=0 n_accounts=0 
syshost=pitzer database=xalt year=2019 month=10 software=None executables=fdl3di.exe cpuhours=269147.7 corehours=0 nodehours=6832.16 n_jobs=92 n_users=4 n_groups=0 n_accounts=0 
syshost=pitzer database=xalt year=2019 month=10 software=None executables=simplecFoam cpuhours=119250.27 corehours=0 nodehours=3044.04 n_jobs=31 n_users=2 n_groups=0 n_accounts=0 
syshost=pitzer database=xalt year=2019 month=10 software=None executables=namd2 cpuhours=78389.72 corehours=0 nodehours=2982.42 n_jobs=89 n_users=10 n_groups=0 n_accounts=0 
syshost=pitzer database=xalt year=2019 month=10 software=None executables=converge-2.3.23-openmpi-linux-64 cpuhours=73681.02 corehours=0 nodehours=1842.03 n_jobs=37 n_users=1 n_groups=0 n_accounts=0 
syshost=pitzer database=xalt year=2019 month=10 software=None executables=TSpimpleFoamRobustBlendingFactor-v0.1 cpuhours=71578.67 corehours=0 nodehours=1825.99 n_jobs=9 n_users=1 n_groups=0 n_accounts=0 
syshost=pitzer database=xalt year=2019 month=10 software=None executables=QChem cpuhours=53821.65 corehours=0 nodehours=2777.33 n_jobs=467 n_users=8 n_groups=0 n_accounts=0 
syshost=pitzer database=xalt year=2019 month=10 software=None executables=proc.exe cpuhours=39927.6 corehours=0 nodehours=1069.49 n_jobs=12 n_users=1 n_groups=0 n_accounts=0 
syshost=pitzer database=xalt year=2019 month=10 software=None executables=cs_solver cpuhours=36319.89 corehours=0 nodehours=908.0 n_jobs=8 n_users=1 n_groups=0 n_accounts=0 
syshost=pitzer database=xalt year=2019 month=10 software=None executables=MOLCAS cpuhours=31857.86 corehours=0 nodehours=31857.86 n_jobs=1197 n_users=5 n_groups=0 n_accounts=0 
syshost=pitzer database=xalt year=2019 month=10 software=None executables=Arepo-sidm cpuhours=28485.44 corehours=0 nodehours=712.14 n_jobs=44 n_users=1 n_groups=0 n_accounts=0 
syshost=pitzer database=xalt year=2019 month=10 software=None executables=python3.6 cpuhours=23485.54 corehours=0 nodehours=23485.56 n_jobs=6427 n_users=97 n_groups=0 n_accounts=0 
syshost=pitzer database=xalt year=2019 month=10 software=None executables=interDyMFoam cpuhours=19399.22 corehours=0 nodehours=484.98 n_jobs=22 n_users=1 n_groups=0 n_accounts=0 
syshost=pitzer database=xalt year=2019 month=10 software=None executables=python3.7 cpuhours=15500.04 corehours=0 nodehours=15500.04 n_jobs=2359 n_users=27 n_groups=0 n_accounts=0 
syshost=pitzer database=xalt year=2019 month=10 software=None executables=arts cpuhours=14657.29 corehours=0 nodehours=366.43 n_jobs=73 n_users=1 n_groups=0 n_accounts=0 
syshost=pitzer database=xalt year=2019 month=10 software=None executables=converge-mpich cpuhours=14203.46 corehours=0 nodehours=355.79 n_jobs=54 n_users=4 n_groups=0 n_accounts=0 
syshost=pitzer database=xalt year=2019 month=10 software=None executables=python2.7 cpuhours=13596.64 corehours=0 nodehours=10917.15 n_jobs=3347 n_users=113 n_groups=0 n_accounts=0 
syshost=pitzer database=xalt year=2019 month=10 software=None executables=execFlowFunctionObjects cpuhours=13276.48 corehours=0 nodehours=345.48 n_jobs=47 n_users=3 n_groups=0 n_accounts=0 
syshost=pitzer database=xalt year=2019 month=10 software=None executables=nodet_mpi cpuhours=12838.52 corehours=0 nodehours=336.91 n_jobs=19 n_users=1 n_groups=0 n_accounts=0 
syshost=pitzer database=xalt year=2019 month=10 software=None executables=ORCA cpuhours=11881.83 corehours=0 nodehours=9873.02 n_jobs=88 n_users=4 n_groups=0 n_accounts=0 
syshost=pitzer database=xalt year=2019 month=10 software=None executables=parallel-command-processor cpuhours=11182.08 corehours=0 nodehours=285.97 n_jobs=131 n_users=2 n_groups=0 n_accounts=0 
syshost=pitzer database=xalt year=2019 month=10 software=None executables=tkestatsclone.exe cpuhours=10311.56 corehours=0 nodehours=257.79 n_jobs=4 n_users=1 n_groups=0 n_accounts=0 
syshost=pitzer database=xalt year=2019 month=10 software=None executables=dual_mpi cpuhours=10309.41 corehours=0 nodehours=257.86 n_jobs=17 n_users=1 n_groups=0 n_accounts=0 
syshost=pitzer database=xalt year=2019 month=10 software=None executables=curvdns cpuhours=10215.78 corehours=0 nodehours=254.41 n_jobs=119 n_users=3 n_groups=0 n_accounts=0 
syshost=pitzer database=xalt year=2019 month=10 software=None executables=bowtie2-align-s cpuhours=8362.47 corehours=0 nodehours=8362.47 n_jobs=428 n_users=10 n_groups=0 n_accounts=0 
syshost=pitzer database=xalt year=2019 month=10 software=None executables=lsp cpuhours=7609.85 corehours=0 nodehours=199.93 n_jobs=2 n_users=1 n_groups=0 n_accounts=0 
syshost=pitzer database=xalt year=2019 month=10 software=None executables=v2_CWID cpuhours=6697.53 corehours=0 nodehours=6697.53 n_jobs=119 n_users=1 n_groups=0 n_accounts=0 
syshost=pitzer database=xalt year=2019 month=10 software=None executables=samtools cpuhours=6387.43 corehours=0 nodehours=6387.43 n_jobs=1082 n_users=13 n_groups=0 n_accounts=0 
syshost=pitzer database=xalt year=2019 month=10 software=None executables=TSsnappyHexMesh-v2.0 cpuhours=6246.39 corehours=0 nodehours=635.4 n_jobs=22 n_users=2 n_groups=0 n_accounts=0 
syshost=pitzer database=xalt year=2019 month=10 software=None executables=R cpuhours=5712.71 corehours=0 nodehours=5712.71 n_jobs=575 n_users=35 n_groups=0 n_accounts=0 
syshost=pitzer database=xalt year=2019 month=10 software=None executables=v2_Reco cpuhours=5374.46 corehours=0 nodehours=5374.46 n_jobs=69 n_users=1 n_groups=0 n_accounts=0 
syshost=pitzer database=xalt year=2019 month=10 software=None executables=overPimpleDyMFoam cpuhours=5108.13 corehours=0 nodehours=127.7 n_jobs=8 n_users=1 n_groups=0 n_accounts=0 
syshost=pitzer database=xalt year=2019 month=10 software=None executables=orted cpuhours=4985.08 corehours=0 nodehours=27932.69 n_jobs=262 n_users=12 n_groups=0 n_accounts=0 
syshost=pitzer database=xalt year=2019 month=10 software=None executables=mclr.exe cpuhours=4442.45 corehours=0 nodehours=4442.45 n_jobs=186 n_users=5 n_groups=0 n_accounts=0 
syshost=pitzer database=xalt year=2019 month=10 software=None executables=Gaussian cpuhours=4305.85 corehours=0 nodehours=3741.68 n_jobs=417 n_users=9 n_groups=0 n_accounts=0 
syshost=pitzer database=xalt year=2019 month=10 software=None executables=wrf.exe cpuhours=4253.92 corehours=0 nodehours=106.35 n_jobs=29 n_users=2 n_groups=0 n_accounts=0 
syshost=pitzer database=xalt year=2019 month=10 software=None executables=setsm cpuhours=3374.12 corehours=0 nodehours=132.75 n_jobs=57 n_users=1 n_groups=0 n_accounts=0 
syshost=pitzer database=xalt year=2019 month=10 software=None executables=pw.x cpuhours=3195.99 corehours=0 nodehours=94.98 n_jobs=182 n_users=2 n_groups=0 n_accounts=0 
syshost=pitzer database=xalt year=2019 month=10 software=None executables=MATLAB cpuhours=2957.17 corehours=0 nodehours=2957.17 n_jobs=2741 n_users=12 n_groups=0 n_accounts=0 
syshost=pitzer database=xalt year=2019 month=10 software=None executables=matlab_helper cpuhours=2838.48 corehours=0 nodehours=2838.48 n_jobs=2678 n_users=8 n_groups=0 n_accounts=0 
syshost=pitzer database=xalt year=2019 month=10 software=None executables=pmi_proxy cpuhours=2639.88 corehours=0 nodehours=16317.23 n_jobs=1061 n_users=15 n_groups=0 n_accounts=0 
syshost=pitzer database=xalt year=2019 month=10 software=None executables=diamond cpuhours=2213.14 corehours=0 nodehours=2213.14 n_jobs=813 n_users=8 n_groups=0 n_accounts=0 
syshost=pitzer database=xalt year=2019 month=10 software=None executables=snappyHexMesh cpuhours=2181.59 corehours=0 nodehours=198.61 n_jobs=77 n_users=4 n_groups=0 n_accounts=0 
syshost=pitzer database=xalt year=2019 month=10 software=None executables=Arepo cpuhours=1927.54 corehours=0 nodehours=48.19 n_jobs=5 n_users=1 n_groups=0 n_accounts=0 
syshost=pitzer database=xalt year=2019 month=10 software=None executables=scf.exe cpuhours=1911.77 corehours=0 nodehours=1911.77 n_jobs=106 n_users=2 n_groups=0 n_accounts=0 
syshost=pitzer database=xalt year=2019 month=10 software=None executables=trial cpuhours=1733.18 corehours=0 nodehours=54.16 n_jobs=94 n_users=1 n_groups=0 n_accounts=0 
syshost=pitzer database=xalt year=2019 month=10 software=None executables=main_BEeffects_arbtryParticle_OpenMP cpuhours=1575.17 corehours=0 nodehours=39.38 n_jobs=75 n_users=1 n_groups=0 n_accounts=0 
