syshost=pitzer database=xalt year=2019 month=05 software=None executables=LAMMPS cpuhours=1052511.55 corehours=0 nodehours=25424.8 n_jobs=2803 n_users=13 n_groups=0 n_accounts=0 
syshost=pitzer database=xalt year=2019 month=05 software=None executables=VASP cpuhours=938105.91 corehours=0 nodehours=23655.68 n_jobs=1755 n_users=7 n_groups=0 n_accounts=0 
syshost=pitzer database=xalt year=2019 month=05 software=None executables=TSpimpleFoamRobustBlendingFactor-v0.1 cpuhours=142713.05 corehours=0 nodehours=3716.49 n_jobs=47 n_users=1 n_groups=0 n_accounts=0 
syshost=pitzer database=xalt year=2019 month=05 software=None executables=Rosetta cpuhours=117949.18 corehours=0 nodehours=117949.18 n_jobs=4668 n_users=1 n_groups=0 n_accounts=0 
syshost=pitzer database=xalt year=2019 month=05 software=None executables=lt-simulate cpuhours=100519.76 corehours=0 nodehours=100519.76 n_jobs=6823 n_users=4 n_groups=0 n_accounts=0 
syshost=pitzer database=xalt year=2019 month=05 software=None executables=QChem cpuhours=70384.93 corehours=0 nodehours=5342.56 n_jobs=942 n_users=12 n_groups=0 n_accounts=0 
syshost=pitzer database=xalt year=2019 month=05 software=None executables=R cpuhours=45139.1 corehours=0 nodehours=45151.08 n_jobs=573 n_users=16 n_groups=0 n_accounts=0 
syshost=pitzer database=xalt year=2019 month=05 software=None executables=ORCA cpuhours=43706.42 corehours=0 nodehours=1333.14 n_jobs=126 n_users=4 n_groups=0 n_accounts=0 
syshost=pitzer database=xalt year=2019 month=05 software=None executables=python2.7 cpuhours=33792.3 corehours=0 nodehours=29926.92 n_jobs=24501 n_users=101 n_groups=0 n_accounts=0 
syshost=pitzer database=xalt year=2019 month=05 software=None executables=simplecFoam cpuhours=33186.5 corehours=0 nodehours=864.02 n_jobs=27 n_users=3 n_groups=0 n_accounts=0 
syshost=pitzer database=xalt year=2019 month=05 software=None executables=samtools cpuhours=33012.05 corehours=0 nodehours=33012.05 n_jobs=14639 n_users=10 n_groups=0 n_accounts=0 
syshost=pitzer database=xalt year=2019 month=05 software=None executables=v2_CWID cpuhours=21439.72 corehours=0 nodehours=21439.72 n_jobs=402 n_users=1 n_groups=0 n_accounts=0 
syshost=pitzer database=xalt year=2019 month=05 software=None executables=v2_Reco cpuhours=19363.48 corehours=0 nodehours=19363.48 n_jobs=4328 n_users=1 n_groups=0 n_accounts=0 
syshost=pitzer database=xalt year=2019 month=05 software=None executables=bwa cpuhours=18703.42 corehours=0 nodehours=18703.42 n_jobs=14054 n_users=6 n_groups=0 n_accounts=0 
syshost=pitzer database=xalt year=2019 month=05 software=None executables=Gaussian cpuhours=15249.81 corehours=0 nodehours=14806.51 n_jobs=781 n_users=11 n_groups=0 n_accounts=0 
syshost=pitzer database=xalt year=2019 month=05 software=None executables=converge-2.3.23-openmpi-linux-64 cpuhours=14966.29 corehours=0 nodehours=374.16 n_jobs=35 n_users=2 n_groups=0 n_accounts=0 
syshost=pitzer database=xalt year=2019 month=05 software=None executables=SingleProc1Dlsp cpuhours=8664.66 corehours=0 nodehours=218.53 n_jobs=16 n_users=1 n_groups=0 n_accounts=0 
syshost=pitzer database=xalt year=2019 month=05 software=None executables=MOLCAS cpuhours=7812.58 corehours=0 nodehours=7812.58 n_jobs=1169 n_users=3 n_groups=0 n_accounts=0 
syshost=pitzer database=xalt year=2019 month=05 software=None executables=python3.6 cpuhours=7490.35 corehours=0 nodehours=7490.7 n_jobs=23978 n_users=49 n_groups=0 n_accounts=0 
syshost=pitzer database=xalt year=2019 month=05 software=None executables=parallel-command-processor cpuhours=7235.63 corehours=0 nodehours=778.06 n_jobs=221 n_users=2 n_groups=0 n_accounts=0 
syshost=pitzer database=xalt year=2019 month=05 software=None executables=execFlowFunctionObjects cpuhours=6206.13 corehours=0 nodehours=161.62 n_jobs=36 n_users=1 n_groups=0 n_accounts=0 
syshost=pitzer database=xalt year=2019 month=05 software=None executables=l913.exe cpuhours=6102.2 corehours=0 nodehours=700.25 n_jobs=20 n_users=2 n_groups=0 n_accounts=0 
syshost=pitzer database=xalt year=2019 month=05 software=None executables=athena cpuhours=6074.6 corehours=0 nodehours=189.83 n_jobs=45 n_users=1 n_groups=0 n_accounts=0 
syshost=pitzer database=xalt year=2019 month=05 software=None executables=mdrun_mpi cpuhours=5376.17 corehours=0 nodehours=336.01 n_jobs=8 n_users=1 n_groups=0 n_accounts=0 
syshost=pitzer database=xalt year=2019 month=05 software=None executables=TSsnappyHexMesh-v2.0 cpuhours=5289.8 corehours=0 nodehours=275.51 n_jobs=13 n_users=1 n_groups=0 n_accounts=0 
syshost=pitzer database=xalt year=2019 month=05 software=None executables=AraSim cpuhours=4940.22 corehours=0 nodehours=4940.22 n_jobs=30 n_users=1 n_groups=0 n_accounts=0 
syshost=pitzer database=xalt year=2019 month=05 software=None executables=Gadget2 cpuhours=4508.07 corehours=0 nodehours=112.7 n_jobs=10 n_users=1 n_groups=0 n_accounts=0 
syshost=pitzer database=xalt year=2019 month=05 software=None executables=bowtie2-align-s cpuhours=3729.32 corehours=0 nodehours=3729.32 n_jobs=89 n_users=6 n_groups=0 n_accounts=0 
syshost=pitzer database=xalt year=2019 month=05 software=None executables=namd2 cpuhours=3622.2 corehours=0 nodehours=91.39 n_jobs=29 n_users=3 n_groups=0 n_accounts=0 
syshost=pitzer database=xalt year=2019 month=05 software=None executables=tkestatsclone.exe cpuhours=2875.99 corehours=0 nodehours=71.9 n_jobs=1 n_users=1 n_groups=0 n_accounts=0 
syshost=pitzer database=xalt year=2019 month=05 software=None executables=full.exe cpuhours=2793.35 corehours=0 nodehours=99.84 n_jobs=49 n_users=1 n_groups=0 n_accounts=0 
syshost=pitzer database=xalt year=2019 month=05 software=None executables=pmi_proxy cpuhours=2278.56 corehours=0 nodehours=13631.04 n_jobs=971 n_users=9 n_groups=0 n_accounts=0 
syshost=pitzer database=xalt year=2019 month=05 software=None executables=osu_bcast cpuhours=2107.15 corehours=0 nodehours=371.67 n_jobs=52 n_users=2 n_groups=0 n_accounts=0 
syshost=pitzer database=xalt year=2019 month=05 software=None executables=gmx_gpu cpuhours=2028.12 corehours=0 nodehours=2028.12 n_jobs=71 n_users=5 n_groups=0 n_accounts=0 
syshost=pitzer database=xalt year=2019 month=05 software=None executables=v2_SaveVals cpuhours=1994.5 corehours=0 nodehours=1994.5 n_jobs=1425 n_users=1 n_groups=0 n_accounts=0 
syshost=pitzer database=xalt year=2019 month=05 software=None executables=osu_alltoall cpuhours=1973.35 corehours=0 nodehours=93.6 n_jobs=38 n_users=3 n_groups=0 n_accounts=0 
syshost=pitzer database=xalt year=2019 month=05 software=None executables=v2_Filter cpuhours=1713.84 corehours=0 nodehours=1713.84 n_jobs=1983 n_users=1 n_groups=0 n_accounts=0 
syshost=pitzer database=xalt year=2019 month=05 software=None executables=orca cpuhours=1481.16 corehours=0 nodehours=1481.2 n_jobs=121 n_users=3 n_groups=0 n_accounts=0 
syshost=pitzer database=xalt year=2019 month=05 software=None executables=osu_reduce cpuhours=1256.41 corehours=0 nodehours=197.58 n_jobs=40 n_users=2 n_groups=0 n_accounts=0 
syshost=pitzer database=xalt year=2019 month=05 software=None executables=osu_allreduce cpuhours=1080.59 corehours=0 nodehours=136.13 n_jobs=171 n_users=4 n_groups=0 n_accounts=0 
syshost=pitzer database=xalt year=2019 month=05 software=None executables=l1002.exe cpuhours=977.11 corehours=0 nodehours=24.43 n_jobs=11 n_users=2 n_groups=0 n_accounts=0 
syshost=pitzer database=xalt year=2019 month=05 software=None executables=osu_scatter cpuhours=924.97 corehours=0 nodehours=119.89 n_jobs=45 n_users=3 n_groups=0 n_accounts=0 
syshost=pitzer database=xalt year=2019 month=05 software=None executables=foamToEnsight cpuhours=880.3 corehours=0 nodehours=22.92 n_jobs=42 n_users=3 n_groups=0 n_accounts=0 
syshost=pitzer database=xalt year=2019 month=05 software=None executables=orted cpuhours=785.82 corehours=0 nodehours=4232.21 n_jobs=80 n_users=9 n_groups=0 n_accounts=0 
syshost=pitzer database=xalt year=2019 month=05 software=None executables=dgswem cpuhours=757.96 corehours=0 nodehours=38.89 n_jobs=77 n_users=1 n_groups=0 n_accounts=0 
syshost=pitzer database=xalt year=2019 month=05 software=None executables=osu_gather cpuhours=663.75 corehours=0 nodehours=81.83 n_jobs=41 n_users=2 n_groups=0 n_accounts=0 
syshost=pitzer database=xalt year=2019 month=05 software=None executables=MATLAB cpuhours=660.31 corehours=0 nodehours=662.75 n_jobs=1189 n_users=8 n_groups=0 n_accounts=0 
syshost=pitzer database=xalt year=2019 month=05 software=None executables=osu_allgather cpuhours=646.79 corehours=0 nodehours=53.45 n_jobs=38 n_users=2 n_groups=0 n_accounts=0 
syshost=pitzer database=xalt year=2019 month=05 software=None executables=OffsetBlockVTime cpuhours=599.13 corehours=0 nodehours=599.13 n_jobs=4688 n_users=1 n_groups=0 n_accounts=0 
syshost=pitzer database=xalt year=2019 month=05 software=None executables=blastn cpuhours=580.39 corehours=0 nodehours=580.39 n_jobs=62 n_users=5 n_groups=0 n_accounts=0 
