syshost=owens database=xalt year=2019 month=11 software=None executables=LAMMPS cpuhours=1292134.43 corehours=0 nodehours=94302.72 n_jobs=4990 n_users=33 n_groups=0 n_accounts=0 
syshost=owens database=xalt year=2019 month=11 software=None executables=VASP cpuhours=1001511.47 corehours=0 nodehours=35505.29 n_jobs=2850 n_users=46 n_groups=0 n_accounts=0 
syshost=owens database=xalt year=2019 month=11 software=None executables=wrf.exe cpuhours=331565.54 corehours=0 nodehours=11841.63 n_jobs=763 n_users=3 n_groups=0 n_accounts=0 
syshost=owens database=xalt year=2019 month=11 software=None executables=TWODHBLhybridroe_sol.exe cpuhours=303465.96 corehours=0 nodehours=10838.07 n_jobs=207 n_users=1 n_groups=0 n_accounts=0 
syshost=owens database=xalt year=2019 month=11 software=None executables=fdl3di.exe cpuhours=241776.37 corehours=0 nodehours=8634.87 n_jobs=31 n_users=1 n_groups=0 n_accounts=0 
syshost=owens database=xalt year=2019 month=11 software=None executables=simplecFoam cpuhours=183098.91 corehours=0 nodehours=6539.25 n_jobs=123 n_users=3 n_groups=0 n_accounts=0 
syshost=owens database=xalt year=2019 month=11 software=None executables=converge-2.3.23-openmpi-linux-64 cpuhours=176263.41 corehours=0 nodehours=6295.12 n_jobs=64 n_users=2 n_groups=0 n_accounts=0 
syshost=owens database=xalt year=2019 month=11 software=None executables=fluent_mpi.19.2.0 cpuhours=145451.81 corehours=0 nodehours=236407.35 n_jobs=84 n_users=2 n_groups=0 n_accounts=0 
syshost=owens database=xalt year=2019 month=11 software=None executables=lt-simulate cpuhours=136038.94 corehours=0 nodehours=136038.94 n_jobs=5371 n_users=5 n_groups=0 n_accounts=0 
syshost=owens database=xalt year=2019 month=11 software=None executables=R cpuhours=103828.98 corehours=0 nodehours=101521.22 n_jobs=28557 n_users=272 n_groups=0 n_accounts=0 
syshost=owens database=xalt year=2019 month=11 software=None executables=parallel-command-processor cpuhours=89301.06 corehours=0 nodehours=4038.93 n_jobs=376 n_users=2 n_groups=0 n_accounts=0 
syshost=owens database=xalt year=2019 month=11 software=None executables=QChem cpuhours=60053.24 corehours=0 nodehours=2747.08 n_jobs=2422 n_users=28 n_groups=0 n_accounts=0 
syshost=owens database=xalt year=2019 month=11 software=None executables=namd2 cpuhours=43769.73 corehours=0 nodehours=4180.34 n_jobs=1054 n_users=10 n_groups=0 n_accounts=0 
syshost=owens database=xalt year=2019 month=11 software=None executables=TSsnappyHexMesh-v2.0 cpuhours=41750.3 corehours=0 nodehours=1788.89 n_jobs=190 n_users=3 n_groups=0 n_accounts=0 
syshost=owens database=xalt year=2019 month=11 software=None executables=lsp cpuhours=41412.67 corehours=0 nodehours=1497.67 n_jobs=33 n_users=2 n_groups=0 n_accounts=0 
syshost=owens database=xalt year=2019 month=11 software=None executables=osu_allreduce cpuhours=35387.07 corehours=0 nodehours=2095.22 n_jobs=788 n_users=5 n_groups=0 n_accounts=0 
syshost=owens database=xalt year=2019 month=11 software=None executables=pw.x cpuhours=32780.38 corehours=0 nodehours=930.73 n_jobs=116 n_users=7 n_groups=0 n_accounts=0 
syshost=owens database=xalt year=2019 month=11 software=None executables=ls-dyna_mpp_d_r11_0_0_x64_centos65_ifort160_avx2_intelmpi-413 cpuhours=32079.48 corehours=0 nodehours=1276.75 n_jobs=24 n_users=1 n_groups=0 n_accounts=0 
syshost=owens database=xalt year=2019 month=11 software=None executables=ls-dyna_mpp_d_r9_0_1_109912_x64_redhat54_ifort131_sse2_intelmpi-413 cpuhours=30433.65 corehours=0 nodehours=1086.92 n_jobs=68 n_users=2 n_groups=0 n_accounts=0 
syshost=owens database=xalt year=2019 month=11 software=None executables=python3.6 cpuhours=29211.77 corehours=0 nodehours=27960.84 n_jobs=23212 n_users=287 n_groups=0 n_accounts=0 
syshost=owens database=xalt year=2019 month=11 software=None executables=MATLAB cpuhours=28751.79 corehours=0 nodehours=28785.41 n_jobs=7507 n_users=44 n_groups=0 n_accounts=0 
syshost=owens database=xalt year=2019 month=11 software=None executables=ORCA cpuhours=22561.02 corehours=0 nodehours=11283.83 n_jobs=212 n_users=8 n_groups=0 n_accounts=0 
syshost=owens database=xalt year=2019 month=11 software=None executables=real.exe cpuhours=21499.78 corehours=0 nodehours=769.12 n_jobs=1029 n_users=3 n_groups=0 n_accounts=0 
syshost=owens database=xalt year=2019 month=11 software=None executables=Gaussian cpuhours=20438.7 corehours=0 nodehours=9488.8 n_jobs=8477 n_users=33 n_groups=0 n_accounts=0 
syshost=owens database=xalt year=2019 month=11 software=None executables=samtools cpuhours=19924.84 corehours=0 nodehours=19924.84 n_jobs=13774 n_users=54 n_groups=0 n_accounts=0 
syshost=owens database=xalt year=2019 month=11 software=None executables=pimpleDyMFoam cpuhours=18251.03 corehours=0 nodehours=651.82 n_jobs=8 n_users=1 n_groups=0 n_accounts=0 
syshost=owens database=xalt year=2019 month=11 software=None executables=python2.7 cpuhours=17992.74 corehours=0 nodehours=18626.49 n_jobs=11491 n_users=311 n_groups=0 n_accounts=0 
syshost=owens database=xalt year=2019 month=11 software=None executables=interPhaseChangeDyMFoam cpuhours=17957.33 corehours=0 nodehours=641.33 n_jobs=6 n_users=1 n_groups=0 n_accounts=0 
syshost=owens database=xalt year=2019 month=11 software=None executables=execFlowFunctionObjects cpuhours=17625.92 corehours=0 nodehours=629.5 n_jobs=201 n_users=4 n_groups=0 n_accounts=0 
syshost=owens database=xalt year=2019 month=11 software=None executables=atmosphere_model cpuhours=16973.44 corehours=0 nodehours=610.48 n_jobs=9 n_users=2 n_groups=0 n_accounts=0 
syshost=owens database=xalt year=2019 month=11 software=None executables=bowtie2-align-s cpuhours=14344.99 corehours=0 nodehours=14344.99 n_jobs=2036 n_users=22 n_groups=0 n_accounts=0 
syshost=owens database=xalt year=2019 month=11 software=None executables=OpenFORM cpuhours=14197.45 corehours=0 nodehours=507.08 n_jobs=61 n_users=2 n_groups=0 n_accounts=0 
syshost=owens database=xalt year=2019 month=11 software=None executables=pmi_proxy cpuhours=13296.58 corehours=0 nodehours=56112.04 n_jobs=3341 n_users=55 n_groups=0 n_accounts=0 
syshost=owens database=xalt year=2019 month=11 software=None executables=osu_bcast cpuhours=13262.99 corehours=0 nodehours=1145.82 n_jobs=351 n_users=5 n_groups=0 n_accounts=0 
syshost=owens database=xalt year=2019 month=11 software=None executables=OpenSees cpuhours=13054.56 corehours=0 nodehours=13054.56 n_jobs=68 n_users=1 n_groups=0 n_accounts=0 
syshost=owens database=xalt year=2019 month=11 software=None executables=v2_Reco100 cpuhours=10692.76 corehours=0 nodehours=10692.76 n_jobs=83 n_users=1 n_groups=0 n_accounts=0 
syshost=owens database=xalt year=2019 month=11 software=None executables=orted cpuhours=10036.61 corehours=0 nodehours=107347.23 n_jobs=746 n_users=34 n_groups=0 n_accounts=0 
syshost=owens database=xalt year=2019 month=11 software=None executables=TSchtMultiRegionSimpleFoam-v2.4 cpuhours=9937.41 corehours=0 nodehours=354.91 n_jobs=10 n_users=1 n_groups=0 n_accounts=0 
syshost=owens database=xalt year=2019 month=11 software=None executables=mpiexec cpuhours=9515.84 corehours=0 nodehours=9586.77 n_jobs=597 n_users=10 n_groups=0 n_accounts=0 
syshost=owens database=xalt year=2019 month=11 software=None executables=pfm cpuhours=8644.21 corehours=0 nodehours=540.26 n_jobs=115 n_users=1 n_groups=0 n_accounts=0 
syshost=owens database=xalt year=2019 month=11 software=None executables=python3.7 cpuhours=8145.82 corehours=0 nodehours=8704.12 n_jobs=24591 n_users=99 n_groups=0 n_accounts=0 
syshost=owens database=xalt year=2019 month=11 software=None executables=v2_SaveVals100_A3 cpuhours=7891.66 corehours=0 nodehours=7891.66 n_jobs=271 n_users=1 n_groups=0 n_accounts=0 
syshost=owens database=xalt year=2019 month=11 software=None executables=xhpcg_avx2 cpuhours=7785.9 corehours=0 nodehours=278.07 n_jobs=43 n_users=1 n_groups=0 n_accounts=0 
syshost=owens database=xalt year=2019 month=11 software=None executables=Xvnc cpuhours=7315.96 corehours=0 nodehours=8105.84 n_jobs=1274 n_users=143 n_groups=0 n_accounts=0 
syshost=owens database=xalt year=2019 month=11 software=None executables=mpp cpuhours=6786.2 corehours=0 nodehours=242.36 n_jobs=1189 n_users=5 n_groups=0 n_accounts=0 
syshost=owens database=xalt year=2019 month=11 software=None executables=rmblastn cpuhours=6610.71 corehours=0 nodehours=6610.71 n_jobs=34 n_users=3 n_groups=0 n_accounts=0 
syshost=owens database=xalt year=2019 month=11 software=None executables=carp cpuhours=6082.58 corehours=0 nodehours=304.08 n_jobs=142 n_users=1 n_groups=0 n_accounts=0 
syshost=owens database=xalt year=2019 month=11 software=None executables=tkestatsclone.exe cpuhours=6002.5 corehours=0 nodehours=222.31 n_jobs=7 n_users=2 n_groups=0 n_accounts=0 
syshost=owens database=xalt year=2019 month=11 software=None executables=metgrid.exe cpuhours=5834.59 corehours=0 nodehours=464.48 n_jobs=4678 n_users=2 n_groups=0 n_accounts=0 
syshost=owens database=xalt year=2019 month=11 software=None executables=rhoSimpleFoamRhoThermo cpuhours=5521.9 corehours=0 nodehours=197.21 n_jobs=3 n_users=1 n_groups=0 n_accounts=0 
