syshost=owens database=xalt year=2019 month=05 software=None executables=LAMMPS cpuhours=462122.21 corehours=0 nodehours=39258.44 n_jobs=116035 n_users=19 n_groups=0 n_accounts=0 
syshost=owens database=xalt year=2019 month=05 software=None executables=VASP cpuhours=385983.42 corehours=0 nodehours=13821.15 n_jobs=1003 n_users=14 n_groups=0 n_accounts=0 
syshost=owens database=xalt year=2019 month=05 software=None executables=TSpimpleFoamRobustBlendingFactor-v0.1 cpuhours=97069.53 corehours=0 nodehours=3523.02 n_jobs=15 n_users=1 n_groups=0 n_accounts=0 
syshost=owens database=xalt year=2019 month=05 software=None executables=simplecFoam cpuhours=93858.07 corehours=0 nodehours=3400.64 n_jobs=96 n_users=4 n_groups=0 n_accounts=0 
syshost=owens database=xalt year=2019 month=05 software=None executables=fdl3di.exe cpuhours=83844.73 corehours=0 nodehours=3018.41 n_jobs=34 n_users=2 n_groups=0 n_accounts=0 
syshost=owens database=xalt year=2019 month=05 software=None executables=lt-simulate cpuhours=58688.28 corehours=0 nodehours=58688.28 n_jobs=5205 n_users=5 n_groups=0 n_accounts=0 
syshost=owens database=xalt year=2019 month=05 software=None executables=R cpuhours=56527.87 corehours=0 nodehours=55447.05 n_jobs=31514 n_users=39 n_groups=0 n_accounts=0 
syshost=owens database=xalt year=2019 month=05 software=None executables=Gaussian cpuhours=44816.58 corehours=0 nodehours=30069.85 n_jobs=2386 n_users=34 n_groups=0 n_accounts=0 
syshost=owens database=xalt year=2019 month=05 software=None executables=gmx_gpu_mpi cpuhours=32606.32 corehours=0 nodehours=1164.51 n_jobs=105 n_users=4 n_groups=0 n_accounts=0 
syshost=owens database=xalt year=2019 month=05 software=None executables=QChem cpuhours=30794.23 corehours=0 nodehours=1570.67 n_jobs=410 n_users=13 n_groups=0 n_accounts=0 
syshost=owens database=xalt year=2019 month=05 software=None executables=dense_distnmf cpuhours=30765.94 corehours=0 nodehours=2563.83 n_jobs=12 n_users=1 n_groups=0 n_accounts=0 
syshost=owens database=xalt year=2019 month=05 software=None executables=TSsnappyHexMesh-v2.0 cpuhours=21050.91 corehours=0 nodehours=1206.26 n_jobs=100 n_users=4 n_groups=0 n_accounts=0 
syshost=owens database=xalt year=2019 month=05 software=None executables=Rosetta cpuhours=17955.92 corehours=0 nodehours=17955.92 n_jobs=800 n_users=1 n_groups=0 n_accounts=0 
syshost=owens database=xalt year=2019 month=05 software=None executables=cpptraj.MPI cpuhours=16265.37 corehours=0 nodehours=580.91 n_jobs=151 n_users=2 n_groups=0 n_accounts=0 
syshost=owens database=xalt year=2019 month=05 software=None executables=ORCA cpuhours=14565.26 corehours=0 nodehours=1166.16 n_jobs=25 n_users=3 n_groups=0 n_accounts=0 
syshost=owens database=xalt year=2019 month=05 software=None executables=execFlowFunctionObjects cpuhours=12139.98 corehours=0 nodehours=439.11 n_jobs=106 n_users=4 n_groups=0 n_accounts=0 
syshost=owens database=xalt year=2019 month=05 software=None executables=converge-2.3.23-openmpi-linux-64 cpuhours=11331.0 corehours=0 nodehours=404.68 n_jobs=13 n_users=1 n_groups=0 n_accounts=0 
syshost=owens database=xalt year=2019 month=05 software=None executables=pmi_proxy cpuhours=10392.11 corehours=0 nodehours=32735.72 n_jobs=2785 n_users=26 n_groups=0 n_accounts=0 
syshost=owens database=xalt year=2019 month=05 software=None executables=runInterferometry cpuhours=9083.84 corehours=0 nodehours=9083.84 n_jobs=1892 n_users=2 n_groups=0 n_accounts=0 
syshost=owens database=xalt year=2019 month=05 software=None executables=real.exe cpuhours=9061.34 corehours=0 nodehours=324.15 n_jobs=1922 n_users=2 n_groups=0 n_accounts=0 
syshost=owens database=xalt year=2019 month=05 software=None executables=namd2 cpuhours=7900.23 corehours=0 nodehours=357.74 n_jobs=166 n_users=10 n_groups=0 n_accounts=0 
syshost=owens database=xalt year=2019 month=05 software=None executables=python2.7 cpuhours=6285.74 corehours=0 nodehours=6434.91 n_jobs=5570 n_users=100 n_groups=0 n_accounts=0 
syshost=owens database=xalt year=2019 month=05 software=None executables=comsollauncher cpuhours=5716.44 corehours=0 nodehours=208.05 n_jobs=31 n_users=4 n_groups=0 n_accounts=0 
syshost=owens database=xalt year=2019 month=05 software=None executables=pw.x cpuhours=4782.87 corehours=0 nodehours=170.82 n_jobs=47 n_users=5 n_groups=0 n_accounts=0 
syshost=owens database=xalt year=2019 month=05 software=None executables=fluent_mpi.19.2.0 cpuhours=4661.85 corehours=0 nodehours=31139.3 n_jobs=20 n_users=2 n_groups=0 n_accounts=0 
syshost=owens database=xalt year=2019 month=05 software=None executables=geogrid.exe cpuhours=4393.53 corehours=0 nodehours=156.91 n_jobs=17 n_users=1 n_groups=0 n_accounts=0 
syshost=owens database=xalt year=2019 month=05 software=None executables=interDyMFoam cpuhours=4070.67 corehours=0 nodehours=145.38 n_jobs=4 n_users=1 n_groups=0 n_accounts=0 
syshost=owens database=xalt year=2019 month=05 software=None executables=AbinitioRelax.linuxgccrelease cpuhours=4011.17 corehours=0 nodehours=4011.17 n_jobs=952 n_users=1 n_groups=0 n_accounts=0 
syshost=owens database=xalt year=2019 month=05 software=None executables=MATLAB cpuhours=3776.73 corehours=0 nodehours=3776.73 n_jobs=1719 n_users=15 n_groups=0 n_accounts=0 
syshost=owens database=xalt year=2019 month=05 software=None executables=v2_Reco cpuhours=3765.69 corehours=0 nodehours=3765.69 n_jobs=1449 n_users=1 n_groups=0 n_accounts=0 
syshost=owens database=xalt year=2019 month=05 software=None executables=explicit cpuhours=3688.18 corehours=0 nodehours=8902.85 n_jobs=31 n_users=4 n_groups=0 n_accounts=0 
syshost=owens database=xalt year=2019 month=05 software=None executables=imd.x cpuhours=3671.25 corehours=0 nodehours=3671.25 n_jobs=5277 n_users=1 n_groups=0 n_accounts=0 
syshost=owens database=xalt year=2019 month=05 software=None executables=bwa cpuhours=3551.41 corehours=0 nodehours=3639.75 n_jobs=1289 n_users=11 n_groups=0 n_accounts=0 
syshost=owens database=xalt year=2019 month=05 software=None executables=Xvnc cpuhours=3511.19 corehours=0 nodehours=3833.56 n_jobs=409 n_users=76 n_groups=0 n_accounts=0 
syshost=owens database=xalt year=2019 month=05 software=None executables=simulate cpuhours=3472.23 corehours=0 nodehours=3472.23 n_jobs=535 n_users=1 n_groups=0 n_accounts=0 
syshost=owens database=xalt year=2019 month=05 software=None executables=python3.6 cpuhours=3457.85 corehours=0 nodehours=3477.4 n_jobs=7637 n_users=48 n_groups=0 n_accounts=0 
syshost=owens database=xalt year=2019 month=05 software=None executables=charmm cpuhours=2629.06 corehours=0 nodehours=2629.06 n_jobs=106 n_users=1 n_groups=0 n_accounts=0 
syshost=owens database=xalt year=2019 month=05 software=None executables=samtools cpuhours=2383.16 corehours=0 nodehours=2383.78 n_jobs=19476 n_users=20 n_groups=0 n_accounts=0 
syshost=owens database=xalt year=2019 month=05 software=None executables=fluent_mpi.19.1.0 cpuhours=2242.26 corehours=0 nodehours=7308.71 n_jobs=51 n_users=4 n_groups=0 n_accounts=0 
syshost=owens database=xalt year=2019 month=05 software=None executables=matlab_helper cpuhours=2131.17 corehours=0 nodehours=2131.17 n_jobs=1341 n_users=9 n_groups=0 n_accounts=0 
syshost=owens database=xalt year=2019 month=05 software=None executables=wrf.exe cpuhours=2110.91 corehours=0 nodehours=75.39 n_jobs=189 n_users=2 n_groups=0 n_accounts=0 
syshost=owens database=xalt year=2019 month=05 software=None executables=OpenFORM cpuhours=1505.78 corehours=0 nodehours=54.12 n_jobs=23 n_users=3 n_groups=0 n_accounts=0 
syshost=owens database=xalt year=2019 month=05 software=None executables=cfl3d_mpi cpuhours=1482.76 corehours=0 nodehours=54.66 n_jobs=33 n_users=1 n_groups=0 n_accounts=0 
syshost=owens database=xalt year=2019 month=05 software=None executables=perl cpuhours=1319.96 corehours=0 nodehours=1319.96 n_jobs=894 n_users=20 n_groups=0 n_accounts=0 
syshost=owens database=xalt year=2019 month=05 software=None executables=gmx_gpu cpuhours=1315.32 corehours=0 nodehours=1315.51 n_jobs=32 n_users=5 n_groups=0 n_accounts=0 
syshost=owens database=xalt year=2019 month=05 software=None executables=python3 cpuhours=1259.13 corehours=0 nodehours=1259.13 n_jobs=114 n_users=10 n_groups=0 n_accounts=0 
syshost=owens database=xalt year=2019 month=05 software=None executables=nanopolish cpuhours=1258.2 corehours=0 nodehours=1258.2 n_jobs=9927 n_users=1 n_groups=0 n_accounts=0 
syshost=owens database=xalt year=2019 month=05 software=None executables=orterun cpuhours=1248.52 corehours=0 nodehours=1395.68 n_jobs=154 n_users=9 n_groups=0 n_accounts=0 
syshost=owens database=xalt year=2019 month=05 software=None executables=hpcc cpuhours=1231.66 corehours=0 nodehours=43.99 n_jobs=42 n_users=1 n_groups=0 n_accounts=0 
syshost=owens database=xalt year=2019 month=05 software=None executables=mpirun cpuhours=1101.53 corehours=0 nodehours=2416.81 n_jobs=156 n_users=16 n_groups=0 n_accounts=0 
