syshost=pitzer database=xalt year=2019 month=01 software=None executables=LAMMPS cpuhours=1806658.37 corehours=0 nodehours=46900.21 n_jobs=1859 n_users=14 n_groups=0 n_accounts=0 
syshost=pitzer database=xalt year=2019 month=01 software=None executables=VASP cpuhours=326220.7 corehours=0 nodehours=8155.52 n_jobs=625 n_users=5 n_groups=0 n_accounts=0 
syshost=pitzer database=xalt year=2019 month=01 software=None executables=QChem cpuhours=252212.74 corehours=0 nodehours=6386.78 n_jobs=708 n_users=11 n_groups=0 n_accounts=0 
syshost=pitzer database=xalt year=2019 month=01 software=None executables=dgswem cpuhours=163691.63 corehours=0 nodehours=5113.96 n_jobs=15 n_users=2 n_groups=0 n_accounts=0 
syshost=pitzer database=xalt year=2019 month=01 software=None executables=lt-simulate cpuhours=66255.54 corehours=0 nodehours=66255.54 n_jobs=2536 n_users=4 n_groups=0 n_accounts=0 
syshost=pitzer database=xalt year=2019 month=01 software=None executables=MEXE cpuhours=47861.07 corehours=0 nodehours=1196.53 n_jobs=160 n_users=1 n_groups=0 n_accounts=0 
syshost=pitzer database=xalt year=2019 month=01 software=None executables=tkestatsclone.exe cpuhours=34852.98 corehours=0 nodehours=871.32 n_jobs=36 n_users=1 n_groups=0 n_accounts=0 
syshost=pitzer database=xalt year=2019 month=01 software=None executables=python cpuhours=13809.36 corehours=0 nodehours=13809.36 n_jobs=202 n_users=3 n_groups=0 n_accounts=0 
syshost=pitzer database=xalt year=2019 month=01 software=None executables=python2.7 cpuhours=10821.76 corehours=0 nodehours=10783.81 n_jobs=8532 n_users=58 n_groups=0 n_accounts=0 
syshost=pitzer database=xalt year=2019 month=01 software=None executables=MOLCAS cpuhours=10652.99 corehours=0 nodehours=10652.99 n_jobs=1129 n_users=3 n_groups=0 n_accounts=0 
syshost=pitzer database=xalt year=2019 month=01 software=None executables=AraSim cpuhours=9707.59 corehours=0 nodehours=9707.59 n_jobs=34 n_users=2 n_groups=0 n_accounts=0 
syshost=pitzer database=xalt year=2019 month=01 software=None executables=ORCA cpuhours=7891.27 corehours=0 nodehours=150.12 n_jobs=203 n_users=4 n_groups=0 n_accounts=0 
syshost=pitzer database=xalt year=2019 month=01 software=None executables=python3.6 cpuhours=3688.96 corehours=0 nodehours=3688.96 n_jobs=1943 n_users=26 n_groups=0 n_accounts=0 
syshost=pitzer database=xalt year=2019 month=01 software=None executables=Mu_STEM.out cpuhours=2545.27 corehours=0 nodehours=2545.27 n_jobs=946 n_users=1 n_groups=0 n_accounts=0 
syshost=pitzer database=xalt year=2019 month=01 software=None executables=MOPAC2016.exe cpuhours=2512.18 corehours=0 nodehours=2512.18 n_jobs=102 n_users=1 n_groups=0 n_accounts=0 
syshost=pitzer database=xalt year=2019 month=01 software=None executables=imp cpuhours=1562.54 corehours=0 nodehours=1562.54 n_jobs=77 n_users=1 n_groups=0 n_accounts=0 
syshost=pitzer database=xalt year=2019 month=01 software=None executables=mclr.exe cpuhours=1364.29 corehours=0 nodehours=1364.29 n_jobs=793 n_users=3 n_groups=0 n_accounts=0 
syshost=pitzer database=xalt year=2019 month=01 software=None executables=bwa cpuhours=1151.3 corehours=0 nodehours=1151.3 n_jobs=133 n_users=4 n_groups=0 n_accounts=0 
syshost=pitzer database=xalt year=2019 month=01 software=None executables=gmx_gpu cpuhours=1148.22 corehours=0 nodehours=1148.22 n_jobs=60 n_users=6 n_groups=0 n_accounts=0 
syshost=pitzer database=xalt year=2019 month=01 software=None executables=samtools cpuhours=1060.71 corehours=0 nodehours=1060.71 n_jobs=188 n_users=5 n_groups=0 n_accounts=0 
syshost=pitzer database=xalt year=2019 month=01 software=None executables=kMC cpuhours=912.23 corehours=0 nodehours=912.23 n_jobs=38 n_users=1 n_groups=0 n_accounts=0 
syshost=pitzer database=xalt year=2019 month=01 software=None executables=parallel-command-processor cpuhours=821.49 corehours=0 nodehours=20.74 n_jobs=88 n_users=3 n_groups=0 n_accounts=0 
syshost=pitzer database=xalt year=2019 month=01 software=None executables=namd2 cpuhours=705.32 corehours=0 nodehours=656.69 n_jobs=30 n_users=3 n_groups=0 n_accounts=0 
syshost=pitzer database=xalt year=2019 month=01 software=None executables=wrf.exe cpuhours=703.78 corehours=0 nodehours=17.59 n_jobs=5 n_users=1 n_groups=0 n_accounts=0 
syshost=pitzer database=xalt year=2019 month=01 software=None executables=Amber cpuhours=551.59 corehours=0 nodehours=95.15 n_jobs=148 n_users=6 n_groups=0 n_accounts=0 
syshost=pitzer database=xalt year=2019 month=01 software=None executables=MATLAB cpuhours=428.15 corehours=0 nodehours=423.67 n_jobs=4372 n_users=10 n_groups=0 n_accounts=0 
syshost=pitzer database=xalt year=2019 month=01 software=None executables=s4kt-lj cpuhours=338.93 corehours=0 nodehours=338.93 n_jobs=10 n_users=1 n_groups=0 n_accounts=0 
syshost=pitzer database=xalt year=2019 month=01 software=None executables=python3.5 cpuhours=333.44 corehours=0 nodehours=333.44 n_jobs=144 n_users=3 n_groups=0 n_accounts=0 
syshost=pitzer database=xalt year=2019 month=01 software=None executables=R cpuhours=328.56 corehours=0 nodehours=345.72 n_jobs=88 n_users=14 n_groups=0 n_accounts=0 
syshost=pitzer database=xalt year=2019 month=01 software=None executables=geogrid.exe cpuhours=308.38 corehours=0 nodehours=7.71 n_jobs=1 n_users=1 n_groups=0 n_accounts=0 
syshost=pitzer database=xalt year=2019 month=01 software=None executables=root cpuhours=278.35 corehours=0 nodehours=278.35 n_jobs=41 n_users=1 n_groups=0 n_accounts=0 
syshost=pitzer database=xalt year=2019 month=01 software=None executables=root.exe cpuhours=277.55 corehours=0 nodehours=277.55 n_jobs=40 n_users=1 n_groups=0 n_accounts=0 
syshost=pitzer database=xalt year=2019 month=01 software=None executables=cp2k.popt cpuhours=167.99 corehours=0 nodehours=7.0 n_jobs=4 n_users=2 n_groups=0 n_accounts=0 
syshost=pitzer database=xalt year=2019 month=01 software=None executables=calc.f95 cpuhours=154.76 corehours=0 nodehours=154.76 n_jobs=92 n_users=1 n_groups=0 n_accounts=0 
syshost=pitzer database=xalt year=2019 month=01 software=None executables=julia cpuhours=152.84 corehours=0 nodehours=152.84 n_jobs=4 n_users=3 n_groups=0 n_accounts=0 
syshost=pitzer database=xalt year=2019 month=01 software=None executables=DKRL_1 cpuhours=151.27 corehours=0 nodehours=151.27 n_jobs=2 n_users=1 n_groups=0 n_accounts=0 
syshost=pitzer database=xalt year=2019 month=01 software=None executables=DKRL_4 cpuhours=150.11 corehours=0 nodehours=150.11 n_jobs=3 n_users=1 n_groups=0 n_accounts=0 
syshost=pitzer database=xalt year=2019 month=01 software=None executables=Gaussian cpuhours=141.35 corehours=0 nodehours=140.58 n_jobs=178 n_users=6 n_groups=0 n_accounts=0 
syshost=pitzer database=xalt year=2019 month=01 software=None executables=Tacho_ExampleDenseByBlocks_MPI.exe cpuhours=136.67 corehours=0 nodehours=7.18 n_jobs=35 n_users=2 n_groups=0 n_accounts=0 
syshost=pitzer database=xalt year=2019 month=01 software=None executables=full.exe cpuhours=132.64 corehours=0 nodehours=4.74 n_jobs=2 n_users=1 n_groups=0 n_accounts=0 
syshost=pitzer database=xalt year=2019 month=01 software=None executables=CompareFilters cpuhours=119.95 corehours=0 nodehours=119.95 n_jobs=1393 n_users=1 n_groups=0 n_accounts=0 
syshost=pitzer database=xalt year=2019 month=01 software=None executables=s4kt-hs cpuhours=94.16 corehours=0 nodehours=94.16 n_jobs=2 n_users=1 n_groups=0 n_accounts=0 
syshost=pitzer database=xalt year=2019 month=01 software=None executables=espf.exe cpuhours=92.06 corehours=0 nodehours=92.06 n_jobs=1094 n_users=3 n_groups=0 n_accounts=0 
syshost=pitzer database=xalt year=2019 month=01 software=None executables=scf.exe cpuhours=91.41 corehours=0 nodehours=91.41 n_jobs=97 n_users=1 n_groups=0 n_accounts=0 
syshost=pitzer database=xalt year=2019 month=01 software=None executables=Xvnc cpuhours=88.26 corehours=0 nodehours=89.27 n_jobs=43 n_users=17 n_groups=0 n_accounts=0 
syshost=pitzer database=xalt year=2019 month=01 software=None executables=seward.exe cpuhours=56.57 corehours=0 nodehours=56.57 n_jobs=1109 n_users=3 n_groups=0 n_accounts=0 
syshost=pitzer database=xalt year=2019 month=01 software=None executables=orted cpuhours=54.18 corehours=0 nodehours=137.45 n_jobs=58 n_users=8 n_groups=0 n_accounts=0 
syshost=pitzer database=xalt year=2019 month=01 software=None executables=slapaf.exe cpuhours=51.91 corehours=0 nodehours=51.91 n_jobs=53 n_users=2 n_groups=0 n_accounts=0 
syshost=pitzer database=xalt year=2019 month=01 software=None executables=DKRL_2 cpuhours=50.52 corehours=0 nodehours=50.52 n_jobs=1 n_users=1 n_groups=0 n_accounts=0 
syshost=pitzer database=xalt year=2019 month=01 software=None executables=DKRL_3 cpuhours=50.32 corehours=0 nodehours=50.32 n_jobs=1 n_users=1 n_groups=0 n_accounts=0 
