syshost=owens database=xalt year=2019 month=12 software=None executables=LAMMPS cpuhours=905092.02 corehours=0 nodehours=79688.03 n_jobs=3710 n_users=21 n_groups=0 n_accounts=0 
syshost=owens database=xalt year=2019 month=12 software=None executables=VASP cpuhours=716946.51 corehours=0 nodehours=25515.65 n_jobs=2424 n_users=40 n_groups=0 n_accounts=0 
syshost=owens database=xalt year=2019 month=12 software=None executables=wrf.exe cpuhours=619572.24 corehours=0 nodehours=22127.58 n_jobs=10433 n_users=4 n_groups=0 n_accounts=0 
syshost=owens database=xalt year=2019 month=12 software=None executables=fdl3di.exe cpuhours=552702.19 corehours=0 nodehours=19753.47 n_jobs=92 n_users=1 n_groups=0 n_accounts=0 
syshost=owens database=xalt year=2019 month=12 software=None executables=tkestatsclone.exe cpuhours=114619.77 corehours=0 nodehours=4095.95 n_jobs=44 n_users=2 n_groups=0 n_accounts=0 
syshost=owens database=xalt year=2019 month=12 software=None executables=simplecFoam cpuhours=90238.88 corehours=0 nodehours=3224.87 n_jobs=64 n_users=5 n_groups=0 n_accounts=0 
syshost=owens database=xalt year=2019 month=12 software=None executables=da_wrfvar.exe cpuhours=87308.44 corehours=0 nodehours=3118.16 n_jobs=300 n_users=2 n_groups=0 n_accounts=0 
syshost=owens database=xalt year=2019 month=12 software=None executables=converge-2.3.23-openmpi-linux-64 cpuhours=75117.86 corehours=0 nodehours=2762.79 n_jobs=19 n_users=1 n_groups=0 n_accounts=0 
syshost=owens database=xalt year=2019 month=12 software=None executables=fluent_mpi.19.4.0 cpuhours=74109.7 corehours=0 nodehours=75916.22 n_jobs=9 n_users=2 n_groups=0 n_accounts=0 
syshost=owens database=xalt year=2019 month=12 software=None executables=R cpuhours=59478.98 corehours=0 nodehours=59067.78 n_jobs=9221 n_users=174 n_groups=0 n_accounts=0 
syshost=owens database=xalt year=2019 month=12 software=None executables=fim cpuhours=55474.0 corehours=0 nodehours=1994.57 n_jobs=140 n_users=2 n_groups=0 n_accounts=0 
syshost=owens database=xalt year=2019 month=12 software=None executables=ls-dyna_mpp_d_r9_0_1_109912_x64_redhat54_ifort131_sse2_intelmpi-413 cpuhours=49674.52 corehours=0 nodehours=1774.09 n_jobs=91 n_users=4 n_groups=0 n_accounts=0 
syshost=owens database=xalt year=2019 month=12 software=None executables=ORCA cpuhours=49378.91 corehours=0 nodehours=9735.5 n_jobs=323 n_users=6 n_groups=0 n_accounts=0 
syshost=owens database=xalt year=2019 month=12 software=None executables=real.exe cpuhours=48754.55 corehours=0 nodehours=2261.66 n_jobs=24460 n_users=4 n_groups=0 n_accounts=0 
syshost=owens database=xalt year=2019 month=12 software=None executables=python3.6 cpuhours=43594.83 corehours=0 nodehours=44711.19 n_jobs=33411 n_users=226 n_groups=0 n_accounts=0 
syshost=owens database=xalt year=2019 month=12 software=None executables=ls-dyna_mpp_d_r11_0_0_x64_centos65_ifort160_avx2_intelmpi-413 cpuhours=35427.63 corehours=0 nodehours=1265.27 n_jobs=152 n_users=1 n_groups=0 n_accounts=0 
syshost=owens database=xalt year=2019 month=12 software=None executables=namd2 cpuhours=33552.17 corehours=0 nodehours=6092.15 n_jobs=821 n_users=9 n_groups=0 n_accounts=0 
syshost=owens database=xalt year=2019 month=12 software=None executables=TWODHBLhybridroe_sol.exe cpuhours=33346.25 corehours=0 nodehours=1190.94 n_jobs=37 n_users=1 n_groups=0 n_accounts=0 
syshost=owens database=xalt year=2019 month=12 software=None executables=fluent_mpi.19.2.0 cpuhours=30927.77 corehours=0 nodehours=36680.19 n_jobs=12 n_users=2 n_groups=0 n_accounts=0 
syshost=owens database=xalt year=2019 month=12 software=None executables=python3.7 cpuhours=25476.1 corehours=0 nodehours=25669.45 n_jobs=23106 n_users=75 n_groups=0 n_accounts=0 
syshost=owens database=xalt year=2019 month=12 software=None executables=lt-simulate cpuhours=23236.77 corehours=0 nodehours=23236.77 n_jobs=2979 n_users=4 n_groups=0 n_accounts=0 
syshost=owens database=xalt year=2019 month=12 software=None executables=MATLAB cpuhours=22786.79 corehours=0 nodehours=19989.1 n_jobs=3971 n_users=38 n_groups=0 n_accounts=0 
syshost=owens database=xalt year=2019 month=12 software=None executables=Gaussian cpuhours=22621.64 corehours=0 nodehours=11307.58 n_jobs=4720 n_users=44 n_groups=0 n_accounts=0 
syshost=owens database=xalt year=2019 month=12 software=None executables=TSsnappyHexMesh-v2.0 cpuhours=21111.49 corehours=0 nodehours=830.41 n_jobs=69 n_users=6 n_groups=0 n_accounts=0 
syshost=owens database=xalt year=2019 month=12 software=None executables=pw.x cpuhours=19105.87 corehours=0 nodehours=442.35 n_jobs=40 n_users=3 n_groups=0 n_accounts=0 
syshost=owens database=xalt year=2019 month=12 software=None executables=QChem cpuhours=16441.75 corehours=0 nodehours=589.11 n_jobs=124 n_users=9 n_groups=0 n_accounts=0 
syshost=owens database=xalt year=2019 month=12 software=None executables=OpenSees cpuhours=13361.44 corehours=0 nodehours=13361.44 n_jobs=21 n_users=1 n_groups=0 n_accounts=0 
syshost=owens database=xalt year=2019 month=12 software=None executables=mpp cpuhours=12243.43 corehours=0 nodehours=437.27 n_jobs=1905 n_users=2 n_groups=0 n_accounts=0 
syshost=owens database=xalt year=2019 month=12 software=None executables=pmi_proxy cpuhours=10741.86 corehours=0 nodehours=58060.04 n_jobs=24809 n_users=51 n_groups=0 n_accounts=0 
syshost=owens database=xalt year=2019 month=12 software=None executables=python2.7 cpuhours=10313.67 corehours=0 nodehours=8033.42 n_jobs=7068 n_users=237 n_groups=0 n_accounts=0 
syshost=owens database=xalt year=2019 month=12 software=None executables=perl cpuhours=8337.63 corehours=0 nodehours=27504.47 n_jobs=18152 n_users=44 n_groups=0 n_accounts=0 
syshost=owens database=xalt year=2019 month=12 software=None executables=lsp cpuhours=7722.33 corehours=0 nodehours=282.06 n_jobs=7 n_users=2 n_groups=0 n_accounts=0 
syshost=owens database=xalt year=2019 month=12 software=None executables=execFlowFunctionObjects cpuhours=7249.45 corehours=0 nodehours=266.09 n_jobs=70 n_users=6 n_groups=0 n_accounts=0 
syshost=owens database=xalt year=2019 month=12 software=None executables=mpiexec cpuhours=7014.34 corehours=0 nodehours=8022.81 n_jobs=523 n_users=10 n_groups=0 n_accounts=0 
syshost=owens database=xalt year=2019 month=12 software=None executables=TSpimpleFoamRobustBlendingFactor-v0.1 cpuhours=6366.3 corehours=0 nodehours=232.1 n_jobs=7 n_users=1 n_groups=0 n_accounts=0 
syshost=owens database=xalt year=2019 month=12 software=None executables=matlab_helper cpuhours=6263.47 corehours=0 nodehours=6762.78 n_jobs=335 n_users=17 n_groups=0 n_accounts=0 
syshost=owens database=xalt year=2019 month=12 software=None executables=solver-mpi.exe cpuhours=6168.26 corehours=0 nodehours=24673.04 n_jobs=18 n_users=1 n_groups=0 n_accounts=0 
syshost=owens database=xalt year=2019 month=12 software=None executables=explicit cpuhours=5979.92 corehours=0 nodehours=10573.13 n_jobs=129 n_users=8 n_groups=0 n_accounts=0 
syshost=owens database=xalt year=2019 month=12 software=None executables=3DHELMPAR_DOAK.exe cpuhours=5910.15 corehours=0 nodehours=218.89 n_jobs=2 n_users=1 n_groups=0 n_accounts=0 
syshost=owens database=xalt year=2019 month=12 software=None executables=python cpuhours=5821.63 corehours=0 nodehours=13279.55 n_jobs=1200 n_users=30 n_groups=0 n_accounts=0 
syshost=owens database=xalt year=2019 month=12 software=None executables=mpiexec.hydra cpuhours=5799.26 corehours=0 nodehours=35872.4 n_jobs=32068 n_users=77 n_groups=0 n_accounts=0 
syshost=owens database=xalt year=2019 month=12 software=None executables=carp cpuhours=5546.7 corehours=0 nodehours=277.37 n_jobs=34 n_users=2 n_groups=0 n_accounts=0 
syshost=owens database=xalt year=2019 month=12 software=None executables=ctfxlauncher cpuhours=4939.96 corehours=0 nodehours=4939.96 n_jobs=4 n_users=2 n_groups=0 n_accounts=0 
syshost=owens database=xalt year=2019 month=12 software=None executables=atmosphere_model-g cpuhours=4909.01 corehours=0 nodehours=175.32 n_jobs=44 n_users=2 n_groups=0 n_accounts=0 
syshost=owens database=xalt year=2019 month=12 software=None executables=aps cpuhours=4696.89 corehours=0 nodehours=167.75 n_jobs=32 n_users=1 n_groups=0 n_accounts=0 
syshost=owens database=xalt year=2019 month=12 software=None executables=pop2mref_base.xHost-O3-impi2018.3 cpuhours=4634.69 corehours=0 nodehours=165.52 n_jobs=30 n_users=1 n_groups=0 n_accounts=0 
syshost=owens database=xalt year=2019 month=12 software=None executables=ls-dyna_mpp_d_r10_1_123355_x64_redhat54_ifort160_sse2_intelmpi-413 cpuhours=4493.86 corehours=0 nodehours=160.5 n_jobs=60 n_users=3 n_groups=0 n_accounts=0 
syshost=owens database=xalt year=2019 month=12 software=None executables=orted cpuhours=4417.91 corehours=0 nodehours=74728.18 n_jobs=358 n_users=21 n_groups=0 n_accounts=0 
syshost=owens database=xalt year=2019 month=12 software=None executables=Xvnc cpuhours=3984.05 corehours=0 nodehours=4843.91 n_jobs=695 n_users=126 n_groups=0 n_accounts=0 
syshost=owens database=xalt year=2019 month=12 software=None executables=hmmsearch cpuhours=3610.52 corehours=0 nodehours=3610.52 n_jobs=1239 n_users=11 n_groups=0 n_accounts=0 
