syshost=owens database=xalt year=2019 month=10 software=None executables=VASP cpuhours=1322711.28 corehours=0 nodehours=48088.0 n_jobs=5305 n_users=41 n_groups=0 n_accounts=0 
syshost=owens database=xalt year=2019 month=10 software=None executables=LAMMPS cpuhours=1283261.13 corehours=0 nodehours=62247.57 n_jobs=10965 n_users=27 n_groups=0 n_accounts=0 
syshost=owens database=xalt year=2019 month=10 software=None executables=cp2k.popt cpuhours=499329.27 corehours=0 nodehours=24966.51 n_jobs=199 n_users=1 n_groups=0 n_accounts=0 
syshost=owens database=xalt year=2019 month=10 software=None executables=simplecFoam cpuhours=355444.76 corehours=0 nodehours=12699.77 n_jobs=284 n_users=6 n_groups=0 n_accounts=0 
syshost=owens database=xalt year=2019 month=10 software=None executables=fdl3di.exe cpuhours=314725.17 corehours=0 nodehours=11286.25 n_jobs=74 n_users=1 n_groups=0 n_accounts=0 
syshost=owens database=xalt year=2019 month=10 software=None executables=wrf.exe cpuhours=199615.91 corehours=0 nodehours=7129.14 n_jobs=1314 n_users=4 n_groups=0 n_accounts=0 
syshost=owens database=xalt year=2019 month=10 software=None executables=QChem cpuhours=179956.48 corehours=0 nodehours=11679.63 n_jobs=5826 n_users=23 n_groups=0 n_accounts=0 
syshost=owens database=xalt year=2019 month=10 software=None executables=converge-2.3.23-openmpi-linux-64 cpuhours=164917.43 corehours=0 nodehours=5889.91 n_jobs=99 n_users=2 n_groups=0 n_accounts=0 
syshost=owens database=xalt year=2019 month=10 software=None executables=fluent_mpi.19.2.0 cpuhours=137635.8 corehours=0 nodehours=217870.61 n_jobs=127 n_users=3 n_groups=0 n_accounts=0 
syshost=owens database=xalt year=2019 month=10 software=None executables=TSpimpleFoamRobustBlendingFactor-v0.1 cpuhours=91737.22 corehours=0 nodehours=3347.75 n_jobs=56 n_users=2 n_groups=0 n_accounts=0 
syshost=owens database=xalt year=2019 month=10 software=None executables=TSsnappyHexMesh-v2.0 cpuhours=84701.58 corehours=0 nodehours=3172.79 n_jobs=280 n_users=6 n_groups=0 n_accounts=0 
syshost=owens database=xalt year=2019 month=10 software=None executables=namd2 cpuhours=83616.8 corehours=0 nodehours=6235.67 n_jobs=1328 n_users=12 n_groups=0 n_accounts=0 
syshost=owens database=xalt year=2019 month=10 software=None executables=R cpuhours=67565.25 corehours=0 nodehours=65651.32 n_jobs=11398 n_users=279 n_groups=0 n_accounts=0 
syshost=owens database=xalt year=2019 month=10 software=None executables=fluent_mpi.19.4.0 cpuhours=65662.33 corehours=0 nodehours=84110.15 n_jobs=14 n_users=1 n_groups=0 n_accounts=0 
syshost=owens database=xalt year=2019 month=10 software=None executables=parallel-command-processor cpuhours=65329.83 corehours=0 nodehours=4254.46 n_jobs=334 n_users=3 n_groups=0 n_accounts=0 
syshost=owens database=xalt year=2019 month=10 software=None executables=lsp cpuhours=59400.17 corehours=0 nodehours=2145.82 n_jobs=33 n_users=2 n_groups=0 n_accounts=0 
syshost=owens database=xalt year=2019 month=10 software=None executables=execFlowFunctionObjects cpuhours=49823.7 corehours=0 nodehours=1780.08 n_jobs=304 n_users=7 n_groups=0 n_accounts=0 
syshost=owens database=xalt year=2019 month=10 software=None executables=cs_solver cpuhours=46757.83 corehours=0 nodehours=1669.92 n_jobs=8 n_users=1 n_groups=0 n_accounts=0 
syshost=owens database=xalt year=2019 month=10 software=None executables=python2.7 cpuhours=41954.58 corehours=0 nodehours=35297.72 n_jobs=14913 n_users=400 n_groups=0 n_accounts=0 
syshost=owens database=xalt year=2019 month=10 software=None executables=lt-simulate cpuhours=35498.59 corehours=0 nodehours=35498.59 n_jobs=10926 n_users=7 n_groups=0 n_accounts=0 
syshost=owens database=xalt year=2019 month=10 software=None executables=TWODHBLhybridroe_sol.exe cpuhours=34139.59 corehours=0 nodehours=1219.27 n_jobs=34 n_users=1 n_groups=0 n_accounts=0 
syshost=owens database=xalt year=2019 month=10 software=None executables=phyml.linux cpuhours=30776.16 corehours=0 nodehours=30776.16 n_jobs=73 n_users=1 n_groups=0 n_accounts=0 
syshost=owens database=xalt year=2019 month=10 software=None executables=osu_allreduce cpuhours=23706.28 corehours=0 nodehours=859.73 n_jobs=793 n_users=3 n_groups=0 n_accounts=0 
syshost=owens database=xalt year=2019 month=10 software=None executables=ls-dyna_mpp_d_r10_1_123355_x64_redhat54_ifort160_sse2_intelmpi-413 cpuhours=22140.87 corehours=0 nodehours=790.75 n_jobs=43 n_users=5 n_groups=0 n_accounts=0 
syshost=owens database=xalt year=2019 month=10 software=None executables=python3.6 cpuhours=21897.91 corehours=0 nodehours=70903.26 n_jobs=15576 n_users=340 n_groups=0 n_accounts=0 
syshost=owens database=xalt year=2019 month=10 software=None executables=mpiexec cpuhours=20904.86 corehours=0 nodehours=21355.09 n_jobs=571 n_users=8 n_groups=0 n_accounts=0 
syshost=owens database=xalt year=2019 month=10 software=None executables=v2_SaveVals cpuhours=19964.99 corehours=0 nodehours=19964.99 n_jobs=1166 n_users=1 n_groups=0 n_accounts=0 
syshost=owens database=xalt year=2019 month=10 software=None executables=simulate cpuhours=16524.98 corehours=0 nodehours=16524.98 n_jobs=2587 n_users=1 n_groups=0 n_accounts=0 
syshost=owens database=xalt year=2019 month=10 software=None executables=orted cpuhours=16510.53 corehours=0 nodehours=202638.71 n_jobs=1738 n_users=24 n_groups=0 n_accounts=0 
syshost=owens database=xalt year=2019 month=10 software=None executables=python3.7 cpuhours=16494.86 corehours=0 nodehours=16581.34 n_jobs=26889 n_users=77 n_groups=0 n_accounts=0 
syshost=owens database=xalt year=2019 month=10 software=None executables=interDyMFoam cpuhours=15593.13 corehours=0 nodehours=556.9 n_jobs=14 n_users=1 n_groups=0 n_accounts=0 
syshost=owens database=xalt year=2019 month=10 software=None executables=MATLAB cpuhours=15371.08 corehours=0 nodehours=15371.08 n_jobs=6225 n_users=43 n_groups=0 n_accounts=0 
syshost=owens database=xalt year=2019 month=10 software=None executables=atmosphere_model cpuhours=13700.41 corehours=0 nodehours=495.71 n_jobs=15 n_users=3 n_groups=0 n_accounts=0 
syshost=owens database=xalt year=2019 month=10 software=None executables=Gaussian cpuhours=12053.56 corehours=0 nodehours=7785.26 n_jobs=3849 n_users=42 n_groups=0 n_accounts=0 
syshost=owens database=xalt year=2019 month=10 software=None executables=pmi_proxy cpuhours=10775.79 corehours=0 nodehours=52521.49 n_jobs=6185 n_users=61 n_groups=0 n_accounts=0 
syshost=owens database=xalt year=2019 month=10 software=None executables=mpp cpuhours=9115.46 corehours=0 nodehours=325.55 n_jobs=1435 n_users=2 n_groups=0 n_accounts=0 
syshost=owens database=xalt year=2019 month=10 software=None executables=v2_Reco cpuhours=9101.86 corehours=0 nodehours=9101.86 n_jobs=1307 n_users=1 n_groups=0 n_accounts=0 
syshost=owens database=xalt year=2019 month=10 software=None executables=interPhaseChangeDyMFoam cpuhours=8984.65 corehours=0 nodehours=320.88 n_jobs=3 n_users=1 n_groups=0 n_accounts=0 
syshost=owens database=xalt year=2019 month=10 software=None executables=explicit_dp cpuhours=8704.81 corehours=0 nodehours=85476.13 n_jobs=13 n_users=3 n_groups=0 n_accounts=0 
syshost=owens database=xalt year=2019 month=10 software=None executables=real.exe cpuhours=8220.29 corehours=0 nodehours=293.58 n_jobs=1688 n_users=2 n_groups=0 n_accounts=0 
syshost=owens database=xalt year=2019 month=10 software=None executables=pvpython cpuhours=7813.93 corehours=0 nodehours=3719.0 n_jobs=1112 n_users=8 n_groups=0 n_accounts=0 
syshost=owens database=xalt year=2019 month=10 software=None executables=tapsim cpuhours=7115.92 corehours=0 nodehours=446.27 n_jobs=73 n_users=2 n_groups=0 n_accounts=0 
syshost=owens database=xalt year=2019 month=10 software=None executables=v2_Reco100 cpuhours=7011.12 corehours=0 nodehours=7011.12 n_jobs=38 n_users=1 n_groups=0 n_accounts=0 
syshost=owens database=xalt year=2019 month=10 software=None executables=Xvnc cpuhours=6924.56 corehours=0 nodehours=7640.18 n_jobs=1217 n_users=188 n_groups=0 n_accounts=0 
syshost=owens database=xalt year=2019 month=10 software=None executables=ORCA cpuhours=6572.69 corehours=0 nodehours=2143.8 n_jobs=88 n_users=5 n_groups=0 n_accounts=0 
syshost=owens database=xalt year=2019 month=10 software=None executables=v2_CWID cpuhours=6214.59 corehours=0 nodehours=6214.59 n_jobs=169 n_users=1 n_groups=0 n_accounts=0 
syshost=owens database=xalt year=2019 month=10 software=None executables=cygnssE2ES cpuhours=6082.86 corehours=0 nodehours=286.74 n_jobs=71 n_users=1 n_groups=0 n_accounts=0 
syshost=owens database=xalt year=2019 month=10 software=None executables=hmmsearch cpuhours=6016.89 corehours=0 nodehours=6016.89 n_jobs=1233 n_users=10 n_groups=0 n_accounts=0 
syshost=owens database=xalt year=2019 month=10 software=None executables=overlapInCore cpuhours=5784.61 corehours=0 nodehours=5773.72 n_jobs=5 n_users=4 n_groups=0 n_accounts=0 
syshost=owens database=xalt year=2019 month=10 software=None executables=OpenSees cpuhours=5742.51 corehours=0 nodehours=5742.51 n_jobs=32 n_users=1 n_groups=0 n_accounts=0 
