syshost=pitzer database=xalt year=2019 month=02 software=None executables=LAMMPS cpuhours=1006590.18 corehours=0 nodehours=25939.54 n_jobs=2688 n_users=13 n_groups=0 n_accounts=0 
syshost=pitzer database=xalt year=2019 month=02 software=None executables=VASP cpuhours=326126.47 corehours=0 nodehours=8202.33 n_jobs=690 n_users=9 n_groups=0 n_accounts=0 
syshost=pitzer database=xalt year=2019 month=02 software=None executables=dgswem cpuhours=241731.15 corehours=0 nodehours=6043.29 n_jobs=67 n_users=3 n_groups=0 n_accounts=0 
syshost=pitzer database=xalt year=2019 month=02 software=None executables=parallel-command-processor cpuhours=155368.98 corehours=0 nodehours=3885.42 n_jobs=7413 n_users=3 n_groups=0 n_accounts=0 
syshost=pitzer database=xalt year=2019 month=02 software=None executables=lt-simulate cpuhours=127643.95 corehours=0 nodehours=127643.95 n_jobs=3202 n_users=3 n_groups=0 n_accounts=0 
syshost=pitzer database=xalt year=2019 month=02 software=None executables=QChem cpuhours=107927.3 corehours=0 nodehours=2941.57 n_jobs=1311 n_users=10 n_groups=0 n_accounts=0 
syshost=pitzer database=xalt year=2019 month=02 software=None executables=wrf.exe cpuhours=58544.73 corehours=0 nodehours=1463.62 n_jobs=26 n_users=2 n_groups=0 n_accounts=0 
syshost=pitzer database=xalt year=2019 month=02 software=None executables=v2_Reco cpuhours=46943.88 corehours=0 nodehours=46943.88 n_jobs=22170 n_users=1 n_groups=0 n_accounts=0 
syshost=pitzer database=xalt year=2019 month=02 software=None executables=python2.7 cpuhours=22919.44 corehours=0 nodehours=16122.68 n_jobs=26797 n_users=73 n_groups=0 n_accounts=0 
syshost=pitzer database=xalt year=2019 month=02 software=None executables=v2_CWID cpuhours=14134.07 corehours=0 nodehours=14134.07 n_jobs=9625 n_users=1 n_groups=0 n_accounts=0 
syshost=pitzer database=xalt year=2019 month=02 software=None executables=MEXE cpuhours=13261.16 corehours=0 nodehours=331.53 n_jobs=20 n_users=1 n_groups=0 n_accounts=0 
syshost=pitzer database=xalt year=2019 month=02 software=None executables=AraSim cpuhours=12886.47 corehours=0 nodehours=12886.47 n_jobs=58 n_users=2 n_groups=0 n_accounts=0 
syshost=pitzer database=xalt year=2019 month=02 software=None executables=Chaquetin cpuhours=12399.38 corehours=0 nodehours=12399.38 n_jobs=1076 n_users=2 n_groups=0 n_accounts=0 
syshost=pitzer database=xalt year=2019 month=02 software=None executables=R cpuhours=11844.72 corehours=0 nodehours=11844.72 n_jobs=368 n_users=13 n_groups=0 n_accounts=0 
syshost=pitzer database=xalt year=2019 month=02 software=None executables=mdrun_mpi cpuhours=11781.95 corehours=0 nodehours=491.14 n_jobs=69 n_users=1 n_groups=0 n_accounts=0 
syshost=pitzer database=xalt year=2019 month=02 software=None executables=python3.6 cpuhours=8548.1 corehours=0 nodehours=8543.02 n_jobs=12842 n_users=32 n_groups=0 n_accounts=0 
syshost=pitzer database=xalt year=2019 month=02 software=None executables=python cpuhours=7126.39 corehours=0 nodehours=7126.39 n_jobs=135 n_users=3 n_groups=0 n_accounts=0 
syshost=pitzer database=xalt year=2019 month=02 software=None executables=kMC cpuhours=5712.04 corehours=0 nodehours=5712.04 n_jobs=241 n_users=1 n_groups=0 n_accounts=0 
syshost=pitzer database=xalt year=2019 month=02 software=None executables=select-voiced-frames cpuhours=4451.25 corehours=0 nodehours=4451.25 n_jobs=3753 n_users=1 n_groups=0 n_accounts=0 
syshost=pitzer database=xalt year=2019 month=02 software=None executables=apply-cmvn-sliding cpuhours=4444.91 corehours=0 nodehours=4444.91 n_jobs=3755 n_users=1 n_groups=0 n_accounts=0 
syshost=pitzer database=xalt year=2019 month=02 software=None executables=ORCA cpuhours=3802.65 corehours=0 nodehours=1968.11 n_jobs=42 n_users=5 n_groups=0 n_accounts=0 
syshost=pitzer database=xalt year=2019 month=02 software=None executables=Gaussian cpuhours=3102.8 corehours=0 nodehours=1988.43 n_jobs=255 n_users=10 n_groups=0 n_accounts=0 
syshost=pitzer database=xalt year=2019 month=02 software=None executables=aoforce_omp cpuhours=3094.12 corehours=0 nodehours=88.25 n_jobs=32 n_users=1 n_groups=0 n_accounts=0 
syshost=pitzer database=xalt year=2019 month=02 software=None executables=python3.5 cpuhours=3027.23 corehours=0 nodehours=3027.23 n_jobs=4862 n_users=1 n_groups=0 n_accounts=0 
syshost=pitzer database=xalt year=2019 month=02 software=None executables=MATLAB cpuhours=2960.43 corehours=0 nodehours=2961.09 n_jobs=26217 n_users=9 n_groups=0 n_accounts=0 
syshost=pitzer database=xalt year=2019 month=02 software=None executables=simplecFoam cpuhours=2891.31 corehours=0 nodehours=75.29 n_jobs=1 n_users=1 n_groups=0 n_accounts=0 
syshost=pitzer database=xalt year=2019 month=02 software=None executables=full.exe cpuhours=2720.22 corehours=0 nodehours=97.15 n_jobs=36 n_users=1 n_groups=0 n_accounts=0 
syshost=pitzer database=xalt year=2019 month=02 software=None executables=add-deltas cpuhours=2404.71 corehours=0 nodehours=2404.71 n_jobs=3532 n_users=1 n_groups=0 n_accounts=0 
syshost=pitzer database=xalt year=2019 month=02 software=None executables=logprob-to-post cpuhours=2017.32 corehours=0 nodehours=2017.32 n_jobs=468 n_users=1 n_groups=0 n_accounts=0 
syshost=pitzer database=xalt year=2019 month=02 software=None executables=nnet-am-compute cpuhours=2015.25 corehours=0 nodehours=2015.25 n_jobs=468 n_users=1 n_groups=0 n_accounts=0 
syshost=pitzer database=xalt year=2019 month=02 software=None executables=ivector-extract cpuhours=1829.48 corehours=0 nodehours=1829.48 n_jobs=2990 n_users=1 n_groups=0 n_accounts=0 
syshost=pitzer database=xalt year=2019 month=02 software=None executables=scale-post cpuhours=1826.62 corehours=0 nodehours=1826.62 n_jobs=2990 n_users=1 n_groups=0 n_accounts=0 
syshost=pitzer database=xalt year=2019 month=02 software=None executables=MOLCAS cpuhours=1516.97 corehours=0 nodehours=1516.97 n_jobs=556 n_users=3 n_groups=0 n_accounts=0 
syshost=pitzer database=xalt year=2019 month=02 software=None executables=gmx_gpu cpuhours=1445.86 corehours=0 nodehours=1445.86 n_jobs=34 n_users=3 n_groups=0 n_accounts=0 
syshost=pitzer database=xalt year=2019 month=02 software=None executables=v2_SaveVals cpuhours=1056.23 corehours=0 nodehours=1056.23 n_jobs=9596 n_users=1 n_groups=0 n_accounts=0 
syshost=pitzer database=xalt year=2019 month=02 software=None executables=bowtie2-align-s cpuhours=828.5 corehours=0 nodehours=828.5 n_jobs=16 n_users=3 n_groups=0 n_accounts=0 
syshost=pitzer database=xalt year=2019 month=02 software=None executables=python3.7 cpuhours=782.91 corehours=0 nodehours=782.91 n_jobs=392 n_users=8 n_groups=0 n_accounts=0 
syshost=pitzer database=xalt year=2019 month=02 software=None executables=v2_Filter cpuhours=702.81 corehours=0 nodehours=702.81 n_jobs=10567 n_users=1 n_groups=0 n_accounts=0 
syshost=pitzer database=xalt year=2019 month=02 software=None executables=mclr.exe cpuhours=635.08 corehours=0 nodehours=635.08 n_jobs=507 n_users=2 n_groups=0 n_accounts=0 
syshost=pitzer database=xalt year=2019 month=02 software=None executables=imp cpuhours=623.1 corehours=0 nodehours=623.1 n_jobs=107 n_users=1 n_groups=0 n_accounts=0 
syshost=pitzer database=xalt year=2019 month=02 software=None executables=padcirc cpuhours=600.96 corehours=0 nodehours=15.02 n_jobs=43 n_users=1 n_groups=0 n_accounts=0 
syshost=pitzer database=xalt year=2019 month=02 software=None executables=gmx cpuhours=525.66 corehours=0 nodehours=525.66 n_jobs=102 n_users=4 n_groups=0 n_accounts=0 
syshost=pitzer database=xalt year=2019 month=02 software=None executables=samtools cpuhours=504.56 corehours=0 nodehours=504.56 n_jobs=113 n_users=8 n_groups=0 n_accounts=0 
syshost=pitzer database=xalt year=2019 month=02 software=None executables=execFlowFunctionObjects cpuhours=368.88 corehours=0 nodehours=14.01 n_jobs=32 n_users=1 n_groups=0 n_accounts=0 
syshost=pitzer database=xalt year=2019 month=02 software=None executables=v2_RunSummary cpuhours=363.84 corehours=0 nodehours=363.84 n_jobs=9616 n_users=1 n_groups=0 n_accounts=0 
syshost=pitzer database=xalt year=2019 month=02 software=None executables=matlab_helper cpuhours=316.97 corehours=0 nodehours=316.97 n_jobs=7177 n_users=3 n_groups=0 n_accounts=0 
syshost=pitzer database=xalt year=2019 month=02 software=None executables=OffsetBlockVTime cpuhours=310.03 corehours=0 nodehours=310.03 n_jobs=13381 n_users=1 n_groups=0 n_accounts=0 
syshost=pitzer database=xalt year=2019 month=02 software=None executables=fgmm-global-acc-stats-post cpuhours=302.09 corehours=0 nodehours=302.09 n_jobs=33 n_users=1 n_groups=0 n_accounts=0 
syshost=pitzer database=xalt year=2019 month=02 software=None executables=LowFreqPower cpuhours=290.49 corehours=0 nodehours=290.49 n_jobs=8078 n_users=1 n_groups=0 n_accounts=0 
syshost=pitzer database=xalt year=2019 month=02 software=None executables=Mu_STEM.out cpuhours=266.93 corehours=0 nodehours=266.93 n_jobs=122 n_users=2 n_groups=0 n_accounts=0 
