syshost=pitzer database=xalt year=2019 month=03 software=None executables=LAMMPS cpuhours=836661.23 corehours=0 nodehours=22834.0 n_jobs=2313 n_users=13 n_groups=0 n_accounts=0 
syshost=pitzer database=xalt year=2019 month=03 software=None executables=VASP cpuhours=593917.43 corehours=0 nodehours=15076.49 n_jobs=1340 n_users=9 n_groups=0 n_accounts=0 
syshost=pitzer database=xalt year=2019 month=03 software=None executables=tkestatsclone.exe cpuhours=195063.87 corehours=0 nodehours=4876.6 n_jobs=89 n_users=1 n_groups=0 n_accounts=0 
syshost=pitzer database=xalt year=2019 month=03 software=None executables=lt-simulate cpuhours=168488.06 corehours=0 nodehours=168488.06 n_jobs=7793 n_users=4 n_groups=0 n_accounts=0 
syshost=pitzer database=xalt year=2019 month=03 software=None executables=QChem cpuhours=104182.52 corehours=0 nodehours=5095.35 n_jobs=2555 n_users=15 n_groups=0 n_accounts=0 
syshost=pitzer database=xalt year=2019 month=03 software=None executables=MEXE cpuhours=69728.24 corehours=0 nodehours=1743.21 n_jobs=36 n_users=1 n_groups=0 n_accounts=0 
syshost=pitzer database=xalt year=2019 month=03 software=None executables=simplecFoam cpuhours=67269.93 corehours=0 nodehours=1743.1 n_jobs=71 n_users=2 n_groups=0 n_accounts=0 
syshost=pitzer database=xalt year=2019 month=03 software=None executables=python2.7 cpuhours=42268.87 corehours=0 nodehours=18099.28 n_jobs=12200 n_users=96 n_groups=0 n_accounts=0 
syshost=pitzer database=xalt year=2019 month=03 software=None executables=parallel-command-processor cpuhours=34345.15 corehours=0 nodehours=861.85 n_jobs=2356 n_users=4 n_groups=0 n_accounts=0 
syshost=pitzer database=xalt year=2019 month=03 software=None executables=l913.exe cpuhours=33699.5 corehours=0 nodehours=1885.21 n_jobs=12 n_users=1 n_groups=0 n_accounts=0 
syshost=pitzer database=xalt year=2019 month=03 software=None executables=Rosetta cpuhours=22030.55 corehours=0 nodehours=22030.55 n_jobs=960 n_users=1 n_groups=0 n_accounts=0 
syshost=pitzer database=xalt year=2019 month=03 software=None executables=AraSim cpuhours=18913.16 corehours=0 nodehours=18913.16 n_jobs=85 n_users=2 n_groups=0 n_accounts=0 
syshost=pitzer database=xalt year=2019 month=03 software=None executables=ORCA cpuhours=17913.08 corehours=0 nodehours=7135.99 n_jobs=114 n_users=2 n_groups=0 n_accounts=0 
syshost=pitzer database=xalt year=2019 month=03 software=None executables=execFlowFunctionObjects cpuhours=14181.63 corehours=0 nodehours=368.92 n_jobs=103 n_users=2 n_groups=0 n_accounts=0 
syshost=pitzer database=xalt year=2019 month=03 software=None executables=python3.6 cpuhours=13850.29 corehours=0 nodehours=13851.78 n_jobs=12051 n_users=63 n_groups=0 n_accounts=0 
syshost=pitzer database=xalt year=2019 month=03 software=None executables=wrf.exe cpuhours=11202.6 corehours=0 nodehours=280.06 n_jobs=68 n_users=1 n_groups=0 n_accounts=0 
syshost=pitzer database=xalt year=2019 month=03 software=None executables=MOLCAS cpuhours=10578.85 corehours=0 nodehours=10578.85 n_jobs=1020 n_users=3 n_groups=0 n_accounts=0 
syshost=pitzer database=xalt year=2019 month=03 software=None executables=TSsnappyHexMesh-v2.0 cpuhours=9246.92 corehours=0 nodehours=468.7 n_jobs=50 n_users=2 n_groups=0 n_accounts=0 
syshost=pitzer database=xalt year=2019 month=03 software=None executables=padcirc cpuhours=9135.58 corehours=0 nodehours=228.69 n_jobs=11 n_users=2 n_groups=0 n_accounts=0 
syshost=pitzer database=xalt year=2019 month=03 software=None executables=dgswem cpuhours=8617.27 corehours=0 nodehours=215.71 n_jobs=28 n_users=1 n_groups=0 n_accounts=0 
syshost=pitzer database=xalt year=2019 month=03 software=None executables=python cpuhours=8391.7 corehours=0 nodehours=8391.7 n_jobs=546 n_users=5 n_groups=0 n_accounts=0 
syshost=pitzer database=xalt year=2019 month=03 software=None executables=mdrun_mpi cpuhours=7681.46 corehours=0 nodehours=320.06 n_jobs=40 n_users=1 n_groups=0 n_accounts=0 
syshost=pitzer database=xalt year=2019 month=03 software=None executables=TSpimpleFoamRobustBlendingFactor-v0.1 cpuhours=7617.61 corehours=0 nodehours=198.38 n_jobs=12 n_users=1 n_groups=0 n_accounts=0 
syshost=pitzer database=xalt year=2019 month=03 software=None executables=aoforce_smp cpuhours=7257.66 corehours=0 nodehours=181.44 n_jobs=100 n_users=1 n_groups=0 n_accounts=0 
syshost=pitzer database=xalt year=2019 month=03 software=None executables=Gaussian cpuhours=6096.81 corehours=0 nodehours=4464.89 n_jobs=578 n_users=7 n_groups=0 n_accounts=0 
syshost=pitzer database=xalt year=2019 month=03 software=None executables=R cpuhours=5715.36 corehours=0 nodehours=5721.7 n_jobs=615 n_users=18 n_groups=0 n_accounts=0 
syshost=pitzer database=xalt year=2019 month=03 software=None executables=MATLAB cpuhours=3742.8 corehours=0 nodehours=3742.84 n_jobs=3491 n_users=12 n_groups=0 n_accounts=0 
syshost=pitzer database=xalt year=2019 month=03 software=None executables=samtools cpuhours=3732.87 corehours=0 nodehours=3732.87 n_jobs=5190 n_users=7 n_groups=0 n_accounts=0 
syshost=pitzer database=xalt year=2019 month=03 software=None executables=kMC cpuhours=3673.5 corehours=0 nodehours=3673.5 n_jobs=144 n_users=1 n_groups=0 n_accounts=0 
syshost=pitzer database=xalt year=2019 month=03 software=None executables=bwa cpuhours=3445.19 corehours=0 nodehours=3445.19 n_jobs=4626 n_users=2 n_groups=0 n_accounts=0 
syshost=pitzer database=xalt year=2019 month=03 software=None executables=TSpimpleDyMFoamRobustBlendingFactor-v0.1 cpuhours=3340.1 corehours=0 nodehours=83.5 n_jobs=22 n_users=1 n_groups=0 n_accounts=0 
syshost=pitzer database=xalt year=2019 month=03 software=None executables=ridft_mpi cpuhours=2857.55 corehours=0 nodehours=86.27 n_jobs=158 n_users=4 n_groups=0 n_accounts=0 
syshost=pitzer database=xalt year=2019 month=03 software=None executables=pturbo.x cpuhours=2581.45 corehours=0 nodehours=82.54 n_jobs=36 n_users=1 n_groups=0 n_accounts=0 
syshost=pitzer database=xalt year=2019 month=03 software=None executables=gmx_gpu cpuhours=2271.49 corehours=0 nodehours=2271.49 n_jobs=135 n_users=2 n_groups=0 n_accounts=0 
syshost=pitzer database=xalt year=2019 month=03 software=None executables=OpenFORM cpuhours=2242.74 corehours=0 nodehours=56.07 n_jobs=49 n_users=1 n_groups=0 n_accounts=0 
syshost=pitzer database=xalt year=2019 month=03 software=None executables=Tacho_ExampleDenseByBlocks_MPI.exe cpuhours=1824.5 corehours=0 nodehours=108.57 n_jobs=102 n_users=1 n_groups=0 n_accounts=0 
syshost=pitzer database=xalt year=2019 month=03 software=None executables=v2_Filter cpuhours=1517.7 corehours=0 nodehours=1517.7 n_jobs=15669 n_users=1 n_groups=0 n_accounts=0 
syshost=pitzer database=xalt year=2019 month=03 software=None executables=l804.exe cpuhours=1465.75 corehours=0 nodehours=74.21 n_jobs=12 n_users=1 n_groups=0 n_accounts=0 
syshost=pitzer database=xalt year=2019 month=03 software=None executables=pw.x cpuhours=1225.3 corehours=0 nodehours=32.18 n_jobs=32 n_users=3 n_groups=0 n_accounts=0 
syshost=pitzer database=xalt year=2019 month=03 software=None executables=matlab_helper cpuhours=1148.8 corehours=0 nodehours=1148.8 n_jobs=1990 n_users=4 n_groups=0 n_accounts=0 
syshost=pitzer database=xalt year=2019 month=03 software=None executables=l1002.exe cpuhours=1111.56 corehours=0 nodehours=39.64 n_jobs=4 n_users=2 n_groups=0 n_accounts=0 
syshost=pitzer database=xalt year=2019 month=03 software=None executables=gamess.00.x cpuhours=1092.13 corehours=0 nodehours=1092.13 n_jobs=19 n_users=1 n_groups=0 n_accounts=0 
syshost=pitzer database=xalt year=2019 month=03 software=None executables=python3.7 cpuhours=1010.11 corehours=0 nodehours=1010.11 n_jobs=197 n_users=15 n_groups=0 n_accounts=0 
syshost=pitzer database=xalt year=2019 month=03 software=None executables=mclr.exe cpuhours=995.22 corehours=0 nodehours=995.22 n_jobs=249 n_users=3 n_groups=0 n_accounts=0 
syshost=pitzer database=xalt year=2019 month=03 software=None executables=v2_SaveVals cpuhours=918.84 corehours=0 nodehours=918.84 n_jobs=3116 n_users=1 n_groups=0 n_accounts=0 
syshost=pitzer database=xalt year=2019 month=03 software=None executables=CompareFilters cpuhours=845.99 corehours=0 nodehours=845.99 n_jobs=9603 n_users=1 n_groups=0 n_accounts=0 
syshost=pitzer database=xalt year=2019 month=03 software=None executables=foamToEnsight cpuhours=775.54 corehours=0 nodehours=20.1 n_jobs=27 n_users=2 n_groups=0 n_accounts=0 
syshost=pitzer database=xalt year=2019 month=03 software=None executables=Chaquetin cpuhours=673.37 corehours=0 nodehours=673.37 n_jobs=140 n_users=1 n_groups=0 n_accounts=0 
syshost=pitzer database=xalt year=2019 month=03 software=None executables=Tacho_ExampleDenseByBlocks_MPI_cannon.exe cpuhours=650.13 corehours=0 nodehours=18.95 n_jobs=8 n_users=1 n_groups=0 n_accounts=0 
syshost=pitzer database=xalt year=2019 month=03 software=None executables=pvpython cpuhours=530.52 corehours=0 nodehours=13.96 n_jobs=77 n_users=2 n_groups=0 n_accounts=0 
