syshost=owens database=xalt year=2019 month=07 software=None executables=VASP cpuhours=1886659.77 corehours=0 nodehours=67561.37 n_jobs=2475 n_users=21 n_groups=0 n_accounts=0 
syshost=owens database=xalt year=2019 month=07 software=None executables=LAMMPS cpuhours=1379984.85 corehours=0 nodehours=91115.77 n_jobs=16004 n_users=21 n_groups=0 n_accounts=0 
syshost=owens database=xalt year=2019 month=07 software=None executables=TSpimpleFoamRobustBlendingFactor-v0.1 cpuhours=410028.01 corehours=0 nodehours=14719.31 n_jobs=94 n_users=2 n_groups=0 n_accounts=0 
syshost=owens database=xalt year=2019 month=07 software=None executables=wrf.exe cpuhours=354965.88 corehours=0 nodehours=12686.2 n_jobs=1431 n_users=4 n_groups=0 n_accounts=0 
syshost=owens database=xalt year=2019 month=07 software=None executables=simplecFoam cpuhours=223548.8 corehours=0 nodehours=7997.49 n_jobs=208 n_users=3 n_groups=0 n_accounts=0 
syshost=owens database=xalt year=2019 month=07 software=None executables=TSchtMultiRegionSimpleFoam-v2.4 cpuhours=101081.58 corehours=0 nodehours=3610.06 n_jobs=26 n_users=1 n_groups=0 n_accounts=0 
syshost=owens database=xalt year=2019 month=07 software=None executables=lsp.owens_2d_exp_v12_adk_mpi_dielectric_5e15_best_mpi cpuhours=97288.45 corehours=0 nodehours=3566.68 n_jobs=395 n_users=1 n_groups=0 n_accounts=0 
syshost=owens database=xalt year=2019 month=07 software=None executables=lsp.fixed_1em9 cpuhours=94183.83 corehours=0 nodehours=3443.53 n_jobs=227 n_users=1 n_groups=0 n_accounts=0 
syshost=owens database=xalt year=2019 month=07 software=None executables=namd2 cpuhours=86993.47 corehours=0 nodehours=4661.85 n_jobs=555 n_users=14 n_groups=0 n_accounts=0 
syshost=owens database=xalt year=2019 month=07 software=None executables=interDyMFoam cpuhours=79813.41 corehours=0 nodehours=2850.48 n_jobs=35 n_users=2 n_groups=0 n_accounts=0 
syshost=owens database=xalt year=2019 month=07 software=None executables=QChem cpuhours=73545.4 corehours=0 nodehours=5682.2 n_jobs=3460 n_users=15 n_groups=0 n_accounts=0 
syshost=owens database=xalt year=2019 month=07 software=None executables=TSpimpleDyMFoamRobustBlendingFactor-v0.1 cpuhours=73431.41 corehours=0 nodehours=2622.55 n_jobs=9 n_users=1 n_groups=0 n_accounts=0 
syshost=owens database=xalt year=2019 month=07 software=None executables=lt-simulate cpuhours=63228.18 corehours=0 nodehours=63228.18 n_jobs=992 n_users=3 n_groups=0 n_accounts=0 
syshost=owens database=xalt year=2019 month=07 software=None executables=lsp.fixed_exec cpuhours=56974.72 corehours=0 nodehours=2250.23 n_jobs=318 n_users=1 n_groups=0 n_accounts=0 
syshost=owens database=xalt year=2019 month=07 software=None executables=R cpuhours=52312.0 corehours=0 nodehours=45793.57 n_jobs=4487 n_users=84 n_groups=0 n_accounts=0 
syshost=owens database=xalt year=2019 month=07 software=None executables=parallel-command-processor cpuhours=45560.13 corehours=0 nodehours=2425.66 n_jobs=601 n_users=6 n_groups=0 n_accounts=0 
syshost=owens database=xalt year=2019 month=07 software=None executables=real.exe cpuhours=44055.15 corehours=0 nodehours=1655.46 n_jobs=5890 n_users=3 n_groups=0 n_accounts=0 
syshost=owens database=xalt year=2019 month=07 software=None executables=interPhaseChangeDyMFoam cpuhours=38916.42 corehours=0 nodehours=1389.87 n_jobs=14 n_users=1 n_groups=0 n_accounts=0 
syshost=owens database=xalt year=2019 month=07 software=None executables=execFlowFunctionObjects cpuhours=38137.71 corehours=0 nodehours=1332.46 n_jobs=563 n_users=6 n_groups=0 n_accounts=0 
syshost=owens database=xalt year=2019 month=07 software=None executables=Gaussian cpuhours=37330.75 corehours=0 nodehours=24183.56 n_jobs=4427 n_users=47 n_groups=0 n_accounts=0 
syshost=owens database=xalt year=2019 month=07 software=None executables=MATLAB cpuhours=36919.59 corehours=0 nodehours=36699.64 n_jobs=23157 n_users=51 n_groups=0 n_accounts=0 
syshost=owens database=xalt year=2019 month=07 software=None executables=TSsnappyHexMesh-v2.0 cpuhours=36265.46 corehours=0 nodehours=2225.27 n_jobs=228 n_users=4 n_groups=0 n_accounts=0 
syshost=owens database=xalt year=2019 month=07 software=None executables=python2.7 cpuhours=28321.73 corehours=0 nodehours=29388.96 n_jobs=15933 n_users=214 n_groups=0 n_accounts=0 
syshost=owens database=xalt year=2019 month=07 software=None executables=lsp.mpi_2em9 cpuhours=24758.23 corehours=0 nodehours=894.05 n_jobs=19 n_users=1 n_groups=0 n_accounts=0 
syshost=owens database=xalt year=2019 month=07 software=None executables=converge-2.3.23-openmpi-linux-64 cpuhours=22624.99 corehours=0 nodehours=926.57 n_jobs=37 n_users=2 n_groups=0 n_accounts=0 
syshost=owens database=xalt year=2019 month=07 software=None executables=python3.7 cpuhours=22570.12 corehours=0 nodehours=22571.72 n_jobs=8377 n_users=33 n_groups=0 n_accounts=0 
syshost=owens database=xalt year=2019 month=07 software=None executables=tapsim cpuhours=22300.51 corehours=0 nodehours=3611.05 n_jobs=320 n_users=1 n_groups=0 n_accounts=0 
syshost=owens database=xalt year=2019 month=07 software=None executables=lsp.mpi_3em9 cpuhours=20558.17 corehours=0 nodehours=742.38 n_jobs=20 n_users=1 n_groups=0 n_accounts=0 
syshost=owens database=xalt year=2019 month=07 software=None executables=fluent_mpi.19.2.0 cpuhours=20320.12 corehours=0 nodehours=201937.3 n_jobs=54 n_users=3 n_groups=0 n_accounts=0 
syshost=owens database=xalt year=2019 month=07 software=None executables=runInterferometry cpuhours=18482.89 corehours=0 nodehours=18482.89 n_jobs=14766 n_users=1 n_groups=0 n_accounts=0 
syshost=owens database=xalt year=2019 month=07 software=None executables=python3.6 cpuhours=18474.14 corehours=0 nodehours=19711.67 n_jobs=9004 n_users=108 n_groups=0 n_accounts=0 
syshost=owens database=xalt year=2019 month=07 software=None executables=ansys.e cpuhours=17233.37 corehours=0 nodehours=456.31 n_jobs=45 n_users=5 n_groups=0 n_accounts=0 
syshost=owens database=xalt year=2019 month=07 software=None executables=lsp.owens_2d_exp_v12_adk_mpi_dielectric_5e15 cpuhours=14971.69 corehours=0 nodehours=534.7 n_jobs=13 n_users=1 n_groups=0 n_accounts=0 
syshost=owens database=xalt year=2019 month=07 software=None executables=mpiexec cpuhours=14731.22 corehours=0 nodehours=26888.08 n_jobs=3119 n_users=10 n_groups=0 n_accounts=0 
syshost=owens database=xalt year=2019 month=07 software=None executables=ls-dyna_mpp_d_r9_0_1_109912_x64_redhat54_ifort131_sse2_intelmpi-413 cpuhours=14171.21 corehours=0 nodehours=509.05 n_jobs=123 n_users=4 n_groups=0 n_accounts=0 
syshost=owens database=xalt year=2019 month=07 software=None executables=python3 cpuhours=13282.73 corehours=0 nodehours=13287.12 n_jobs=179 n_users=20 n_groups=0 n_accounts=0 
syshost=owens database=xalt year=2019 month=07 software=None executables=gmx_gpu cpuhours=12977.96 corehours=0 nodehours=14419.79 n_jobs=521 n_users=7 n_groups=0 n_accounts=0 
syshost=owens database=xalt year=2019 month=07 software=None executables=perl cpuhours=12777.16 corehours=0 nodehours=12778.59 n_jobs=5052 n_users=45 n_groups=0 n_accounts=0 
syshost=owens database=xalt year=2019 month=07 software=None executables=pmi_proxy cpuhours=11884.8 corehours=0 nodehours=50057.6 n_jobs=8718 n_users=38 n_groups=0 n_accounts=0 
syshost=owens database=xalt year=2019 month=07 software=None executables=Xvnc cpuhours=11100.88 corehours=0 nodehours=11993.35 n_jobs=1218 n_users=138 n_groups=0 n_accounts=0 
syshost=owens database=xalt year=2019 month=07 software=None executables=mb cpuhours=9184.97 corehours=0 nodehours=1172.87 n_jobs=93 n_users=1 n_groups=0 n_accounts=0 
syshost=owens database=xalt year=2019 month=07 software=None executables=AraSim cpuhours=8183.53 corehours=0 nodehours=8192.27 n_jobs=75 n_users=2 n_groups=0 n_accounts=0 
syshost=owens database=xalt year=2019 month=07 software=None executables=orted cpuhours=7061.86 corehours=0 nodehours=42600.46 n_jobs=1193 n_users=17 n_groups=0 n_accounts=0 
syshost=owens database=xalt year=2019 month=07 software=None executables=mupkern cpuhours=6486.48 corehours=0 nodehours=6486.48 n_jobs=300 n_users=2 n_groups=0 n_accounts=0 
syshost=owens database=xalt year=2019 month=07 software=None executables=ls-dyna_mpp_d_r10_1_123355_x64_redhat54_ifort160_sse2_intelmpi-413 cpuhours=6117.64 corehours=0 nodehours=218.49 n_jobs=112 n_users=5 n_groups=0 n_accounts=0 
syshost=owens database=xalt year=2019 month=07 software=None executables=hmmscan cpuhours=5905.92 corehours=0 nodehours=5906.37 n_jobs=260 n_users=3 n_groups=0 n_accounts=0 
syshost=owens database=xalt year=2019 month=07 software=None executables=OpenSees cpuhours=5892.78 corehours=0 nodehours=5892.78 n_jobs=169 n_users=1 n_groups=0 n_accounts=0 
syshost=owens database=xalt year=2019 month=07 software=None executables=l1002.exe cpuhours=5552.33 corehours=0 nodehours=270.6 n_jobs=31 n_users=9 n_groups=0 n_accounts=0 
syshost=owens database=xalt year=2019 month=07 software=None executables=glide_backend cpuhours=4669.26 corehours=0 nodehours=4669.26 n_jobs=70 n_users=6 n_groups=0 n_accounts=0 
syshost=owens database=xalt year=2019 month=07 software=None executables=gmx_mpi cpuhours=4415.1 corehours=0 nodehours=176.14 n_jobs=49 n_users=4 n_groups=0 n_accounts=0 
