syshost=pitzer database=xalt year=2019 month=06 software=None executables=LAMMPS cpuhours=717181.88 corehours=0 nodehours=20346.1 n_jobs=1517 n_users=13 n_groups=0 n_accounts=0 
syshost=pitzer database=xalt year=2019 month=06 software=None executables=VASP cpuhours=626968.01 corehours=0 nodehours=15704.95 n_jobs=1631 n_users=8 n_groups=0 n_accounts=0 
syshost=pitzer database=xalt year=2019 month=06 software=None executables=simplecFoam cpuhours=308608.0 corehours=0 nodehours=7839.87 n_jobs=195 n_users=2 n_groups=0 n_accounts=0 
syshost=pitzer database=xalt year=2019 month=06 software=None executables=lt-simulate cpuhours=237199.52 corehours=0 nodehours=237199.52 n_jobs=3861 n_users=4 n_groups=0 n_accounts=0 
syshost=pitzer database=xalt year=2019 month=06 software=None executables=TSpimpleFoamRobustBlendingFactor-v0.1 cpuhours=234913.0 corehours=0 nodehours=5629.45 n_jobs=34 n_users=1 n_groups=0 n_accounts=0 
syshost=pitzer database=xalt year=2019 month=06 software=None executables=QChem cpuhours=167935.66 corehours=0 nodehours=13332.37 n_jobs=2986 n_users=12 n_groups=0 n_accounts=0 
syshost=pitzer database=xalt year=2019 month=06 software=None executables=gmx_mpi cpuhours=144149.99 corehours=0 nodehours=3603.75 n_jobs=41 n_users=5 n_groups=0 n_accounts=0 
syshost=pitzer database=xalt year=2019 month=06 software=None executables=execFlowFunctionObjects cpuhours=70837.44 corehours=0 nodehours=1787.8 n_jobs=187 n_users=2 n_groups=0 n_accounts=0 
syshost=pitzer database=xalt year=2019 month=06 software=None executables=TSsnappyHexMesh-v2.0 cpuhours=41896.34 corehours=0 nodehours=1865.7 n_jobs=147 n_users=2 n_groups=0 n_accounts=0 
syshost=pitzer database=xalt year=2019 month=06 software=None executables=namd2 cpuhours=39853.88 corehours=0 nodehours=997.64 n_jobs=36 n_users=6 n_groups=0 n_accounts=0 
syshost=pitzer database=xalt year=2019 month=06 software=None executables=python2.7 cpuhours=30354.7 corehours=0 nodehours=8754.0 n_jobs=20179 n_users=70 n_groups=0 n_accounts=0 
syshost=pitzer database=xalt year=2019 month=06 software=None executables=parallel-command-processor cpuhours=28631.44 corehours=0 nodehours=1078.37 n_jobs=368 n_users=4 n_groups=0 n_accounts=0 
syshost=pitzer database=xalt year=2019 month=06 software=None executables=v2_Reco cpuhours=22131.42 corehours=0 nodehours=22131.42 n_jobs=297 n_users=1 n_groups=0 n_accounts=0 
syshost=pitzer database=xalt year=2019 month=06 software=None executables=AraSim cpuhours=12845.99 corehours=0 nodehours=12845.99 n_jobs=52 n_users=1 n_groups=0 n_accounts=0 
syshost=pitzer database=xalt year=2019 month=06 software=None executables=MOLCAS cpuhours=12825.29 corehours=0 nodehours=12825.29 n_jobs=1852 n_users=3 n_groups=0 n_accounts=0 
syshost=pitzer database=xalt year=2019 month=06 software=None executables=R cpuhours=10488.15 corehours=0 nodehours=10488.3 n_jobs=308 n_users=15 n_groups=0 n_accounts=0 
syshost=pitzer database=xalt year=2019 month=06 software=None executables=Gadget2 cpuhours=10236.19 corehours=0 nodehours=255.9 n_jobs=16 n_users=1 n_groups=0 n_accounts=0 
syshost=pitzer database=xalt year=2019 month=06 software=None executables=python3.7 cpuhours=9024.26 corehours=0 nodehours=9024.12 n_jobs=799 n_users=15 n_groups=0 n_accounts=0 
syshost=pitzer database=xalt year=2019 month=06 software=None executables=nodet_mpi cpuhours=8068.78 corehours=0 nodehours=201.72 n_jobs=20 n_users=1 n_groups=0 n_accounts=0 
syshost=pitzer database=xalt year=2019 month=06 software=None executables=pw.x cpuhours=7613.59 corehours=0 nodehours=272.42 n_jobs=74 n_users=4 n_groups=0 n_accounts=0 
syshost=pitzer database=xalt year=2019 month=06 software=None executables=v2_SaveVals cpuhours=7497.13 corehours=0 nodehours=7497.13 n_jobs=1679 n_users=1 n_groups=0 n_accounts=0 
syshost=pitzer database=xalt year=2019 month=06 software=None executables=python3.6 cpuhours=7273.51 corehours=0 nodehours=7274.07 n_jobs=3599 n_users=39 n_groups=0 n_accounts=0 
syshost=pitzer database=xalt year=2019 month=06 software=None executables=Gaussian cpuhours=5971.49 corehours=0 nodehours=5553.83 n_jobs=605 n_users=9 n_groups=0 n_accounts=0 
syshost=pitzer database=xalt year=2019 month=06 software=None executables=padcirc cpuhours=5656.47 corehours=0 nodehours=141.41 n_jobs=18 n_users=1 n_groups=0 n_accounts=0 
syshost=pitzer database=xalt year=2019 month=06 software=None executables=athena cpuhours=4646.25 corehours=0 nodehours=145.2 n_jobs=21 n_users=1 n_groups=0 n_accounts=0 
syshost=pitzer database=xalt year=2019 month=06 software=None executables=Arepo cpuhours=4494.88 corehours=0 nodehours=112.37 n_jobs=30 n_users=2 n_groups=0 n_accounts=0 
syshost=pitzer database=xalt year=2019 month=06 software=None executables=Arepo-sidm cpuhours=4374.62 corehours=0 nodehours=109.37 n_jobs=34 n_users=1 n_groups=0 n_accounts=0 
syshost=pitzer database=xalt year=2019 month=06 software=None executables=v2_CWID cpuhours=4042.72 corehours=0 nodehours=4042.72 n_jobs=68 n_users=1 n_groups=0 n_accounts=0 
syshost=pitzer database=xalt year=2019 month=06 software=None executables=ORCA cpuhours=3384.65 corehours=0 nodehours=135.96 n_jobs=59 n_users=3 n_groups=0 n_accounts=0 
syshost=pitzer database=xalt year=2019 month=06 software=None executables=foamToEnsight cpuhours=3309.2 corehours=0 nodehours=82.74 n_jobs=49 n_users=3 n_groups=0 n_accounts=0 
syshost=pitzer database=xalt year=2019 month=06 software=None executables=OffsetBlockVTime cpuhours=3298.87 corehours=0 nodehours=3298.87 n_jobs=3731 n_users=1 n_groups=0 n_accounts=0 
syshost=pitzer database=xalt year=2019 month=06 software=None executables=Chaquetin cpuhours=3164.43 corehours=0 nodehours=3164.43 n_jobs=278 n_users=1 n_groups=0 n_accounts=0 
syshost=pitzer database=xalt year=2019 month=06 software=None executables=MATLAB cpuhours=3112.6 corehours=0 nodehours=3150.0 n_jobs=16939 n_users=10 n_groups=0 n_accounts=0 
syshost=pitzer database=xalt year=2019 month=06 software=None executables=pmi_proxy cpuhours=2471.01 corehours=0 nodehours=13326.36 n_jobs=1077 n_users=8 n_groups=0 n_accounts=0 
syshost=pitzer database=xalt year=2019 month=06 software=None executables=v2_CWID100 cpuhours=2114.12 corehours=0 nodehours=2114.12 n_jobs=91 n_users=1 n_groups=0 n_accounts=0 
syshost=pitzer database=xalt year=2019 month=06 software=None executables=TSredistributePar-v0.1 cpuhours=2045.77 corehours=0 nodehours=51.61 n_jobs=174 n_users=2 n_groups=0 n_accounts=0 
syshost=pitzer database=xalt year=2019 month=06 software=None executables=xhpcg_skx cpuhours=1848.05 corehours=0 nodehours=46.2 n_jobs=398 n_users=1 n_groups=0 n_accounts=0 
syshost=pitzer database=xalt year=2019 month=06 software=None executables=matlab_helper cpuhours=1700.7 corehours=0 nodehours=1738.68 n_jobs=15893 n_users=6 n_groups=0 n_accounts=0 
syshost=pitzer database=xalt year=2019 month=06 software=None executables=pvpython cpuhours=1586.86 corehours=0 nodehours=183.03 n_jobs=376 n_users=3 n_groups=0 n_accounts=0 
syshost=pitzer database=xalt year=2019 month=06 software=None executables=converge-2.3.23-openmpi-linux-64 cpuhours=1369.63 corehours=0 nodehours=34.24 n_jobs=28 n_users=1 n_groups=0 n_accounts=0 
syshost=pitzer database=xalt year=2019 month=06 software=None executables=LowFreqPower cpuhours=1252.71 corehours=0 nodehours=1252.71 n_jobs=282 n_users=1 n_groups=0 n_accounts=0 
syshost=pitzer database=xalt year=2019 month=06 software=None executables=SearchGrid cpuhours=1237.26 corehours=0 nodehours=1237.26 n_jobs=615 n_users=1 n_groups=0 n_accounts=0 
syshost=pitzer database=xalt year=2019 month=06 software=None executables=SpareChannelStats cpuhours=964.19 corehours=0 nodehours=964.19 n_jobs=462 n_users=1 n_groups=0 n_accounts=0 
syshost=pitzer database=xalt year=2019 month=06 software=None executables=full.exe cpuhours=890.42 corehours=0 nodehours=33.14 n_jobs=40 n_users=1 n_groups=0 n_accounts=0 
syshost=pitzer database=xalt year=2019 month=06 software=None executables=SaveForGrid cpuhours=813.43 corehours=0 nodehours=813.43 n_jobs=32 n_users=1 n_groups=0 n_accounts=0 
syshost=pitzer database=xalt year=2019 month=06 software=None executables=gmx_gpu cpuhours=792.66 corehours=0 nodehours=792.66 n_jobs=44 n_users=6 n_groups=0 n_accounts=0 
syshost=pitzer database=xalt year=2019 month=06 software=None executables=orca cpuhours=684.99 corehours=0 nodehours=685.0 n_jobs=14 n_users=2 n_groups=0 n_accounts=0 
syshost=pitzer database=xalt year=2019 month=06 software=None executables=samtools cpuhours=618.85 corehours=0 nodehours=614.79 n_jobs=684 n_users=11 n_groups=0 n_accounts=0 
syshost=pitzer database=xalt year=2019 month=06 software=None executables=checkMesh cpuhours=549.63 corehours=0 nodehours=15.83 n_jobs=347 n_users=2 n_groups=0 n_accounts=0 
syshost=pitzer database=xalt year=2019 month=06 software=None executables=evp cpuhours=517.23 corehours=0 nodehours=26.72 n_jobs=75 n_users=1 n_groups=0 n_accounts=0 
