syshost=pitzer database=xalt year=2019 month=09 software=None executables=VASP cpuhours=725411.16 corehours=0 nodehours=18135.28 n_jobs=2690 n_users=8 n_groups=0 n_accounts=0 
syshost=pitzer database=xalt year=2019 month=09 software=None executables=cp2k.popt cpuhours=446183.63 corehours=0 nodehours=11154.93 n_jobs=217 n_users=2 n_groups=0 n_accounts=0 
syshost=pitzer database=xalt year=2019 month=09 software=None executables=TSpimpleFoamRobustBlendingFactor-v0.1 cpuhours=273558.53 corehours=0 nodehours=7853.4 n_jobs=43 n_users=2 n_groups=0 n_accounts=0 
syshost=pitzer database=xalt year=2019 month=09 software=None executables=lt-simulate cpuhours=255604.2 corehours=0 nodehours=255604.2 n_jobs=2773 n_users=5 n_groups=0 n_accounts=0 
syshost=pitzer database=xalt year=2019 month=09 software=None executables=QChem cpuhours=167057.26 corehours=0 nodehours=4808.18 n_jobs=5054 n_users=11 n_groups=0 n_accounts=0 
syshost=pitzer database=xalt year=2019 month=09 software=None executables=LAMMPS cpuhours=112988.36 corehours=0 nodehours=6105.16 n_jobs=1540 n_users=12 n_groups=0 n_accounts=0 
syshost=pitzer database=xalt year=2019 month=09 software=None executables=simplecFoam cpuhours=84109.48 corehours=0 nodehours=2163.51 n_jobs=49 n_users=2 n_groups=0 n_accounts=0 
syshost=pitzer database=xalt year=2019 month=09 software=None executables=parallel-command-processor cpuhours=55023.7 corehours=0 nodehours=2033.5 n_jobs=120 n_users=4 n_groups=0 n_accounts=0 
syshost=pitzer database=xalt year=2019 month=09 software=None executables=pw.x cpuhours=54261.12 corehours=0 nodehours=1399.7 n_jobs=370 n_users=5 n_groups=0 n_accounts=0 
syshost=pitzer database=xalt year=2019 month=09 software=None executables=v2_Reco100 cpuhours=47766.92 corehours=0 nodehours=47766.92 n_jobs=67 n_users=1 n_groups=0 n_accounts=0 
syshost=pitzer database=xalt year=2019 month=09 software=None executables=proc.exe cpuhours=36230.54 corehours=0 nodehours=921.66 n_jobs=38 n_users=1 n_groups=0 n_accounts=0 
syshost=pitzer database=xalt year=2019 month=09 software=None executables=MOLCAS cpuhours=34673.23 corehours=0 nodehours=34673.23 n_jobs=14238 n_users=5 n_groups=0 n_accounts=0 
syshost=pitzer database=xalt year=2019 month=09 software=None executables=python3.7 cpuhours=24201.0 corehours=0 nodehours=24200.77 n_jobs=4272 n_users=23 n_groups=0 n_accounts=0 
syshost=pitzer database=xalt year=2019 month=09 software=None executables=curvdns cpuhours=23407.61 corehours=0 nodehours=585.19 n_jobs=68 n_users=2 n_groups=0 n_accounts=0 
syshost=pitzer database=xalt year=2019 month=09 software=None executables=execFlowFunctionObjects cpuhours=22857.85 corehours=0 nodehours=583.73 n_jobs=64 n_users=2 n_groups=0 n_accounts=0 
syshost=pitzer database=xalt year=2019 month=09 software=None executables=dgswem cpuhours=22362.61 corehours=0 nodehours=564.96 n_jobs=48 n_users=1 n_groups=0 n_accounts=0 
syshost=pitzer database=xalt year=2019 month=09 software=None executables=AraSim cpuhours=21986.96 corehours=0 nodehours=21986.96 n_jobs=85 n_users=1 n_groups=0 n_accounts=0 
syshost=pitzer database=xalt year=2019 month=09 software=None executables=ORCA cpuhours=21351.03 corehours=0 nodehours=8425.07 n_jobs=78 n_users=5 n_groups=0 n_accounts=0 
syshost=pitzer database=xalt year=2019 month=09 software=None executables=mdrun_mpi cpuhours=20242.76 corehours=0 nodehours=1265.17 n_jobs=29 n_users=1 n_groups=0 n_accounts=0 
syshost=pitzer database=xalt year=2019 month=09 software=None executables=R cpuhours=19416.24 corehours=0 nodehours=19416.24 n_jobs=1078 n_users=35 n_groups=0 n_accounts=0 
syshost=pitzer database=xalt year=2019 month=09 software=None executables=python3.6 cpuhours=17688.97 corehours=0 nodehours=17688.98 n_jobs=6601 n_users=98 n_groups=0 n_accounts=0 
syshost=pitzer database=xalt year=2019 month=09 software=None executables=Arepo cpuhours=16685.14 corehours=0 nodehours=417.13 n_jobs=12 n_users=1 n_groups=0 n_accounts=0 
syshost=pitzer database=xalt year=2019 month=09 software=None executables=hmmscan cpuhours=16121.59 corehours=0 nodehours=16121.59 n_jobs=486 n_users=5 n_groups=0 n_accounts=0 
syshost=pitzer database=xalt year=2019 month=09 software=None executables=Arepo-sidm cpuhours=16058.5 corehours=0 nodehours=401.46 n_jobs=16 n_users=1 n_groups=0 n_accounts=0 
syshost=pitzer database=xalt year=2019 month=09 software=None executables=TSsnappyHexMesh-v2.0 cpuhours=12895.56 corehours=0 nodehours=1335.74 n_jobs=39 n_users=2 n_groups=0 n_accounts=0 
syshost=pitzer database=xalt year=2019 month=09 software=None executables=lsp cpuhours=11397.39 corehours=0 nodehours=299.44 n_jobs=9 n_users=2 n_groups=0 n_accounts=0 
syshost=pitzer database=xalt year=2019 month=09 software=None executables=MATLAB cpuhours=11395.4 corehours=0 nodehours=11395.4 n_jobs=7529 n_users=11 n_groups=0 n_accounts=0 
syshost=pitzer database=xalt year=2019 month=09 software=None executables=v2_SaveVals100 cpuhours=8240.02 corehours=0 nodehours=8240.02 n_jobs=141 n_users=1 n_groups=0 n_accounts=0 
syshost=pitzer database=xalt year=2019 month=09 software=None executables=namd2 cpuhours=6863.77 corehours=0 nodehours=175.66 n_jobs=60 n_users=6 n_groups=0 n_accounts=0 
syshost=pitzer database=xalt year=2019 month=09 software=None executables=Gaussian cpuhours=6556.81 corehours=0 nodehours=5392.23 n_jobs=1333 n_users=11 n_groups=0 n_accounts=0 
syshost=pitzer database=xalt year=2019 month=09 software=None executables=python2.7 cpuhours=6181.29 corehours=0 nodehours=4982.77 n_jobs=2643 n_users=81 n_groups=0 n_accounts=0 
syshost=pitzer database=xalt year=2019 month=09 software=None executables=mclr.exe cpuhours=6038.25 corehours=0 nodehours=6038.25 n_jobs=1401 n_users=4 n_groups=0 n_accounts=0 
syshost=pitzer database=xalt year=2019 month=09 software=None executables=overPimpleDyMFoam cpuhours=5297.73 corehours=0 nodehours=132.44 n_jobs=22 n_users=1 n_groups=0 n_accounts=0 
syshost=pitzer database=xalt year=2019 month=09 software=None executables=v2_Reco cpuhours=4841.92 corehours=0 nodehours=4841.92 n_jobs=49 n_users=1 n_groups=0 n_accounts=0 
syshost=pitzer database=xalt year=2019 month=09 software=None executables=hmmsearch cpuhours=4149.92 corehours=0 nodehours=4149.92 n_jobs=887 n_users=7 n_groups=0 n_accounts=0 
syshost=pitzer database=xalt year=2019 month=09 software=None executables=matlab_helper cpuhours=3759.79 corehours=0 nodehours=3759.79 n_jobs=7186 n_users=7 n_groups=0 n_accounts=0 
syshost=pitzer database=xalt year=2019 month=09 software=None executables=foamToEnsight cpuhours=3287.86 corehours=0 nodehours=84.06 n_jobs=75 n_users=5 n_groups=0 n_accounts=0 
syshost=pitzer database=xalt year=2019 month=09 software=None executables=v2_CWID100 cpuhours=2569.78 corehours=0 nodehours=2569.78 n_jobs=109 n_users=1 n_groups=0 n_accounts=0 
syshost=pitzer database=xalt year=2019 month=09 software=None executables=pmi_proxy cpuhours=2298.07 corehours=0 nodehours=10885.98 n_jobs=1132 n_users=10 n_groups=0 n_accounts=0 
syshost=pitzer database=xalt year=2019 month=09 software=None executables=setsm cpuhours=1942.28 corehours=0 nodehours=166.39 n_jobs=84 n_users=1 n_groups=0 n_accounts=0 
syshost=pitzer database=xalt year=2019 month=09 software=None executables=atmosphere_model cpuhours=1932.25 corehours=0 nodehours=48.89 n_jobs=15 n_users=1 n_groups=0 n_accounts=0 
syshost=pitzer database=xalt year=2019 month=09 software=None executables=OpenFORM cpuhours=1916.99 corehours=0 nodehours=50.64 n_jobs=52 n_users=5 n_groups=0 n_accounts=0 
syshost=pitzer database=xalt year=2019 month=09 software=None executables=perl cpuhours=1785.42 corehours=0 nodehours=1609.62 n_jobs=971 n_users=7 n_groups=0 n_accounts=0 
syshost=pitzer database=xalt year=2019 month=09 software=None executables=orted cpuhours=1649.8 corehours=0 nodehours=1664.29 n_jobs=234 n_users=6 n_groups=0 n_accounts=0 
syshost=pitzer database=xalt year=2019 month=09 software=None executables=scf.exe cpuhours=1638.36 corehours=0 nodehours=1638.36 n_jobs=82 n_users=2 n_groups=0 n_accounts=0 
syshost=pitzer database=xalt year=2019 month=09 software=None executables=Chaquetin cpuhours=1483.18 corehours=0 nodehours=1483.18 n_jobs=60 n_users=1 n_groups=0 n_accounts=0 
syshost=pitzer database=xalt year=2019 month=09 software=None executables=v2_SaveVals cpuhours=1431.46 corehours=0 nodehours=1431.46 n_jobs=318 n_users=1 n_groups=0 n_accounts=0 
syshost=pitzer database=xalt year=2019 month=09 software=None executables=trial cpuhours=1421.83 corehours=0 nodehours=44.43 n_jobs=262 n_users=1 n_groups=0 n_accounts=0 
syshost=pitzer database=xalt year=2019 month=09 software=None executables=seward.exe cpuhours=1265.05 corehours=0 nodehours=1265.05 n_jobs=14276 n_users=5 n_groups=0 n_accounts=0 
syshost=pitzer database=xalt year=2019 month=09 software=None executables=nodet_mpi cpuhours=1090.81 corehours=0 nodehours=27.27 n_jobs=1 n_users=1 n_groups=0 n_accounts=0 
