syshost=owens database=xalt year=2019 month=09 software=None executables=VASP cpuhours=1344292.66 corehours=0 nodehours=68046.72 n_jobs=10633 n_users=45 n_groups=0 n_accounts=0 
syshost=owens database=xalt year=2019 month=09 software=None executables=LAMMPS cpuhours=1204010.83 corehours=0 nodehours=86987.31 n_jobs=9523 n_users=24 n_groups=0 n_accounts=0 
syshost=owens database=xalt year=2019 month=09 software=None executables=TSpimpleFoamRobustBlendingFactor-v0.1 cpuhours=356539.06 corehours=0 nodehours=12989.93 n_jobs=60 n_users=2 n_groups=0 n_accounts=0 
syshost=owens database=xalt year=2019 month=09 software=None executables=cp2k.popt cpuhours=339403.22 corehours=0 nodehours=16970.24 n_jobs=106 n_users=1 n_groups=0 n_accounts=0 
syshost=owens database=xalt year=2019 month=09 software=None executables=fdl3di.exe cpuhours=220524.88 corehours=0 nodehours=7875.89 n_jobs=31 n_users=1 n_groups=0 n_accounts=0 
syshost=owens database=xalt year=2019 month=09 software=None executables=QChem cpuhours=194120.95 corehours=0 nodehours=12777.26 n_jobs=23641 n_users=13 n_groups=0 n_accounts=0 
syshost=owens database=xalt year=2019 month=09 software=None executables=fluent_mpi.19.2.0 cpuhours=185861.0 corehours=0 nodehours=310402.38 n_jobs=127 n_users=3 n_groups=0 n_accounts=0 
syshost=owens database=xalt year=2019 month=09 software=None executables=namd2 cpuhours=172066.31 corehours=0 nodehours=9718.42 n_jobs=1550 n_users=10 n_groups=0 n_accounts=0 
syshost=owens database=xalt year=2019 month=09 software=None executables=simplecFoam cpuhours=157459.17 corehours=0 nodehours=5647.54 n_jobs=140 n_users=5 n_groups=0 n_accounts=0 
syshost=owens database=xalt year=2019 month=09 software=None executables=converge-2.3.23-openmpi-linux-64 cpuhours=91957.85 corehours=0 nodehours=3284.21 n_jobs=50 n_users=2 n_groups=0 n_accounts=0 
syshost=owens database=xalt year=2019 month=09 software=None executables=MATLAB cpuhours=67102.61 corehours=0 nodehours=67097.28 n_jobs=7212 n_users=49 n_groups=0 n_accounts=0 
syshost=owens database=xalt year=2019 month=09 software=None executables=lt-simulate cpuhours=66688.18 corehours=0 nodehours=66688.18 n_jobs=11365 n_users=5 n_groups=0 n_accounts=0 
syshost=owens database=xalt year=2019 month=09 software=None executables=R cpuhours=61951.45 corehours=0 nodehours=58483.11 n_jobs=10242 n_users=336 n_groups=0 n_accounts=0 
syshost=owens database=xalt year=2019 month=09 software=None executables=lsp cpuhours=58603.88 corehours=0 nodehours=2117.05 n_jobs=72 n_users=2 n_groups=0 n_accounts=0 
syshost=owens database=xalt year=2019 month=09 software=None executables=wrf.exe cpuhours=55598.63 corehours=0 nodehours=1985.67 n_jobs=132 n_users=2 n_groups=0 n_accounts=0 
syshost=owens database=xalt year=2019 month=09 software=None executables=execFlowFunctionObjects cpuhours=35289.88 corehours=0 nodehours=1264.45 n_jobs=229 n_users=5 n_groups=0 n_accounts=0 
syshost=owens database=xalt year=2019 month=09 software=None executables=TSsnappyHexMesh-v2.0 cpuhours=33139.29 corehours=0 nodehours=1966.26 n_jobs=125 n_users=8 n_groups=0 n_accounts=0 
syshost=owens database=xalt year=2019 month=09 software=None executables=TSpimpleDyMFoamRobustBlendingFactor-v0.1 cpuhours=32155.21 corehours=0 nodehours=1148.4 n_jobs=5 n_users=1 n_groups=0 n_accounts=0 
syshost=owens database=xalt year=2019 month=09 software=None executables=parallel-command-processor cpuhours=28336.24 corehours=0 nodehours=1967.61 n_jobs=161 n_users=4 n_groups=0 n_accounts=0 
syshost=owens database=xalt year=2019 month=09 software=None executables=Xvnc cpuhours=26317.88 corehours=0 nodehours=27237.13 n_jobs=1181 n_users=148 n_groups=0 n_accounts=0 
syshost=owens database=xalt year=2019 month=09 software=None executables=v2_Reco100 cpuhours=25122.49 corehours=0 nodehours=25122.49 n_jobs=221 n_users=1 n_groups=0 n_accounts=0 
syshost=owens database=xalt year=2019 month=09 software=None executables=fluent_mpi.19.4.0 cpuhours=24878.72 corehours=0 nodehours=44598.08 n_jobs=8 n_users=1 n_groups=0 n_accounts=0 
syshost=owens database=xalt year=2019 month=09 software=None executables=mpiexec cpuhours=23325.14 corehours=0 nodehours=26949.61 n_jobs=676 n_users=9 n_groups=0 n_accounts=0 
syshost=owens database=xalt year=2019 month=09 software=None executables=ls-dyna_mpp_d_r10_1_123355_x64_redhat54_ifort160_sse2_intelmpi-413 cpuhours=20255.03 corehours=0 nodehours=723.4 n_jobs=30 n_users=4 n_groups=0 n_accounts=0 
syshost=owens database=xalt year=2019 month=09 software=None executables=python2.7 cpuhours=18428.87 corehours=0 nodehours=15030.72 n_jobs=12818 n_users=348 n_groups=0 n_accounts=0 
syshost=owens database=xalt year=2019 month=09 software=None executables=python3.6 cpuhours=17967.27 corehours=0 nodehours=56190.9 n_jobs=5960 n_users=311 n_groups=0 n_accounts=0 
syshost=owens database=xalt year=2019 month=09 software=None executables=Gaussian cpuhours=17620.06 corehours=0 nodehours=15015.31 n_jobs=7375 n_users=45 n_groups=0 n_accounts=0 
syshost=owens database=xalt year=2019 month=09 software=None executables=evp cpuhours=16743.32 corehours=0 nodehours=1046.46 n_jobs=378 n_users=1 n_groups=0 n_accounts=0 
syshost=owens database=xalt year=2019 month=09 software=None executables=mpp cpuhours=14216.41 corehours=0 nodehours=507.73 n_jobs=2242 n_users=1 n_groups=0 n_accounts=0 
syshost=owens database=xalt year=2019 month=09 software=None executables=cygnssE2ES cpuhours=14030.3 corehours=0 nodehours=561.21 n_jobs=109 n_users=1 n_groups=0 n_accounts=0 
syshost=owens database=xalt year=2019 month=09 software=None executables=gmx_mpi cpuhours=13045.39 corehours=0 nodehours=465.91 n_jobs=24 n_users=4 n_groups=0 n_accounts=0 
syshost=owens database=xalt year=2019 month=09 software=None executables=v2_Reco cpuhours=12523.38 corehours=0 nodehours=12523.38 n_jobs=154 n_users=1 n_groups=0 n_accounts=0 
syshost=owens database=xalt year=2019 month=09 software=None executables=curvdns cpuhours=11243.86 corehours=0 nodehours=401.57 n_jobs=9 n_users=1 n_groups=0 n_accounts=0 
syshost=owens database=xalt year=2019 month=09 software=None executables=orted cpuhours=10502.7 corehours=0 nodehours=42970.39 n_jobs=560 n_users=19 n_groups=0 n_accounts=0 
syshost=owens database=xalt year=2019 month=09 software=None executables=pmi_proxy cpuhours=9424.46 corehours=0 nodehours=35194.66 n_jobs=3139 n_users=59 n_groups=0 n_accounts=0 
syshost=owens database=xalt year=2019 month=09 software=None executables=overlapInCore cpuhours=8900.65 corehours=0 nodehours=8900.65 n_jobs=3 n_users=2 n_groups=0 n_accounts=0 
syshost=owens database=xalt year=2019 month=09 software=None executables=python3.7 cpuhours=8308.63 corehours=0 nodehours=8309.18 n_jobs=15720 n_users=53 n_groups=0 n_accounts=0 
syshost=owens database=xalt year=2019 month=09 software=None executables=ekt.exe cpuhours=7961.28 corehours=0 nodehours=284.33 n_jobs=73 n_users=1 n_groups=0 n_accounts=0 
syshost=owens database=xalt year=2019 month=09 software=None executables=padcirc cpuhours=7546.47 corehours=0 nodehours=269.52 n_jobs=3 n_users=1 n_groups=0 n_accounts=0 
syshost=owens database=xalt year=2019 month=09 software=None executables=3DHELMPAR_DOAK.exe cpuhours=6041.91 corehours=0 nodehours=223.77 n_jobs=1 n_users=1 n_groups=0 n_accounts=0 
syshost=owens database=xalt year=2019 month=09 software=None executables=ORCA cpuhours=5540.26 corehours=0 nodehours=387.14 n_jobs=50 n_users=5 n_groups=0 n_accounts=0 
syshost=owens database=xalt year=2019 month=09 software=None executables=explicit_dp cpuhours=5230.78 corehours=0 nodehours=52307.8 n_jobs=2 n_users=1 n_groups=0 n_accounts=0 
syshost=owens database=xalt year=2019 month=09 software=None executables=matlab_helper cpuhours=4181.91 corehours=0 nodehours=4183.73 n_jobs=5184 n_users=25 n_groups=0 n_accounts=0 
syshost=owens database=xalt year=2019 month=09 software=None executables=foamToEnsight cpuhours=3972.56 corehours=0 nodehours=143.03 n_jobs=107 n_users=4 n_groups=0 n_accounts=0 
syshost=owens database=xalt year=2019 month=09 software=None executables=samtools cpuhours=3952.82 corehours=0 nodehours=3952.82 n_jobs=11443 n_users=52 n_groups=0 n_accounts=0 
syshost=owens database=xalt year=2019 month=09 software=None executables=OpenFORM cpuhours=3932.5 corehours=0 nodehours=140.81 n_jobs=17 n_users=5 n_groups=0 n_accounts=0 
syshost=owens database=xalt year=2019 month=09 software=None executables=mb cpuhours=3932.28 corehours=0 nodehours=491.54 n_jobs=28 n_users=1 n_groups=0 n_accounts=0 
syshost=owens database=xalt year=2019 month=09 software=None executables=runInterferometry cpuhours=3411.2 corehours=0 nodehours=3411.2 n_jobs=35853 n_users=1 n_groups=0 n_accounts=0 
syshost=owens database=xalt year=2019 month=09 software=None executables=python cpuhours=3231.34 corehours=0 nodehours=7474.2 n_jobs=758 n_users=39 n_groups=0 n_accounts=0 
syshost=owens database=xalt year=2019 month=09 software=None executables=da_wrfvar.exe cpuhours=3180.01 corehours=0 nodehours=114.45 n_jobs=57 n_users=1 n_groups=0 n_accounts=0 
