syshost=owens database=xalt year=2019 month=08 software=None executables=VASP cpuhours=1320471.09 corehours=0 nodehours=57068.84 n_jobs=6657 n_users=38 n_groups=0 n_accounts=0 
syshost=owens database=xalt year=2019 month=08 software=None executables=LAMMPS cpuhours=1309198.3 corehours=0 nodehours=69515.78 n_jobs=11742 n_users=25 n_groups=0 n_accounts=0 
syshost=owens database=xalt year=2019 month=08 software=None executables=wrf.exe cpuhours=683360.43 corehours=0 nodehours=24405.73 n_jobs=1665 n_users=2 n_groups=0 n_accounts=0 
syshost=owens database=xalt year=2019 month=08 software=None executables=simplecFoam cpuhours=450541.17 corehours=0 nodehours=16090.76 n_jobs=364 n_users=4 n_groups=0 n_accounts=0 
syshost=owens database=xalt year=2019 month=08 software=None executables=TSpimpleFoamRobustBlendingFactor-v0.1 cpuhours=428199.59 corehours=0 nodehours=15292.84 n_jobs=76 n_users=2 n_groups=0 n_accounts=0 
syshost=owens database=xalt year=2019 month=08 software=None executables=fdl3di.exe cpuhours=239926.66 corehours=0 nodehours=8568.89 n_jobs=23 n_users=1 n_groups=0 n_accounts=0 
syshost=owens database=xalt year=2019 month=08 software=None executables=QChem cpuhours=189361.87 corehours=0 nodehours=8038.34 n_jobs=2277 n_users=13 n_groups=0 n_accounts=0 
syshost=owens database=xalt year=2019 month=08 software=None executables=fluent_mpi.19.2.0 cpuhours=150996.3 corehours=0 nodehours=218706.69 n_jobs=36 n_users=3 n_groups=0 n_accounts=0 
syshost=owens database=xalt year=2019 month=08 software=None executables=lt-simulate cpuhours=105847.13 corehours=0 nodehours=105847.13 n_jobs=1630 n_users=2 n_groups=0 n_accounts=0 
syshost=owens database=xalt year=2019 month=08 software=None executables=TSsnappyHexMesh-v2.0 cpuhours=90487.22 corehours=0 nodehours=4309.26 n_jobs=349 n_users=5 n_groups=0 n_accounts=0 
syshost=owens database=xalt year=2019 month=08 software=None executables=Gaussian cpuhours=89921.59 corehours=0 nodehours=38147.74 n_jobs=8085 n_users=47 n_groups=0 n_accounts=0 
syshost=owens database=xalt year=2019 month=08 software=None executables=converge-2.3.23-openmpi-linux-64 cpuhours=75748.86 corehours=0 nodehours=2705.32 n_jobs=20 n_users=2 n_groups=0 n_accounts=0 
syshost=owens database=xalt year=2019 month=08 software=None executables=namd2 cpuhours=75212.79 corehours=0 nodehours=4497.95 n_jobs=960 n_users=9 n_groups=0 n_accounts=0 
syshost=owens database=xalt year=2019 month=08 software=None executables=R cpuhours=60589.67 corehours=0 nodehours=58240.48 n_jobs=12280 n_users=326 n_groups=0 n_accounts=0 
syshost=owens database=xalt year=2019 month=08 software=None executables=execFlowFunctionObjects cpuhours=55208.93 corehours=0 nodehours=1971.75 n_jobs=420 n_users=4 n_groups=0 n_accounts=0 
syshost=owens database=xalt year=2019 month=08 software=None executables=TSpimpleDyMFoamRobustBlendingFactor-v0.1 cpuhours=52265.6 corehours=0 nodehours=1866.63 n_jobs=6 n_users=1 n_groups=0 n_accounts=0 
syshost=owens database=xalt year=2019 month=08 software=None executables=real.exe cpuhours=39118.98 corehours=0 nodehours=1397.46 n_jobs=4317 n_users=4 n_groups=0 n_accounts=0 
syshost=owens database=xalt year=2019 month=08 software=None executables=cfl3d_mpi cpuhours=36655.8 corehours=0 nodehours=1351.36 n_jobs=554 n_users=1 n_groups=0 n_accounts=0 
syshost=owens database=xalt year=2019 month=08 software=None executables=proc.exe cpuhours=36596.65 corehours=0 nodehours=1372.36 n_jobs=16 n_users=1 n_groups=0 n_accounts=0 
syshost=owens database=xalt year=2019 month=08 software=None executables=fluent_mpi.19.4.0 cpuhours=34882.39 corehours=0 nodehours=47005.6 n_jobs=10 n_users=2 n_groups=0 n_accounts=0 
syshost=owens database=xalt year=2019 month=08 software=None executables=python3.7 cpuhours=29295.5 corehours=0 nodehours=29296.1 n_jobs=17662 n_users=44 n_groups=0 n_accounts=0 
syshost=owens database=xalt year=2019 month=08 software=None executables=v2_Reco100 cpuhours=26671.33 corehours=0 nodehours=26671.33 n_jobs=189 n_users=1 n_groups=0 n_accounts=0 
syshost=owens database=xalt year=2019 month=08 software=None executables=ls-dyna_mpp_d_r10_1_123355_x64_redhat54_ifort160_sse2_intelmpi-413 cpuhours=23445.9 corehours=0 nodehours=837.36 n_jobs=111 n_users=3 n_groups=0 n_accounts=0 
syshost=owens database=xalt year=2019 month=08 software=None executables=MATLAB cpuhours=22998.16 corehours=0 nodehours=22884.94 n_jobs=2252 n_users=46 n_groups=0 n_accounts=0 
syshost=owens database=xalt year=2019 month=08 software=None executables=v2_SaveVals100 cpuhours=21179.92 corehours=0 nodehours=21179.92 n_jobs=114 n_users=1 n_groups=0 n_accounts=0 
syshost=owens database=xalt year=2019 month=08 software=None executables=interDyMFoam cpuhours=20165.94 corehours=0 nodehours=720.21 n_jobs=2 n_users=1 n_groups=0 n_accounts=0 
syshost=owens database=xalt year=2019 month=08 software=None executables=interPhaseChangeDyMFoam cpuhours=19795.14 corehours=0 nodehours=706.97 n_jobs=8 n_users=1 n_groups=0 n_accounts=0 
syshost=owens database=xalt year=2019 month=08 software=None executables=python2.7 cpuhours=18286.61 corehours=0 nodehours=17823.63 n_jobs=16351 n_users=190 n_groups=0 n_accounts=0 
syshost=owens database=xalt year=2019 month=08 software=None executables=AraSim cpuhours=16922.08 corehours=0 nodehours=16922.08 n_jobs=55 n_users=2 n_groups=0 n_accounts=0 
syshost=owens database=xalt year=2019 month=08 software=None executables=ORCA cpuhours=16233.61 corehours=0 nodehours=4226.56 n_jobs=75 n_users=6 n_groups=0 n_accounts=0 
syshost=owens database=xalt year=2019 month=08 software=None executables=TSchtMultiRegionSimpleFoam-v2.4 cpuhours=15568.12 corehours=0 nodehours=556.0 n_jobs=9 n_users=1 n_groups=0 n_accounts=0 
syshost=owens database=xalt year=2019 month=08 software=None executables=cp2k.popt cpuhours=14379.15 corehours=0 nodehours=719.16 n_jobs=33 n_users=2 n_groups=0 n_accounts=0 
syshost=owens database=xalt year=2019 month=08 software=None executables=pmi_proxy cpuhours=13465.4 corehours=0 nodehours=59225.26 n_jobs=8232 n_users=54 n_groups=0 n_accounts=0 
syshost=owens database=xalt year=2019 month=08 software=None executables=gmx_mpi cpuhours=12756.82 corehours=0 nodehours=500.35 n_jobs=171 n_users=3 n_groups=0 n_accounts=0 
syshost=owens database=xalt year=2019 month=08 software=None executables=samtools cpuhours=12010.93 corehours=0 nodehours=12007.01 n_jobs=12448 n_users=35 n_groups=0 n_accounts=0 
syshost=owens database=xalt year=2019 month=08 software=None executables=l1002.exe cpuhours=11086.6 corehours=0 nodehours=1308.32 n_jobs=45 n_users=7 n_groups=0 n_accounts=0 
syshost=owens database=xalt year=2019 month=08 software=None executables=gmx_gpu cpuhours=10679.52 corehours=0 nodehours=10681.59 n_jobs=412 n_users=3 n_groups=0 n_accounts=0 
syshost=owens database=xalt year=2019 month=08 software=None executables=cygnssE2ES cpuhours=9238.51 corehours=0 nodehours=369.54 n_jobs=91 n_users=1 n_groups=0 n_accounts=0 
syshost=owens database=xalt year=2019 month=08 software=None executables=mpiexec cpuhours=9202.97 corehours=0 nodehours=10995.49 n_jobs=464 n_users=11 n_groups=0 n_accounts=0 
syshost=owens database=xalt year=2019 month=08 software=None executables=explicit_dp cpuhours=8931.39 corehours=0 nodehours=89258.78 n_jobs=10 n_users=3 n_groups=0 n_accounts=0 
syshost=owens database=xalt year=2019 month=08 software=None executables=mdrun cpuhours=8669.67 corehours=0 nodehours=8669.67 n_jobs=3228 n_users=1 n_groups=0 n_accounts=0 
syshost=owens database=xalt year=2019 month=08 software=None executables=python3.6 cpuhours=8284.34 corehours=0 nodehours=8284.62 n_jobs=18323 n_users=121 n_groups=0 n_accounts=0 
syshost=owens database=xalt year=2019 month=08 software=None executables=ansys.e cpuhours=8111.31 corehours=0 nodehours=218.62 n_jobs=15 n_users=4 n_groups=0 n_accounts=0 
syshost=owens database=xalt year=2019 month=08 software=None executables=runInterferometry cpuhours=8006.65 corehours=0 nodehours=8006.65 n_jobs=35285 n_users=1 n_groups=0 n_accounts=0 
syshost=owens database=xalt year=2019 month=08 software=None executables=v2_CWID cpuhours=7409.53 corehours=0 nodehours=7409.53 n_jobs=178 n_users=1 n_groups=0 n_accounts=0 
syshost=owens database=xalt year=2019 month=08 software=None executables=mupkern cpuhours=7049.82 corehours=0 nodehours=7049.82 n_jobs=338 n_users=2 n_groups=0 n_accounts=0 
syshost=owens database=xalt year=2019 month=08 software=None executables=v2_Reco cpuhours=7029.82 corehours=0 nodehours=7029.82 n_jobs=96 n_users=1 n_groups=0 n_accounts=0 
syshost=owens database=xalt year=2019 month=08 software=None executables=ls-dyna_mpp_d_r9_0_1_109912_x64_redhat54_ifort131_sse2_intelmpi-413 cpuhours=6497.27 corehours=0 nodehours=232.05 n_jobs=10 n_users=1 n_groups=0 n_accounts=0 
syshost=owens database=xalt year=2019 month=08 software=None executables=Xvnc cpuhours=5982.37 corehours=0 nodehours=6582.97 n_jobs=976 n_users=114 n_groups=0 n_accounts=0 
syshost=owens database=xalt year=2019 month=08 software=None executables=lsp cpuhours=5666.98 corehours=0 nodehours=204.72 n_jobs=51 n_users=2 n_groups=0 n_accounts=0 
