syshost=pitzer database=xalt year=2019 month=04 software=None executables=LAMMPS cpuhours=1202043.33 corehours=0 nodehours=32871.6 n_jobs=1164 n_users=12 n_groups=0 n_accounts=0 
syshost=pitzer database=xalt year=2019 month=04 software=None executables=VASP cpuhours=417058.46 corehours=0 nodehours=10443.51 n_jobs=955 n_users=10 n_groups=0 n_accounts=0 
syshost=pitzer database=xalt year=2019 month=04 software=None executables=QChem cpuhours=217212.86 corehours=0 nodehours=12094.9 n_jobs=3345 n_users=12 n_groups=0 n_accounts=0 
syshost=pitzer database=xalt year=2019 month=04 software=None executables=lt-simulate cpuhours=118435.04 corehours=0 nodehours=118435.04 n_jobs=5434 n_users=5 n_groups=0 n_accounts=0 
syshost=pitzer database=xalt year=2019 month=04 software=None executables=Rosetta cpuhours=115727.06 corehours=0 nodehours=115727.06 n_jobs=3725 n_users=1 n_groups=0 n_accounts=0 
syshost=pitzer database=xalt year=2019 month=04 software=None executables=simplecFoam cpuhours=82761.15 corehours=0 nodehours=2145.32 n_jobs=59 n_users=2 n_groups=0 n_accounts=0 
syshost=pitzer database=xalt year=2019 month=04 software=None executables=TSpimpleFoamRobustBlendingFactor-v0.1 cpuhours=82269.7 corehours=0 nodehours=2101.77 n_jobs=20 n_users=2 n_groups=0 n_accounts=0 
syshost=pitzer database=xalt year=2019 month=04 software=None executables=converge-2.3.23-openmpi-linux-64 cpuhours=48816.64 corehours=0 nodehours=1228.99 n_jobs=139 n_users=2 n_groups=0 n_accounts=0 
syshost=pitzer database=xalt year=2019 month=04 software=None executables=ORCA cpuhours=43576.94 corehours=0 nodehours=4421.35 n_jobs=136 n_users=5 n_groups=0 n_accounts=0 
syshost=pitzer database=xalt year=2019 month=04 software=None executables=TSpimpleDyMFoamRobustBlendingFactor-v0.1 cpuhours=43503.85 corehours=0 nodehours=1087.6 n_jobs=64 n_users=1 n_groups=0 n_accounts=0 
syshost=pitzer database=xalt year=2019 month=04 software=None executables=python2.7 cpuhours=38606.28 corehours=0 nodehours=26605.25 n_jobs=9961 n_users=92 n_groups=0 n_accounts=0 
syshost=pitzer database=xalt year=2019 month=04 software=None executables=l913.exe cpuhours=37504.1 corehours=0 nodehours=2537.73 n_jobs=16 n_users=1 n_groups=0 n_accounts=0 
syshost=pitzer database=xalt year=2019 month=04 software=None executables=hmmscan cpuhours=34874.94 corehours=0 nodehours=34874.94 n_jobs=273 n_users=3 n_groups=0 n_accounts=0 
syshost=pitzer database=xalt year=2019 month=04 software=None executables=MOLCAS cpuhours=21768.67 corehours=0 nodehours=21768.67 n_jobs=1073 n_users=3 n_groups=0 n_accounts=0 
syshost=pitzer database=xalt year=2019 month=04 software=None executables=Gaussian cpuhours=20734.25 corehours=0 nodehours=19073.51 n_jobs=888 n_users=7 n_groups=0 n_accounts=0 
syshost=pitzer database=xalt year=2019 month=04 software=None executables=v2_CWID cpuhours=19138.22 corehours=0 nodehours=19138.22 n_jobs=737 n_users=1 n_groups=0 n_accounts=0 
syshost=pitzer database=xalt year=2019 month=04 software=None executables=AraSim cpuhours=16910.41 corehours=0 nodehours=16910.41 n_jobs=62 n_users=2 n_groups=0 n_accounts=0 
syshost=pitzer database=xalt year=2019 month=04 software=None executables=wrf.exe cpuhours=14809.73 corehours=0 nodehours=370.24 n_jobs=10 n_users=1 n_groups=0 n_accounts=0 
syshost=pitzer database=xalt year=2019 month=04 software=None executables=TSsnappyHexMesh-v2.0 cpuhours=14128.83 corehours=0 nodehours=735.88 n_jobs=40 n_users=2 n_groups=0 n_accounts=0 
syshost=pitzer database=xalt year=2019 month=04 software=None executables=samtools cpuhours=12685.67 corehours=0 nodehours=12685.67 n_jobs=5385 n_users=7 n_groups=0 n_accounts=0 
syshost=pitzer database=xalt year=2019 month=04 software=None executables=Gadget2-sidm-zzc cpuhours=12112.58 corehours=0 nodehours=415.69 n_jobs=33 n_users=1 n_groups=0 n_accounts=0 
syshost=pitzer database=xalt year=2019 month=04 software=None executables=execFlowFunctionObjects cpuhours=10559.22 corehours=0 nodehours=272.36 n_jobs=43 n_users=2 n_groups=0 n_accounts=0 
syshost=pitzer database=xalt year=2019 month=04 software=None executables=MEXE cpuhours=8793.37 corehours=0 nodehours=219.83 n_jobs=8 n_users=1 n_groups=0 n_accounts=0 
syshost=pitzer database=xalt year=2019 month=04 software=None executables=python3.6 cpuhours=7694.82 corehours=0 nodehours=7753.67 n_jobs=11988 n_users=66 n_groups=0 n_accounts=0 
syshost=pitzer database=xalt year=2019 month=04 software=None executables=Chaquetin cpuhours=6834.76 corehours=0 nodehours=6834.76 n_jobs=301 n_users=1 n_groups=0 n_accounts=0 
syshost=pitzer database=xalt year=2019 month=04 software=None executables=OpenFORM cpuhours=6601.12 corehours=0 nodehours=165.17 n_jobs=77 n_users=2 n_groups=0 n_accounts=0 
syshost=pitzer database=xalt year=2019 month=04 software=None executables=bwa cpuhours=5800.98 corehours=0 nodehours=5800.98 n_jobs=5144 n_users=5 n_groups=0 n_accounts=0 
syshost=pitzer database=xalt year=2019 month=04 software=None executables=SingleProc1Dlsp cpuhours=5127.51 corehours=0 nodehours=128.59 n_jobs=22 n_users=1 n_groups=0 n_accounts=0 
syshost=pitzer database=xalt year=2019 month=04 software=None executables=python3.7 cpuhours=4234.29 corehours=0 nodehours=4234.29 n_jobs=7071 n_users=16 n_groups=0 n_accounts=0 
syshost=pitzer database=xalt year=2019 month=04 software=None executables=Gadget2 cpuhours=3935.73 corehours=0 nodehours=190.71 n_jobs=4 n_users=1 n_groups=0 n_accounts=0 
syshost=pitzer database=xalt year=2019 month=04 software=None executables=orca cpuhours=2573.62 corehours=0 nodehours=2573.68 n_jobs=138 n_users=4 n_groups=0 n_accounts=0 
syshost=pitzer database=xalt year=2019 month=04 software=None executables=pimpleDyMFoam cpuhours=2189.34 corehours=0 nodehours=54.73 n_jobs=13 n_users=1 n_groups=0 n_accounts=0 
syshost=pitzer database=xalt year=2019 month=04 software=None executables=pturbo.x cpuhours=2116.03 corehours=0 nodehours=65.31 n_jobs=73 n_users=1 n_groups=0 n_accounts=0 
syshost=pitzer database=xalt year=2019 month=04 software=None executables=a.out cpuhours=2003.26 corehours=0 nodehours=125.97 n_jobs=16 n_users=5 n_groups=0 n_accounts=0 
syshost=pitzer database=xalt year=2019 month=04 software=None executables=docking_protocol.default.linuxgccrelease cpuhours=1933.79 corehours=0 nodehours=1933.79 n_jobs=367 n_users=1 n_groups=0 n_accounts=0 
syshost=pitzer database=xalt year=2019 month=04 software=None executables=Arepo cpuhours=1700.03 corehours=0 nodehours=42.5 n_jobs=9 n_users=1 n_groups=0 n_accounts=0 
syshost=pitzer database=xalt year=2019 month=04 software=None executables=diamond cpuhours=1500.17 corehours=0 nodehours=1500.17 n_jobs=269 n_users=8 n_groups=0 n_accounts=0 
syshost=pitzer database=xalt year=2019 month=04 software=None executables=bowtie2-align-s cpuhours=1327.92 corehours=0 nodehours=1327.92 n_jobs=24 n_users=3 n_groups=0 n_accounts=0 
syshost=pitzer database=xalt year=2019 month=04 software=None executables=padcirc cpuhours=1219.74 corehours=0 nodehours=30.49 n_jobs=1 n_users=1 n_groups=0 n_accounts=0 
syshost=pitzer database=xalt year=2019 month=04 software=None executables=osu_alltoall cpuhours=1185.27 corehours=0 nodehours=4.76 n_jobs=1 n_users=1 n_groups=0 n_accounts=0 
syshost=pitzer database=xalt year=2019 month=04 software=None executables=osu_alltoallv cpuhours=1148.89 corehours=0 nodehours=4.39 n_jobs=1 n_users=1 n_groups=0 n_accounts=0 
syshost=pitzer database=xalt year=2019 month=04 software=None executables=mclr.exe cpuhours=1056.68 corehours=0 nodehours=1056.68 n_jobs=179 n_users=2 n_groups=0 n_accounts=0 
syshost=pitzer database=xalt year=2019 month=04 software=None executables=v2_Reco cpuhours=968.12 corehours=0 nodehours=968.12 n_jobs=1278 n_users=1 n_groups=0 n_accounts=0 
syshost=pitzer database=xalt year=2019 month=04 software=None executables=foamToEnsight cpuhours=955.5 corehours=0 nodehours=24.84 n_jobs=42 n_users=3 n_groups=0 n_accounts=0 
syshost=pitzer database=xalt year=2019 month=04 software=None executables=v2_Filter cpuhours=936.1 corehours=0 nodehours=936.1 n_jobs=6740 n_users=1 n_groups=0 n_accounts=0 
syshost=pitzer database=xalt year=2019 month=04 software=None executables=orted cpuhours=915.63 corehours=0 nodehours=4613.62 n_jobs=134 n_users=7 n_groups=0 n_accounts=0 
syshost=pitzer database=xalt year=2019 month=04 software=None executables=namd2 cpuhours=832.2 corehours=0 nodehours=832.2 n_jobs=70 n_users=1 n_groups=0 n_accounts=0 
syshost=pitzer database=xalt year=2019 month=04 software=None executables=v2_RunSummary cpuhours=831.19 corehours=0 nodehours=831.19 n_jobs=2361 n_users=1 n_groups=0 n_accounts=0 
syshost=pitzer database=xalt year=2019 month=04 software=None executables=parallel-command-processor cpuhours=736.51 corehours=0 nodehours=56.37 n_jobs=104 n_users=5 n_groups=0 n_accounts=0 
syshost=pitzer database=xalt year=2019 month=04 software=None executables=l804.exe cpuhours=727.85 corehours=0 nodehours=27.85 n_jobs=7 n_users=1 n_groups=0 n_accounts=0 
