syshost=owens database=xalt year=2019 month=06 software=None executables=LAMMPS cpuhours=1539191.3 corehours=0 nodehours=79366.48 n_jobs=831897 n_users=23 n_groups=0 n_accounts=0 
syshost=owens database=xalt year=2019 month=06 software=None executables=VASP cpuhours=1336446.45 corehours=0 nodehours=47843.93 n_jobs=5046 n_users=20 n_groups=0 n_accounts=0 
syshost=owens database=xalt year=2019 month=06 software=None executables=wrf.exe cpuhours=499603.01 corehours=0 nodehours=17842.96 n_jobs=1798 n_users=3 n_groups=0 n_accounts=0 
syshost=owens database=xalt year=2019 month=06 software=None executables=gmx_mpi cpuhours=199416.09 corehours=0 nodehours=7166.15 n_jobs=123 n_users=6 n_groups=0 n_accounts=0 
syshost=owens database=xalt year=2019 month=06 software=None executables=TSpimpleFoamRobustBlendingFactor-v0.1 cpuhours=105588.01 corehours=0 nodehours=3840.76 n_jobs=54 n_users=2 n_groups=0 n_accounts=0 
syshost=owens database=xalt year=2019 month=06 software=None executables=simplecFoam cpuhours=103727.89 corehours=0 nodehours=3724.74 n_jobs=161 n_users=5 n_groups=0 n_accounts=0 
syshost=owens database=xalt year=2019 month=06 software=None executables=converge-2.3.23-openmpi-linux-64 cpuhours=78182.44 corehours=0 nodehours=2812.01 n_jobs=99 n_users=1 n_groups=0 n_accounts=0 
syshost=owens database=xalt year=2019 month=06 software=None executables=parallel-command-processor cpuhours=71504.02 corehours=0 nodehours=3562.91 n_jobs=588 n_users=9 n_groups=0 n_accounts=0 
syshost=owens database=xalt year=2019 month=06 software=None executables=QChem cpuhours=71095.01 corehours=0 nodehours=11577.24 n_jobs=2103 n_users=15 n_groups=0 n_accounts=0 
syshost=owens database=xalt year=2019 month=06 software=None executables=R cpuhours=66764.31 corehours=0 nodehours=44742.2 n_jobs=9751 n_users=62 n_groups=0 n_accounts=0 
syshost=owens database=xalt year=2019 month=06 software=None executables=fdl3di.exe cpuhours=64910.85 corehours=0 nodehours=2404.62 n_jobs=42 n_users=2 n_groups=0 n_accounts=0 
syshost=owens database=xalt year=2019 month=06 software=None executables=namd2 cpuhours=57376.34 corehours=0 nodehours=2173.75 n_jobs=362 n_users=11 n_groups=0 n_accounts=0 
syshost=owens database=xalt year=2019 month=06 software=None executables=Gaussian cpuhours=51620.45 corehours=0 nodehours=36377.99 n_jobs=6274 n_users=42 n_groups=0 n_accounts=0 
syshost=owens database=xalt year=2019 month=06 software=None executables=real.exe cpuhours=48256.3 corehours=0 nodehours=1723.6 n_jobs=3165 n_users=3 n_groups=0 n_accounts=0 
syshost=owens database=xalt year=2019 month=06 software=None executables=gmx_gpu_mpi cpuhours=41989.7 corehours=0 nodehours=1609.51 n_jobs=263 n_users=5 n_groups=0 n_accounts=0 
syshost=owens database=xalt year=2019 month=06 software=None executables=TSsnappyHexMesh-v2.0 cpuhours=40010.19 corehours=0 nodehours=1606.48 n_jobs=168 n_users=5 n_groups=0 n_accounts=0 
syshost=owens database=xalt year=2019 month=06 software=None executables=AraSim cpuhours=33459.48 corehours=0 nodehours=33459.48 n_jobs=229 n_users=2 n_groups=0 n_accounts=0 
syshost=owens database=xalt year=2019 month=06 software=None executables=interPhaseChangeDyMFoam cpuhours=29692.74 corehours=0 nodehours=1060.46 n_jobs=6 n_users=1 n_groups=0 n_accounts=0 
syshost=owens database=xalt year=2019 month=06 software=None executables=lt-simulate cpuhours=29232.28 corehours=0 nodehours=29232.28 n_jobs=3021 n_users=5 n_groups=0 n_accounts=0 
syshost=owens database=xalt year=2019 month=06 software=None executables=TSpimpleDyMFoamRobustBlendingFactor-v0.1 cpuhours=22661.17 corehours=0 nodehours=809.33 n_jobs=6 n_users=1 n_groups=0 n_accounts=0 
syshost=owens database=xalt year=2019 month=06 software=None executables=python2.7 cpuhours=18340.13 corehours=0 nodehours=18762.11 n_jobs=18687 n_users=177 n_groups=0 n_accounts=0 
syshost=owens database=xalt year=2019 month=06 software=None executables=explicit_dp cpuhours=17239.63 corehours=0 nodehours=207583.26 n_jobs=13 n_users=3 n_groups=0 n_accounts=0 
syshost=owens database=xalt year=2019 month=06 software=None executables=explicit cpuhours=17201.57 corehours=0 nodehours=114342.99 n_jobs=66 n_users=8 n_groups=0 n_accounts=0 
syshost=owens database=xalt year=2019 month=06 software=None executables=TSchtMultiRegionSimpleFoam-v2.4 cpuhours=16153.54 corehours=0 nodehours=576.91 n_jobs=8 n_users=1 n_groups=0 n_accounts=0 
syshost=owens database=xalt year=2019 month=06 software=None executables=fluent_mpi.19.2.0 cpuhours=14591.94 corehours=0 nodehours=144752.41 n_jobs=51 n_users=4 n_groups=0 n_accounts=0 
syshost=owens database=xalt year=2019 month=06 software=None executables=ansys.e cpuhours=13442.23 corehours=0 nodehours=674.35 n_jobs=63 n_users=8 n_groups=0 n_accounts=0 
syshost=owens database=xalt year=2019 month=06 software=None executables=runInterferometry cpuhours=12758.99 corehours=0 nodehours=12758.99 n_jobs=1013 n_users=1 n_groups=0 n_accounts=0 
syshost=owens database=xalt year=2019 month=06 software=None executables=interDyMFoam cpuhours=12651.93 corehours=0 nodehours=451.85 n_jobs=13 n_users=1 n_groups=0 n_accounts=0 
syshost=owens database=xalt year=2019 month=06 software=None executables=cfl3dv6_mpi_owens cpuhours=12455.78 corehours=0 nodehours=518.99 n_jobs=295 n_users=1 n_groups=0 n_accounts=0 
syshost=owens database=xalt year=2019 month=06 software=None executables=orted cpuhours=12303.38 corehours=0 nodehours=94517.13 n_jobs=865 n_users=22 n_groups=0 n_accounts=0 
syshost=owens database=xalt year=2019 month=06 software=None executables=lsp cpuhours=11566.85 corehours=0 nodehours=940.16 n_jobs=18 n_users=2 n_groups=0 n_accounts=0 
syshost=owens database=xalt year=2019 month=06 software=None executables=Xvnc cpuhours=11411.99 corehours=0 nodehours=12338.66 n_jobs=1343 n_users=122 n_groups=0 n_accounts=0 
syshost=owens database=xalt year=2019 month=06 software=None executables=python3 cpuhours=10506.67 corehours=0 nodehours=10506.67 n_jobs=244 n_users=13 n_groups=0 n_accounts=0 
syshost=owens database=xalt year=2019 month=06 software=None executables=pmi_proxy cpuhours=10481.43 corehours=0 nodehours=54508.58 n_jobs=6507 n_users=48 n_groups=0 n_accounts=0 
syshost=owens database=xalt year=2019 month=06 software=None executables=mpp971 cpuhours=9427.57 corehours=0 nodehours=336.7 n_jobs=18 n_users=1 n_groups=0 n_accounts=0 
syshost=owens database=xalt year=2019 month=06 software=None executables=execFlowFunctionObjects cpuhours=7868.97 corehours=0 nodehours=283.46 n_jobs=158 n_users=5 n_groups=0 n_accounts=0 
syshost=owens database=xalt year=2019 month=06 software=None executables=blastn cpuhours=7807.74 corehours=0 nodehours=7807.74 n_jobs=210 n_users=3 n_groups=0 n_accounts=0 
syshost=owens database=xalt year=2019 month=06 software=None executables=v2_Reco cpuhours=7664.41 corehours=0 nodehours=7664.41 n_jobs=2078 n_users=1 n_groups=0 n_accounts=0 
syshost=owens database=xalt year=2019 month=06 software=None executables=perl cpuhours=7126.17 corehours=0 nodehours=7126.08 n_jobs=19953 n_users=28 n_groups=0 n_accounts=0 
syshost=owens database=xalt year=2019 month=06 software=None executables=gmx_gpu cpuhours=6966.88 corehours=0 nodehours=7924.29 n_jobs=368 n_users=7 n_groups=0 n_accounts=0 
syshost=owens database=xalt year=2019 month=06 software=None executables=python3.6 cpuhours=5911.45 corehours=0 nodehours=7140.73 n_jobs=6838 n_users=91 n_groups=0 n_accounts=0 
syshost=owens database=xalt year=2019 month=06 software=None executables=MATLAB cpuhours=5664.53 corehours=0 nodehours=5682.64 n_jobs=15738 n_users=30 n_groups=0 n_accounts=0 
syshost=owens database=xalt year=2019 month=06 software=None executables=mpiexec.hydra cpuhours=5607.0 corehours=0 nodehours=21557.58 n_jobs=835167 n_users=49 n_groups=0 n_accounts=0 
syshost=owens database=xalt year=2019 month=06 software=None executables=fluent_mpi.19.1.0 cpuhours=5229.58 corehours=0 nodehours=15681.26 n_jobs=59 n_users=3 n_groups=0 n_accounts=0 
syshost=owens database=xalt year=2019 month=06 software=None executables=python cpuhours=4962.32 corehours=0 nodehours=26238.46 n_jobs=367 n_users=24 n_groups=0 n_accounts=0 
syshost=owens database=xalt year=2019 month=06 software=None executables=hmmscan cpuhours=4899.18 corehours=0 nodehours=4899.31 n_jobs=155 n_users=5 n_groups=0 n_accounts=0 
syshost=owens database=xalt year=2019 month=06 software=None executables=glide_backend cpuhours=4807.86 corehours=0 nodehours=4807.86 n_jobs=156 n_users=4 n_groups=0 n_accounts=0 
syshost=owens database=xalt year=2019 month=06 software=None executables=python3.7 cpuhours=4779.27 corehours=0 nodehours=5098.34 n_jobs=18339 n_users=28 n_groups=0 n_accounts=0 
syshost=owens database=xalt year=2019 month=06 software=None executables=pw.x cpuhours=4095.85 corehours=0 nodehours=146.28 n_jobs=26 n_users=4 n_groups=0 n_accounts=0 
syshost=owens database=xalt year=2019 month=06 software=None executables=ORCA cpuhours=3978.53 corehours=0 nodehours=339.76 n_jobs=19 n_users=4 n_groups=0 n_accounts=0 
