syshost=pitzer database=xalt year=2019 month=07 software=None executables=LAMMPS cpuhours=772416.56 corehours=0 nodehours=33277.7 n_jobs=2585 n_users=16 n_groups=0 n_accounts=0 
syshost=pitzer database=xalt year=2019 month=07 software=None executables=VASP cpuhours=766002.33 corehours=0 nodehours=19287.24 n_jobs=2609 n_users=10 n_groups=0 n_accounts=0 
syshost=pitzer database=xalt year=2019 month=07 software=None executables=QChem cpuhours=500729.03 corehours=0 nodehours=18195.36 n_jobs=1823 n_users=15 n_groups=0 n_accounts=0 
syshost=pitzer database=xalt year=2019 month=07 software=None executables=TSpimpleFoamRobustBlendingFactor-v0.1 cpuhours=333675.06 corehours=0 nodehours=8515.25 n_jobs=60 n_users=1 n_groups=0 n_accounts=0 
syshost=pitzer database=xalt year=2019 month=07 software=None executables=gmx_mpi cpuhours=246801.64 corehours=0 nodehours=6170.04 n_jobs=130 n_users=5 n_groups=0 n_accounts=0 
syshost=pitzer database=xalt year=2019 month=07 software=None executables=lt-simulate cpuhours=181434.65 corehours=0 nodehours=181434.65 n_jobs=3016 n_users=4 n_groups=0 n_accounts=0 
syshost=pitzer database=xalt year=2019 month=07 software=None executables=simplecFoam cpuhours=125018.45 corehours=0 nodehours=3185.9 n_jobs=78 n_users=2 n_groups=0 n_accounts=0 
syshost=pitzer database=xalt year=2019 month=07 software=None executables=namd2 cpuhours=123843.06 corehours=0 nodehours=3557.92 n_jobs=61 n_users=6 n_groups=0 n_accounts=0 
syshost=pitzer database=xalt year=2019 month=07 software=None executables=nodet_mpi cpuhours=56873.04 corehours=0 nodehours=1421.83 n_jobs=116 n_users=1 n_groups=0 n_accounts=0 
syshost=pitzer database=xalt year=2019 month=07 software=None executables=Arepo-sidm cpuhours=39437.13 corehours=0 nodehours=985.93 n_jobs=27 n_users=1 n_groups=0 n_accounts=0 
syshost=pitzer database=xalt year=2019 month=07 software=None executables=parallel-command-processor cpuhours=27943.17 corehours=0 nodehours=1118.87 n_jobs=892 n_users=4 n_groups=0 n_accounts=0 
syshost=pitzer database=xalt year=2019 month=07 software=None executables=Arepo cpuhours=27152.05 corehours=0 nodehours=678.8 n_jobs=17 n_users=2 n_groups=0 n_accounts=0 
syshost=pitzer database=xalt year=2019 month=07 software=None executables=AraSim cpuhours=25294.37 corehours=0 nodehours=25294.37 n_jobs=50 n_users=1 n_groups=0 n_accounts=0 
syshost=pitzer database=xalt year=2019 month=07 software=None executables=R cpuhours=24000.36 corehours=0 nodehours=24000.36 n_jobs=1140 n_users=19 n_groups=0 n_accounts=0 
syshost=pitzer database=xalt year=2019 month=07 software=None executables=execFlowFunctionObjects cpuhours=23406.79 corehours=0 nodehours=597.78 n_jobs=102 n_users=2 n_groups=0 n_accounts=0 
syshost=pitzer database=xalt year=2019 month=07 software=None executables=MEXE cpuhours=19830.27 corehours=0 nodehours=495.76 n_jobs=14 n_users=1 n_groups=0 n_accounts=0 
syshost=pitzer database=xalt year=2019 month=07 software=None executables=TSsnappyHexMesh-v2.0 cpuhours=18788.02 corehours=0 nodehours=1719.93 n_jobs=71 n_users=2 n_groups=0 n_accounts=0 
syshost=pitzer database=xalt year=2019 month=07 software=None executables=converge-2.3.23-openmpi-linux-64 cpuhours=17062.28 corehours=0 nodehours=426.56 n_jobs=12 n_users=1 n_groups=0 n_accounts=0 
syshost=pitzer database=xalt year=2019 month=07 software=None executables=python2.7 cpuhours=14364.85 corehours=0 nodehours=10158.7 n_jobs=8345 n_users=70 n_groups=0 n_accounts=0 
syshost=pitzer database=xalt year=2019 month=07 software=None executables=osc.exe cpuhours=10173.01 corehours=0 nodehours=254.33 n_jobs=2 n_users=1 n_groups=0 n_accounts=0 
syshost=pitzer database=xalt year=2019 month=07 software=None executables=hmmscan cpuhours=9951.66 corehours=0 nodehours=9951.66 n_jobs=13 n_users=3 n_groups=0 n_accounts=0 
syshost=pitzer database=xalt year=2019 month=07 software=None executables=MOLCAS cpuhours=8828.3 corehours=0 nodehours=8828.3 n_jobs=2696 n_users=4 n_groups=0 n_accounts=0 
syshost=pitzer database=xalt year=2019 month=07 software=None executables=python3.7 cpuhours=7295.67 corehours=0 nodehours=7295.67 n_jobs=2123 n_users=25 n_groups=0 n_accounts=0 
syshost=pitzer database=xalt year=2019 month=07 software=None executables=python3.6 cpuhours=5368.73 corehours=0 nodehours=5405.21 n_jobs=13735 n_users=48 n_groups=0 n_accounts=0 
syshost=pitzer database=xalt year=2019 month=07 software=None executables=Gaussian cpuhours=5096.61 corehours=0 nodehours=3774.66 n_jobs=548 n_users=11 n_groups=0 n_accounts=0 
syshost=pitzer database=xalt year=2019 month=07 software=None executables=padcirc cpuhours=4417.42 corehours=0 nodehours=110.44 n_jobs=4 n_users=1 n_groups=0 n_accounts=0 
syshost=pitzer database=xalt year=2019 month=07 software=None executables=pmi_proxy cpuhours=4299.69 corehours=0 nodehours=18455.74 n_jobs=2138 n_users=13 n_groups=0 n_accounts=0 
syshost=pitzer database=xalt year=2019 month=07 software=None executables=comsollauncher cpuhours=4015.72 corehours=0 nodehours=50.74 n_jobs=5 n_users=1 n_groups=0 n_accounts=0 
syshost=pitzer database=xalt year=2019 month=07 software=None executables=ORCA cpuhours=3672.14 corehours=0 nodehours=91.82 n_jobs=19 n_users=2 n_groups=0 n_accounts=0 
syshost=pitzer database=xalt year=2019 month=07 software=None executables=wrf.exe cpuhours=3400.63 corehours=0 nodehours=85.02 n_jobs=81 n_users=3 n_groups=0 n_accounts=0 
syshost=pitzer database=xalt year=2019 month=07 software=None executables=foamToEnsight cpuhours=2533.21 corehours=0 nodehours=64.7 n_jobs=75 n_users=2 n_groups=0 n_accounts=0 
syshost=pitzer database=xalt year=2019 month=07 software=None executables=v2_SaveVals cpuhours=2209.76 corehours=0 nodehours=2209.76 n_jobs=558 n_users=1 n_groups=0 n_accounts=0 
syshost=pitzer database=xalt year=2019 month=07 software=None executables=lsp cpuhours=2111.78 corehours=0 nodehours=88.55 n_jobs=22 n_users=2 n_groups=0 n_accounts=0 
syshost=pitzer database=xalt year=2019 month=07 software=None executables=full.exe cpuhours=2029.86 corehours=0 nodehours=73.55 n_jobs=83 n_users=2 n_groups=0 n_accounts=0 
syshost=pitzer database=xalt year=2019 month=07 software=None executables=megahit_asm_core cpuhours=2027.5 corehours=0 nodehours=2027.5 n_jobs=10191 n_users=2 n_groups=0 n_accounts=0 
syshost=pitzer database=xalt year=2019 month=07 software=None executables=full cpuhours=1962.91 corehours=0 nodehours=100.84 n_jobs=160 n_users=2 n_groups=0 n_accounts=0 
syshost=pitzer database=xalt year=2019 month=07 software=None executables=l1002.exe cpuhours=1780.35 corehours=0 nodehours=100.57 n_jobs=22 n_users=4 n_groups=0 n_accounts=0 
syshost=pitzer database=xalt year=2019 month=07 software=None executables=main_BEeffects cpuhours=1618.27 corehours=0 nodehours=42.62 n_jobs=10 n_users=1 n_groups=0 n_accounts=0 
syshost=pitzer database=xalt year=2019 month=07 software=None executables=Chaquetin cpuhours=1501.06 corehours=0 nodehours=1501.06 n_jobs=246 n_users=1 n_groups=0 n_accounts=0 
syshost=pitzer database=xalt year=2019 month=07 software=None executables=fluent_mpi.19.3.0 cpuhours=1148.97 corehours=0 nodehours=1149.82 n_jobs=10 n_users=2 n_groups=0 n_accounts=0 
syshost=pitzer database=xalt year=2019 month=07 software=None executables=orted cpuhours=1144.38 corehours=0 nodehours=2856.9 n_jobs=390 n_users=10 n_groups=0 n_accounts=0 
syshost=pitzer database=xalt year=2019 month=07 software=None executables=ensight19.server cpuhours=1093.17 corehours=0 nodehours=1093.17 n_jobs=14 n_users=1 n_groups=0 n_accounts=0 
syshost=pitzer database=xalt year=2019 month=07 software=None executables=gmx_gpu cpuhours=1077.38 corehours=0 nodehours=1077.38 n_jobs=51 n_users=5 n_groups=0 n_accounts=0 
syshost=pitzer database=xalt year=2019 month=07 software=None executables=pvpython cpuhours=1049.03 corehours=0 nodehours=409.66 n_jobs=299 n_users=3 n_groups=0 n_accounts=0 
syshost=pitzer database=xalt year=2019 month=07 software=None executables=ceishell cpuhours=974.79 corehours=0 nodehours=974.79 n_jobs=19 n_users=1 n_groups=0 n_accounts=0 
syshost=pitzer database=xalt year=2019 month=07 software=None executables=Tacho_ExampleDenseByBlocks.exe cpuhours=932.37 corehours=0 nodehours=23.55 n_jobs=147 n_users=1 n_groups=0 n_accounts=0 
syshost=pitzer database=xalt year=2019 month=07 software=None executables=v2_CWID100 cpuhours=888.16 corehours=0 nodehours=888.16 n_jobs=39 n_users=1 n_groups=0 n_accounts=0 
syshost=pitzer database=xalt year=2019 month=07 software=None executables=hmmsearch cpuhours=862.64 corehours=0 nodehours=862.64 n_jobs=217 n_users=7 n_groups=0 n_accounts=0 
syshost=pitzer database=xalt year=2019 month=07 software=None executables=xhpcg_skx cpuhours=831.32 corehours=0 nodehours=20.78 n_jobs=179 n_users=2 n_groups=0 n_accounts=0 
syshost=pitzer database=xalt year=2019 month=07 software=None executables=MATLAB cpuhours=804.48 corehours=0 nodehours=804.48 n_jobs=3571 n_users=9 n_groups=0 n_accounts=0 
