syshost=pitzer database=xalt software=None executables=namd2 cpuhours=1631672.35 corehours=0 nodehours=40321.86 n_jobs=509 n_users=9 n_groups=0 n_accounts=0 year=2020 month=11
syshost=pitzer database=xalt software=None executables=cp2k.popt cpuhours=408739.76 corehours=0 nodehours=9042.55 n_jobs=398 n_users=6 n_groups=0 n_accounts=0 year=2020 month=11
syshost=pitzer database=xalt software=None executables=fluent_mpi.19.4.0 cpuhours=385755.02 corehours=0 nodehours=619790.39 n_jobs=95 n_users=3 n_groups=0 n_accounts=0 year=2020 month=11
syshost=pitzer database=xalt software=None executables=VASP cpuhours=346392.24 corehours=0 nodehours=8419.86 n_jobs=1417 n_users=12 n_groups=0 n_accounts=0 year=2020 month=11
syshost=pitzer database=xalt software=None executables=digfilt.exe cpuhours=299951.38 corehours=0 nodehours=6248.99 n_jobs=7 n_users=1 n_groups=0 n_accounts=0 year=2020 month=11
syshost=pitzer database=xalt software=None executables=parallel-command-processor cpuhours=273520.54 corehours=0 nodehours=10527.46 n_jobs=972 n_users=6 n_groups=0 n_accounts=0 year=2020 month=11
syshost=pitzer database=xalt software=None executables=tkestatsclone.exe cpuhours=155580.61 corehours=0 nodehours=3486.88 n_jobs=61 n_users=4 n_groups=0 n_accounts=0 year=2020 month=11
syshost=pitzer database=xalt software=None executables=samtools cpuhours=126698.8 corehours=0 nodehours=16918.67 n_jobs=2103 n_users=27 n_groups=0 n_accounts=0 year=2020 month=11
syshost=pitzer database=xalt software=None executables=pimpleFoam cpuhours=121254.43 corehours=0 nodehours=3031.36 n_jobs=60 n_users=2 n_groups=0 n_accounts=0 year=2020 month=11
syshost=pitzer database=xalt software=None executables=LAMMPS cpuhours=71413.79 corehours=0 nodehours=2031.98 n_jobs=526 n_users=9 n_groups=0 n_accounts=0 year=2020 month=11
syshost=pitzer database=xalt software=None executables=mdrun_mpi cpuhours=63368.14 corehours=0 nodehours=3960.51 n_jobs=146 n_users=1 n_groups=0 n_accounts=0 year=2020 month=11
syshost=pitzer database=xalt software=None executables=python2.7 cpuhours=60726.32 corehours=0 nodehours=43729.99 n_jobs=5239 n_users=123 n_groups=0 n_accounts=0 year=2020 month=11
syshost=pitzer database=xalt software=None executables=epoch3d cpuhours=50009.78 corehours=0 nodehours=1048.13 n_jobs=50 n_users=1 n_groups=0 n_accounts=0 year=2020 month=11
syshost=pitzer database=xalt software=None executables=TSpimpleFoamRobustBlendingFactor-v0.1 cpuhours=47007.83 corehours=0 nodehours=979.33 n_jobs=4 n_users=1 n_groups=0 n_accounts=0 year=2020 month=11
syshost=pitzer database=xalt software=None executables=perl cpuhours=45093.01 corehours=0 nodehours=7289.9 n_jobs=1786 n_users=17 n_groups=0 n_accounts=0 year=2020 month=11
syshost=pitzer database=xalt software=None executables=bowtie2-align-s cpuhours=44505.17 corehours=0 nodehours=14186.93 n_jobs=603 n_users=15 n_groups=0 n_accounts=0 year=2020 month=11
syshost=pitzer database=xalt software=None executables=nodet_mpi cpuhours=38111.75 corehours=0 nodehours=793.99 n_jobs=50 n_users=2 n_groups=0 n_accounts=0 year=2020 month=11
syshost=pitzer database=xalt software=None executables=Arepo-sidm cpuhours=34594.55 corehours=0 nodehours=864.86 n_jobs=15 n_users=1 n_groups=0 n_accounts=0 year=2020 month=11
syshost=pitzer database=xalt software=None executables=TWODHBLhybridroe_sol.exe cpuhours=33093.06 corehours=0 nodehours=689.44 n_jobs=44 n_users=1 n_groups=0 n_accounts=0 year=2020 month=11
syshost=pitzer database=xalt software=None executables=nek5000 cpuhours=30930.13 corehours=0 nodehours=644.38 n_jobs=15265 n_users=1 n_groups=0 n_accounts=0 year=2020 month=11
syshost=pitzer database=xalt software=None executables=converge-intelmpi cpuhours=23556.93 corehours=0 nodehours=490.77 n_jobs=17 n_users=2 n_groups=0 n_accounts=0 year=2020 month=11
syshost=pitzer database=xalt software=None executables=lt-simulate cpuhours=23262.8 corehours=0 nodehours=23262.8 n_jobs=23469 n_users=4 n_groups=0 n_accounts=0 year=2020 month=11
syshost=pitzer database=xalt software=None executables=simplecFoam cpuhours=22757.51 corehours=0 nodehours=474.11 n_jobs=7 n_users=1 n_groups=0 n_accounts=0 year=2020 month=11
syshost=pitzer database=xalt software=None executables=garffield_pitzer cpuhours=22156.45 corehours=0 nodehours=4433.88 n_jobs=765 n_users=1 n_groups=0 n_accounts=0 year=2020 month=11
syshost=pitzer database=xalt software=None executables=python3.6 cpuhours=21987.48 corehours=0 nodehours=20279.44 n_jobs=71244 n_users=115 n_groups=0 n_accounts=0 year=2020 month=11
syshost=pitzer database=xalt software=None executables=python3.7 cpuhours=18052.87 corehours=0 nodehours=17871.59 n_jobs=3052 n_users=68 n_groups=0 n_accounts=0 year=2020 month=11
syshost=pitzer database=xalt software=None executables=converge-mpich cpuhours=17471.37 corehours=0 nodehours=364.17 n_jobs=25 n_users=1 n_groups=0 n_accounts=0 year=2020 month=11
syshost=pitzer database=xalt software=None executables=dakota cpuhours=16988.8 corehours=0 nodehours=424.72 n_jobs=13 n_users=1 n_groups=0 n_accounts=0 year=2020 month=11
syshost=pitzer database=xalt software=None executables=setsm_mpi cpuhours=16394.71 corehours=0 nodehours=341.56 n_jobs=78 n_users=1 n_groups=0 n_accounts=0 year=2020 month=11
syshost=pitzer database=xalt software=None executables=extract.x cpuhours=14713.68 corehours=0 nodehours=856.88 n_jobs=96 n_users=1 n_groups=0 n_accounts=0 year=2020 month=11
syshost=pitzer database=xalt software=None executables=Gadget2S cpuhours=14602.3 corehours=0 nodehours=730.12 n_jobs=83 n_users=1 n_groups=0 n_accounts=0 year=2020 month=11
syshost=pitzer database=xalt software=None executables=wrf.exe cpuhours=14565.29 corehours=0 nodehours=520.19 n_jobs=6 n_users=1 n_groups=0 n_accounts=0 year=2020 month=11
syshost=pitzer database=xalt software=None executables=trial cpuhours=14511.98 corehours=0 nodehours=458.98 n_jobs=151 n_users=1 n_groups=0 n_accounts=0 year=2020 month=11
syshost=pitzer database=xalt software=None executables=doubleLimbTrunk_exc cpuhours=12844.06 corehours=0 nodehours=321.1 n_jobs=12 n_users=1 n_groups=0 n_accounts=0 year=2020 month=11
syshost=pitzer database=xalt software=None executables=python3.8 cpuhours=11474.45 corehours=0 nodehours=11477.51 n_jobs=736 n_users=28 n_groups=0 n_accounts=0 year=2020 month=11
syshost=pitzer database=xalt software=None executables=pturbo.x cpuhours=11452.32 corehours=0 nodehours=2777.48 n_jobs=36 n_users=2 n_groups=0 n_accounts=0 year=2020 month=11
syshost=pitzer database=xalt software=None executables=QChem cpuhours=9395.27 corehours=0 nodehours=400.18 n_jobs=396 n_users=6 n_groups=0 n_accounts=0 year=2020 month=11
syshost=pitzer database=xalt software=None executables=hhblits cpuhours=9222.62 corehours=0 nodehours=9222.62 n_jobs=137 n_users=1 n_groups=0 n_accounts=0 year=2020 month=11
syshost=pitzer database=xalt software=None executables=R cpuhours=6182.8 corehours=0 nodehours=6168.19 n_jobs=3236 n_users=68 n_groups=0 n_accounts=0 year=2020 month=11
syshost=pitzer database=xalt software=None executables=cov cpuhours=6009.11 corehours=0 nodehours=6009.11 n_jobs=238 n_users=1 n_groups=0 n_accounts=0 year=2020 month=11
syshost=pitzer database=xalt software=None executables=execFlowFunctionObjects cpuhours=5515.09 corehours=0 nodehours=114.9 n_jobs=10 n_users=1 n_groups=0 n_accounts=0 year=2020 month=11
syshost=pitzer database=xalt software=None executables=mpiSWMM5.exe cpuhours=4660.3 corehours=0 nodehours=166.44 n_jobs=5 n_users=1 n_groups=0 n_accounts=0 year=2020 month=11
syshost=pitzer database=xalt software=None executables=swmm5.e cpuhours=4380.84 corehours=0 nodehours=156.46 n_jobs=4 n_users=1 n_groups=0 n_accounts=0 year=2020 month=11
syshost=pitzer database=xalt software=None executables=ensight19.server cpuhours=4249.12 corehours=0 nodehours=4249.12 n_jobs=54 n_users=2 n_groups=0 n_accounts=0 year=2020 month=11
syshost=pitzer database=xalt software=None executables=Amber cpuhours=4117.38 corehours=0 nodehours=3588.38 n_jobs=1648 n_users=4 n_groups=0 n_accounts=0 year=2020 month=11
syshost=pitzer database=xalt software=None executables=orted cpuhours=3768.43 corehours=0 nodehours=3763.65 n_jobs=211 n_users=11 n_groups=0 n_accounts=0 year=2020 month=11
syshost=pitzer database=xalt software=None executables=ceishell cpuhours=3508.59 corehours=0 nodehours=3508.59 n_jobs=55 n_users=2 n_groups=0 n_accounts=0 year=2020 month=11
syshost=pitzer database=xalt software=None executables=pturbo_case1478.x cpuhours=2858.53 corehours=0 nodehours=142.93 n_jobs=22 n_users=1 n_groups=0 n_accounts=0 year=2020 month=11
syshost=pitzer database=xalt software=None executables=Gaussian cpuhours=2513.33 corehours=0 nodehours=2452.8 n_jobs=614 n_users=9 n_groups=0 n_accounts=0 year=2020 month=11
syshost=pitzer database=xalt software=None executables=myCentral cpuhours=2445.32 corehours=0 nodehours=305.66 n_jobs=9 n_users=1 n_groups=0 n_accounts=0 year=2020 month=11
