syshost=pitzer database=xalt software=None executables=namd2 cpuhours=1045860.32 corehours=0 nodehours=26172.08 n_jobs=530 n_users=6 n_groups=0 n_accounts=0 year=2020 month=08
syshost=pitzer database=xalt software=None executables=nodet_mpi cpuhours=680022.08 corehours=0 nodehours=17000.55 n_jobs=462 n_users=1 n_groups=0 n_accounts=0 year=2020 month=08
syshost=pitzer database=xalt software=None executables=fluent_mpi.19.4.0 cpuhours=287682.03 corehours=0 nodehours=515912.24 n_jobs=57 n_users=1 n_groups=0 n_accounts=0 year=2020 month=08
syshost=pitzer database=xalt software=None executables=cp2k.popt cpuhours=245638.05 corehours=0 nodehours=3873.72 n_jobs=430 n_users=3 n_groups=0 n_accounts=0 year=2020 month=08
syshost=pitzer database=xalt software=None executables=QChem cpuhours=177667.95 corehours=0 nodehours=5745.07 n_jobs=360 n_users=13 n_groups=0 n_accounts=0 year=2020 month=08
syshost=pitzer database=xalt software=None executables=LAMMPS cpuhours=146818.66 corehours=0 nodehours=7985.0 n_jobs=10836 n_users=10 n_groups=0 n_accounts=0 year=2020 month=08
syshost=pitzer database=xalt software=None executables=lt-simulate cpuhours=116014.66 corehours=0 nodehours=116014.66 n_jobs=16048 n_users=6 n_groups=0 n_accounts=0 year=2020 month=08
syshost=pitzer database=xalt software=None executables=VASP cpuhours=105903.39 corehours=0 nodehours=2716.15 n_jobs=1006 n_users=10 n_groups=0 n_accounts=0 year=2020 month=08
syshost=pitzer database=xalt software=None executables=parallel-command-processor cpuhours=103137.28 corehours=0 nodehours=2917.51 n_jobs=261 n_users=8 n_groups=0 n_accounts=0 year=2020 month=08
syshost=pitzer database=xalt software=None executables=pimpleFoam cpuhours=63527.86 corehours=0 nodehours=1588.2 n_jobs=31 n_users=1 n_groups=0 n_accounts=0 year=2020 month=08
syshost=pitzer database=xalt software=None executables=python3.7 cpuhours=48911.58 corehours=0 nodehours=47835.4 n_jobs=7765 n_users=44 n_groups=0 n_accounts=0 year=2020 month=08
syshost=pitzer database=xalt software=None executables=python2.7 cpuhours=43067.06 corehours=0 nodehours=2684.57 n_jobs=1770 n_users=90 n_groups=0 n_accounts=0 year=2020 month=08
syshost=pitzer database=xalt software=None executables=R cpuhours=30680.24 corehours=0 nodehours=30660.89 n_jobs=7315 n_users=37 n_groups=0 n_accounts=0 year=2020 month=08
syshost=pitzer database=xalt software=None executables=python3.6 cpuhours=22304.36 corehours=0 nodehours=22302.08 n_jobs=7453 n_users=79 n_groups=0 n_accounts=0 year=2020 month=08
syshost=pitzer database=xalt software=None executables=ORCA cpuhours=19178.59 corehours=0 nodehours=32837.92 n_jobs=43 n_users=2 n_groups=0 n_accounts=0 year=2020 month=08
syshost=pitzer database=xalt software=None executables=interDyMFoam cpuhours=18283.83 corehours=0 nodehours=457.1 n_jobs=36 n_users=1 n_groups=0 n_accounts=0 year=2020 month=08
syshost=pitzer database=xalt software=None executables=MOLCAS cpuhours=17097.25 corehours=0 nodehours=17086.79 n_jobs=3865 n_users=1 n_groups=0 n_accounts=0 year=2020 month=08
syshost=pitzer database=xalt software=None executables=Gaussian cpuhours=14514.19 corehours=0 nodehours=9094.73 n_jobs=1264 n_users=9 n_groups=0 n_accounts=0 year=2020 month=08
syshost=pitzer database=xalt software=None executables=hmmsearch cpuhours=13759.83 corehours=0 nodehours=13759.83 n_jobs=286 n_users=5 n_groups=0 n_accounts=0 year=2020 month=08
syshost=pitzer database=xalt software=None executables=garffield_pitzer cpuhours=12743.35 corehours=0 nodehours=2548.67 n_jobs=106 n_users=1 n_groups=0 n_accounts=0 year=2020 month=08
syshost=pitzer database=xalt software=None executables=IB_LBM cpuhours=12686.84 corehours=0 nodehours=1585.85 n_jobs=445 n_users=1 n_groups=0 n_accounts=0 year=2020 month=08
syshost=pitzer database=xalt software=None executables=interFoam cpuhours=11975.85 corehours=0 nodehours=299.4 n_jobs=23 n_users=1 n_groups=0 n_accounts=0 year=2020 month=08
syshost=pitzer database=xalt software=None executables=SingleProc1Dlsp cpuhours=11742.78 corehours=0 nodehours=297.75 n_jobs=16 n_users=1 n_groups=0 n_accounts=0 year=2020 month=08
syshost=pitzer database=xalt software=None executables=epoch2d cpuhours=10606.67 corehours=0 nodehours=267.74 n_jobs=113 n_users=1 n_groups=0 n_accounts=0 year=2020 month=08
syshost=pitzer database=xalt software=None executables=trial cpuhours=7094.64 corehours=0 nodehours=223.25 n_jobs=187 n_users=1 n_groups=0 n_accounts=0 year=2020 month=08
syshost=pitzer database=xalt software=None executables=orted cpuhours=6021.21 corehours=0 nodehours=55564.04 n_jobs=265 n_users=13 n_groups=0 n_accounts=0 year=2020 month=08
syshost=pitzer database=xalt software=None executables=evp cpuhours=5162.52 corehours=0 nodehours=161.33 n_jobs=14 n_users=2 n_groups=0 n_accounts=0 year=2020 month=08
syshost=pitzer database=xalt software=None executables=AraSim cpuhours=4736.06 corehours=0 nodehours=4736.06 n_jobs=8951 n_users=2 n_groups=0 n_accounts=0 year=2020 month=08
syshost=pitzer database=xalt software=None executables=Amber cpuhours=4341.21 corehours=0 nodehours=117.67 n_jobs=203 n_users=6 n_groups=0 n_accounts=0 year=2020 month=08
syshost=pitzer database=xalt software=None executables=athena cpuhours=3612.95 corehours=0 nodehours=122.2 n_jobs=250 n_users=2 n_groups=0 n_accounts=0 year=2020 month=08
syshost=pitzer database=xalt software=None executables=perl cpuhours=3608.81 corehours=0 nodehours=502.25 n_jobs=163 n_users=9 n_groups=0 n_accounts=0 year=2020 month=08
syshost=pitzer database=xalt software=None executables=ceishell cpuhours=3555.96 corehours=0 nodehours=3555.96 n_jobs=41 n_users=1 n_groups=0 n_accounts=0 year=2020 month=08
syshost=pitzer database=xalt software=None executables=ensight19.server cpuhours=3527.01 corehours=0 nodehours=3527.01 n_jobs=3 n_users=1 n_groups=0 n_accounts=0 year=2020 month=08
syshost=pitzer database=xalt software=None executables=python3.8 cpuhours=3385.1 corehours=0 nodehours=3362.38 n_jobs=746 n_users=7 n_groups=0 n_accounts=0 year=2020 month=08
syshost=pitzer database=xalt software=None executables=Arepo-BKT-evapo cpuhours=2986.78 corehours=0 nodehours=90.31 n_jobs=293 n_users=1 n_groups=0 n_accounts=0 year=2020 month=08
syshost=pitzer database=xalt software=None executables=rmblastn cpuhours=2781.69 corehours=0 nodehours=231.81 n_jobs=4 n_users=1 n_groups=0 n_accounts=0 year=2020 month=08
syshost=pitzer database=xalt software=None executables=full.exe cpuhours=2764.56 corehours=0 nodehours=99.41 n_jobs=96 n_users=1 n_groups=0 n_accounts=0 year=2020 month=08
syshost=pitzer database=xalt software=None executables=converge-mpich cpuhours=2745.7 corehours=0 nodehours=68.64 n_jobs=22 n_users=2 n_groups=0 n_accounts=0 year=2020 month=08
syshost=pitzer database=xalt software=None executables=setsm_mpi cpuhours=1988.81 corehours=0 nodehours=42.04 n_jobs=9 n_users=1 n_groups=0 n_accounts=0 year=2020 month=08
syshost=pitzer database=xalt software=None executables=test cpuhours=1928.92 corehours=0 nodehours=1928.92 n_jobs=29 n_users=2 n_groups=0 n_accounts=0 year=2020 month=08
syshost=pitzer database=xalt software=None executables=Arepo-sidm cpuhours=1901.99 corehours=0 nodehours=47.55 n_jobs=13 n_users=1 n_groups=0 n_accounts=0 year=2020 month=08
syshost=pitzer database=xalt software=None executables=buoyantPimpleFoam cpuhours=1203.94 corehours=0 nodehours=30.1 n_jobs=8 n_users=1 n_groups=0 n_accounts=0 year=2020 month=08
syshost=pitzer database=xalt software=None executables=gmx cpuhours=952.11 corehours=0 nodehours=952.11 n_jobs=315 n_users=6 n_groups=0 n_accounts=0 year=2020 month=08
syshost=pitzer database=xalt software=None executables=OpenFORM cpuhours=830.53 corehours=0 nodehours=21.08 n_jobs=22 n_users=4 n_groups=0 n_accounts=0 year=2020 month=08
syshost=pitzer database=xalt software=None executables=pturbo.x cpuhours=806.93 corehours=0 nodehours=201.73 n_jobs=16 n_users=1 n_groups=0 n_accounts=0 year=2020 month=08
syshost=pitzer database=xalt software=None executables=redistributePar cpuhours=803.02 corehours=0 nodehours=20.08 n_jobs=24 n_users=1 n_groups=0 n_accounts=0 year=2020 month=08
syshost=pitzer database=xalt software=None executables=Chaquetin cpuhours=765.24 corehours=0 nodehours=765.24 n_jobs=77 n_users=1 n_groups=0 n_accounts=0 year=2020 month=08
syshost=pitzer database=xalt software=None executables=s4kt cpuhours=680.18 corehours=0 nodehours=680.18 n_jobs=738 n_users=1 n_groups=0 n_accounts=0 year=2020 month=08
syshost=pitzer database=xalt software=None executables=msABClinux cpuhours=638.43 corehours=0 nodehours=638.43 n_jobs=56 n_users=1 n_groups=0 n_accounts=0 year=2020 month=08
syshost=pitzer database=xalt software=None executables=gmx_gpu cpuhours=607.79 corehours=0 nodehours=607.79 n_jobs=23 n_users=4 n_groups=0 n_accounts=0 year=2020 month=08
