syshost=pitzer database=xalt software=None executables=namd2 cpuhours=1434918.32 corehours=0 nodehours=34912.4 n_jobs=568 n_users=7 n_groups=0 n_accounts=0 year=2020 month=12
syshost=pitzer database=xalt software=None executables=VASP cpuhours=1036420.23 corehours=0 nodehours=22786.3 n_jobs=14967 n_users=12 n_groups=0 n_accounts=0 year=2020 month=12
syshost=pitzer database=xalt software=None executables=LAMMPS cpuhours=434428.87 corehours=0 nodehours=15737.2 n_jobs=2660 n_users=13 n_groups=0 n_accounts=0 year=2020 month=12
syshost=pitzer database=xalt software=None executables=cp2k.popt cpuhours=263349.28 corehours=0 nodehours=6582.76 n_jobs=426 n_users=8 n_groups=0 n_accounts=0 year=2020 month=12
syshost=pitzer database=xalt software=None executables=tkestatsclone.exe cpuhours=237010.35 corehours=0 nodehours=4979.72 n_jobs=97 n_users=4 n_groups=0 n_accounts=0 year=2020 month=12
syshost=pitzer database=xalt software=None executables=fluent_mpi.19.4.0 cpuhours=233245.41 corehours=0 nodehours=401520.12 n_jobs=62 n_users=2 n_groups=0 n_accounts=0 year=2020 month=12
syshost=pitzer database=xalt software=None executables=TSpimpleFoamRobustBlendingFactor-v0.1 cpuhours=190223.46 corehours=0 nodehours=3962.99 n_jobs=22 n_users=1 n_groups=0 n_accounts=0 year=2020 month=12
syshost=pitzer database=xalt software=None executables=digfilt.exe cpuhours=176760.92 corehours=0 nodehours=3682.52 n_jobs=10 n_users=1 n_groups=0 n_accounts=0 year=2020 month=12
syshost=pitzer database=xalt software=None executables=gamess.impi.x cpuhours=158621.33 corehours=0 nodehours=3394.39 n_jobs=86 n_users=1 n_groups=0 n_accounts=0 year=2020 month=12
syshost=pitzer database=xalt software=None executables=parallel-command-processor cpuhours=91526.41 corehours=0 nodehours=3030.82 n_jobs=401 n_users=6 n_groups=0 n_accounts=0 year=2020 month=12
syshost=pitzer database=xalt software=None executables=mdrun_mpi cpuhours=62719.67 corehours=0 nodehours=3919.98 n_jobs=97 n_users=1 n_groups=0 n_accounts=0 year=2020 month=12
syshost=pitzer database=xalt software=None executables=python2.7 cpuhours=59800.29 corehours=0 nodehours=35822.83 n_jobs=3770 n_users=127 n_groups=0 n_accounts=0 year=2020 month=12
syshost=pitzer database=xalt software=None executables=simplecFoam cpuhours=33625.28 corehours=0 nodehours=700.53 n_jobs=23 n_users=1 n_groups=0 n_accounts=0 year=2020 month=12
syshost=pitzer database=xalt software=None executables=atmosphere_model cpuhours=28829.23 corehours=0 nodehours=614.91 n_jobs=81 n_users=1 n_groups=0 n_accounts=0 year=2020 month=12
syshost=pitzer database=xalt software=None executables=execFlowFunctionObjects cpuhours=27553.29 corehours=0 nodehours=574.03 n_jobs=65 n_users=1 n_groups=0 n_accounts=0 year=2020 month=12
syshost=pitzer database=xalt software=None executables=pimpleFoam cpuhours=25085.5 corehours=0 nodehours=627.14 n_jobs=50 n_users=2 n_groups=0 n_accounts=0 year=2020 month=12
syshost=pitzer database=xalt software=None executables=converge-intelmpi cpuhours=23865.87 corehours=0 nodehours=497.21 n_jobs=15 n_users=1 n_groups=0 n_accounts=0 year=2020 month=12
syshost=pitzer database=xalt software=None executables=gtexpcube2 cpuhours=20406.73 corehours=0 nodehours=20406.73 n_jobs=10 n_users=1 n_groups=0 n_accounts=0 year=2020 month=12
syshost=pitzer database=xalt software=None executables=python3.6 cpuhours=20305.74 corehours=0 nodehours=19449.7 n_jobs=110414 n_users=136 n_groups=0 n_accounts=0 year=2020 month=12
syshost=pitzer database=xalt software=None executables=trial cpuhours=19396.52 corehours=0 nodehours=606.35 n_jobs=52 n_users=1 n_groups=0 n_accounts=0 year=2020 month=12
syshost=pitzer database=xalt software=None executables=python3.7 cpuhours=19223.64 corehours=0 nodehours=14018.47 n_jobs=24824 n_users=69 n_groups=0 n_accounts=0 year=2020 month=12
syshost=pitzer database=xalt software=None executables=Amber cpuhours=17348.94 corehours=0 nodehours=7903.31 n_jobs=3237 n_users=6 n_groups=0 n_accounts=0 year=2020 month=12
syshost=pitzer database=xalt software=None executables=nek5000 cpuhours=13844.08 corehours=0 nodehours=288.42 n_jobs=5595 n_users=1 n_groups=0 n_accounts=0 year=2020 month=12
syshost=pitzer database=xalt software=None executables=lt-simulate cpuhours=13740.6 corehours=0 nodehours=13740.6 n_jobs=10307 n_users=4 n_groups=0 n_accounts=0 year=2020 month=12
syshost=pitzer database=xalt software=None executables=QChem cpuhours=11654.78 corehours=0 nodehours=584.85 n_jobs=119 n_users=9 n_groups=0 n_accounts=0 year=2020 month=12
syshost=pitzer database=xalt software=None executables=Arepo-sidm cpuhours=10545.02 corehours=0 nodehours=263.63 n_jobs=4 n_users=1 n_groups=0 n_accounts=0 year=2020 month=12
syshost=pitzer database=xalt software=None executables=perl cpuhours=9316.74 corehours=0 nodehours=8183.24 n_jobs=20768 n_users=17 n_groups=0 n_accounts=0 year=2020 month=12
syshost=pitzer database=xalt software=None executables=fim cpuhours=9068.19 corehours=0 nodehours=196.12 n_jobs=51 n_users=2 n_groups=0 n_accounts=0 year=2020 month=12
syshost=pitzer database=xalt software=None executables=dakota cpuhours=9037.53 corehours=0 nodehours=225.94 n_jobs=8 n_users=1 n_groups=0 n_accounts=0 year=2020 month=12
syshost=pitzer database=xalt software=None executables=doubleLimbTrunk_exc cpuhours=8237.87 corehours=0 nodehours=205.95 n_jobs=8 n_users=1 n_groups=0 n_accounts=0 year=2020 month=12
syshost=pitzer database=xalt software=None executables=hmmsearch cpuhours=8176.27 corehours=0 nodehours=3737.29 n_jobs=454 n_users=12 n_groups=0 n_accounts=0 year=2020 month=12
syshost=pitzer database=xalt software=None executables=arts cpuhours=8074.1 corehours=0 nodehours=252.32 n_jobs=74 n_users=1 n_groups=0 n_accounts=0 year=2020 month=12
syshost=pitzer database=xalt software=None executables=bowtie2-align-s cpuhours=7517.96 corehours=0 nodehours=7032.5 n_jobs=340 n_users=10 n_groups=0 n_accounts=0 year=2020 month=12
syshost=pitzer database=xalt software=None executables=athena cpuhours=7403.6 corehours=0 nodehours=284.84 n_jobs=84 n_users=2 n_groups=0 n_accounts=0 year=2020 month=12
syshost=pitzer database=xalt software=None executables=R cpuhours=7029.23 corehours=0 nodehours=6958.38 n_jobs=21814 n_users=65 n_groups=0 n_accounts=0 year=2020 month=12
syshost=pitzer database=xalt software=None executables=garffield_pitzer cpuhours=5172.45 corehours=0 nodehours=1034.5 n_jobs=132 n_users=1 n_groups=0 n_accounts=0 year=2020 month=12
syshost=pitzer database=xalt software=None executables=epoch3d cpuhours=5011.7 corehours=0 nodehours=125.31 n_jobs=21 n_users=1 n_groups=0 n_accounts=0 year=2020 month=12
syshost=pitzer database=xalt software=None executables=evp cpuhours=4891.75 corehours=0 nodehours=147.16 n_jobs=14 n_users=2 n_groups=0 n_accounts=0 year=2020 month=12
syshost=pitzer database=xalt software=None executables=keplery cpuhours=4767.16 corehours=0 nodehours=4767.16 n_jobs=28 n_users=1 n_groups=0 n_accounts=0 year=2020 month=12
syshost=pitzer database=xalt software=None executables=OpenFORM cpuhours=4398.64 corehours=0 nodehours=110.19 n_jobs=118 n_users=3 n_groups=0 n_accounts=0 year=2020 month=12
syshost=pitzer database=xalt software=None executables=MOLCAS cpuhours=4328.1 corehours=0 nodehours=4328.1 n_jobs=59 n_users=2 n_groups=0 n_accounts=0 year=2020 month=12
syshost=pitzer database=xalt software=None executables=samtools cpuhours=3627.82 corehours=0 nodehours=3155.6 n_jobs=1970 n_users=24 n_groups=0 n_accounts=0 year=2020 month=12
syshost=pitzer database=xalt software=None executables=pturbo.x cpuhours=3576.6 corehours=0 nodehours=762.96 n_jobs=13 n_users=2 n_groups=0 n_accounts=0 year=2020 month=12
syshost=pitzer database=xalt software=None executables=orted cpuhours=3249.65 corehours=0 nodehours=3251.02 n_jobs=393 n_users=9 n_groups=0 n_accounts=0 year=2020 month=12
syshost=pitzer database=xalt software=None executables=python3.8 cpuhours=3221.66 corehours=0 nodehours=3211.43 n_jobs=1361 n_users=54 n_groups=0 n_accounts=0 year=2020 month=12
syshost=pitzer database=xalt software=None executables=AraSim cpuhours=3028.76 corehours=0 nodehours=3028.76 n_jobs=818 n_users=1 n_groups=0 n_accounts=0 year=2020 month=12
syshost=pitzer database=xalt software=None executables=TSsnappyHexMesh-v2.0 cpuhours=2801.69 corehours=0 nodehours=113.83 n_jobs=16 n_users=2 n_groups=0 n_accounts=0 year=2020 month=12
syshost=pitzer database=xalt software=None executables=rmblastn cpuhours=2638.47 corehours=0 nodehours=219.87 n_jobs=1 n_users=1 n_groups=0 n_accounts=0 year=2020 month=12
syshost=pitzer database=xalt software=None executables=Gaussian cpuhours=2179.39 corehours=0 nodehours=2107.68 n_jobs=941 n_users=8 n_groups=0 n_accounts=0 year=2020 month=12
syshost=pitzer database=xalt software=None executables=a.out cpuhours=1985.71 corehours=0 nodehours=96.07 n_jobs=4376 n_users=10 n_groups=0 n_accounts=0 year=2020 month=12
