syshost=owens database=xalt software=None executables=VASP cpuhours=944440.72 corehours=0 nodehours=33770.37 n_jobs=3995 n_users=21 n_groups=0 n_accounts=0 year=2020 month=03
syshost=owens database=xalt software=None executables=LAMMPS cpuhours=699978.25 corehours=0 nodehours=65020.01 n_jobs=6999 n_users=21 n_groups=0 n_accounts=0 year=2020 month=03
syshost=owens database=xalt software=None executables=fdl3di.exe cpuhours=438741.47 corehours=0 nodehours=16173.4 n_jobs=43 n_users=2 n_groups=0 n_accounts=0 year=2020 month=03
syshost=owens database=xalt software=None executables=wrf.exe cpuhours=367712.61 corehours=0 nodehours=13132.59 n_jobs=476 n_users=5 n_groups=0 n_accounts=0 year=2020 month=03
syshost=owens database=xalt software=None executables=tkestatsclone.exe cpuhours=325045.67 corehours=0 nodehours=11608.77 n_jobs=39 n_users=2 n_groups=0 n_accounts=0 year=2020 month=03
syshost=owens database=xalt software=None executables=simplecFoam cpuhours=226010.3 corehours=0 nodehours=8158.44 n_jobs=146 n_users=6 n_groups=0 n_accounts=0 year=2020 month=03
syshost=owens database=xalt software=None executables=cp2k.popt cpuhours=189179.56 corehours=0 nodehours=11717.76 n_jobs=9114 n_users=1 n_groups=0 n_accounts=0 year=2020 month=03
syshost=owens database=xalt software=None executables=TSpimpleFoamRobustBlendingFactor-v0.1 cpuhours=183773.55 corehours=0 nodehours=6700.07 n_jobs=38 n_users=2 n_groups=0 n_accounts=0 year=2020 month=03
syshost=owens database=xalt software=None executables=fim cpuhours=149622.26 corehours=0 nodehours=5381.23 n_jobs=493 n_users=4 n_groups=0 n_accounts=0 year=2020 month=03
syshost=owens database=xalt software=None executables=lt-simulate cpuhours=133577.09 corehours=0 nodehours=133577.09 n_jobs=23378 n_users=3 n_groups=0 n_accounts=0 year=2020 month=03
syshost=owens database=xalt software=None executables=QChem cpuhours=131471.92 corehours=0 nodehours=10218.7 n_jobs=5034 n_users=13 n_groups=0 n_accounts=0 year=2020 month=03
syshost=owens database=xalt software=None executables=Amber cpuhours=114977.84 corehours=0 nodehours=19463.99 n_jobs=2821 n_users=11 n_groups=0 n_accounts=0 year=2020 month=03
syshost=owens database=xalt software=None executables=parallel-command-processor cpuhours=86233.67 corehours=0 nodehours=4329.86 n_jobs=361 n_users=3 n_groups=0 n_accounts=0 year=2020 month=03
syshost=owens database=xalt software=None executables=da_wrfvar.exe cpuhours=78814.62 corehours=0 nodehours=2814.81 n_jobs=945 n_users=3 n_groups=0 n_accounts=0 year=2020 month=03
syshost=owens database=xalt software=None executables=gmx_mpi cpuhours=67911.04 corehours=0 nodehours=2708.75 n_jobs=108 n_users=3 n_groups=0 n_accounts=0 year=2020 month=03
syshost=owens database=xalt software=None executables=perl cpuhours=67304.73 corehours=0 nodehours=48984.6 n_jobs=2823 n_users=52 n_groups=0 n_accounts=0 year=2020 month=03
syshost=owens database=xalt software=None executables=eigen cpuhours=58397.68 corehours=0 nodehours=4063.69 n_jobs=109 n_users=1 n_groups=0 n_accounts=0 year=2020 month=03
syshost=owens database=xalt software=None executables=python3.7 cpuhours=57553.9 corehours=0 nodehours=49517.86 n_jobs=74585 n_users=92 n_groups=0 n_accounts=0 year=2020 month=03
syshost=owens database=xalt software=None executables=interDyMFoam cpuhours=53121.48 corehours=0 nodehours=1897.2 n_jobs=12 n_users=1 n_groups=0 n_accounts=0 year=2020 month=03
syshost=owens database=xalt software=None executables=TSsnappyHexMesh-v2.0 cpuhours=42013.02 corehours=0 nodehours=2038.17 n_jobs=125 n_users=6 n_groups=0 n_accounts=0 year=2020 month=03
syshost=owens database=xalt software=None executables=execFlowFunctionObjects cpuhours=29635.11 corehours=0 nodehours=1074.78 n_jobs=157 n_users=6 n_groups=0 n_accounts=0 year=2020 month=03
syshost=owens database=xalt software=None executables=Gaussian cpuhours=27637.18 corehours=0 nodehours=23776.66 n_jobs=5123 n_users=51 n_groups=0 n_accounts=0 year=2020 month=03
syshost=owens database=xalt software=None executables=python3.6 cpuhours=21608.97 corehours=0 nodehours=22388.17 n_jobs=17500 n_users=179 n_groups=0 n_accounts=0 year=2020 month=03
syshost=owens database=xalt software=None executables=ls-dyna_mpp_d_r9_0_1_109912_x64_redhat54_ifort131_sse2_intelmpi-413 cpuhours=17433.67 corehours=0 nodehours=622.63 n_jobs=44 n_users=2 n_groups=0 n_accounts=0 year=2020 month=03
syshost=owens database=xalt software=None executables=ORCA cpuhours=17254.79 corehours=0 nodehours=5428.24 n_jobs=169 n_users=7 n_groups=0 n_accounts=0 year=2020 month=03
syshost=owens database=xalt software=None executables=decomp cpuhours=17102.24 corehours=0 nodehours=17102.24 n_jobs=4945 n_users=1 n_groups=0 n_accounts=0 year=2020 month=03
syshost=owens database=xalt software=None executables=mcsqs cpuhours=17018.26 corehours=0 nodehours=17018.26 n_jobs=437 n_users=1 n_groups=0 n_accounts=0 year=2020 month=03
syshost=owens database=xalt software=None executables=curvdns cpuhours=15872.92 corehours=0 nodehours=569.07 n_jobs=241 n_users=2 n_groups=0 n_accounts=0 year=2020 month=03
syshost=owens database=xalt software=None executables=R cpuhours=15301.86 corehours=0 nodehours=19135.09 n_jobs=43709 n_users=293 n_groups=0 n_accounts=0 year=2020 month=03
syshost=owens database=xalt software=None executables=python3.5 cpuhours=13923.04 corehours=0 nodehours=1355.04 n_jobs=2519 n_users=90 n_groups=0 n_accounts=0 year=2020 month=03
syshost=owens database=xalt software=None executables=python2.7 cpuhours=13762.23 corehours=0 nodehours=13564.54 n_jobs=13787 n_users=215 n_groups=0 n_accounts=0 year=2020 month=03
syshost=owens database=xalt software=None executables=ansys.e cpuhours=12473.37 corehours=0 nodehours=397.13 n_jobs=140 n_users=5 n_groups=0 n_accounts=0 year=2020 month=03
syshost=owens database=xalt software=None executables=namd2 cpuhours=12300.93 corehours=0 nodehours=3701.95 n_jobs=967 n_users=14 n_groups=0 n_accounts=0 year=2020 month=03
syshost=owens database=xalt software=None executables=ls-dyna_mpp_d_r11_0_0_x64_centos65_ifort160_avx2_intelmpi-413 cpuhours=11657.01 corehours=0 nodehours=416.32 n_jobs=33 n_users=1 n_groups=0 n_accounts=0 year=2020 month=03
syshost=owens database=xalt software=None executables=converge-2.3.23-openmpi-linux-64 cpuhours=11580.19 corehours=0 nodehours=413.58 n_jobs=12 n_users=3 n_groups=0 n_accounts=0 year=2020 month=03
syshost=owens database=xalt software=None executables=mpiexec cpuhours=11222.0 corehours=0 nodehours=12608.77 n_jobs=1412 n_users=11 n_groups=0 n_accounts=0 year=2020 month=03
syshost=owens database=xalt software=None executables=nanopolish cpuhours=10398.44 corehours=0 nodehours=10398.44 n_jobs=1307 n_users=2 n_groups=0 n_accounts=0 year=2020 month=03
syshost=owens database=xalt software=None executables=mpp cpuhours=9542.3 corehours=0 nodehours=340.8 n_jobs=5787 n_users=3 n_groups=0 n_accounts=0 year=2020 month=03
syshost=owens database=xalt software=None executables=solver-mpi.exe cpuhours=9508.14 corehours=0 nodehours=42413.15 n_jobs=9 n_users=1 n_groups=0 n_accounts=0 year=2020 month=03
syshost=owens database=xalt software=None executables=MATLAB cpuhours=9054.53 corehours=0 nodehours=8650.28 n_jobs=15542 n_users=39 n_groups=0 n_accounts=0 year=2020 month=03
syshost=owens database=xalt software=None executables=gmx_gpu cpuhours=8376.93 corehours=0 nodehours=8376.93 n_jobs=194 n_users=4 n_groups=0 n_accounts=0 year=2020 month=03
syshost=owens database=xalt software=None executables=fluent_mpi.19.2.0 cpuhours=8134.29 corehours=0 nodehours=15555.57 n_jobs=9 n_users=1 n_groups=0 n_accounts=0 year=2020 month=03
syshost=owens database=xalt software=None executables=lsp cpuhours=7894.57 corehours=0 nodehours=285.19 n_jobs=7 n_users=2 n_groups=0 n_accounts=0 year=2020 month=03
syshost=owens database=xalt software=None executables=explicit cpuhours=7333.19 corehours=0 nodehours=10466.35 n_jobs=175 n_users=7 n_groups=0 n_accounts=0 year=2020 month=03
syshost=owens database=xalt software=None executables=fluent_mpi.19.4.0 cpuhours=7154.89 corehours=0 nodehours=8614.51 n_jobs=4 n_users=1 n_groups=0 n_accounts=0 year=2020 month=03
syshost=owens database=xalt software=None executables=pmi_proxy cpuhours=6740.72 corehours=0 nodehours=55761.24 n_jobs=3935 n_users=50 n_groups=0 n_accounts=0 year=2020 month=03
syshost=owens database=xalt software=None executables=ph.x cpuhours=6638.84 corehours=0 nodehours=237.1 n_jobs=144 n_users=2 n_groups=0 n_accounts=0 year=2020 month=03
syshost=owens database=xalt software=None executables=Xvnc cpuhours=5955.86 corehours=0 nodehours=6153.96 n_jobs=1151 n_users=124 n_groups=0 n_accounts=0 year=2020 month=03
syshost=owens database=xalt software=None executables=surface_area_exe.f95 cpuhours=5593.53 corehours=0 nodehours=5593.53 n_jobs=6236 n_users=1 n_groups=0 n_accounts=0 year=2020 month=03
syshost=owens database=xalt software=None executables=explicit_dp cpuhours=5491.43 corehours=0 nodehours=11845.27 n_jobs=32 n_users=5 n_groups=0 n_accounts=0 year=2020 month=03
