syshost=pitzer database=xalt software=None executables=namd2 cpuhours=1454009.37 corehours=0 nodehours=35799.23 n_jobs=676 n_users=11 n_groups=0 n_accounts=0 year=2020 month=09
syshost=pitzer database=xalt software=None executables=nodet_mpi cpuhours=1134390.25 corehours=0 nodehours=26701.06 n_jobs=668 n_users=2 n_groups=0 n_accounts=0 year=2020 month=09
syshost=pitzer database=xalt software=None executables=cp2k.popt cpuhours=567291.82 corehours=0 nodehours=2550.56 n_jobs=386 n_users=6 n_groups=0 n_accounts=0 year=2020 month=09
syshost=pitzer database=xalt software=None executables=fluent_mpi.19.4.0 cpuhours=355098.2 corehours=0 nodehours=619417.49 n_jobs=88 n_users=1 n_groups=0 n_accounts=0 year=2020 month=09
syshost=pitzer database=xalt software=None executables=VASP cpuhours=354610.63 corehours=0 nodehours=8649.36 n_jobs=5892 n_users=12 n_groups=0 n_accounts=0 year=2020 month=09
syshost=pitzer database=xalt software=None executables=TSpimpleFoamRobustBlendingFactor-v0.1 cpuhours=285603.2 corehours=0 nodehours=5992.87 n_jobs=244 n_users=5 n_groups=0 n_accounts=0 year=2020 month=09
syshost=pitzer database=xalt software=None executables=lt-simulate cpuhours=166342.28 corehours=0 nodehours=166342.28 n_jobs=20994 n_users=4 n_groups=0 n_accounts=0 year=2020 month=09
syshost=pitzer database=xalt software=None executables=parallel-command-processor cpuhours=125157.5 corehours=0 nodehours=3346.57 n_jobs=196 n_users=6 n_groups=0 n_accounts=0 year=2020 month=09
syshost=pitzer database=xalt software=None executables=tkestatsclone.exe cpuhours=118056.0 corehours=0 nodehours=3014.34 n_jobs=13 n_users=2 n_groups=0 n_accounts=0 year=2020 month=09
syshost=pitzer database=xalt software=None executables=LAMMPS cpuhours=104879.59 corehours=0 nodehours=3680.09 n_jobs=8041 n_users=10 n_groups=0 n_accounts=0 year=2020 month=09
syshost=pitzer database=xalt software=None executables=epoch3d cpuhours=102615.64 corehours=0 nodehours=2137.91 n_jobs=64 n_users=1 n_groups=0 n_accounts=0 year=2020 month=09
syshost=pitzer database=xalt software=None executables=pimpleFoam cpuhours=82882.89 corehours=0 nodehours=2072.07 n_jobs=11 n_users=1 n_groups=0 n_accounts=0 year=2020 month=09
syshost=pitzer database=xalt software=None executables=setsm_mpi cpuhours=66280.51 corehours=0 nodehours=1380.84 n_jobs=170 n_users=1 n_groups=0 n_accounts=0 year=2020 month=09
syshost=pitzer database=xalt software=None executables=simplecFoam cpuhours=52500.91 corehours=0 nodehours=1102.02 n_jobs=30 n_users=5 n_groups=0 n_accounts=0 year=2020 month=09
syshost=pitzer database=xalt software=None executables=Arepo-sidm-vdep cpuhours=47044.25 corehours=0 nodehours=990.19 n_jobs=18 n_users=1 n_groups=0 n_accounts=0 year=2020 month=09
syshost=pitzer database=xalt software=None executables=QChem cpuhours=44989.75 corehours=0 nodehours=2929.4 n_jobs=2482 n_users=9 n_groups=0 n_accounts=0 year=2020 month=09
syshost=pitzer database=xalt software=None executables=Amber cpuhours=42444.13 corehours=0 nodehours=15085.19 n_jobs=3825 n_users=4 n_groups=0 n_accounts=0 year=2020 month=09
syshost=pitzer database=xalt software=None executables=python2.7 cpuhours=35947.51 corehours=0 nodehours=13364.79 n_jobs=4157 n_users=136 n_groups=0 n_accounts=0 year=2020 month=09
syshost=pitzer database=xalt software=None executables=interFoam cpuhours=34909.26 corehours=0 nodehours=830.76 n_jobs=180 n_users=2 n_groups=0 n_accounts=0 year=2020 month=09
syshost=pitzer database=xalt software=None executables=python3.7 cpuhours=31539.65 corehours=0 nodehours=26704.41 n_jobs=20434 n_users=56 n_groups=0 n_accounts=0 year=2020 month=09
syshost=pitzer database=xalt software=None executables=cavity_pd.exe cpuhours=25492.0 corehours=0 nodehours=697.05 n_jobs=21 n_users=1 n_groups=0 n_accounts=0 year=2020 month=09
syshost=pitzer database=xalt software=None executables=Arepo-BKT-evapo cpuhours=24973.16 corehours=0 nodehours=636.23 n_jobs=213 n_users=1 n_groups=0 n_accounts=0 year=2020 month=09
syshost=pitzer database=xalt software=None executables=execFlowFunctionObjects cpuhours=23558.56 corehours=0 nodehours=493.91 n_jobs=54 n_users=5 n_groups=0 n_accounts=0 year=2020 month=09
syshost=pitzer database=xalt software=None executables=R cpuhours=22734.94 corehours=0 nodehours=13859.8 n_jobs=1128 n_users=31 n_groups=0 n_accounts=0 year=2020 month=09
syshost=pitzer database=xalt software=None executables=AraSim cpuhours=20212.3 corehours=0 nodehours=14228.0 n_jobs=43317 n_users=3 n_groups=0 n_accounts=0 year=2020 month=09
syshost=pitzer database=xalt software=None executables=Arepo-sidm cpuhours=14887.41 corehours=0 nodehours=333.15 n_jobs=145 n_users=1 n_groups=0 n_accounts=0 year=2020 month=09
syshost=pitzer database=xalt software=None executables=Gaussian cpuhours=12871.63 corehours=0 nodehours=12100.27 n_jobs=2044 n_users=10 n_groups=0 n_accounts=0 year=2020 month=09
syshost=pitzer database=xalt software=None executables=gmx_d cpuhours=11669.44 corehours=0 nodehours=11669.44 n_jobs=1386 n_users=3 n_groups=0 n_accounts=0 year=2020 month=09
syshost=pitzer database=xalt software=None executables=atmosphere_model cpuhours=10481.72 corehours=0 nodehours=218.37 n_jobs=38 n_users=1 n_groups=0 n_accounts=0 year=2020 month=09
syshost=pitzer database=xalt software=None executables=garffield_pitzer cpuhours=9301.44 corehours=0 nodehours=1836.52 n_jobs=183 n_users=1 n_groups=0 n_accounts=0 year=2020 month=09
syshost=pitzer database=xalt software=None executables=hmmsearch cpuhours=8021.11 corehours=0 nodehours=8021.11 n_jobs=1194 n_users=5 n_groups=0 n_accounts=0 year=2020 month=09
syshost=pitzer database=xalt software=None executables=orted cpuhours=6995.79 corehours=0 nodehours=15214.21 n_jobs=449 n_users=15 n_groups=0 n_accounts=0 year=2020 month=09
syshost=pitzer database=xalt software=None executables=epoch2d cpuhours=6206.49 corehours=0 nodehours=129.34 n_jobs=12 n_users=2 n_groups=0 n_accounts=0 year=2020 month=09
syshost=pitzer database=xalt software=None executables=Arepo-BKT-csdm cpuhours=5443.17 corehours=0 nodehours=145.87 n_jobs=163 n_users=1 n_groups=0 n_accounts=0 year=2020 month=09
syshost=pitzer database=xalt software=None executables=comsollauncher cpuhours=5024.15 corehours=0 nodehours=62.95 n_jobs=11 n_users=2 n_groups=0 n_accounts=0 year=2020 month=09
syshost=pitzer database=xalt software=None executables=calc.f95 cpuhours=5012.27 corehours=0 nodehours=5012.27 n_jobs=1605 n_users=1 n_groups=0 n_accounts=0 year=2020 month=09
syshost=pitzer database=xalt software=None executables=fluent_mpi.20.2.0 cpuhours=4957.88 corehours=0 nodehours=123.95 n_jobs=8 n_users=1 n_groups=0 n_accounts=0 year=2020 month=09
syshost=pitzer database=xalt software=None executables=python3.8 cpuhours=3990.63 corehours=0 nodehours=3985.83 n_jobs=744 n_users=11 n_groups=0 n_accounts=0 year=2020 month=09
syshost=pitzer database=xalt software=None executables=TSsnappyHexMesh cpuhours=3893.34 corehours=0 nodehours=147.31 n_jobs=16 n_users=3 n_groups=0 n_accounts=0 year=2020 month=09
syshost=pitzer database=xalt software=None executables=athena cpuhours=3860.28 corehours=0 nodehours=135.41 n_jobs=73 n_users=2 n_groups=0 n_accounts=0 year=2020 month=09
syshost=pitzer database=xalt software=None executables=trial cpuhours=3732.86 corehours=0 nodehours=116.65 n_jobs=47 n_users=2 n_groups=0 n_accounts=0 year=2020 month=09
syshost=pitzer database=xalt software=None executables=ensight19.server cpuhours=3564.45 corehours=0 nodehours=3564.45 n_jobs=16 n_users=1 n_groups=0 n_accounts=0 year=2020 month=09
syshost=pitzer database=xalt software=None executables=converge-mpich cpuhours=3548.1 corehours=0 nodehours=77.13 n_jobs=18 n_users=2 n_groups=0 n_accounts=0 year=2020 month=09
syshost=pitzer database=xalt software=None executables=pturbo.x cpuhours=3537.5 corehours=0 nodehours=668.23 n_jobs=70 n_users=2 n_groups=0 n_accounts=0 year=2020 month=09
syshost=pitzer database=xalt software=None executables=ceishell cpuhours=3536.07 corehours=0 nodehours=3536.07 n_jobs=46 n_users=1 n_groups=0 n_accounts=0 year=2020 month=09
syshost=pitzer database=xalt software=None executables=pturbo_case1462b.x cpuhours=3206.18 corehours=0 nodehours=160.31 n_jobs=9 n_users=1 n_groups=0 n_accounts=0 year=2020 month=09
syshost=pitzer database=xalt software=None executables=pturbo_case1474.x cpuhours=3064.86 corehours=0 nodehours=153.24 n_jobs=3 n_users=1 n_groups=0 n_accounts=0 year=2020 month=09
syshost=pitzer database=xalt software=None executables=samtools cpuhours=2352.27 corehours=0 nodehours=2333.81 n_jobs=2854 n_users=11 n_groups=0 n_accounts=0 year=2020 month=09
syshost=pitzer database=xalt software=None executables=python3.6 cpuhours=1772.48 corehours=0 nodehours=1771.75 n_jobs=5655 n_users=89 n_groups=0 n_accounts=0 year=2020 month=09
syshost=pitzer database=xalt software=None executables=l1002.exe cpuhours=1740.62 corehours=0 nodehours=86.91 n_jobs=31 n_users=3 n_groups=0 n_accounts=0 year=2020 month=09
