syshost=pitzer database=xalt software=None executables=LAMMPS cpuhours=831355.61 corehours=0 nodehours=30972.19 n_jobs=413 n_users=8 n_groups=0 n_accounts=0 year=2020 month=03
syshost=pitzer database=xalt software=None executables=lt-simulate cpuhours=710226.97 corehours=0 nodehours=710226.97 n_jobs=50685 n_users=4 n_groups=0 n_accounts=0 year=2020 month=03
syshost=pitzer database=xalt software=None executables=VASP cpuhours=437524.46 corehours=0 nodehours=11026.58 n_jobs=2409 n_users=11 n_groups=0 n_accounts=0 year=2020 month=03
syshost=pitzer database=xalt software=None executables=fluent_mpi.19.4.0 cpuhours=350460.78 corehours=0 nodehours=368962.29 n_jobs=23 n_users=2 n_groups=0 n_accounts=0 year=2020 month=03
syshost=pitzer database=xalt software=None executables=python3.6 cpuhours=175475.3 corehours=0 nodehours=17766.77 n_jobs=11584 n_users=80 n_groups=0 n_accounts=0 year=2020 month=03
syshost=pitzer database=xalt software=None executables=cp2k.popt cpuhours=140000.68 corehours=0 nodehours=8449.67 n_jobs=8347 n_users=3 n_groups=0 n_accounts=0 year=2020 month=03
syshost=pitzer database=xalt software=None executables=namd2 cpuhours=112576.02 corehours=0 nodehours=7956.34 n_jobs=246 n_users=8 n_groups=0 n_accounts=0 year=2020 month=03
syshost=pitzer database=xalt software=None executables=fdl3di.exe cpuhours=112436.83 corehours=0 nodehours=2811.63 n_jobs=19 n_users=2 n_groups=0 n_accounts=0 year=2020 month=03
syshost=pitzer database=xalt software=None executables=parallel-command-processor cpuhours=99452.0 corehours=0 nodehours=2700.77 n_jobs=198 n_users=3 n_groups=0 n_accounts=0 year=2020 month=03
syshost=pitzer database=xalt software=None executables=QChem cpuhours=92002.03 corehours=0 nodehours=4553.55 n_jobs=1431 n_users=13 n_groups=0 n_accounts=0 year=2020 month=03
syshost=pitzer database=xalt software=None executables=python2.7 cpuhours=64913.31 corehours=0 nodehours=12465.88 n_jobs=2734 n_users=76 n_groups=0 n_accounts=0 year=2020 month=03
syshost=pitzer database=xalt software=None executables=R cpuhours=61604.37 corehours=0 nodehours=22879.61 n_jobs=823 n_users=36 n_groups=0 n_accounts=0 year=2020 month=03
syshost=pitzer database=xalt software=None executables=wrf.exe cpuhours=59680.72 corehours=0 nodehours=1492.02 n_jobs=104 n_users=2 n_groups=0 n_accounts=0 year=2020 month=03
syshost=pitzer database=xalt software=None executables=TSpimpleFoamRobustBlendingFactor-v0.1 cpuhours=43160.29 corehours=0 nodehours=1123.97 n_jobs=8 n_users=1 n_groups=0 n_accounts=0 year=2020 month=03
syshost=pitzer database=xalt software=None executables=tkestatsclone.exe cpuhours=43155.17 corehours=0 nodehours=1078.88 n_jobs=10 n_users=1 n_groups=0 n_accounts=0 year=2020 month=03
syshost=pitzer database=xalt software=None executables=pimpleDyMFoam cpuhours=38309.08 corehours=0 nodehours=957.73 n_jobs=14 n_users=1 n_groups=0 n_accounts=0 year=2020 month=03
syshost=pitzer database=xalt software=None executables=MOLCAS cpuhours=36639.9 corehours=0 nodehours=36639.26 n_jobs=1875 n_users=3 n_groups=0 n_accounts=0 year=2020 month=03
syshost=pitzer database=xalt software=None executables=raxmlHPC-AVX cpuhours=36409.31 corehours=0 nodehours=36409.31 n_jobs=117 n_users=1 n_groups=0 n_accounts=0 year=2020 month=03
syshost=pitzer database=xalt software=None executables=mdrun_mpi cpuhours=34536.26 corehours=0 nodehours=2374.13 n_jobs=95 n_users=2 n_groups=0 n_accounts=0 year=2020 month=03
syshost=pitzer database=xalt software=None executables=proc.exe cpuhours=34415.33 corehours=0 nodehours=860.38 n_jobs=9 n_users=1 n_groups=0 n_accounts=0 year=2020 month=03
syshost=pitzer database=xalt software=None executables=decomp cpuhours=28885.89 corehours=0 nodehours=28885.89 n_jobs=2728 n_users=1 n_groups=0 n_accounts=0 year=2020 month=03
syshost=pitzer database=xalt software=None executables=python3.7 cpuhours=22504.81 corehours=0 nodehours=20909.03 n_jobs=2455 n_users=40 n_groups=0 n_accounts=0 year=2020 month=03
syshost=pitzer database=xalt software=None executables=Arepo-sidm cpuhours=20536.98 corehours=0 nodehours=513.42 n_jobs=18 n_users=1 n_groups=0 n_accounts=0 year=2020 month=03
syshost=pitzer database=xalt software=None executables=converge-mpich cpuhours=17174.69 corehours=0 nodehours=429.37 n_jobs=34 n_users=1 n_groups=0 n_accounts=0 year=2020 month=03
syshost=pitzer database=xalt software=None executables=AraSim cpuhours=14076.53 corehours=0 nodehours=14076.53 n_jobs=714 n_users=4 n_groups=0 n_accounts=0 year=2020 month=03
syshost=pitzer database=xalt software=None executables=samtools cpuhours=8835.28 corehours=0 nodehours=8794.91 n_jobs=2621 n_users=9 n_groups=0 n_accounts=0 year=2020 month=03
syshost=pitzer database=xalt software=None executables=ORCA cpuhours=8347.39 corehours=0 nodehours=765.29 n_jobs=142 n_users=3 n_groups=0 n_accounts=0 year=2020 month=03
syshost=pitzer database=xalt software=None executables=mix cpuhours=8301.11 corehours=0 nodehours=8301.11 n_jobs=1901 n_users=1 n_groups=0 n_accounts=0 year=2020 month=03
syshost=pitzer database=xalt software=None executables=blastall cpuhours=7654.66 corehours=0 nodehours=7654.66 n_jobs=563 n_users=2 n_groups=0 n_accounts=0 year=2020 month=03
syshost=pitzer database=xalt software=None executables=fluent_mpi.19.3.0 cpuhours=5321.88 corehours=0 nodehours=5321.88 n_jobs=35 n_users=2 n_groups=0 n_accounts=0 year=2020 month=03
syshost=pitzer database=xalt software=None executables=setsm cpuhours=4964.54 corehours=0 nodehours=124.11 n_jobs=22 n_users=1 n_groups=0 n_accounts=0 year=2020 month=03
syshost=pitzer database=xalt software=None executables=mclr.exe cpuhours=4857.33 corehours=0 nodehours=4857.33 n_jobs=237 n_users=1 n_groups=0 n_accounts=0 year=2020 month=03
syshost=pitzer database=xalt software=None executables=coverm cpuhours=4094.55 corehours=0 nodehours=4094.55 n_jobs=2937 n_users=1 n_groups=0 n_accounts=0 year=2020 month=03
syshost=pitzer database=xalt software=None executables=hmmsearch cpuhours=4048.98 corehours=0 nodehours=4048.98 n_jobs=2105 n_users=7 n_groups=0 n_accounts=0 year=2020 month=03
syshost=pitzer database=xalt software=None executables=remove_minimap2_duplicated_headers cpuhours=4048.08 corehours=0 nodehours=4048.08 n_jobs=1828 n_users=1 n_groups=0 n_accounts=0 year=2020 month=03
syshost=pitzer database=xalt software=None executables=minimap2 cpuhours=4010.51 corehours=0 nodehours=4010.51 n_jobs=1845 n_users=1 n_groups=0 n_accounts=0 year=2020 month=03
syshost=pitzer database=xalt software=None executables=hmmscan cpuhours=2979.07 corehours=0 nodehours=2979.07 n_jobs=300 n_users=2 n_groups=0 n_accounts=0 year=2020 month=03
syshost=pitzer database=xalt software=None executables=fluent_mpi.20.1.0 cpuhours=2903.59 corehours=0 nodehours=4138.11 n_jobs=8 n_users=2 n_groups=0 n_accounts=0 year=2020 month=03
syshost=pitzer database=xalt software=None executables=pmi_proxy cpuhours=2707.61 corehours=0 nodehours=12307.55 n_jobs=1085 n_users=10 n_groups=0 n_accounts=0 year=2020 month=03
syshost=pitzer database=xalt software=None executables=perl cpuhours=2550.12 corehours=0 nodehours=1749.99 n_jobs=1395 n_users=14 n_groups=0 n_accounts=0 year=2020 month=03
syshost=pitzer database=xalt software=None executables=Arepo-nfw-sidm cpuhours=2544.84 corehours=0 nodehours=65.29 n_jobs=10 n_users=1 n_groups=0 n_accounts=0 year=2020 month=03
syshost=pitzer database=xalt software=None executables=ensight19.server cpuhours=2518.15 corehours=0 nodehours=2518.15 n_jobs=44 n_users=2 n_groups=0 n_accounts=0 year=2020 month=03
syshost=pitzer database=xalt software=None executables=orted cpuhours=2417.47 corehours=0 nodehours=23395.49 n_jobs=175 n_users=11 n_groups=0 n_accounts=0 year=2020 month=03
syshost=pitzer database=xalt software=None executables=epw.x cpuhours=2270.69 corehours=0 nodehours=56.77 n_jobs=53 n_users=1 n_groups=0 n_accounts=0 year=2020 month=03
syshost=pitzer database=xalt software=None executables=full.exe cpuhours=2150.21 corehours=0 nodehours=77.02 n_jobs=44 n_users=1 n_groups=0 n_accounts=0 year=2020 month=03
syshost=pitzer database=xalt software=None executables=Chaquetin cpuhours=2093.24 corehours=0 nodehours=2093.24 n_jobs=2296 n_users=1 n_groups=0 n_accounts=0 year=2020 month=03
syshost=pitzer database=xalt software=None executables=exe-deepmd cpuhours=2039.41 corehours=0 nodehours=2039.41 n_jobs=4789 n_users=1 n_groups=0 n_accounts=0 year=2020 month=03
syshost=pitzer database=xalt software=None executables=Gaussian cpuhours=1929.73 corehours=0 nodehours=1878.77 n_jobs=614 n_users=12 n_groups=0 n_accounts=0 year=2020 month=03
syshost=pitzer database=xalt software=None executables=python3.5 cpuhours=1672.45 corehours=0 nodehours=979.21 n_jobs=338 n_users=8 n_groups=0 n_accounts=0 year=2020 month=03
syshost=pitzer database=xalt software=None executables=ceishell cpuhours=1613.59 corehours=0 nodehours=1613.59 n_jobs=68 n_users=2 n_groups=0 n_accounts=0 year=2020 month=03
