syshost=owens database=xalt software=None executables=LAMMPS cpuhours=1002015.99 corehours=0 nodehours=73288.39 n_jobs=4027 n_users=23 n_groups=0 n_accounts=0 year=2020 month=02
syshost=owens database=xalt software=None executables=VASP cpuhours=889180.34 corehours=0 nodehours=31713.09 n_jobs=3595 n_users=17 n_groups=0 n_accounts=0 year=2020 month=02
syshost=owens database=xalt software=None executables=wrf.exe cpuhours=729258.52 corehours=0 nodehours=26044.95 n_jobs=448 n_users=4 n_groups=0 n_accounts=0 year=2020 month=02
syshost=owens database=xalt software=None executables=tkestatsclone.exe cpuhours=282582.01 corehours=0 nodehours=10095.21 n_jobs=16 n_users=2 n_groups=0 n_accounts=0 year=2020 month=02
syshost=owens database=xalt software=None executables=da_wrfvar.exe cpuhours=219416.41 corehours=0 nodehours=7836.3 n_jobs=340 n_users=3 n_groups=0 n_accounts=0 year=2020 month=02
syshost=owens database=xalt software=None executables=fdl3di.exe cpuhours=155479.86 corehours=0 nodehours=5640.98 n_jobs=57 n_users=2 n_groups=0 n_accounts=0 year=2020 month=02
syshost=owens database=xalt software=None executables=QChem cpuhours=139485.14 corehours=0 nodehours=13850.75 n_jobs=7717 n_users=11 n_groups=0 n_accounts=0 year=2020 month=02
syshost=owens database=xalt software=None executables=fim cpuhours=114679.84 corehours=0 nodehours=4123.32 n_jobs=303 n_users=5 n_groups=0 n_accounts=0 year=2020 month=02
syshost=owens database=xalt software=None executables=lt-simulate cpuhours=114463.37 corehours=0 nodehours=114463.37 n_jobs=12729 n_users=5 n_groups=0 n_accounts=0 year=2020 month=02
syshost=owens database=xalt software=None executables=cp2k.popt cpuhours=83834.42 corehours=0 nodehours=5239.28 n_jobs=10982 n_users=1 n_groups=0 n_accounts=0 year=2020 month=02
syshost=owens database=xalt software=None executables=lsp cpuhours=75020.89 corehours=0 nodehours=2710.11 n_jobs=29 n_users=2 n_groups=0 n_accounts=0 year=2020 month=02
syshost=owens database=xalt software=None executables=ekt.exe cpuhours=57465.31 corehours=0 nodehours=2052.33 n_jobs=39 n_users=1 n_groups=0 n_accounts=0 year=2020 month=02
syshost=owens database=xalt software=None executables=simplecFoam cpuhours=48520.22 corehours=0 nodehours=1732.87 n_jobs=42 n_users=2 n_groups=0 n_accounts=0 year=2020 month=02
syshost=owens database=xalt software=None executables=Gaussian cpuhours=38426.58 corehours=0 nodehours=27204.1 n_jobs=3463 n_users=56 n_groups=0 n_accounts=0 year=2020 month=02
syshost=owens database=xalt software=None executables=gmx_mpi cpuhours=30572.6 corehours=0 nodehours=1174.98 n_jobs=153 n_users=4 n_groups=0 n_accounts=0 year=2020 month=02
syshost=owens database=xalt software=None executables=python3.7 cpuhours=28729.4 corehours=0 nodehours=27630.43 n_jobs=37965 n_users=79 n_groups=0 n_accounts=0 year=2020 month=02
syshost=owens database=xalt software=None executables=nanopolish cpuhours=24647.69 corehours=0 nodehours=24647.69 n_jobs=3798 n_users=4 n_groups=0 n_accounts=0 year=2020 month=02
syshost=owens database=xalt software=None executables=python2.7 cpuhours=22566.08 corehours=0 nodehours=20971.86 n_jobs=22444 n_users=197 n_groups=0 n_accounts=0 year=2020 month=02
syshost=owens database=xalt software=None executables=kMC cpuhours=22102.54 corehours=0 nodehours=22102.54 n_jobs=1693 n_users=1 n_groups=0 n_accounts=0 year=2020 month=02
syshost=owens database=xalt software=None executables=namd2 cpuhours=18614.03 corehours=0 nodehours=4245.21 n_jobs=858 n_users=12 n_groups=0 n_accounts=0 year=2020 month=02
syshost=owens database=xalt software=None executables=ls-dyna_mpp_d_r9_0_1_109912_x64_redhat54_ifort131_sse2_intelmpi-413 cpuhours=18329.41 corehours=0 nodehours=654.62 n_jobs=50 n_users=2 n_groups=0 n_accounts=0 year=2020 month=02
syshost=owens database=xalt software=None executables=ph.x cpuhours=17829.94 corehours=0 nodehours=636.78 n_jobs=169 n_users=1 n_groups=0 n_accounts=0 year=2020 month=02
syshost=owens database=xalt software=None executables=python3.6 cpuhours=15756.64 corehours=0 nodehours=15912.18 n_jobs=15792 n_users=170 n_groups=0 n_accounts=0 year=2020 month=02
syshost=owens database=xalt software=None executables=TSsnappyHexMesh-v2.0 cpuhours=15502.11 corehours=0 nodehours=760.55 n_jobs=48 n_users=3 n_groups=0 n_accounts=0 year=2020 month=02
syshost=owens database=xalt software=None executables=R cpuhours=15342.46 corehours=0 nodehours=14782.41 n_jobs=11591 n_users=349 n_groups=0 n_accounts=0 year=2020 month=02
syshost=owens database=xalt software=None executables=l1002.exe cpuhours=14164.23 corehours=0 nodehours=1473.39 n_jobs=53 n_users=10 n_groups=0 n_accounts=0 year=2020 month=02
syshost=owens database=xalt software=None executables=perl cpuhours=13726.17 corehours=0 nodehours=29542.12 n_jobs=3498 n_users=42 n_groups=0 n_accounts=0 year=2020 month=02
syshost=owens database=xalt software=None executables=python3.8 cpuhours=13635.13 corehours=0 nodehours=13826.79 n_jobs=2044 n_users=7 n_groups=0 n_accounts=0 year=2020 month=02
syshost=owens database=xalt software=None executables=bedtools cpuhours=12926.05 corehours=0 nodehours=12926.05 n_jobs=12177 n_users=15 n_groups=0 n_accounts=0 year=2020 month=02
syshost=owens database=xalt software=None executables=converge-2.3.23-openmpi-linux-64 cpuhours=12619.19 corehours=0 nodehours=450.69 n_jobs=7 n_users=1 n_groups=0 n_accounts=0 year=2020 month=02
syshost=owens database=xalt software=None executables=gmx_gpu cpuhours=9908.37 corehours=0 nodehours=9908.37 n_jobs=160 n_users=6 n_groups=0 n_accounts=0 year=2020 month=02
syshost=owens database=xalt software=None executables=samtools cpuhours=9101.52 corehours=0 nodehours=8503.79 n_jobs=25097 n_users=49 n_groups=0 n_accounts=0 year=2020 month=02
syshost=owens database=xalt software=None executables=pmi_proxy cpuhours=8900.78 corehours=0 nodehours=73293.36 n_jobs=2778 n_users=37 n_groups=0 n_accounts=0 year=2020 month=02
syshost=owens database=xalt software=None executables=ls-dyna_mpp_d_r10_1_123355_x64_redhat54_ifort160_sse2_intelmpi-413 cpuhours=8669.26 corehours=0 nodehours=309.62 n_jobs=25 n_users=2 n_groups=0 n_accounts=0 year=2020 month=02
syshost=owens database=xalt software=None executables=pw.x cpuhours=8477.48 corehours=0 nodehours=182.89 n_jobs=150 n_users=3 n_groups=0 n_accounts=0 year=2020 month=02
syshost=owens database=xalt software=None executables=solver-mpi.exe cpuhours=7778.94 corehours=0 nodehours=25003.59 n_jobs=20 n_users=1 n_groups=0 n_accounts=0 year=2020 month=02
syshost=owens database=xalt software=None executables=MATLAB cpuhours=6633.01 corehours=0 nodehours=6633.12 n_jobs=7755 n_users=36 n_groups=0 n_accounts=0 year=2020 month=02
syshost=owens database=xalt software=None executables=epw.x cpuhours=6589.48 corehours=0 nodehours=235.63 n_jobs=242 n_users=1 n_groups=0 n_accounts=0 year=2020 month=02
syshost=owens database=xalt software=None executables=hmmsearch cpuhours=6549.85 corehours=0 nodehours=6549.85 n_jobs=2864 n_users=14 n_groups=0 n_accounts=0 year=2020 month=02
syshost=owens database=xalt software=None executables=SMACfdMain cpuhours=5286.36 corehours=0 nodehours=5286.36 n_jobs=2 n_users=1 n_groups=0 n_accounts=0 year=2020 month=02
syshost=owens database=xalt software=None executables=curvdns cpuhours=4962.14 corehours=0 nodehours=177.89 n_jobs=221 n_users=2 n_groups=0 n_accounts=0 year=2020 month=02
syshost=owens database=xalt software=None executables=fluent_mpi.19.4.0 cpuhours=4833.86 corehours=0 nodehours=14219.23 n_jobs=8 n_users=1 n_groups=0 n_accounts=0 year=2020 month=02
syshost=owens database=xalt software=None executables=icemc cpuhours=4777.64 corehours=0 nodehours=4777.64 n_jobs=516 n_users=1 n_groups=0 n_accounts=0 year=2020 month=02
syshost=owens database=xalt software=None executables=bowtie2-align-s cpuhours=4483.55 corehours=0 nodehours=4259.35 n_jobs=880 n_users=20 n_groups=0 n_accounts=0 year=2020 month=02
syshost=owens database=xalt software=None executables=execFlowFunctionObjects cpuhours=4421.55 corehours=0 nodehours=158.33 n_jobs=43 n_users=3 n_groups=0 n_accounts=0 year=2020 month=02
syshost=owens database=xalt software=None executables=decomp cpuhours=4250.76 corehours=0 nodehours=4250.76 n_jobs=2604 n_users=1 n_groups=0 n_accounts=0 year=2020 month=02
syshost=owens database=xalt software=None executables=Amber cpuhours=3928.56 corehours=0 nodehours=2824.85 n_jobs=374 n_users=6 n_groups=0 n_accounts=0 year=2020 month=02
syshost=owens database=xalt software=None executables=Xvnc cpuhours=3840.7 corehours=0 nodehours=4260.89 n_jobs=889 n_users=112 n_groups=0 n_accounts=0 year=2020 month=02
syshost=owens database=xalt software=None executables=blastx cpuhours=3617.65 corehours=0 nodehours=3617.65 n_jobs=254 n_users=3 n_groups=0 n_accounts=0 year=2020 month=02
syshost=owens database=xalt software=None executables=blastp cpuhours=3350.3 corehours=0 nodehours=3350.3 n_jobs=5321 n_users=14 n_groups=0 n_accounts=0 year=2020 month=02
