syshost=pitzer database=xalt software=None executables=namd2 cpuhours=900444.62 corehours=0 nodehours=24394.63 n_jobs=717 n_users=7 n_groups=0 n_accounts=0 year=2020 month=06
syshost=pitzer database=xalt software=None executables=LAMMPS cpuhours=306945.07 corehours=0 nodehours=29417.66 n_jobs=1430 n_users=7 n_groups=0 n_accounts=0 year=2020 month=06
syshost=pitzer database=xalt software=None executables=fluent_mpi.19.4.0 cpuhours=287297.64 corehours=0 nodehours=509279.62 n_jobs=53 n_users=2 n_groups=0 n_accounts=0 year=2020 month=06
syshost=pitzer database=xalt software=None executables=QChem cpuhours=254479.45 corehours=0 nodehours=11038.14 n_jobs=5746 n_users=14 n_groups=0 n_accounts=0 year=2020 month=06
syshost=pitzer database=xalt software=None executables=lt-simulate cpuhours=220576.55 corehours=0 nodehours=220576.55 n_jobs=10428 n_users=4 n_groups=0 n_accounts=0 year=2020 month=06
syshost=pitzer database=xalt software=None executables=VASP cpuhours=176208.78 corehours=0 nodehours=4439.15 n_jobs=3320 n_users=8 n_groups=0 n_accounts=0 year=2020 month=06
syshost=pitzer database=xalt software=None executables=parallel-command-processor cpuhours=137566.39 corehours=0 nodehours=4569.53 n_jobs=1849 n_users=5 n_groups=0 n_accounts=0 year=2020 month=06
syshost=pitzer database=xalt software=None executables=python3.7 cpuhours=130620.77 corehours=0 nodehours=126473.69 n_jobs=16765 n_users=47 n_groups=0 n_accounts=0 year=2020 month=06
syshost=pitzer database=xalt software=None executables=python3.6 cpuhours=120840.53 corehours=0 nodehours=120840.69 n_jobs=7552 n_users=72 n_groups=0 n_accounts=0 year=2020 month=06
syshost=pitzer database=xalt software=None executables=triflow_df.exe cpuhours=115143.56 corehours=0 nodehours=2878.59 n_jobs=28 n_users=1 n_groups=0 n_accounts=0 year=2020 month=06
syshost=pitzer database=xalt software=None executables=nodet_mpi cpuhours=74940.61 corehours=0 nodehours=1873.52 n_jobs=119 n_users=1 n_groups=0 n_accounts=0 year=2020 month=06
syshost=pitzer database=xalt software=None executables=tkestatsclone.exe cpuhours=63891.3 corehours=0 nodehours=1597.28 n_jobs=19 n_users=2 n_groups=0 n_accounts=0 year=2020 month=06
syshost=pitzer database=xalt software=None executables=AraSim cpuhours=39397.16 corehours=0 nodehours=39397.16 n_jobs=7916 n_users=5 n_groups=0 n_accounts=0 year=2020 month=06
syshost=pitzer database=xalt software=None executables=python2.7 cpuhours=32582.81 corehours=0 nodehours=4499.02 n_jobs=6259 n_users=79 n_groups=0 n_accounts=0 year=2020 month=06
syshost=pitzer database=xalt software=None executables=converge-mpich cpuhours=31480.36 corehours=0 nodehours=787.01 n_jobs=26 n_users=1 n_groups=0 n_accounts=0 year=2020 month=06
syshost=pitzer database=xalt software=None executables=R cpuhours=25191.45 corehours=0 nodehours=25128.59 n_jobs=5224 n_users=39 n_groups=0 n_accounts=0 year=2020 month=06
syshost=pitzer database=xalt software=None executables=MOLCAS cpuhours=22659.75 corehours=0 nodehours=15076.81 n_jobs=1203 n_users=1 n_groups=0 n_accounts=0 year=2020 month=06
syshost=pitzer database=xalt software=None executables=garffield_pitzer cpuhours=17430.55 corehours=0 nodehours=1866.23 n_jobs=170 n_users=1 n_groups=0 n_accounts=0 year=2020 month=06
syshost=pitzer database=xalt software=None executables=cp2k.popt cpuhours=16881.54 corehours=0 nodehours=447.05 n_jobs=16 n_users=3 n_groups=0 n_accounts=0 year=2020 month=06
syshost=pitzer database=xalt software=None executables=pimpleFoam cpuhours=15438.8 corehours=0 nodehours=389.53 n_jobs=45 n_users=1 n_groups=0 n_accounts=0 year=2020 month=06
syshost=pitzer database=xalt software=None executables=pimpleDyMFoam cpuhours=14141.74 corehours=0 nodehours=353.54 n_jobs=4 n_users=1 n_groups=0 n_accounts=0 year=2020 month=06
syshost=pitzer database=xalt software=None executables=Gaussian cpuhours=10956.28 corehours=0 nodehours=5632.0 n_jobs=444 n_users=9 n_groups=0 n_accounts=0 year=2020 month=06
syshost=pitzer database=xalt software=None executables=evp cpuhours=7996.38 corehours=0 nodehours=260.8 n_jobs=190 n_users=2 n_groups=0 n_accounts=0 year=2020 month=06
syshost=pitzer database=xalt software=None executables=pturbo.x cpuhours=7409.54 corehours=0 nodehours=627.44 n_jobs=137 n_users=2 n_groups=0 n_accounts=0 year=2020 month=06
syshost=pitzer database=xalt software=None executables=python3.5 cpuhours=6150.04 corehours=0 nodehours=407.17 n_jobs=72 n_users=2 n_groups=0 n_accounts=0 year=2020 month=06
syshost=pitzer database=xalt software=None executables=ORCA cpuhours=5211.51 corehours=0 nodehours=1886.52 n_jobs=93 n_users=4 n_groups=0 n_accounts=0 year=2020 month=06
syshost=pitzer database=xalt software=None executables=full.exe cpuhours=4826.05 corehours=0 nodehours=176.89 n_jobs=82 n_users=1 n_groups=0 n_accounts=0 year=2020 month=06
syshost=pitzer database=xalt software=None executables=hmmsearch cpuhours=4234.71 corehours=0 nodehours=4234.71 n_jobs=1340 n_users=9 n_groups=0 n_accounts=0 year=2020 month=06
syshost=pitzer database=xalt software=None executables=pmi_proxy cpuhours=4216.3 corehours=0 nodehours=4216.72 n_jobs=1351 n_users=2 n_groups=0 n_accounts=0 year=2020 month=06
syshost=pitzer database=xalt software=None executables=dice cpuhours=3892.49 corehours=0 nodehours=3892.49 n_jobs=56 n_users=1 n_groups=0 n_accounts=0 year=2020 month=06
syshost=pitzer database=xalt software=None executables=ensight19.server cpuhours=2658.83 corehours=0 nodehours=2658.83 n_jobs=56 n_users=2 n_groups=0 n_accounts=0 year=2020 month=06
syshost=pitzer database=xalt software=None executables=dynamic cpuhours=2404.85 corehours=0 nodehours=150.3 n_jobs=20 n_users=1 n_groups=0 n_accounts=0 year=2020 month=06
syshost=pitzer database=xalt software=None executables=setsm cpuhours=2328.79 corehours=0 nodehours=1409.35 n_jobs=537 n_users=2 n_groups=0 n_accounts=0 year=2020 month=06
syshost=pitzer database=xalt software=None executables=mclr.exe cpuhours=2205.57 corehours=0 nodehours=2205.57 n_jobs=189 n_users=1 n_groups=0 n_accounts=0 year=2020 month=06
syshost=pitzer database=xalt software=None executables=athena cpuhours=2145.8 corehours=0 nodehours=67.06 n_jobs=125 n_users=1 n_groups=0 n_accounts=0 year=2020 month=06
syshost=pitzer database=xalt software=None executables=bcrham cpuhours=2113.0 corehours=0 nodehours=2113.0 n_jobs=7 n_users=1 n_groups=0 n_accounts=0 year=2020 month=06
syshost=pitzer database=xalt software=None executables=pw.x cpuhours=1922.2 corehours=0 nodehours=48.05 n_jobs=6 n_users=2 n_groups=0 n_accounts=0 year=2020 month=06
syshost=pitzer database=xalt software=None executables=mdrun_mpi cpuhours=1860.22 corehours=0 nodehours=116.26 n_jobs=2 n_users=1 n_groups=0 n_accounts=0 year=2020 month=06
syshost=pitzer database=xalt software=None executables=lmp cpuhours=1730.35 corehours=0 nodehours=1641.85 n_jobs=30 n_users=1 n_groups=0 n_accounts=0 year=2020 month=06
syshost=pitzer database=xalt software=None executables=python3.8 cpuhours=1718.44 corehours=0 nodehours=1718.46 n_jobs=286 n_users=11 n_groups=0 n_accounts=0 year=2020 month=06
syshost=pitzer database=xalt software=None executables=osu_alltoallv cpuhours=1600.13 corehours=0 nodehours=2.5 n_jobs=1 n_users=1 n_groups=0 n_accounts=0 year=2020 month=06
syshost=pitzer database=xalt software=None executables=osu_alltoall cpuhours=1551.62 corehours=0 nodehours=2.44 n_jobs=2 n_users=2 n_groups=0 n_accounts=0 year=2020 month=06
syshost=pitzer database=xalt software=None executables=rmblastn cpuhours=1509.99 corehours=0 nodehours=1509.99 n_jobs=11 n_users=1 n_groups=0 n_accounts=0 year=2020 month=06
syshost=pitzer database=xalt software=None executables=espf.exe cpuhours=1471.64 corehours=0 nodehours=886.84 n_jobs=1214 n_users=1 n_groups=0 n_accounts=0 year=2020 month=06
syshost=pitzer database=xalt software=None executables=perl cpuhours=1370.38 corehours=0 nodehours=1104.32 n_jobs=708 n_users=16 n_groups=0 n_accounts=0 year=2020 month=06
syshost=pitzer database=xalt software=None executables=orted cpuhours=1307.24 corehours=0 nodehours=7131.53 n_jobs=49 n_users=6 n_groups=0 n_accounts=0 year=2020 month=06
syshost=pitzer database=xalt software=None executables=ceishell cpuhours=1118.72 corehours=0 nodehours=1118.72 n_jobs=56 n_users=2 n_groups=0 n_accounts=0 year=2020 month=06
syshost=pitzer database=xalt software=None executables=blastn cpuhours=1103.99 corehours=0 nodehours=1103.99 n_jobs=155 n_users=7 n_groups=0 n_accounts=0 year=2020 month=06
syshost=pitzer database=xalt software=None executables=diamond cpuhours=1053.91 corehours=0 nodehours=1053.91 n_jobs=670 n_users=4 n_groups=0 n_accounts=0 year=2020 month=06
syshost=pitzer database=xalt software=None executables=Chaquetin cpuhours=1024.74 corehours=0 nodehours=1024.74 n_jobs=76 n_users=1 n_groups=0 n_accounts=0 year=2020 month=06
