syshost=owens database=xalt software=None executables=VASP cpuhours=333295.29 corehours=0 nodehours=11942.4 n_jobs=1937 n_users=28 n_groups=0 n_accounts=0 year=2020 month=10
syshost=owens database=xalt software=None executables=tkestatsclone.exe cpuhours=189879.62 corehours=0 nodehours=6781.41 n_jobs=22 n_users=1 n_groups=0 n_accounts=0 year=2020 month=10
syshost=owens database=xalt software=None executables=cp2k.popt cpuhours=188529.21 corehours=0 nodehours=9426.46 n_jobs=49 n_users=1 n_groups=0 n_accounts=0 year=2020 month=10
syshost=owens database=xalt software=None executables=curvdns cpuhours=101654.9 corehours=0 nodehours=3630.53 n_jobs=91 n_users=1 n_groups=0 n_accounts=0 year=2020 month=10
syshost=owens database=xalt software=None executables=lt-simulate cpuhours=88515.17 corehours=0 nodehours=88515.17 n_jobs=9816 n_users=5 n_groups=0 n_accounts=0 year=2020 month=10
syshost=owens database=xalt software=None executables=LAMMPS cpuhours=84734.82 corehours=0 nodehours=15125.93 n_jobs=8343 n_users=16 n_groups=0 n_accounts=0 year=2020 month=10
syshost=owens database=xalt software=None executables=lsp cpuhours=76984.74 corehours=0 nodehours=2780.84 n_jobs=89 n_users=5 n_groups=0 n_accounts=0 year=2020 month=10
syshost=owens database=xalt software=None executables=ansys.e cpuhours=72091.52 corehours=0 nodehours=2781.41 n_jobs=114 n_users=3 n_groups=0 n_accounts=0 year=2020 month=10
syshost=owens database=xalt software=None executables=da_wrfvar.exe cpuhours=63197.16 corehours=0 nodehours=2262.52 n_jobs=1169 n_users=1 n_groups=0 n_accounts=0 year=2020 month=10
syshost=owens database=xalt software=None executables=fim cpuhours=62877.92 corehours=0 nodehours=2260.78 n_jobs=206 n_users=4 n_groups=0 n_accounts=0 year=2020 month=10
syshost=owens database=xalt software=None executables=QChem cpuhours=56469.53 corehours=0 nodehours=2284.57 n_jobs=1869 n_users=23 n_groups=0 n_accounts=0 year=2020 month=10
syshost=owens database=xalt software=None executables=wrf.exe cpuhours=53474.63 corehours=0 nodehours=1909.81 n_jobs=257 n_users=1 n_groups=0 n_accounts=0 year=2020 month=10
syshost=owens database=xalt software=None executables=python3.8 cpuhours=36368.54 corehours=0 nodehours=34887.72 n_jobs=10569 n_users=46 n_groups=0 n_accounts=0 year=2020 month=10
syshost=owens database=xalt software=None executables=namd2 cpuhours=25499.74 corehours=0 nodehours=2298.07 n_jobs=369 n_users=9 n_groups=0 n_accounts=0 year=2020 month=10
syshost=owens database=xalt software=None executables=R cpuhours=21494.35 corehours=0 nodehours=21571.19 n_jobs=4341 n_users=345 n_groups=0 n_accounts=0 year=2020 month=10
syshost=owens database=xalt software=None executables=Gaussian cpuhours=20892.39 corehours=0 nodehours=16519.51 n_jobs=3384 n_users=29 n_groups=0 n_accounts=0 year=2020 month=10
syshost=owens database=xalt software=None executables=explicit cpuhours=20627.27 corehours=0 nodehours=21362.85 n_jobs=384 n_users=6 n_groups=0 n_accounts=0 year=2020 month=10
syshost=owens database=xalt software=None executables=3DHELMPAR_DOAK.exe cpuhours=19967.85 corehours=0 nodehours=713.14 n_jobs=2 n_users=1 n_groups=0 n_accounts=0 year=2020 month=10
syshost=owens database=xalt software=None executables=mpp cpuhours=19584.7 corehours=0 nodehours=699.45 n_jobs=7452 n_users=2 n_groups=0 n_accounts=0 year=2020 month=10
syshost=owens database=xalt software=None executables=parallel-command-processor cpuhours=19315.54 corehours=0 nodehours=741.72 n_jobs=120 n_users=4 n_groups=0 n_accounts=0 year=2020 month=10
syshost=owens database=xalt software=None executables=pf_sim_sp_hpmpi_avx cpuhours=17636.89 corehours=0 nodehours=33955.88 n_jobs=35 n_users=1 n_groups=0 n_accounts=0 year=2020 month=10
syshost=owens database=xalt software=None executables=fluent_mpi.19.2.0 cpuhours=15656.17 corehours=0 nodehours=25302.39 n_jobs=9 n_users=1 n_groups=0 n_accounts=0 year=2020 month=10
syshost=owens database=xalt software=None executables=ORCA cpuhours=13217.17 corehours=0 nodehours=514.67 n_jobs=55 n_users=6 n_groups=0 n_accounts=0 year=2020 month=10
syshost=owens database=xalt software=None executables=mpiSWMM5.exe cpuhours=9328.29 corehours=0 nodehours=333.16 n_jobs=21 n_users=1 n_groups=0 n_accounts=0 year=2020 month=10
syshost=owens database=xalt software=None executables=perl cpuhours=9164.04 corehours=0 nodehours=2529.9 n_jobs=698 n_users=41 n_groups=0 n_accounts=0 year=2020 month=10
syshost=owens database=xalt software=None executables=python3.6 cpuhours=9066.63 corehours=0 nodehours=8727.51 n_jobs=6967 n_users=216 n_groups=0 n_accounts=0 year=2020 month=10
syshost=owens database=xalt software=None executables=swmm5.e cpuhours=8285.65 corehours=0 nodehours=1743.59 n_jobs=20 n_users=1 n_groups=0 n_accounts=0 year=2020 month=10
syshost=owens database=xalt software=None executables=python3.7 cpuhours=8165.65 corehours=0 nodehours=6685.16 n_jobs=41188 n_users=89 n_groups=0 n_accounts=0 year=2020 month=10
syshost=owens database=xalt software=None executables=rosetta_scripts.default.linuxgccrelease cpuhours=7785.52 corehours=0 nodehours=7785.52 n_jobs=392 n_users=1 n_groups=0 n_accounts=0 year=2020 month=10
syshost=owens database=xalt software=None executables=qtraj cpuhours=7101.43 corehours=0 nodehours=7101.43 n_jobs=2035 n_users=2 n_groups=0 n_accounts=0 year=2020 month=10
syshost=owens database=xalt software=None executables=pw.x cpuhours=7054.0 corehours=0 nodehours=251.93 n_jobs=41 n_users=1 n_groups=0 n_accounts=0 year=2020 month=10
syshost=owens database=xalt software=None executables=cg.D.x cpuhours=6928.08 corehours=0 nodehours=433.01 n_jobs=8 n_users=1 n_groups=0 n_accounts=0 year=2020 month=10
syshost=owens database=xalt software=None executables=ft.D.x cpuhours=5934.82 corehours=0 nodehours=370.93 n_jobs=5 n_users=1 n_groups=0 n_accounts=0 year=2020 month=10
syshost=owens database=xalt software=None executables=ls-dyna_mpp_d_r11_0_0_x64_centos65_ifort160_avx2_intelmpi-413 cpuhours=5825.77 corehours=0 nodehours=208.06 n_jobs=11 n_users=1 n_groups=0 n_accounts=0 year=2020 month=10
syshost=owens database=xalt software=None executables=Amber cpuhours=5001.92 corehours=0 nodehours=4991.78 n_jobs=775 n_users=4 n_groups=0 n_accounts=0 year=2020 month=10
syshost=owens database=xalt software=None executables=sp.D.x cpuhours=4932.08 corehours=0 nodehours=308.26 n_jobs=6 n_users=1 n_groups=0 n_accounts=0 year=2020 month=10
syshost=owens database=xalt software=None executables=python2.7 cpuhours=4792.73 corehours=0 nodehours=7673.7 n_jobs=7035 n_users=239 n_groups=0 n_accounts=0 year=2020 month=10
syshost=owens database=xalt software=None executables=pmi_proxy cpuhours=4617.98 corehours=0 nodehours=17474.17 n_jobs=2638 n_users=20 n_groups=0 n_accounts=0 year=2020 month=10
syshost=owens database=xalt software=None executables=cygnssE2ES cpuhours=4563.58 corehours=0 nodehours=182.54 n_jobs=45 n_users=1 n_groups=0 n_accounts=0 year=2020 month=10
syshost=owens database=xalt software=None executables=bt.D.x cpuhours=4555.36 corehours=0 nodehours=284.71 n_jobs=5 n_users=1 n_groups=0 n_accounts=0 year=2020 month=10
syshost=owens database=xalt software=None executables=python cpuhours=3947.44 corehours=0 nodehours=7500.7 n_jobs=2158 n_users=24 n_groups=0 n_accounts=0 year=2020 month=10
syshost=owens database=xalt software=None executables=mg.D.x cpuhours=3862.02 corehours=0 nodehours=241.38 n_jobs=6 n_users=1 n_groups=0 n_accounts=0 year=2020 month=10
syshost=owens database=xalt software=None executables=julia cpuhours=3739.5 corehours=0 nodehours=3739.5 n_jobs=3428 n_users=2 n_groups=0 n_accounts=0 year=2020 month=10
syshost=owens database=xalt software=None executables=mpiexec.hydra cpuhours=3707.02 corehours=0 nodehours=10568.07 n_jobs=3334 n_users=40 n_groups=0 n_accounts=0 year=2020 month=10
syshost=owens database=xalt software=None executables=rmblastn cpuhours=3287.4 corehours=0 nodehours=273.95 n_jobs=1 n_users=1 n_groups=0 n_accounts=0 year=2020 month=10
syshost=owens database=xalt software=None executables=cpptraj.MPI cpuhours=3263.43 corehours=0 nodehours=116.55 n_jobs=189 n_users=2 n_groups=0 n_accounts=0 year=2020 month=10
syshost=owens database=xalt software=None executables=Xvnc cpuhours=3130.2 corehours=0 nodehours=3141.13 n_jobs=847 n_users=107 n_groups=0 n_accounts=0 year=2020 month=10
syshost=owens database=xalt software=None executables=MATLAB cpuhours=3055.31 corehours=0 nodehours=3053.18 n_jobs=2908 n_users=29 n_groups=0 n_accounts=0 year=2020 month=10
syshost=owens database=xalt software=None executables=ep.D.x cpuhours=2948.39 corehours=0 nodehours=184.27 n_jobs=5 n_users=1 n_groups=0 n_accounts=0 year=2020 month=10
syshost=owens database=xalt software=None executables=ls-dyna_mpp_d_r10_1_123355_x64_redhat54_ifort160_sse2_intelmpi-413 cpuhours=2545.43 corehours=0 nodehours=90.91 n_jobs=77 n_users=2 n_groups=0 n_accounts=0 year=2020 month=10
