syshost=pitzer database=xalt software=None executables=namd2 cpuhours=561219.73 corehours=0 nodehours=17538.02 n_jobs=726 n_users=9 n_groups=0 n_accounts=0 year=2020 month=04
syshost=pitzer database=xalt software=None executables=VASP cpuhours=461107.83 corehours=0 nodehours=11562.36 n_jobs=6236 n_users=10 n_groups=0 n_accounts=0 year=2020 month=04
syshost=pitzer database=xalt software=None executables=lt-simulate cpuhours=449617.73 corehours=0 nodehours=449617.73 n_jobs=15763 n_users=4 n_groups=0 n_accounts=0 year=2020 month=04
syshost=pitzer database=xalt software=None executables=fluent_mpi.19.4.0 cpuhours=434678.66 corehours=0 nodehours=445188.11 n_jobs=12 n_users=2 n_groups=0 n_accounts=0 year=2020 month=04
syshost=pitzer database=xalt software=None executables=LAMMPS cpuhours=401736.75 corehours=0 nodehours=25292.14 n_jobs=660 n_users=8 n_groups=0 n_accounts=0 year=2020 month=04
syshost=pitzer database=xalt software=None executables=wrf.exe cpuhours=165807.65 corehours=0 nodehours=4145.19 n_jobs=86 n_users=2 n_groups=0 n_accounts=0 year=2020 month=04
syshost=pitzer database=xalt software=None executables=R cpuhours=106589.52 corehours=0 nodehours=55511.59 n_jobs=3293 n_users=27 n_groups=0 n_accounts=0 year=2020 month=04
syshost=pitzer database=xalt software=None executables=python3.7 cpuhours=86891.28 corehours=0 nodehours=86007.63 n_jobs=9403 n_users=45 n_groups=0 n_accounts=0 year=2020 month=04
syshost=pitzer database=xalt software=None executables=MOLCAS cpuhours=76963.76 corehours=0 nodehours=76963.1 n_jobs=1999 n_users=3 n_groups=0 n_accounts=0 year=2020 month=04
syshost=pitzer database=xalt software=None executables=QChem cpuhours=76150.75 corehours=0 nodehours=9027.14 n_jobs=2717 n_users=9 n_groups=0 n_accounts=0 year=2020 month=04
syshost=pitzer database=xalt software=None executables=cp2k.popt cpuhours=73639.86 corehours=0 nodehours=3406.64 n_jobs=619 n_users=2 n_groups=0 n_accounts=0 year=2020 month=04
syshost=pitzer database=xalt software=None executables=tkestatsclone.exe cpuhours=70455.25 corehours=0 nodehours=1804.0 n_jobs=25 n_users=2 n_groups=0 n_accounts=0 year=2020 month=04
syshost=pitzer database=xalt software=None executables=perl cpuhours=38477.13 corehours=0 nodehours=4332.56 n_jobs=422 n_users=13 n_groups=0 n_accounts=0 year=2020 month=04
syshost=pitzer database=xalt software=None executables=python3.6 cpuhours=35973.21 corehours=0 nodehours=31380.28 n_jobs=3745 n_users=80 n_groups=0 n_accounts=0 year=2020 month=04
syshost=pitzer database=xalt software=None executables=parallel-command-processor cpuhours=29927.77 corehours=0 nodehours=1017.37 n_jobs=271 n_users=3 n_groups=0 n_accounts=0 year=2020 month=04
syshost=pitzer database=xalt software=None executables=lmp cpuhours=22936.85 corehours=0 nodehours=1205.38 n_jobs=92 n_users=1 n_groups=0 n_accounts=0 year=2020 month=04
syshost=pitzer database=xalt software=None executables=python2.7 cpuhours=20831.74 corehours=0 nodehours=4769.93 n_jobs=1333 n_users=73 n_groups=0 n_accounts=0 year=2020 month=04
syshost=pitzer database=xalt software=None executables=mdrun_mpi cpuhours=15960.54 corehours=0 nodehours=1168.14 n_jobs=73 n_users=1 n_groups=0 n_accounts=0 year=2020 month=04
syshost=pitzer database=xalt software=None executables=AraSim cpuhours=11239.06 corehours=0 nodehours=11239.06 n_jobs=2027 n_users=2 n_groups=0 n_accounts=0 year=2020 month=04
syshost=pitzer database=xalt software=None executables=raxmlHPC-AVX cpuhours=11073.56 corehours=0 nodehours=11073.56 n_jobs=37 n_users=1 n_groups=0 n_accounts=0 year=2020 month=04
syshost=pitzer database=xalt software=None executables=MAXSOLVE_v3p02 cpuhours=9262.42 corehours=0 nodehours=330.8 n_jobs=129 n_users=1 n_groups=0 n_accounts=0 year=2020 month=04
syshost=pitzer database=xalt software=None executables=python3.5 cpuhours=6896.63 corehours=0 nodehours=4104.5 n_jobs=103 n_users=5 n_groups=0 n_accounts=0 year=2020 month=04
syshost=pitzer database=xalt software=None executables=Gaussian cpuhours=6828.64 corehours=0 nodehours=3674.25 n_jobs=272 n_users=12 n_groups=0 n_accounts=0 year=2020 month=04
syshost=pitzer database=xalt software=None executables=converge-mpich cpuhours=6303.6 corehours=0 nodehours=157.59 n_jobs=16 n_users=1 n_groups=0 n_accounts=0 year=2020 month=04
syshost=pitzer database=xalt software=None executables=3DHELMPAR_DOAK.exe cpuhours=5638.52 corehours=0 nodehours=156.63 n_jobs=1 n_users=1 n_groups=0 n_accounts=0 year=2020 month=04
syshost=pitzer database=xalt software=None executables=setsm cpuhours=5449.01 corehours=0 nodehours=3377.12 n_jobs=994 n_users=2 n_groups=0 n_accounts=0 year=2020 month=04
syshost=pitzer database=xalt software=None executables=pimpleFoam cpuhours=4991.78 corehours=0 nodehours=125.11 n_jobs=75 n_users=1 n_groups=0 n_accounts=0 year=2020 month=04
syshost=pitzer database=xalt software=None executables=pw.x cpuhours=4903.08 corehours=0 nodehours=122.91 n_jobs=99 n_users=4 n_groups=0 n_accounts=0 year=2020 month=04
syshost=pitzer database=xalt software=None executables=ORCA cpuhours=4782.18 corehours=0 nodehours=1237.98 n_jobs=164 n_users=6 n_groups=0 n_accounts=0 year=2020 month=04
syshost=pitzer database=xalt software=None executables=mclr.exe cpuhours=4390.2 corehours=0 nodehours=4390.2 n_jobs=345 n_users=1 n_groups=0 n_accounts=0 year=2020 month=04
syshost=pitzer database=xalt software=None executables=scf.exe cpuhours=3945.25 corehours=0 nodehours=3944.76 n_jobs=297 n_users=2 n_groups=0 n_accounts=0 year=2020 month=04
syshost=pitzer database=xalt software=None executables=athena cpuhours=3814.34 corehours=0 nodehours=119.2 n_jobs=64 n_users=1 n_groups=0 n_accounts=0 year=2020 month=04
syshost=pitzer database=xalt software=None executables=orted cpuhours=3490.68 corehours=0 nodehours=36135.83 n_jobs=673 n_users=14 n_groups=0 n_accounts=0 year=2020 month=04
syshost=pitzer database=xalt software=None executables=pimpleDyMFoam cpuhours=3455.61 corehours=0 nodehours=86.39 n_jobs=1 n_users=1 n_groups=0 n_accounts=0 year=2020 month=04
syshost=pitzer database=xalt software=None executables=pmi_proxy cpuhours=3096.24 corehours=0 nodehours=14342.14 n_jobs=1065 n_users=10 n_groups=0 n_accounts=0 year=2020 month=04
syshost=pitzer database=xalt software=None executables=MATLAB cpuhours=3009.04 corehours=0 nodehours=3009.04 n_jobs=3324 n_users=8 n_groups=0 n_accounts=0 year=2020 month=04
syshost=pitzer database=xalt software=None executables=ensight19.server cpuhours=2787.76 corehours=0 nodehours=2787.76 n_jobs=53 n_users=1 n_groups=0 n_accounts=0 year=2020 month=04
syshost=pitzer database=xalt software=None executables=gmx_mpi cpuhours=2491.57 corehours=0 nodehours=124.58 n_jobs=8 n_users=1 n_groups=0 n_accounts=0 year=2020 month=04
syshost=pitzer database=xalt software=None executables=simulate cpuhours=2139.62 corehours=0 nodehours=2139.62 n_jobs=408 n_users=1 n_groups=0 n_accounts=0 year=2020 month=04
syshost=pitzer database=xalt software=None executables=espf.exe cpuhours=2123.88 corehours=0 nodehours=2123.8 n_jobs=1887 n_users=3 n_groups=0 n_accounts=0 year=2020 month=04
syshost=pitzer database=xalt software=None executables=ceishell cpuhours=2015.4 corehours=0 nodehours=2015.4 n_jobs=65 n_users=2 n_groups=0 n_accounts=0 year=2020 month=04
syshost=pitzer database=xalt software=None executables=lsp cpuhours=1691.74 corehours=0 nodehours=44.45 n_jobs=1 n_users=1 n_groups=0 n_accounts=0 year=2020 month=04
syshost=pitzer database=xalt software=None executables=samtools cpuhours=1546.52 corehours=0 nodehours=423.67 n_jobs=900 n_users=12 n_groups=0 n_accounts=0 year=2020 month=04
syshost=pitzer database=xalt software=None executables=fastaToKmerCoverageStats cpuhours=1532.12 corehours=0 nodehours=38.35 n_jobs=10 n_users=2 n_groups=0 n_accounts=0 year=2020 month=04
syshost=pitzer database=xalt software=None executables=trial cpuhours=1484.29 corehours=0 nodehours=46.38 n_jobs=55 n_users=1 n_groups=0 n_accounts=0 year=2020 month=04
syshost=pitzer database=xalt software=None executables=doubleLimbTrunk_exc cpuhours=1406.33 corehours=0 nodehours=35.16 n_jobs=6 n_users=1 n_groups=0 n_accounts=0 year=2020 month=04
syshost=pitzer database=xalt software=None executables=main_BEeffects_arbtryParticle_OpenMP cpuhours=1405.58 corehours=0 nodehours=35.19 n_jobs=31 n_users=1 n_groups=0 n_accounts=0 year=2020 month=04
syshost=pitzer database=xalt software=None executables=ParaFly cpuhours=1280.06 corehours=0 nodehours=220.92 n_jobs=8 n_users=2 n_groups=0 n_accounts=0 year=2020 month=04
syshost=pitzer database=xalt software=None executables=calc.f95 cpuhours=1207.44 corehours=0 nodehours=1207.44 n_jobs=9949 n_users=2 n_groups=0 n_accounts=0 year=2020 month=04
syshost=pitzer database=xalt software=None executables=mix cpuhours=1186.94 corehours=0 nodehours=1186.94 n_jobs=320 n_users=1 n_groups=0 n_accounts=0 year=2020 month=04
