syshost=owens database=xalt software=None executables=tkestatsclone.exe cpuhours=504645.8 corehours=0 nodehours=18023.06 n_jobs=51 n_users=2 n_groups=0 n_accounts=0 year=2020 month=09
syshost=owens database=xalt software=None executables=VASP cpuhours=474595.23 corehours=0 nodehours=17023.81 n_jobs=1819 n_users=18 n_groups=0 n_accounts=0 year=2020 month=09
syshost=owens database=xalt software=None executables=fim cpuhours=183255.33 corehours=0 nodehours=6588.96 n_jobs=696 n_users=3 n_groups=0 n_accounts=0 year=2020 month=09
syshost=owens database=xalt software=None executables=QChem cpuhours=179867.57 corehours=0 nodehours=10158.47 n_jobs=4755 n_users=25 n_groups=0 n_accounts=0 year=2020 month=09
syshost=owens database=xalt software=None executables=lsp cpuhours=152187.02 corehours=0 nodehours=5502.8 n_jobs=87 n_users=5 n_groups=0 n_accounts=0 year=2020 month=09
syshost=owens database=xalt software=None executables=parallel-command-processor cpuhours=115922.0 corehours=0 nodehours=5465.89 n_jobs=391 n_users=6 n_groups=0 n_accounts=0 year=2020 month=09
syshost=owens database=xalt software=None executables=namd2 cpuhours=94602.47 corehours=0 nodehours=3388.35 n_jobs=176 n_users=6 n_groups=0 n_accounts=0 year=2020 month=09
syshost=owens database=xalt software=None executables=simul_YM cpuhours=79790.05 corehours=0 nodehours=4117.49 n_jobs=58 n_users=1 n_groups=0 n_accounts=0 year=2020 month=09
syshost=owens database=xalt software=None executables=LAMMPS cpuhours=73042.35 corehours=0 nodehours=4518.12 n_jobs=2694 n_users=13 n_groups=0 n_accounts=0 year=2020 month=09
syshost=owens database=xalt software=None executables=lt-simulate cpuhours=69654.4 corehours=0 nodehours=69654.4 n_jobs=12452 n_users=4 n_groups=0 n_accounts=0 year=2020 month=09
syshost=owens database=xalt software=None executables=pf_sim_sp_hpmpi_avx cpuhours=60750.48 corehours=0 nodehours=117772.68 n_jobs=11 n_users=2 n_groups=0 n_accounts=0 year=2020 month=09
syshost=owens database=xalt software=None executables=python3.7 cpuhours=60053.66 corehours=0 nodehours=60054.14 n_jobs=65351 n_users=102 n_groups=0 n_accounts=0 year=2020 month=09
syshost=owens database=xalt software=None executables=Amber cpuhours=39677.19 corehours=0 nodehours=28171.69 n_jobs=4818 n_users=6 n_groups=0 n_accounts=0 year=2020 month=09
syshost=owens database=xalt software=None executables=fdl3di.exe cpuhours=37788.45 corehours=0 nodehours=1349.59 n_jobs=51 n_users=1 n_groups=0 n_accounts=0 year=2020 month=09
syshost=owens database=xalt software=None executables=python2.7 cpuhours=35718.29 corehours=0 nodehours=38616.33 n_jobs=8907 n_users=260 n_groups=0 n_accounts=0 year=2020 month=09
syshost=owens database=xalt software=None executables=da_wrfvar.exe cpuhours=32282.07 corehours=0 nodehours=1154.15 n_jobs=415 n_users=1 n_groups=0 n_accounts=0 year=2020 month=09
syshost=owens database=xalt software=None executables=python3.6 cpuhours=29981.83 corehours=0 nodehours=30100.22 n_jobs=13974 n_users=273 n_groups=0 n_accounts=0 year=2020 month=09
syshost=owens database=xalt software=None executables=mpp cpuhours=25983.75 corehours=0 nodehours=927.99 n_jobs=17765 n_users=2 n_groups=0 n_accounts=0 year=2020 month=09
syshost=owens database=xalt software=None executables=ORCA cpuhours=22954.18 corehours=0 nodehours=1802.22 n_jobs=59 n_users=6 n_groups=0 n_accounts=0 year=2020 month=09
syshost=owens database=xalt software=None executables=cp2k.popt cpuhours=22289.49 corehours=0 nodehours=1114.47 n_jobs=12 n_users=1 n_groups=0 n_accounts=0 year=2020 month=09
syshost=owens database=xalt software=None executables=3DHELMPAR_DOAK.exe cpuhours=19354.06 corehours=0 nodehours=691.22 n_jobs=1 n_users=1 n_groups=0 n_accounts=0 year=2020 month=09
syshost=owens database=xalt software=None executables=MATLAB cpuhours=16967.38 corehours=0 nodehours=16823.23 n_jobs=10528 n_users=33 n_groups=0 n_accounts=0 year=2020 month=09
syshost=owens database=xalt software=None executables=TSpimpleFoamRobustBlendingFactor-v0.1 cpuhours=16314.12 corehours=0 nodehours=594.79 n_jobs=2 n_users=1 n_groups=0 n_accounts=0 year=2020 month=09
syshost=owens database=xalt software=None executables=Gaussian cpuhours=15054.93 corehours=0 nodehours=14159.81 n_jobs=4790 n_users=45 n_groups=0 n_accounts=0 year=2020 month=09
syshost=owens database=xalt software=None executables=fluent_mpi.19.2.0 cpuhours=14397.28 corehours=0 nodehours=24058.33 n_jobs=9 n_users=1 n_groups=0 n_accounts=0 year=2020 month=09
syshost=owens database=xalt software=None executables=explicit cpuhours=11984.73 corehours=0 nodehours=12421.09 n_jobs=124 n_users=7 n_groups=0 n_accounts=0 year=2020 month=09
syshost=owens database=xalt software=None executables=python3.8 cpuhours=11338.22 corehours=0 nodehours=12299.99 n_jobs=3763 n_users=45 n_groups=0 n_accounts=0 year=2020 month=09
syshost=owens database=xalt software=None executables=cygnssE2ES cpuhours=10215.12 corehours=0 nodehours=408.6 n_jobs=71 n_users=1 n_groups=0 n_accounts=0 year=2020 month=09
syshost=owens database=xalt software=None executables=ansys.e cpuhours=9165.04 corehours=0 nodehours=931.5 n_jobs=99 n_users=3 n_groups=0 n_accounts=0 year=2020 month=09
syshost=owens database=xalt software=None executables=analyser cpuhours=8423.18 corehours=0 nodehours=1851.89 n_jobs=118 n_users=1 n_groups=0 n_accounts=0 year=2020 month=09
syshost=owens database=xalt software=None executables=hmmsearch cpuhours=7102.58 corehours=0 nodehours=7102.58 n_jobs=5047 n_users=10 n_groups=0 n_accounts=0 year=2020 month=09
syshost=owens database=xalt software=None executables=wrf.exe cpuhours=6873.97 corehours=0 nodehours=245.5 n_jobs=130 n_users=2 n_groups=0 n_accounts=0 year=2020 month=09
syshost=owens database=xalt software=None executables=pw.x cpuhours=6671.07 corehours=0 nodehours=191.81 n_jobs=48 n_users=3 n_groups=0 n_accounts=0 year=2020 month=09
syshost=owens database=xalt software=None executables=R cpuhours=6600.23 corehours=0 nodehours=11902.56 n_jobs=7442 n_users=368 n_groups=0 n_accounts=0 year=2020 month=09
syshost=owens database=xalt software=None executables=rmblastn cpuhours=6480.34 corehours=0 nodehours=550.36 n_jobs=4 n_users=2 n_groups=0 n_accounts=0 year=2020 month=09
syshost=owens database=xalt software=None executables=MOLCAS cpuhours=5737.3 corehours=0 nodehours=5664.34 n_jobs=213 n_users=2 n_groups=0 n_accounts=0 year=2020 month=09
syshost=owens database=xalt software=None executables=Xvnc cpuhours=5184.32 corehours=0 nodehours=6421.9 n_jobs=991 n_users=157 n_groups=0 n_accounts=0 year=2020 month=09
syshost=owens database=xalt software=None executables=qtraj cpuhours=4825.21 corehours=0 nodehours=4825.21 n_jobs=1395 n_users=2 n_groups=0 n_accounts=0 year=2020 month=09
syshost=owens database=xalt software=None executables=mpp971 cpuhours=4264.62 corehours=0 nodehours=152.31 n_jobs=7 n_users=1 n_groups=0 n_accounts=0 year=2020 month=09
syshost=owens database=xalt software=None executables=swmm5.e cpuhours=4264.14 corehours=0 nodehours=3522.9 n_jobs=27 n_users=1 n_groups=0 n_accounts=0 year=2020 month=09
syshost=owens database=xalt software=None executables=python cpuhours=4117.01 corehours=0 nodehours=7288.18 n_jobs=1188 n_users=21 n_groups=0 n_accounts=0 year=2020 month=09
syshost=owens database=xalt software=None executables=ceishell cpuhours=3703.74 corehours=0 nodehours=3773.29 n_jobs=42 n_users=1 n_groups=0 n_accounts=0 year=2020 month=09
syshost=owens database=xalt software=None executables=ensight19.server cpuhours=3623.56 corehours=0 nodehours=3623.56 n_jobs=1 n_users=1 n_groups=0 n_accounts=0 year=2020 month=09
syshost=owens database=xalt software=None executables=simplecFoam cpuhours=3435.77 corehours=0 nodehours=122.71 n_jobs=20 n_users=2 n_groups=0 n_accounts=0 year=2020 month=09
syshost=owens database=xalt software=None executables=hpcc cpuhours=3326.43 corehours=0 nodehours=118.8 n_jobs=120 n_users=1 n_groups=0 n_accounts=0 year=2020 month=09
syshost=owens database=xalt software=None executables=desmond cpuhours=3151.92 corehours=0 nodehours=131.33 n_jobs=21 n_users=1 n_groups=0 n_accounts=0 year=2020 month=09
syshost=owens database=xalt software=None executables=SAMPLER_AFTERBURNER cpuhours=2926.44 corehours=0 nodehours=2926.44 n_jobs=16 n_users=1 n_groups=0 n_accounts=0 year=2020 month=09
syshost=owens database=xalt software=None executables=pmi_proxy cpuhours=2781.85 corehours=0 nodehours=20345.09 n_jobs=1758 n_users=18 n_groups=0 n_accounts=0 year=2020 month=09
syshost=owens database=xalt software=None executables=perl cpuhours=2767.77 corehours=0 nodehours=1224.98 n_jobs=960 n_users=39 n_groups=0 n_accounts=0 year=2020 month=09
syshost=owens database=xalt software=None executables=orterun cpuhours=2645.67 corehours=0 nodehours=2677.87 n_jobs=242 n_users=11 n_groups=0 n_accounts=0 year=2020 month=09
