syshost=pitzer database=xalt software=None executables=namd2 cpuhours=1015115.04 corehours=0 nodehours=25388.79 n_jobs=410 n_users=6 n_groups=0 n_accounts=0 year=2020 month=07
syshost=pitzer database=xalt software=None executables=nodet_mpi cpuhours=566386.18 corehours=0 nodehours=14159.65 n_jobs=498 n_users=1 n_groups=0 n_accounts=0 year=2020 month=07
syshost=pitzer database=xalt software=None executables=VASP cpuhours=230920.5 corehours=0 nodehours=5768.59 n_jobs=990 n_users=10 n_groups=0 n_accounts=0 year=2020 month=07
syshost=pitzer database=xalt software=None executables=fluent_mpi.19.4.0 cpuhours=225153.02 corehours=0 nodehours=389677.84 n_jobs=41 n_users=2 n_groups=0 n_accounts=0 year=2020 month=07
syshost=pitzer database=xalt software=None executables=lt-simulate cpuhours=124181.36 corehours=0 nodehours=124181.36 n_jobs=6887 n_users=4 n_groups=0 n_accounts=0 year=2020 month=07
syshost=pitzer database=xalt software=None executables=AraSim cpuhours=119005.63 corehours=0 nodehours=119005.63 n_jobs=37036 n_users=6 n_groups=0 n_accounts=0 year=2020 month=07
syshost=pitzer database=xalt software=None executables=python3.7 cpuhours=107220.67 corehours=0 nodehours=105415.96 n_jobs=16912 n_users=46 n_groups=0 n_accounts=0 year=2020 month=07
syshost=pitzer database=xalt software=None executables=parallel-command-processor cpuhours=102980.74 corehours=0 nodehours=3197.26 n_jobs=1450 n_users=7 n_groups=0 n_accounts=0 year=2020 month=07
syshost=pitzer database=xalt software=None executables=LAMMPS cpuhours=96317.89 corehours=0 nodehours=2719.58 n_jobs=1333 n_users=10 n_groups=0 n_accounts=0 year=2020 month=07
syshost=pitzer database=xalt software=None executables=QChem cpuhours=89185.09 corehours=0 nodehours=3805.45 n_jobs=737 n_users=12 n_groups=0 n_accounts=0 year=2020 month=07
syshost=pitzer database=xalt software=None executables=interDyMFoam cpuhours=64631.35 corehours=0 nodehours=1615.78 n_jobs=33 n_users=1 n_groups=0 n_accounts=0 year=2020 month=07
syshost=pitzer database=xalt software=None executables=R cpuhours=60961.99 corehours=0 nodehours=60751.84 n_jobs=4140 n_users=42 n_groups=0 n_accounts=0 year=2020 month=07
syshost=pitzer database=xalt software=None executables=pimpleFoam cpuhours=37784.36 corehours=0 nodehours=944.61 n_jobs=20 n_users=1 n_groups=0 n_accounts=0 year=2020 month=07
syshost=pitzer database=xalt software=None executables=python2.7 cpuhours=37644.25 corehours=0 nodehours=3763.47 n_jobs=3264 n_users=79 n_groups=0 n_accounts=0 year=2020 month=07
syshost=pitzer database=xalt software=None executables=python3.6 cpuhours=34901.12 corehours=0 nodehours=34900.23 n_jobs=4740 n_users=81 n_groups=0 n_accounts=0 year=2020 month=07
syshost=pitzer database=xalt software=None executables=MOLCAS cpuhours=31541.15 corehours=0 nodehours=16831.25 n_jobs=692 n_users=1 n_groups=0 n_accounts=0 year=2020 month=07
syshost=pitzer database=xalt software=None executables=xhpcg_skx cpuhours=25485.73 corehours=0 nodehours=533.89 n_jobs=221 n_users=2 n_groups=0 n_accounts=0 year=2020 month=07
syshost=pitzer database=xalt software=None executables=Gaussian cpuhours=19362.98 corehours=0 nodehours=2024.58 n_jobs=196 n_users=6 n_groups=0 n_accounts=0 year=2020 month=07
syshost=pitzer database=xalt software=None executables=converge-mpich cpuhours=9891.76 corehours=0 nodehours=247.29 n_jobs=23 n_users=1 n_groups=0 n_accounts=0 year=2020 month=07
syshost=pitzer database=xalt software=None executables=pmi_proxy cpuhours=8182.72 corehours=0 nodehours=8183.34 n_jobs=1078 n_users=3 n_groups=0 n_accounts=0 year=2020 month=07
syshost=pitzer database=xalt software=None executables=garffield_pitzer cpuhours=7562.94 corehours=0 nodehours=1498.23 n_jobs=97 n_users=1 n_groups=0 n_accounts=0 year=2020 month=07
syshost=pitzer database=xalt software=None executables=hmmsearch cpuhours=7225.06 corehours=0 nodehours=7225.06 n_jobs=11201 n_users=8 n_groups=0 n_accounts=0 year=2020 month=07
syshost=pitzer database=xalt software=None executables=Amber cpuhours=6565.78 corehours=0 nodehours=348.6 n_jobs=140 n_users=5 n_groups=0 n_accounts=0 year=2020 month=07
syshost=pitzer database=xalt software=None executables=full.exe cpuhours=5645.9 corehours=0 nodehours=202.05 n_jobs=130 n_users=1 n_groups=0 n_accounts=0 year=2020 month=07
syshost=pitzer database=xalt software=None executables=Arepo-nfw-evapo cpuhours=4702.01 corehours=0 nodehours=129.4 n_jobs=236 n_users=1 n_groups=0 n_accounts=0 year=2020 month=07
syshost=pitzer database=xalt software=None executables=bowtie2-align-s cpuhours=4645.41 corehours=0 nodehours=570.53 n_jobs=361 n_users=10 n_groups=0 n_accounts=0 year=2020 month=07
syshost=pitzer database=xalt software=None executables=evp cpuhours=4233.2 corehours=0 nodehours=132.29 n_jobs=60 n_users=2 n_groups=0 n_accounts=0 year=2020 month=07
syshost=pitzer database=xalt software=None executables=pw.x cpuhours=4148.97 corehours=0 nodehours=103.76 n_jobs=37 n_users=3 n_groups=0 n_accounts=0 year=2020 month=07
syshost=pitzer database=xalt software=None executables=athena cpuhours=3777.84 corehours=0 nodehours=118.06 n_jobs=180 n_users=1 n_groups=0 n_accounts=0 year=2020 month=07
syshost=pitzer database=xalt software=None executables=mclr.exe cpuhours=3660.92 corehours=0 nodehours=3660.92 n_jobs=79 n_users=1 n_groups=0 n_accounts=0 year=2020 month=07
syshost=pitzer database=xalt software=None executables=samtools cpuhours=3599.42 corehours=0 nodehours=627.63 n_jobs=1115 n_users=18 n_groups=0 n_accounts=0 year=2020 month=07
syshost=pitzer database=xalt software=None executables=pturbo.x cpuhours=3438.39 corehours=0 nodehours=257.89 n_jobs=26 n_users=2 n_groups=0 n_accounts=0 year=2020 month=07
syshost=pitzer database=xalt software=None executables=orted cpuhours=3228.06 corehours=0 nodehours=21982.13 n_jobs=239 n_users=12 n_groups=0 n_accounts=0 year=2020 month=07
syshost=pitzer database=xalt software=None executables=trial cpuhours=3192.79 corehours=0 nodehours=99.81 n_jobs=189 n_users=1 n_groups=0 n_accounts=0 year=2020 month=07
syshost=pitzer database=xalt software=None executables=xhpl_intel64_static cpuhours=2742.31 corehours=0 nodehours=2742.31 n_jobs=152 n_users=1 n_groups=0 n_accounts=0 year=2020 month=07
syshost=pitzer database=xalt software=None executables=ensight19.server cpuhours=2657.9 corehours=0 nodehours=2708.47 n_jobs=18 n_users=1 n_groups=0 n_accounts=0 year=2020 month=07
syshost=pitzer database=xalt software=None executables=Arepo-sidm cpuhours=2641.82 corehours=0 nodehours=66.05 n_jobs=47 n_users=1 n_groups=0 n_accounts=0 year=2020 month=07
syshost=pitzer database=xalt software=None executables=perl cpuhours=2440.49 corehours=0 nodehours=1214.08 n_jobs=11223 n_users=17 n_groups=0 n_accounts=0 year=2020 month=07
syshost=pitzer database=xalt software=None executables=ceishell cpuhours=2335.2 corehours=0 nodehours=2347.81 n_jobs=34 n_users=2 n_groups=0 n_accounts=0 year=2020 month=07
syshost=pitzer database=xalt software=None executables=espf.exe cpuhours=2119.47 corehours=0 nodehours=1000.36 n_jobs=695 n_users=1 n_groups=0 n_accounts=0 year=2020 month=07
syshost=pitzer database=xalt software=None executables=setsm cpuhours=2085.26 corehours=0 nodehours=1596.32 n_jobs=443 n_users=2 n_groups=0 n_accounts=0 year=2020 month=07
syshost=pitzer database=xalt software=None executables=ORCA cpuhours=1840.6 corehours=0 nodehours=458.66 n_jobs=140 n_users=4 n_groups=0 n_accounts=0 year=2020 month=07
syshost=pitzer database=xalt software=None executables=python3.5 cpuhours=1797.16 corehours=0 nodehours=56.16 n_jobs=14 n_users=1 n_groups=0 n_accounts=0 year=2020 month=07
syshost=pitzer database=xalt software=None executables=python3.8 cpuhours=1475.33 corehours=0 nodehours=1485.7 n_jobs=453 n_users=8 n_groups=0 n_accounts=0 year=2020 month=07
syshost=pitzer database=xalt software=None executables=Arepo-nfw-sidm cpuhours=1422.86 corehours=0 nodehours=40.68 n_jobs=112 n_users=1 n_groups=0 n_accounts=0 year=2020 month=07
syshost=pitzer database=xalt software=None executables=mmseqs cpuhours=1251.29 corehours=0 nodehours=1251.29 n_jobs=10135 n_users=5 n_groups=0 n_accounts=0 year=2020 month=07
syshost=pitzer database=xalt software=None executables=hmmscan cpuhours=990.78 corehours=0 nodehours=990.78 n_jobs=26 n_users=3 n_groups=0 n_accounts=0 year=2020 month=07
syshost=pitzer database=xalt software=None executables=lmp cpuhours=901.6 corehours=0 nodehours=901.6 n_jobs=22 n_users=1 n_groups=0 n_accounts=0 year=2020 month=07
syshost=pitzer database=xalt software=None executables=seward.exe cpuhours=721.07 corehours=0 nodehours=322.07 n_jobs=701 n_users=1 n_groups=0 n_accounts=0 year=2020 month=07
syshost=pitzer database=xalt software=None executables=evp_hard cpuhours=719.02 corehours=0 nodehours=22.47 n_jobs=1 n_users=1 n_groups=0 n_accounts=0 year=2020 month=07
