syshost=pitzer database=xalt software=None executables=LAMMPS cpuhours=633275.77 corehours=0 nodehours=26348.07 n_jobs=1647 n_users=14 n_groups=0 n_accounts=0 year=2020 month=05
syshost=pitzer database=xalt software=None executables=namd2 cpuhours=576019.12 corehours=0 nodehours=19666.2 n_jobs=593 n_users=12 n_groups=0 n_accounts=0 year=2020 month=05
syshost=pitzer database=xalt software=None executables=fluent_mpi.19.4.0 cpuhours=379770.91 corehours=0 nodehours=487900.24 n_jobs=30 n_users=2 n_groups=0 n_accounts=0 year=2020 month=05
syshost=pitzer database=xalt software=None executables=lt-simulate cpuhours=375570.09 corehours=0 nodehours=375570.09 n_jobs=15971 n_users=4 n_groups=0 n_accounts=0 year=2020 month=05
syshost=pitzer database=xalt software=None executables=VASP cpuhours=284267.85 corehours=0 nodehours=7116.09 n_jobs=2138 n_users=10 n_groups=0 n_accounts=0 year=2020 month=05
syshost=pitzer database=xalt software=None executables=QChem cpuhours=208946.15 corehours=0 nodehours=8647.43 n_jobs=3702 n_users=18 n_groups=0 n_accounts=0 year=2020 month=05
syshost=pitzer database=xalt software=None executables=parallel-command-processor cpuhours=174762.54 corehours=0 nodehours=4903.62 n_jobs=1427 n_users=6 n_groups=0 n_accounts=0 year=2020 month=05
syshost=pitzer database=xalt software=None executables=triflow_df.exe cpuhours=164859.88 corehours=0 nodehours=4121.5 n_jobs=20 n_users=1 n_groups=0 n_accounts=0 year=2020 month=05
syshost=pitzer database=xalt software=None executables=python3.7 cpuhours=75218.17 corehours=0 nodehours=74494.64 n_jobs=60406 n_users=56 n_groups=0 n_accounts=0 year=2020 month=05
syshost=pitzer database=xalt software=None executables=cp2k.popt cpuhours=52512.2 corehours=0 nodehours=1756.7 n_jobs=59 n_users=3 n_groups=0 n_accounts=0 year=2020 month=05
syshost=pitzer database=xalt software=None executables=perl cpuhours=46045.61 corehours=0 nodehours=1892.16 n_jobs=3689 n_users=12 n_groups=0 n_accounts=0 year=2020 month=05
syshost=pitzer database=xalt software=None executables=python2.7 cpuhours=45468.98 corehours=0 nodehours=4331.33 n_jobs=4229 n_users=95 n_groups=0 n_accounts=0 year=2020 month=05
syshost=pitzer database=xalt software=None executables=pimpleDyMFoam cpuhours=42603.98 corehours=0 nodehours=1065.1 n_jobs=13 n_users=1 n_groups=0 n_accounts=0 year=2020 month=05
syshost=pitzer database=xalt software=None executables=MOLCAS cpuhours=36305.3 corehours=0 nodehours=36282.86 n_jobs=991 n_users=3 n_groups=0 n_accounts=0 year=2020 month=05
syshost=pitzer database=xalt software=None executables=wrf.exe cpuhours=35503.16 corehours=0 nodehours=887.58 n_jobs=61 n_users=2 n_groups=0 n_accounts=0 year=2020 month=05
syshost=pitzer database=xalt software=None executables=ORCA cpuhours=32270.78 corehours=0 nodehours=3244.99 n_jobs=117 n_users=5 n_groups=0 n_accounts=0 year=2020 month=05
syshost=pitzer database=xalt software=None executables=tkestatsclone.exe cpuhours=30006.95 corehours=0 nodehours=750.17 n_jobs=10 n_users=1 n_groups=0 n_accounts=0 year=2020 month=05
syshost=pitzer database=xalt software=None executables=python3.6 cpuhours=24026.27 corehours=0 nodehours=24029.32 n_jobs=7858 n_users=86 n_groups=0 n_accounts=0 year=2020 month=05
syshost=pitzer database=xalt software=None executables=main_BEeffects_OpenMP cpuhours=17713.3 corehours=0 nodehours=444.52 n_jobs=206 n_users=1 n_groups=0 n_accounts=0 year=2020 month=05
syshost=pitzer database=xalt software=None executables=TSpimpleFoamRobustBlendingFactor-v0.1 cpuhours=17310.01 corehours=0 nodehours=450.78 n_jobs=2 n_users=1 n_groups=0 n_accounts=0 year=2020 month=05
syshost=pitzer database=xalt software=None executables=MATLAB cpuhours=10371.19 corehours=0 nodehours=10400.22 n_jobs=8219 n_users=11 n_groups=0 n_accounts=0 year=2020 month=05
syshost=pitzer database=xalt software=None executables=R cpuhours=9477.22 corehours=0 nodehours=10174.47 n_jobs=1615 n_users=40 n_groups=0 n_accounts=0 year=2020 month=05
syshost=pitzer database=xalt software=None executables=Arepo-sidm cpuhours=8032.58 corehours=0 nodehours=200.81 n_jobs=4 n_users=1 n_groups=0 n_accounts=0 year=2020 month=05
syshost=pitzer database=xalt software=None executables=garffield_pitzer cpuhours=7919.94 corehours=0 nodehours=791.99 n_jobs=51 n_users=1 n_groups=0 n_accounts=0 year=2020 month=05
syshost=pitzer database=xalt software=None executables=Gaussian cpuhours=7449.3 corehours=0 nodehours=4697.01 n_jobs=2054 n_users=12 n_groups=0 n_accounts=0 year=2020 month=05
syshost=pitzer database=xalt software=None executables=gmx_mpi cpuhours=7402.12 corehours=0 nodehours=244.75 n_jobs=11 n_users=3 n_groups=0 n_accounts=0 year=2020 month=05
syshost=pitzer database=xalt software=None executables=simulate cpuhours=6454.32 corehours=0 nodehours=6454.32 n_jobs=940 n_users=1 n_groups=0 n_accounts=0 year=2020 month=05
syshost=pitzer database=xalt software=None executables=matlab_helper cpuhours=5766.84 corehours=0 nodehours=5766.84 n_jobs=5321 n_users=8 n_groups=0 n_accounts=0 year=2020 month=05
syshost=pitzer database=xalt software=None executables=pimpleFoam cpuhours=5361.5 corehours=0 nodehours=141.08 n_jobs=32 n_users=1 n_groups=0 n_accounts=0 year=2020 month=05
syshost=pitzer database=xalt software=None executables=blastx cpuhours=5345.98 corehours=0 nodehours=330.67 n_jobs=111 n_users=4 n_groups=0 n_accounts=0 year=2020 month=05
syshost=pitzer database=xalt software=None executables=converge-mpich cpuhours=4793.46 corehours=0 nodehours=119.84 n_jobs=37 n_users=1 n_groups=0 n_accounts=0 year=2020 month=05
syshost=pitzer database=xalt software=None executables=AraSim cpuhours=4784.82 corehours=0 nodehours=4784.82 n_jobs=4912 n_users=3 n_groups=0 n_accounts=0 year=2020 month=05
syshost=pitzer database=xalt software=None executables=padcirc cpuhours=3974.37 corehours=0 nodehours=99.36 n_jobs=7 n_users=1 n_groups=0 n_accounts=0 year=2020 month=05
syshost=pitzer database=xalt software=None executables=hmmsearch cpuhours=3720.48 corehours=0 nodehours=3720.48 n_jobs=1898 n_users=9 n_groups=0 n_accounts=0 year=2020 month=05
syshost=pitzer database=xalt software=None executables=ensight19.server cpuhours=3394.35 corehours=0 nodehours=3394.35 n_jobs=59 n_users=2 n_groups=0 n_accounts=0 year=2020 month=05
syshost=pitzer database=xalt software=None executables=scf.exe cpuhours=2960.83 corehours=0 nodehours=2960.71 n_jobs=333 n_users=2 n_groups=0 n_accounts=0 year=2020 month=05
syshost=pitzer database=xalt software=None executables=mclr.exe cpuhours=2938.85 corehours=0 nodehours=2938.85 n_jobs=218 n_users=2 n_groups=0 n_accounts=0 year=2020 month=05
syshost=pitzer database=xalt software=None executables=simplecFoam cpuhours=2833.77 corehours=0 nodehours=73.8 n_jobs=1 n_users=1 n_groups=0 n_accounts=0 year=2020 month=05
syshost=pitzer database=xalt software=None executables=Chaquetin cpuhours=2759.6 corehours=0 nodehours=2759.6 n_jobs=537 n_users=1 n_groups=0 n_accounts=0 year=2020 month=05
syshost=pitzer database=xalt software=None executables=athena cpuhours=2685.65 corehours=0 nodehours=83.93 n_jobs=117 n_users=1 n_groups=0 n_accounts=0 year=2020 month=05
syshost=pitzer database=xalt software=None executables=blastn cpuhours=2392.26 corehours=0 nodehours=2223.89 n_jobs=217 n_users=11 n_groups=0 n_accounts=0 year=2020 month=05
syshost=pitzer database=xalt software=None executables=qctool_v2.0.7 cpuhours=2310.46 corehours=0 nodehours=2310.46 n_jobs=3 n_users=1 n_groups=0 n_accounts=0 year=2020 month=05
syshost=pitzer database=xalt software=None executables=setsm cpuhours=2302.69 corehours=0 nodehours=1004.48 n_jobs=384 n_users=2 n_groups=0 n_accounts=0 year=2020 month=05
syshost=pitzer database=xalt software=None executables=lsp cpuhours=2284.47 corehours=0 nodehours=60.02 n_jobs=2 n_users=2 n_groups=0 n_accounts=0 year=2020 month=05
syshost=pitzer database=xalt software=None executables=orca cpuhours=2119.73 corehours=0 nodehours=2120.0 n_jobs=94 n_users=4 n_groups=0 n_accounts=0 year=2020 month=05
syshost=pitzer database=xalt software=None executables=samtools cpuhours=1947.38 corehours=0 nodehours=665.67 n_jobs=2939 n_users=14 n_groups=0 n_accounts=0 year=2020 month=05
syshost=pitzer database=xalt software=None executables=setsm_tau cpuhours=1900.54 corehours=0 nodehours=47.51 n_jobs=7 n_users=1 n_groups=0 n_accounts=0 year=2020 month=05
syshost=pitzer database=xalt software=None executables=dynamic cpuhours=1768.78 corehours=0 nodehours=133.08 n_jobs=14 n_users=2 n_groups=0 n_accounts=0 year=2020 month=05
syshost=pitzer database=xalt software=None executables=doubleLimbTrunk_exc cpuhours=1735.36 corehours=0 nodehours=43.38 n_jobs=4 n_users=1 n_groups=0 n_accounts=0 year=2020 month=05
syshost=pitzer database=xalt software=None executables=bowtie2-align-s cpuhours=1539.57 corehours=0 nodehours=1052.35 n_jobs=195 n_users=9 n_groups=0 n_accounts=0 year=2020 month=05
