syshost=pitzer database=xalt software=None executables=namd2 cpuhours=1746370.55 corehours=0 nodehours=42152.4 n_jobs=543 n_users=8 n_groups=0 n_accounts=0 year=2020 month=10
syshost=pitzer database=xalt software=None executables=nodet_mpi cpuhours=873830.53 corehours=0 nodehours=18204.8 n_jobs=768 n_users=1 n_groups=0 n_accounts=0 year=2020 month=10
syshost=pitzer database=xalt software=None executables=VASP cpuhours=732582.39 corehours=0 nodehours=17617.8 n_jobs=2550 n_users=6 n_groups=0 n_accounts=0 year=2020 month=10
syshost=pitzer database=xalt software=None executables=cp2k.popt cpuhours=570485.2 corehours=0 nodehours=3454.01 n_jobs=332 n_users=6 n_groups=0 n_accounts=0 year=2020 month=10
syshost=pitzer database=xalt software=None executables=tkestatsclone.exe cpuhours=258001.17 corehours=0 nodehours=5712.92 n_jobs=32 n_users=3 n_groups=0 n_accounts=0 year=2020 month=10
syshost=pitzer database=xalt software=None executables=parallel-command-processor cpuhours=217495.75 corehours=0 nodehours=6546.9 n_jobs=300 n_users=7 n_groups=0 n_accounts=0 year=2020 month=10
syshost=pitzer database=xalt software=None executables=fluent_mpi.19.4.0 cpuhours=202457.21 corehours=0 nodehours=342857.56 n_jobs=63 n_users=2 n_groups=0 n_accounts=0 year=2020 month=10
syshost=pitzer database=xalt software=None executables=gmx_mpi cpuhours=114587.11 corehours=0 nodehours=2984.56 n_jobs=106 n_users=3 n_groups=0 n_accounts=0 year=2020 month=10
syshost=pitzer database=xalt software=None executables=Amber cpuhours=107677.81 corehours=0 nodehours=8689.41 n_jobs=4526 n_users=4 n_groups=0 n_accounts=0 year=2020 month=10
syshost=pitzer database=xalt software=None executables=pimpleFoam cpuhours=74635.07 corehours=0 nodehours=1866.13 n_jobs=53 n_users=2 n_groups=0 n_accounts=0 year=2020 month=10
syshost=pitzer database=xalt software=None executables=python2.7 cpuhours=63670.98 corehours=0 nodehours=37133.13 n_jobs=17985 n_users=121 n_groups=0 n_accounts=0 year=2020 month=10
syshost=pitzer database=xalt software=None executables=cavity_pd.exe cpuhours=62849.13 corehours=0 nodehours=1542.6 n_jobs=30 n_users=1 n_groups=0 n_accounts=0 year=2020 month=10
syshost=pitzer database=xalt software=None executables=setsm_mpi cpuhours=60769.85 corehours=0 nodehours=1266.04 n_jobs=152 n_users=1 n_groups=0 n_accounts=0 year=2020 month=10
syshost=pitzer database=xalt software=None executables=python3.7 cpuhours=52180.1 corehours=0 nodehours=19255.67 n_jobs=7755 n_users=46 n_groups=0 n_accounts=0 year=2020 month=10
syshost=pitzer database=xalt software=None executables=AraSim cpuhours=51640.42 corehours=0 nodehours=10770.68 n_jobs=13845 n_users=4 n_groups=0 n_accounts=0 year=2020 month=10
syshost=pitzer database=xalt software=None executables=lt-simulate cpuhours=45593.82 corehours=0 nodehours=45593.82 n_jobs=15783 n_users=4 n_groups=0 n_accounts=0 year=2020 month=10
syshost=pitzer database=xalt software=None executables=setsm cpuhours=32435.91 corehours=0 nodehours=1600.31 n_jobs=617 n_users=2 n_groups=0 n_accounts=0 year=2020 month=10
syshost=pitzer database=xalt software=None executables=QChem cpuhours=24495.29 corehours=0 nodehours=1400.99 n_jobs=1953 n_users=7 n_groups=0 n_accounts=0 year=2020 month=10
syshost=pitzer database=xalt software=None executables=LAMMPS cpuhours=18228.45 corehours=0 nodehours=443.7 n_jobs=337 n_users=4 n_groups=0 n_accounts=0 year=2020 month=10
syshost=pitzer database=xalt software=None executables=3DHELMPAR_DOAK.exe cpuhours=17373.85 corehours=0 nodehours=361.96 n_jobs=1 n_users=1 n_groups=0 n_accounts=0 year=2020 month=10
syshost=pitzer database=xalt software=None executables=interFoam cpuhours=16262.52 corehours=0 nodehours=406.56 n_jobs=25 n_users=1 n_groups=0 n_accounts=0 year=2020 month=10
syshost=pitzer database=xalt software=None executables=garffield_pitzer cpuhours=14904.41 corehours=0 nodehours=2230.91 n_jobs=184 n_users=1 n_groups=0 n_accounts=0 year=2020 month=10
syshost=pitzer database=xalt software=None executables=python3.8 cpuhours=14092.39 corehours=0 nodehours=14063.89 n_jobs=1391 n_users=17 n_groups=0 n_accounts=0 year=2020 month=10
syshost=pitzer database=xalt software=None executables=Arepo-BKT-evapo cpuhours=11098.86 corehours=0 nodehours=292.68 n_jobs=100 n_users=1 n_groups=0 n_accounts=0 year=2020 month=10
syshost=pitzer database=xalt software=None executables=Arepo-sidm cpuhours=10327.51 corehours=0 nodehours=258.19 n_jobs=51 n_users=1 n_groups=0 n_accounts=0 year=2020 month=10
syshost=pitzer database=xalt software=None executables=Arepo-sidm-vdep cpuhours=10191.51 corehours=0 nodehours=254.79 n_jobs=10 n_users=1 n_groups=0 n_accounts=0 year=2020 month=10
syshost=pitzer database=xalt software=None executables=nek5000 cpuhours=9201.96 corehours=0 nodehours=191.71 n_jobs=1 n_users=1 n_groups=0 n_accounts=0 year=2020 month=10
syshost=pitzer database=xalt software=None executables=hmmsearch cpuhours=9190.38 corehours=0 nodehours=9190.38 n_jobs=986 n_users=6 n_groups=0 n_accounts=0 year=2020 month=10
syshost=pitzer database=xalt software=None executables=hhblits cpuhours=8019.21 corehours=0 nodehours=8019.21 n_jobs=21 n_users=1 n_groups=0 n_accounts=0 year=2020 month=10
syshost=pitzer database=xalt software=None executables=python3.6 cpuhours=7190.63 corehours=0 nodehours=5582.5 n_jobs=5879 n_users=94 n_groups=0 n_accounts=0 year=2020 month=10
syshost=pitzer database=xalt software=None executables=trial cpuhours=7169.78 corehours=0 nodehours=228.35 n_jobs=124 n_users=1 n_groups=0 n_accounts=0 year=2020 month=10
syshost=pitzer database=xalt software=None executables=calc.f95 cpuhours=6395.89 corehours=0 nodehours=6395.89 n_jobs=11512 n_users=1 n_groups=0 n_accounts=0 year=2020 month=10
syshost=pitzer database=xalt software=None executables=Gaussian cpuhours=5893.72 corehours=0 nodehours=5875.72 n_jobs=1233 n_users=10 n_groups=0 n_accounts=0 year=2020 month=10
syshost=pitzer database=xalt software=None executables=samtools cpuhours=4543.44 corehours=0 nodehours=4449.78 n_jobs=2355 n_users=17 n_groups=0 n_accounts=0 year=2020 month=10
syshost=pitzer database=xalt software=None executables=pturbo.x cpuhours=4494.08 corehours=0 nodehours=1123.52 n_jobs=39 n_users=1 n_groups=0 n_accounts=0 year=2020 month=10
syshost=pitzer database=xalt software=None executables=dakota cpuhours=4319.08 corehours=0 nodehours=107.98 n_jobs=6 n_users=1 n_groups=0 n_accounts=0 year=2020 month=10
syshost=pitzer database=xalt software=None executables=R cpuhours=3871.38 corehours=0 nodehours=2213.25 n_jobs=3189 n_users=43 n_groups=0 n_accounts=0 year=2020 month=10
syshost=pitzer database=xalt software=None executables=bowtie2-align-s cpuhours=3506.98 corehours=0 nodehours=3413.59 n_jobs=422 n_users=9 n_groups=0 n_accounts=0 year=2020 month=10
syshost=pitzer database=xalt software=None executables=test cpuhours=3462.8 corehours=0 nodehours=1.64 n_jobs=26 n_users=2 n_groups=0 n_accounts=0 year=2020 month=10
syshost=pitzer database=xalt software=None executables=blastn cpuhours=3456.63 corehours=0 nodehours=3456.63 n_jobs=128 n_users=5 n_groups=0 n_accounts=0 year=2020 month=10
syshost=pitzer database=xalt software=None executables=nvcc cpuhours=3155.91 corehours=0 nodehours=79.01 n_jobs=45 n_users=7 n_groups=0 n_accounts=0 year=2020 month=10
syshost=pitzer database=xalt software=None executables=doubleLimbTrunk_exc cpuhours=2473.47 corehours=0 nodehours=61.84 n_jobs=4 n_users=1 n_groups=0 n_accounts=0 year=2020 month=10
syshost=pitzer database=xalt software=None executables=cicc cpuhours=2365.51 corehours=0 nodehours=59.17 n_jobs=43 n_users=5 n_groups=0 n_accounts=0 year=2020 month=10
syshost=pitzer database=xalt software=None executables=orted cpuhours=2226.43 corehours=0 nodehours=2226.43 n_jobs=128 n_users=6 n_groups=0 n_accounts=0 year=2020 month=10
syshost=pitzer database=xalt software=None executables=converge-mpich cpuhours=2116.31 corehours=0 nodehours=46.01 n_jobs=12 n_users=1 n_groups=0 n_accounts=0 year=2020 month=10
syshost=pitzer database=xalt software=None executables=chromedriver cpuhours=2021.35 corehours=0 nodehours=2021.35 n_jobs=2 n_users=1 n_groups=0 n_accounts=0 year=2020 month=10
syshost=pitzer database=xalt software=None executables=1-3d_b.f95 cpuhours=1982.45 corehours=0 nodehours=1982.45 n_jobs=11547 n_users=1 n_groups=0 n_accounts=0 year=2020 month=10
syshost=pitzer database=xalt software=None executables=myfluka cpuhours=1957.68 corehours=0 nodehours=1957.68 n_jobs=17 n_users=1 n_groups=0 n_accounts=0 year=2020 month=10
syshost=pitzer database=xalt software=None executables=1-3d_a.f95 cpuhours=1860.76 corehours=0 nodehours=1860.76 n_jobs=11524 n_users=1 n_groups=0 n_accounts=0 year=2020 month=10
syshost=pitzer database=xalt software=None executables=fluent_mpi.20.1.0 cpuhours=1858.47 corehours=0 nodehours=3097.54 n_jobs=8 n_users=2 n_groups=0 n_accounts=0 year=2020 month=10
