syshost=owens database=xalt software=None executables=VASP cpuhours=609931.79 corehours=0 nodehours=22077.22 n_jobs=3109 n_users=28 n_groups=0 n_accounts=0 year=2020 month=11
syshost=owens database=xalt software=None executables=cp2k.popt cpuhours=520282.62 corehours=0 nodehours=23143.06 n_jobs=110 n_users=1 n_groups=0 n_accounts=0 year=2020 month=11
syshost=owens database=xalt software=None executables=LAMMPS cpuhours=394384.03 corehours=0 nodehours=20963.86 n_jobs=10314 n_users=25 n_groups=0 n_accounts=0 year=2020 month=11
syshost=owens database=xalt software=None executables=R cpuhours=338964.42 corehours=0 nodehours=50736.67 n_jobs=5193 n_users=357 n_groups=0 n_accounts=0 year=2020 month=11
syshost=owens database=xalt software=None executables=curvdns cpuhours=212515.09 corehours=0 nodehours=7589.82 n_jobs=243 n_users=1 n_groups=0 n_accounts=0 year=2020 month=11
syshost=owens database=xalt software=None executables=namd2 cpuhours=195906.57 corehours=0 nodehours=9053.67 n_jobs=608 n_users=10 n_groups=0 n_accounts=0 year=2020 month=11
syshost=owens database=xalt software=None executables=wrf.exe cpuhours=163259.95 corehours=0 nodehours=5831.41 n_jobs=828 n_users=3 n_groups=0 n_accounts=0 year=2020 month=11
syshost=owens database=xalt software=None executables=da_wrfvar.exe cpuhours=153593.98 corehours=0 nodehours=5497.62 n_jobs=3425 n_users=2 n_groups=0 n_accounts=0 year=2020 month=11
syshost=owens database=xalt software=None executables=pf_sim_sp_hpmpi_avx cpuhours=144320.93 corehours=0 nodehours=280624.03 n_jobs=8 n_users=1 n_groups=0 n_accounts=0 year=2020 month=11
syshost=owens database=xalt software=None executables=ansys.e cpuhours=139931.02 corehours=0 nodehours=5053.32 n_jobs=185 n_users=7 n_groups=0 n_accounts=0 year=2020 month=11
syshost=owens database=xalt software=None executables=python3.6 cpuhours=65502.58 corehours=0 nodehours=47473.59 n_jobs=139738 n_users=247 n_groups=0 n_accounts=0 year=2020 month=11
syshost=owens database=xalt software=None executables=QChem cpuhours=56954.37 corehours=0 nodehours=3894.96 n_jobs=4891 n_users=27 n_groups=0 n_accounts=0 year=2020 month=11
syshost=owens database=xalt software=None executables=python3.7 cpuhours=54419.83 corehours=0 nodehours=34256.54 n_jobs=63536 n_users=113 n_groups=0 n_accounts=0 year=2020 month=11
syshost=owens database=xalt software=None executables=lt-simulate cpuhours=37562.1 corehours=0 nodehours=37562.1 n_jobs=39133 n_users=3 n_groups=0 n_accounts=0 year=2020 month=11
syshost=owens database=xalt software=None executables=fim cpuhours=33848.7 corehours=0 nodehours=1217.03 n_jobs=163 n_users=4 n_groups=0 n_accounts=0 year=2020 month=11
syshost=owens database=xalt software=None executables=parallel-command-processor cpuhours=27440.96 corehours=0 nodehours=1568.33 n_jobs=232 n_users=5 n_groups=0 n_accounts=0 year=2020 month=11
syshost=owens database=xalt software=None executables=explicit cpuhours=26232.72 corehours=0 nodehours=26513.38 n_jobs=492 n_users=14 n_groups=0 n_accounts=0 year=2020 month=11
syshost=owens database=xalt software=None executables=fluent_mpi.19.2.0 cpuhours=20107.76 corehours=0 nodehours=32908.84 n_jobs=48 n_users=1 n_groups=0 n_accounts=0 year=2020 month=11
syshost=owens database=xalt software=None executables=ls-dyna_mpp_d_r10_1_123355_x64_redhat54_ifort160_sse2_intelmpi-413 cpuhours=18529.93 corehours=0 nodehours=560.63 n_jobs=38 n_users=5 n_groups=0 n_accounts=0 year=2020 month=11
syshost=owens database=xalt software=None executables=Amber cpuhours=17240.38 corehours=0 nodehours=17205.76 n_jobs=16818 n_users=5 n_groups=0 n_accounts=0 year=2020 month=11
syshost=owens database=xalt software=None executables=Gaussian cpuhours=14942.54 corehours=0 nodehours=13184.32 n_jobs=11413 n_users=43 n_groups=0 n_accounts=0 year=2020 month=11
syshost=owens database=xalt software=None executables=SAMPLER_AFTERBURNER cpuhours=14077.31 corehours=0 nodehours=14077.31 n_jobs=20 n_users=1 n_groups=0 n_accounts=0 year=2020 month=11
syshost=owens database=xalt software=None executables=tapsim cpuhours=13133.84 corehours=0 nodehours=473.34 n_jobs=47 n_users=1 n_groups=0 n_accounts=0 year=2020 month=11
syshost=owens database=xalt software=None executables=bowtie2-align-s cpuhours=12139.27 corehours=0 nodehours=10704.16 n_jobs=2435 n_users=19 n_groups=0 n_accounts=0 year=2020 month=11
syshost=owens database=xalt software=None executables=mpp cpuhours=11695.73 corehours=0 nodehours=417.7 n_jobs=7887 n_users=2 n_groups=0 n_accounts=0 year=2020 month=11
syshost=owens database=xalt software=None executables=perl cpuhours=11197.11 corehours=0 nodehours=3242.45 n_jobs=3164 n_users=42 n_groups=0 n_accounts=0 year=2020 month=11
syshost=owens database=xalt software=None executables=desmond cpuhours=10556.95 corehours=0 nodehours=439.87 n_jobs=8 n_users=2 n_groups=0 n_accounts=0 year=2020 month=11
syshost=owens database=xalt software=None executables=MATLAB cpuhours=9455.44 corehours=0 nodehours=9479.65 n_jobs=34715 n_users=54 n_groups=0 n_accounts=0 year=2020 month=11
syshost=owens database=xalt software=None executables=ORCA cpuhours=9315.55 corehours=0 nodehours=3495.66 n_jobs=169 n_users=8 n_groups=0 n_accounts=0 year=2020 month=11
syshost=owens database=xalt software=None executables=gmx cpuhours=9057.13 corehours=0 nodehours=9057.13 n_jobs=3047 n_users=7 n_groups=0 n_accounts=0 year=2020 month=11
syshost=owens database=xalt software=None executables=pmi_proxy cpuhours=8804.85 corehours=0 nodehours=31148.99 n_jobs=5758 n_users=30 n_groups=0 n_accounts=0 year=2020 month=11
syshost=owens database=xalt software=None executables=python3.8 cpuhours=8419.37 corehours=0 nodehours=1985.76 n_jobs=23769 n_users=49 n_groups=0 n_accounts=0 year=2020 month=11
syshost=owens database=xalt software=None executables=mpiexec.hydra cpuhours=7579.5 corehours=0 nodehours=22073.95 n_jobs=8939 n_users=55 n_groups=0 n_accounts=0 year=2020 month=11
syshost=owens database=xalt software=None executables=isosurface_MATLAB_indices_1_all_configs cpuhours=7540.97 corehours=0 nodehours=7540.97 n_jobs=351 n_users=1 n_groups=0 n_accounts=0 year=2020 month=11
syshost=owens database=xalt software=None executables=samtools cpuhours=7526.78 corehours=0 nodehours=6080.9 n_jobs=3964 n_users=34 n_groups=0 n_accounts=0 year=2020 month=11
syshost=owens database=xalt software=None executables=analyser cpuhours=7427.81 corehours=0 nodehours=3594.77 n_jobs=26 n_users=1 n_groups=0 n_accounts=0 year=2020 month=11
syshost=owens database=xalt software=None executables=nwchem.mpi cpuhours=6776.75 corehours=0 nodehours=564.75 n_jobs=134 n_users=2 n_groups=0 n_accounts=0 year=2020 month=11
syshost=owens database=xalt software=None executables=python cpuhours=5944.38 corehours=0 nodehours=8351.42 n_jobs=2865 n_users=34 n_groups=0 n_accounts=0 year=2020 month=11
syshost=owens database=xalt software=None executables=Xvnc cpuhours=5747.79 corehours=0 nodehours=7014.14 n_jobs=1847 n_users=199 n_groups=0 n_accounts=0 year=2020 month=11
syshost=owens database=xalt software=None executables=python2.7 cpuhours=5734.84 corehours=0 nodehours=17946.18 n_jobs=7139 n_users=329 n_groups=0 n_accounts=0 year=2020 month=11
syshost=owens database=xalt software=None executables=AdskLicensingService cpuhours=4361.26 corehours=0 nodehours=4361.26 n_jobs=3706 n_users=20 n_groups=0 n_accounts=0 year=2020 month=11
syshost=owens database=xalt software=None executables=lsp cpuhours=4352.14 corehours=0 nodehours=163.02 n_jobs=63 n_users=4 n_groups=0 n_accounts=0 year=2020 month=11
syshost=owens database=xalt software=None executables=mpirun_rsh cpuhours=3950.13 corehours=0 nodehours=1115.98 n_jobs=1076 n_users=17 n_groups=0 n_accounts=0 year=2020 month=11
syshost=owens database=xalt software=None executables=explicit_dp cpuhours=3739.52 corehours=0 nodehours=7790.96 n_jobs=26 n_users=2 n_groups=0 n_accounts=0 year=2020 month=11
syshost=owens database=xalt software=None executables=python3 cpuhours=3721.56 corehours=0 nodehours=3721.56 n_jobs=1698 n_users=17 n_groups=0 n_accounts=0 year=2020 month=11
syshost=owens database=xalt software=None executables=hydra_pmi_proxy cpuhours=3634.47 corehours=0 nodehours=6857.75 n_jobs=967 n_users=18 n_groups=0 n_accounts=0 year=2020 month=11
syshost=owens database=xalt software=None executables=java cpuhours=3618.53 corehours=0 nodehours=1171.76 n_jobs=2473 n_users=22 n_groups=0 n_accounts=0 year=2020 month=11
syshost=owens database=xalt software=None executables=s1r cpuhours=3598.46 corehours=0 nodehours=3598.46 n_jobs=1727 n_users=1 n_groups=0 n_accounts=0 year=2020 month=11
syshost=owens database=xalt software=None executables=cpu_vah cpuhours=3596.07 corehours=0 nodehours=1911.01 n_jobs=6473 n_users=1 n_groups=0 n_accounts=0 year=2020 month=11
syshost=owens database=xalt software=None executables=network cpuhours=3088.86 corehours=0 nodehours=3088.86 n_jobs=58047 n_users=1 n_groups=0 n_accounts=0 year=2020 month=11
