syshost=owens database=xalt software=None executables=VASP cpuhours=93240.53 corehours=0 nodehours=3334.52 n_jobs=192 n_users=10 n_groups=0 n_accounts=0 year=2020 month=08
syshost=owens database=xalt software=None executables=lsp cpuhours=71526.21 corehours=0 nodehours=2581.11 n_jobs=15 n_users=5 n_groups=0 n_accounts=0 year=2020 month=08
syshost=owens database=xalt software=None executables=pf_sim_sp_hpmpi_avx cpuhours=50914.46 corehours=0 nodehours=100131.48 n_jobs=2 n_users=1 n_groups=0 n_accounts=0 year=2020 month=08
syshost=owens database=xalt software=None executables=tkestatsclone.exe cpuhours=44488.69 corehours=0 nodehours=1588.88 n_jobs=20 n_users=1 n_groups=0 n_accounts=0 year=2020 month=08
syshost=owens database=xalt software=None executables=LAMMPS cpuhours=17288.43 corehours=0 nodehours=5912.35 n_jobs=233 n_users=8 n_groups=0 n_accounts=0 year=2020 month=08
syshost=owens database=xalt software=None executables=QChem cpuhours=16352.09 corehours=0 nodehours=1119.22 n_jobs=414 n_users=7 n_groups=0 n_accounts=0 year=2020 month=08
syshost=owens database=xalt software=None executables=atmosphere_model cpuhours=14913.94 corehours=0 nodehours=639.13 n_jobs=14 n_users=1 n_groups=0 n_accounts=0 year=2020 month=08
syshost=owens database=xalt software=None executables=python3.7 cpuhours=12275.03 corehours=0 nodehours=12275.07 n_jobs=7700 n_users=35 n_groups=0 n_accounts=0 year=2020 month=08
syshost=owens database=xalt software=None executables=fim cpuhours=10689.75 corehours=0 nodehours=384.35 n_jobs=30 n_users=1 n_groups=0 n_accounts=0 year=2020 month=08
syshost=owens database=xalt software=None executables=ORCA cpuhours=6484.57 corehours=0 nodehours=1527.29 n_jobs=14 n_users=4 n_groups=0 n_accounts=0 year=2020 month=08
syshost=owens database=xalt software=None executables=mcsqs cpuhours=4759.53 corehours=0 nodehours=4759.53 n_jobs=81 n_users=3 n_groups=0 n_accounts=0 year=2020 month=08
syshost=owens database=xalt software=None executables=lt-simulate cpuhours=4289.81 corehours=0 nodehours=4289.81 n_jobs=299 n_users=2 n_groups=0 n_accounts=0 year=2020 month=08
syshost=owens database=xalt software=None executables=tapsim cpuhours=2875.82 corehours=0 nodehours=205.42 n_jobs=1 n_users=1 n_groups=0 n_accounts=0 year=2020 month=08
syshost=owens database=xalt software=None executables=Gaussian cpuhours=2793.69 corehours=0 nodehours=2729.18 n_jobs=367 n_users=19 n_groups=0 n_accounts=0 year=2020 month=08
syshost=owens database=xalt software=None executables=Amber cpuhours=2706.24 corehours=0 nodehours=1355.65 n_jobs=94 n_users=3 n_groups=0 n_accounts=0 year=2020 month=08
syshost=owens database=xalt software=None executables=R cpuhours=2479.08 corehours=0 nodehours=2954.97 n_jobs=630 n_users=150 n_groups=0 n_accounts=0 year=2020 month=08
syshost=owens database=xalt software=None executables=mpp971 cpuhours=1890.25 corehours=0 nodehours=67.51 n_jobs=2 n_users=1 n_groups=0 n_accounts=0 year=2020 month=08
syshost=owens database=xalt software=None executables=python3.6 cpuhours=1766.31 corehours=0 nodehours=1770.95 n_jobs=968 n_users=69 n_groups=0 n_accounts=0 year=2020 month=08
syshost=owens database=xalt software=None executables=python2.7 cpuhours=1716.57 corehours=0 nodehours=3489.7 n_jobs=469 n_users=52 n_groups=0 n_accounts=0 year=2020 month=08
syshost=owens database=xalt software=None executables=explicit cpuhours=1630.06 corehours=0 nodehours=1630.06 n_jobs=7 n_users=2 n_groups=0 n_accounts=0 year=2020 month=08
syshost=owens database=xalt software=None executables=atmosphere_model_no_openmp cpuhours=1565.11 corehours=0 nodehours=65.21 n_jobs=3 n_users=1 n_groups=0 n_accounts=0 year=2020 month=08
syshost=owens database=xalt software=None executables=bcftools cpuhours=1473.31 corehours=0 nodehours=1473.31 n_jobs=2 n_users=1 n_groups=0 n_accounts=0 year=2020 month=08
syshost=owens database=xalt software=None executables=perl cpuhours=1324.91 corehours=0 nodehours=3861.74 n_jobs=38 n_users=12 n_groups=0 n_accounts=0 year=2020 month=08
syshost=owens database=xalt software=None executables=MOLCAS cpuhours=1308.73 corehours=0 nodehours=1308.73 n_jobs=149 n_users=1 n_groups=0 n_accounts=0 year=2020 month=08
syshost=owens database=xalt software=None executables=samtools cpuhours=1200.08 corehours=0 nodehours=1200.08 n_jobs=435 n_users=13 n_groups=0 n_accounts=0 year=2020 month=08
syshost=owens database=xalt software=None executables=swmm5.e cpuhours=1146.26 corehours=0 nodehours=1146.26 n_jobs=7 n_users=1 n_groups=0 n_accounts=0 year=2020 month=08
syshost=owens database=xalt software=None executables=namd2 cpuhours=966.39 corehours=0 nodehours=189.91 n_jobs=30 n_users=4 n_groups=0 n_accounts=0 year=2020 month=08
syshost=owens database=xalt software=None executables=relion_run_motioncorr_mpi cpuhours=935.58 corehours=0 nodehours=59.65 n_jobs=7 n_users=1 n_groups=0 n_accounts=0 year=2020 month=08
syshost=owens database=xalt software=None executables=explicit_dp cpuhours=847.09 corehours=0 nodehours=847.09 n_jobs=3 n_users=1 n_groups=0 n_accounts=0 year=2020 month=08
syshost=owens database=xalt software=None executables=solver-mpi.exe cpuhours=816.44 corehours=0 nodehours=3265.76 n_jobs=2 n_users=1 n_groups=0 n_accounts=0 year=2020 month=08
syshost=owens database=xalt software=None executables=Xvnc cpuhours=785.62 corehours=0 nodehours=978.56 n_jobs=81 n_users=35 n_groups=0 n_accounts=0 year=2020 month=08
syshost=owens database=xalt software=None executables=python cpuhours=768.16 corehours=0 nodehours=1439.1 n_jobs=88 n_users=9 n_groups=0 n_accounts=0 year=2020 month=08
syshost=owens database=xalt software=None executables=MATLAB cpuhours=705.64 corehours=0 nodehours=705.64 n_jobs=407 n_users=9 n_groups=0 n_accounts=0 year=2020 month=08
syshost=owens database=xalt software=None executables=python3 cpuhours=586.15 corehours=0 nodehours=586.15 n_jobs=20 n_users=6 n_groups=0 n_accounts=0 year=2020 month=08
syshost=owens database=xalt software=None executables=dynamic cpuhours=534.36 corehours=0 nodehours=33.4 n_jobs=17 n_users=1 n_groups=0 n_accounts=0 year=2020 month=08
syshost=owens database=xalt software=None executables=xncc cpuhours=534.26 corehours=0 nodehours=53.43 n_jobs=40 n_users=1 n_groups=0 n_accounts=0 year=2020 month=08
syshost=owens database=xalt software=None executables=xcfour cpuhours=509.71 corehours=0 nodehours=50.97 n_jobs=39 n_users=1 n_groups=0 n_accounts=0 year=2020 month=08
syshost=owens database=xalt software=None executables=xrun cpuhours=509.69 corehours=0 nodehours=50.97 n_jobs=39 n_users=1 n_groups=0 n_accounts=0 year=2020 month=08
syshost=owens database=xalt software=None executables=glide_backend cpuhours=410.6 corehours=0 nodehours=410.6 n_jobs=13 n_users=3 n_groups=0 n_accounts=0 year=2020 month=08
syshost=owens database=xalt software=None executables=full.exe cpuhours=392.22 corehours=0 nodehours=14.01 n_jobs=2 n_users=1 n_groups=0 n_accounts=0 year=2020 month=08
syshost=owens database=xalt software=None executables=orterun cpuhours=391.42 corehours=0 nodehours=391.58 n_jobs=15 n_users=4 n_groups=0 n_accounts=0 year=2020 month=08
syshost=owens database=xalt software=None executables=orca cpuhours=390.31 corehours=0 nodehours=390.31 n_jobs=6 n_users=3 n_groups=0 n_accounts=0 year=2020 month=08
syshost=owens database=xalt software=None executables=parallel-command-processor cpuhours=385.79 corehours=0 nodehours=64.3 n_jobs=8 n_users=1 n_groups=0 n_accounts=0 year=2020 month=08
syshost=owens database=xalt software=None executables=TSsnappyHexMesh-v2.0 cpuhours=382.46 corehours=0 nodehours=13.66 n_jobs=4 n_users=1 n_groups=0 n_accounts=0 year=2020 month=08
syshost=owens database=xalt software=None executables=pmi_proxy cpuhours=331.89 corehours=0 nodehours=2837.51 n_jobs=126 n_users=7 n_groups=0 n_accounts=0 year=2020 month=08
syshost=owens database=xalt software=None executables=hpcc cpuhours=329.78 corehours=0 nodehours=11.78 n_jobs=12 n_users=1 n_groups=0 n_accounts=0 year=2020 month=08
syshost=owens database=xalt software=None executables=mpirun cpuhours=304.22 corehours=0 nodehours=2313.67 n_jobs=78 n_users=8 n_groups=0 n_accounts=0 year=2020 month=08
syshost=owens database=xalt software=None executables=lt-nucmer cpuhours=300.01 corehours=0 nodehours=300.01 n_jobs=1 n_users=1 n_groups=0 n_accounts=0 year=2020 month=08
syshost=owens database=xalt software=None executables=maude cpuhours=286.72 corehours=0 nodehours=573.44 n_jobs=29 n_users=1 n_groups=0 n_accounts=0 year=2020 month=08
syshost=owens database=xalt software=None executables=ceishell cpuhours=274.01 corehours=0 nodehours=281.3 n_jobs=3 n_users=1 n_groups=0 n_accounts=0 year=2020 month=08
