syshost=pitzer database=xalt year=2020 month=01 software=None executables=LAMMPS cpuhours=381051.62 corehours=0 nodehours=15932.58 n_jobs=7645 n_users=12 n_groups=0 n_accounts=0 
syshost=pitzer database=xalt year=2020 month=01 software=None executables=python2.7 cpuhours=374075.41 corehours=0 nodehours=12874.19 n_jobs=1932 n_users=68 n_groups=0 n_accounts=0 
syshost=pitzer database=xalt year=2020 month=01 software=None executables=nodet_mpi cpuhours=361312.95 corehours=0 nodehours=9032.82 n_jobs=411 n_users=2 n_groups=0 n_accounts=0 
syshost=pitzer database=xalt year=2020 month=01 software=None executables=lt-simulate cpuhours=327356.64 corehours=0 nodehours=327356.64 n_jobs=2247 n_users=3 n_groups=0 n_accounts=0 
syshost=pitzer database=xalt year=2020 month=01 software=None executables=VASP cpuhours=297147.47 corehours=0 nodehours=7463.23 n_jobs=1312 n_users=9 n_groups=0 n_accounts=0 
syshost=pitzer database=xalt year=2020 month=01 software=None executables=fdl3di.exe cpuhours=191122.82 corehours=0 nodehours=4778.08 n_jobs=33 n_users=3 n_groups=0 n_accounts=0 
syshost=pitzer database=xalt year=2020 month=01 software=None executables=fluent_mpi.19.4.0 cpuhours=146204.58 corehours=0 nodehours=156110.96 n_jobs=8 n_users=1 n_groups=0 n_accounts=0 
syshost=pitzer database=xalt year=2020 month=01 software=None executables=QChem cpuhours=92971.84 corehours=0 nodehours=4644.71 n_jobs=822 n_users=10 n_groups=0 n_accounts=0 
syshost=pitzer database=xalt year=2020 month=01 software=None executables=AraSim cpuhours=80643.89 corehours=0 nodehours=80643.89 n_jobs=3542 n_users=8 n_groups=0 n_accounts=0 
syshost=pitzer database=xalt year=2020 month=01 software=None executables=proc.exe cpuhours=77184.99 corehours=0 nodehours=2011.55 n_jobs=27 n_users=1 n_groups=0 n_accounts=0 
syshost=pitzer database=xalt year=2020 month=01 software=None executables=wrf.exe cpuhours=73124.55 corehours=0 nodehours=2010.08 n_jobs=45 n_users=3 n_groups=0 n_accounts=0 
syshost=pitzer database=xalt year=2020 month=01 software=None executables=R cpuhours=72762.01 corehours=0 nodehours=6094.01 n_jobs=1167 n_users=32 n_groups=0 n_accounts=0 
syshost=pitzer database=xalt year=2020 month=01 software=None executables=parallel-command-processor cpuhours=65881.13 corehours=0 nodehours=1671.96 n_jobs=364 n_users=4 n_groups=0 n_accounts=0 
syshost=pitzer database=xalt year=2020 month=01 software=None executables=MOLCAS cpuhours=57264.66 corehours=0 nodehours=57068.82 n_jobs=2083 n_users=5 n_groups=0 n_accounts=0 
syshost=pitzer database=xalt year=2020 month=01 software=None executables=namd2 cpuhours=42840.22 corehours=0 nodehours=1552.36 n_jobs=116 n_users=9 n_groups=0 n_accounts=0 
syshost=pitzer database=xalt year=2020 month=01 software=None executables=python3.7 cpuhours=26683.03 corehours=0 nodehours=26675.31 n_jobs=2029 n_users=28 n_groups=0 n_accounts=0 
syshost=pitzer database=xalt year=2020 month=01 software=None executables=padcirc cpuhours=23573.12 corehours=0 nodehours=589.33 n_jobs=12 n_users=2 n_groups=0 n_accounts=0 
syshost=pitzer database=xalt year=2020 month=01 software=None executables=perl cpuhours=23384.12 corehours=0 nodehours=1722.94 n_jobs=987 n_users=14 n_groups=0 n_accounts=0 
syshost=pitzer database=xalt year=2020 month=01 software=None executables=simulate cpuhours=20321.74 corehours=0 nodehours=20321.74 n_jobs=1226 n_users=1 n_groups=0 n_accounts=0 
syshost=pitzer database=xalt year=2020 month=01 software=None executables=ORCA cpuhours=19981.07 corehours=0 nodehours=3192.45 n_jobs=194 n_users=4 n_groups=0 n_accounts=0 
syshost=pitzer database=xalt year=2020 month=01 software=None executables=comsollauncher cpuhours=18940.44 corehours=0 nodehours=236.76 n_jobs=17 n_users=1 n_groups=0 n_accounts=0 
syshost=pitzer database=xalt year=2020 month=01 software=None executables=tkestatsclone.exe cpuhours=18654.13 corehours=0 nodehours=466.35 n_jobs=3 n_users=1 n_groups=0 n_accounts=0 
syshost=pitzer database=xalt year=2020 month=01 software=None executables=python3.6 cpuhours=16137.57 corehours=0 nodehours=16137.74 n_jobs=5177 n_users=87 n_groups=0 n_accounts=0 
syshost=pitzer database=xalt year=2020 month=01 software=None executables=converge-mpich cpuhours=14002.52 corehours=0 nodehours=350.06 n_jobs=49 n_users=2 n_groups=0 n_accounts=0 
syshost=pitzer database=xalt year=2020 month=01 software=None executables=MEXE cpuhours=11957.24 corehours=0 nodehours=298.93 n_jobs=7 n_users=1 n_groups=0 n_accounts=0 
syshost=pitzer database=xalt year=2020 month=01 software=None executables=dual_mpi cpuhours=5777.08 corehours=0 nodehours=144.48 n_jobs=17 n_users=1 n_groups=0 n_accounts=0 
syshost=pitzer database=xalt year=2020 month=01 software=None executables=evp cpuhours=5743.27 corehours=0 nodehours=181.46 n_jobs=183 n_users=3 n_groups=0 n_accounts=0 
syshost=pitzer database=xalt year=2020 month=01 software=None executables=mclr.exe cpuhours=5513.48 corehours=0 nodehours=5489.68 n_jobs=561 n_users=3 n_groups=0 n_accounts=0 
syshost=pitzer database=xalt year=2020 month=01 software=None executables=trial cpuhours=4760.32 corehours=0 nodehours=148.76 n_jobs=116 n_users=1 n_groups=0 n_accounts=0 
syshost=pitzer database=xalt year=2020 month=01 software=None executables=hmmsearch cpuhours=4531.27 corehours=0 nodehours=4531.27 n_jobs=370 n_users=7 n_groups=0 n_accounts=0 
syshost=pitzer database=xalt year=2020 month=01 software=None executables=megahit_asm_core cpuhours=4462.9 corehours=0 nodehours=4462.9 n_jobs=217 n_users=1 n_groups=0 n_accounts=0 
syshost=pitzer database=xalt year=2020 month=01 software=None executables=fluent_mpi.19.3.0 cpuhours=3832.91 corehours=0 nodehours=3832.91 n_jobs=16 n_users=1 n_groups=0 n_accounts=0 
syshost=pitzer database=xalt year=2020 month=01 software=None executables=main_BEeffects_arbtryParticle_OpenMP cpuhours=3771.34 corehours=0 nodehours=94.28 n_jobs=6 n_users=1 n_groups=0 n_accounts=0 
syshost=pitzer database=xalt year=2020 month=01 software=None executables=Gaussian cpuhours=3337.31 corehours=0 nodehours=2702.53 n_jobs=1719 n_users=9 n_groups=0 n_accounts=0 
syshost=pitzer database=xalt year=2020 month=01 software=None executables=pimpleDyMFoam cpuhours=3167.66 corehours=0 nodehours=79.19 n_jobs=6 n_users=1 n_groups=0 n_accounts=0 
syshost=pitzer database=xalt year=2020 month=01 software=None executables=xhpcg_skx cpuhours=3154.81 corehours=0 nodehours=78.87 n_jobs=177 n_users=2 n_groups=0 n_accounts=0 
syshost=pitzer database=xalt year=2020 month=01 software=None executables=Arepo-sidm cpuhours=2857.68 corehours=0 nodehours=71.44 n_jobs=13 n_users=1 n_groups=0 n_accounts=0 
syshost=pitzer database=xalt year=2020 month=01 software=None executables=pw.x cpuhours=2671.03 corehours=0 nodehours=91.15 n_jobs=162 n_users=4 n_groups=0 n_accounts=0 
syshost=pitzer database=xalt year=2020 month=01 software=None executables=atmosphere_model-g cpuhours=2247.18 corehours=0 nodehours=56.47 n_jobs=71 n_users=1 n_groups=0 n_accounts=0 
syshost=pitzer database=xalt year=2020 month=01 software=None executables=scf.exe cpuhours=2149.91 corehours=0 nodehours=2149.91 n_jobs=99 n_users=1 n_groups=0 n_accounts=0 
syshost=pitzer database=xalt year=2020 month=01 software=None executables=aps cpuhours=2044.9 corehours=0 nodehours=51.12 n_jobs=20 n_users=1 n_groups=0 n_accounts=0 
syshost=pitzer database=xalt year=2020 month=01 software=None executables=geogrid.exe cpuhours=2032.33 corehours=0 nodehours=50.81 n_jobs=6 n_users=1 n_groups=0 n_accounts=0 
syshost=pitzer database=xalt year=2020 month=01 software=None executables=samtools cpuhours=1898.33 corehours=0 nodehours=1598.9 n_jobs=3877 n_users=15 n_groups=0 n_accounts=0 
syshost=pitzer database=xalt year=2020 month=01 software=None executables=pmi_proxy cpuhours=1885.0 corehours=0 nodehours=6304.57 n_jobs=1005 n_users=14 n_groups=0 n_accounts=0 
syshost=pitzer database=xalt year=2020 month=01 software=None executables=ssw_v0.1.4M_x86_64 cpuhours=1813.99 corehours=0 nodehours=1813.99 n_jobs=6 n_users=1 n_groups=0 n_accounts=0 
syshost=pitzer database=xalt year=2020 month=01 software=None executables=orted cpuhours=1784.33 corehours=0 nodehours=20054.15 n_jobs=326 n_users=5 n_groups=0 n_accounts=0 
syshost=pitzer database=xalt year=2020 month=01 software=None executables=espf.exe cpuhours=1723.37 corehours=0 nodehours=1721.94 n_jobs=2020 n_users=4 n_groups=0 n_accounts=0 
syshost=pitzer database=xalt year=2020 month=01 software=None executables=megahit_sdbg_build cpuhours=1377.61 corehours=0 nodehours=1377.61 n_jobs=211 n_users=1 n_groups=0 n_accounts=0 
syshost=pitzer database=xalt year=2020 month=01 software=None executables=surface_area_exe.f95 cpuhours=1167.95 corehours=0 nodehours=1167.95 n_jobs=774 n_users=1 n_groups=0 n_accounts=0 
syshost=pitzer database=xalt year=2020 month=01 software=None executables=hmmscore_linux64 cpuhours=1121.66 corehours=0 nodehours=1121.66 n_jobs=6 n_users=1 n_groups=0 n_accounts=0 
