syshost=owens database=xalt software=None executables=VASP cpuhours=162674.66 corehours=0 nodehours=5809.81 n_jobs=439 n_users=13 n_groups=0 n_accounts=0 year=2020 month=06
syshost=owens database=xalt software=None executables=lt-simulate cpuhours=71016.02 corehours=0 nodehours=71016.02 n_jobs=4947 n_users=4 n_groups=0 n_accounts=0 year=2020 month=06
syshost=owens database=xalt software=None executables=da_wrfvar.exe cpuhours=67148.26 corehours=0 nodehours=2398.15 n_jobs=1687 n_users=1 n_groups=0 n_accounts=0 year=2020 month=06
syshost=owens database=xalt software=None executables=LAMMPS cpuhours=58041.27 corehours=0 nodehours=5893.51 n_jobs=465 n_users=17 n_groups=0 n_accounts=0 year=2020 month=06
syshost=owens database=xalt software=None executables=QChem cpuhours=56688.84 corehours=0 nodehours=3429.76 n_jobs=3825 n_users=12 n_groups=0 n_accounts=0 year=2020 month=06
syshost=owens database=xalt software=None executables=R cpuhours=37691.45 corehours=0 nodehours=29025.65 n_jobs=7906 n_users=75 n_groups=0 n_accounts=0 year=2020 month=06
syshost=owens database=xalt software=None executables=python3.7 cpuhours=36701.74 corehours=0 nodehours=36747.43 n_jobs=19295 n_users=37 n_groups=0 n_accounts=0 year=2020 month=06
syshost=owens database=xalt software=None executables=wrf.exe cpuhours=29326.23 corehours=0 nodehours=1047.37 n_jobs=218 n_users=2 n_groups=0 n_accounts=0 year=2020 month=06
syshost=owens database=xalt software=None executables=tkestatsclone.exe cpuhours=28062.64 corehours=0 nodehours=1002.24 n_jobs=25 n_users=1 n_groups=0 n_accounts=0 year=2020 month=06
syshost=owens database=xalt software=None executables=simplecFoam cpuhours=24010.94 corehours=0 nodehours=857.53 n_jobs=11 n_users=1 n_groups=0 n_accounts=0 year=2020 month=06
syshost=owens database=xalt software=None executables=fim cpuhours=23308.91 corehours=0 nodehours=838.07 n_jobs=86 n_users=3 n_groups=0 n_accounts=0 year=2020 month=06
syshost=owens database=xalt software=None executables=nanopolish cpuhours=20496.85 corehours=0 nodehours=20496.85 n_jobs=1409 n_users=1 n_groups=0 n_accounts=0 year=2020 month=06
syshost=owens database=xalt software=None executables=Amber cpuhours=18532.21 corehours=0 nodehours=2286.0 n_jobs=513 n_users=5 n_groups=0 n_accounts=0 year=2020 month=06
syshost=owens database=xalt software=None executables=namd2 cpuhours=18151.06 corehours=0 nodehours=10063.53 n_jobs=125 n_users=5 n_groups=0 n_accounts=0 year=2020 month=06
syshost=owens database=xalt software=None executables=simulate cpuhours=14335.3 corehours=0 nodehours=14335.3 n_jobs=1213 n_users=1 n_groups=0 n_accounts=0 year=2020 month=06
syshost=owens database=xalt software=None executables=lsp cpuhours=9411.94 corehours=0 nodehours=339.27 n_jobs=32 n_users=3 n_groups=0 n_accounts=0 year=2020 month=06
syshost=owens database=xalt software=None executables=python3.6 cpuhours=9405.61 corehours=0 nodehours=9466.59 n_jobs=6669 n_users=73 n_groups=0 n_accounts=0 year=2020 month=06
syshost=owens database=xalt software=None executables=Gaussian cpuhours=7864.16 corehours=0 nodehours=5241.88 n_jobs=3125 n_users=33 n_groups=0 n_accounts=0 year=2020 month=06
syshost=owens database=xalt software=None executables=ORCA cpuhours=6460.34 corehours=0 nodehours=882.04 n_jobs=75 n_users=10 n_groups=0 n_accounts=0 year=2020 month=06
syshost=owens database=xalt software=None executables=execFlowFunctionObjects cpuhours=6257.64 corehours=0 nodehours=227.04 n_jobs=23 n_users=2 n_groups=0 n_accounts=0 year=2020 month=06
syshost=owens database=xalt software=None executables=carp cpuhours=4874.32 corehours=0 nodehours=174.08 n_jobs=82 n_users=1 n_groups=0 n_accounts=0 year=2020 month=06
syshost=owens database=xalt software=None executables=gamess.01.x cpuhours=4237.87 corehours=0 nodehours=4240.7 n_jobs=129 n_users=2 n_groups=0 n_accounts=0 year=2020 month=06
syshost=owens database=xalt software=None executables=MATLAB cpuhours=3468.53 corehours=0 nodehours=3478.96 n_jobs=2356 n_users=27 n_groups=0 n_accounts=0 year=2020 month=06
syshost=owens database=xalt software=None executables=cpptraj.MPI cpuhours=3294.07 corehours=0 nodehours=117.65 n_jobs=18 n_users=1 n_groups=0 n_accounts=0 year=2020 month=06
syshost=owens database=xalt software=None executables=python2.7 cpuhours=3177.72 corehours=0 nodehours=3268.82 n_jobs=3406 n_users=120 n_groups=0 n_accounts=0 year=2020 month=06
syshost=owens database=xalt software=None executables=TSsnappyHexMesh-v2.0 cpuhours=2655.08 corehours=0 nodehours=142.24 n_jobs=11 n_users=1 n_groups=0 n_accounts=0 year=2020 month=06
syshost=owens database=xalt software=None executables=explicit cpuhours=2376.67 corehours=0 nodehours=2376.84 n_jobs=58 n_users=5 n_groups=0 n_accounts=0 year=2020 month=06
syshost=owens database=xalt software=None executables=swmm5 cpuhours=1923.81 corehours=0 nodehours=1923.81 n_jobs=3 n_users=1 n_groups=0 n_accounts=0 year=2020 month=06
syshost=owens database=xalt software=None executables=palm cpuhours=1858.55 corehours=0 nodehours=77.44 n_jobs=17 n_users=1 n_groups=0 n_accounts=0 year=2020 month=06
syshost=owens database=xalt software=None executables=mpiexec cpuhours=1849.95 corehours=0 nodehours=1894.78 n_jobs=187 n_users=3 n_groups=0 n_accounts=0 year=2020 month=06
syshost=owens database=xalt software=None executables=curvdns cpuhours=1740.65 corehours=0 nodehours=62.24 n_jobs=54 n_users=2 n_groups=0 n_accounts=0 year=2020 month=06
syshost=owens database=xalt software=None executables=IMB-NBC cpuhours=1676.26 corehours=0 nodehours=59.87 n_jobs=2 n_users=1 n_groups=0 n_accounts=0 year=2020 month=06
syshost=owens database=xalt software=None executables=python cpuhours=1508.73 corehours=0 nodehours=1816.81 n_jobs=236 n_users=20 n_groups=0 n_accounts=0 year=2020 month=06
syshost=owens database=xalt software=None executables=Xvnc cpuhours=1302.15 corehours=0 nodehours=1399.05 n_jobs=290 n_users=83 n_groups=0 n_accounts=0 year=2020 month=06
syshost=owens database=xalt software=None executables=ansys.e cpuhours=1295.68 corehours=0 nodehours=41.97 n_jobs=14 n_users=4 n_groups=0 n_accounts=0 year=2020 month=06
syshost=owens database=xalt software=None executables=atmosphere_model cpuhours=1285.17 corehours=0 nodehours=53.55 n_jobs=57 n_users=1 n_groups=0 n_accounts=0 year=2020 month=06
syshost=owens database=xalt software=None executables=bedtools cpuhours=1203.07 corehours=0 nodehours=1203.07 n_jobs=2909 n_users=9 n_groups=0 n_accounts=0 year=2020 month=06
syshost=owens database=xalt software=None executables=pvbatch cpuhours=1129.23 corehours=0 nodehours=80.29 n_jobs=52 n_users=2 n_groups=0 n_accounts=0 year=2020 month=06
syshost=owens database=xalt software=None executables=qtraj cpuhours=1064.82 corehours=0 nodehours=1064.82 n_jobs=2551 n_users=3 n_groups=0 n_accounts=0 year=2020 month=06
syshost=owens database=xalt software=None executables=exonerate cpuhours=1033.42 corehours=0 nodehours=1033.42 n_jobs=237 n_users=2 n_groups=0 n_accounts=0 year=2020 month=06
syshost=owens database=xalt software=None executables=comsollauncher cpuhours=1026.95 corehours=0 nodehours=293.25 n_jobs=44 n_users=4 n_groups=0 n_accounts=0 year=2020 month=06
syshost=owens database=xalt software=None executables=IMB-MPI1 cpuhours=979.05 corehours=0 nodehours=35.32 n_jobs=59 n_users=3 n_groups=0 n_accounts=0 year=2020 month=06
syshost=owens database=xalt software=None executables=samtools cpuhours=949.6 corehours=0 nodehours=949.6 n_jobs=1998 n_users=22 n_groups=0 n_accounts=0 year=2020 month=06
syshost=owens database=xalt software=None executables=hpcc cpuhours=899.17 corehours=0 nodehours=32.11 n_jobs=32 n_users=1 n_groups=0 n_accounts=0 year=2020 month=06
syshost=owens database=xalt software=None executables=qubic cpuhours=806.99 corehours=0 nodehours=806.99 n_jobs=2760 n_users=1 n_groups=0 n_accounts=0 year=2020 month=06
syshost=owens database=xalt software=None executables=cfl3d_mpi cpuhours=771.99 corehours=0 nodehours=33.78 n_jobs=21 n_users=1 n_groups=0 n_accounts=0 year=2020 month=06
syshost=owens database=xalt software=None executables=wrf_hydro.exe cpuhours=704.76 corehours=0 nodehours=88.09 n_jobs=190 n_users=1 n_groups=0 n_accounts=0 year=2020 month=06
syshost=owens database=xalt software=None executables=AbinitioRelax.linuxgccrelease cpuhours=693.64 corehours=0 nodehours=693.64 n_jobs=102 n_users=1 n_groups=0 n_accounts=0 year=2020 month=06
syshost=owens database=xalt software=None executables=FFT_4D cpuhours=664.43 corehours=0 nodehours=23.73 n_jobs=11 n_users=1 n_groups=0 n_accounts=0 year=2020 month=06
syshost=owens database=xalt software=None executables=disttbfast cpuhours=648.64 corehours=0 nodehours=648.64 n_jobs=227 n_users=2 n_groups=0 n_accounts=0 year=2020 month=06
