syshost=pitzer database=xalt software=None executables=python2.7 cpuhours=672234.41 corehours=0 nodehours=18925.77 n_jobs=1558 n_users=72 n_groups=0 n_accounts=0 year=2020 month=02
syshost=pitzer database=xalt software=None executables=LAMMPS cpuhours=492939.29 corehours=0 nodehours=20215.95 n_jobs=3489 n_users=9 n_groups=0 n_accounts=0 year=2020 month=02
syshost=pitzer database=xalt software=None executables=VASP cpuhours=488851.86 corehours=0 nodehours=12363.37 n_jobs=2267 n_users=13 n_groups=0 n_accounts=0 year=2020 month=02
syshost=pitzer database=xalt software=None executables=fdl3di.exe cpuhours=281731.19 corehours=0 nodehours=7043.41 n_jobs=53 n_users=3 n_groups=0 n_accounts=0 year=2020 month=02
syshost=pitzer database=xalt software=None executables=lt-simulate cpuhours=224913.93 corehours=0 nodehours=224913.93 n_jobs=21016 n_users=4 n_groups=0 n_accounts=0 year=2020 month=02
syshost=pitzer database=xalt software=None executables=python3.6 cpuhours=193165.0 corehours=0 nodehours=10128.02 n_jobs=2725 n_users=73 n_groups=0 n_accounts=0 year=2020 month=02
syshost=pitzer database=xalt software=None executables=wrf.exe cpuhours=183928.58 corehours=0 nodehours=4598.21 n_jobs=354 n_users=3 n_groups=0 n_accounts=0 year=2020 month=02
syshost=pitzer database=xalt software=None executables=fluent_mpi.19.4.0 cpuhours=161296.07 corehours=0 nodehours=192172.69 n_jobs=18 n_users=2 n_groups=0 n_accounts=0 year=2020 month=02
syshost=pitzer database=xalt software=None executables=QChem cpuhours=107416.37 corehours=0 nodehours=5845.14 n_jobs=853 n_users=11 n_groups=0 n_accounts=0 year=2020 month=02
syshost=pitzer database=xalt software=None executables=parallel-command-processor cpuhours=89976.99 corehours=0 nodehours=2727.9 n_jobs=381 n_users=5 n_groups=0 n_accounts=0 year=2020 month=02
syshost=pitzer database=xalt software=None executables=pimpleDyMFoam cpuhours=56974.44 corehours=0 nodehours=1424.36 n_jobs=23 n_users=1 n_groups=0 n_accounts=0 year=2020 month=02
syshost=pitzer database=xalt software=None executables=R cpuhours=51756.8 corehours=0 nodehours=6848.71 n_jobs=1682 n_users=44 n_groups=0 n_accounts=0 year=2020 month=02
syshost=pitzer database=xalt software=None executables=MOLCAS cpuhours=43126.08 corehours=0 nodehours=42247.3 n_jobs=1028 n_users=4 n_groups=0 n_accounts=0 year=2020 month=02
syshost=pitzer database=xalt software=None executables=proc.exe cpuhours=43085.27 corehours=0 nodehours=1114.68 n_jobs=10 n_users=1 n_groups=0 n_accounts=0 year=2020 month=02
syshost=pitzer database=xalt software=None executables=converge-mpich cpuhours=28555.66 corehours=0 nodehours=713.89 n_jobs=82 n_users=1 n_groups=0 n_accounts=0 year=2020 month=02
syshost=pitzer database=xalt software=None executables=ORCA cpuhours=21082.34 corehours=0 nodehours=10133.08 n_jobs=100 n_users=3 n_groups=0 n_accounts=0 year=2020 month=02
syshost=pitzer database=xalt software=None executables=python3.7 cpuhours=18670.19 corehours=0 nodehours=18499.94 n_jobs=1290 n_users=28 n_groups=0 n_accounts=0 year=2020 month=02
syshost=pitzer database=xalt software=None executables=simulate cpuhours=15472.38 corehours=0 nodehours=15472.38 n_jobs=8176 n_users=1 n_groups=0 n_accounts=0 year=2020 month=02
syshost=pitzer database=xalt software=None executables=kMC cpuhours=14442.16 corehours=0 nodehours=14442.16 n_jobs=1098 n_users=1 n_groups=0 n_accounts=0 year=2020 month=02
syshost=pitzer database=xalt software=None executables=perl cpuhours=13481.87 corehours=0 nodehours=4339.15 n_jobs=1238 n_users=14 n_groups=0 n_accounts=0 year=2020 month=02
syshost=pitzer database=xalt software=None executables=hmmsearch cpuhours=13313.92 corehours=0 nodehours=13313.92 n_jobs=955 n_users=6 n_groups=0 n_accounts=0 year=2020 month=02
syshost=pitzer database=xalt software=None executables=Gaussian cpuhours=8452.05 corehours=0 nodehours=4381.26 n_jobs=2072 n_users=12 n_groups=0 n_accounts=0 year=2020 month=02
syshost=pitzer database=xalt software=None executables=mclr.exe cpuhours=8367.22 corehours=0 nodehours=8364.65 n_jobs=469 n_users=2 n_groups=0 n_accounts=0 year=2020 month=02
syshost=pitzer database=xalt software=None executables=Arepo-sidm cpuhours=5454.66 corehours=0 nodehours=136.37 n_jobs=20 n_users=1 n_groups=0 n_accounts=0 year=2020 month=02
syshost=pitzer database=xalt software=None executables=cp2k.popt cpuhours=3670.51 corehours=0 nodehours=229.41 n_jobs=163 n_users=3 n_groups=0 n_accounts=0 year=2020 month=02
syshost=pitzer database=xalt software=None executables=namd2 cpuhours=3381.25 corehours=0 nodehours=1761.93 n_jobs=44 n_users=7 n_groups=0 n_accounts=0 year=2020 month=02
syshost=pitzer database=xalt software=None executables=pmi_proxy cpuhours=3256.07 corehours=0 nodehours=15880.06 n_jobs=1483 n_users=12 n_groups=0 n_accounts=0 year=2020 month=02
syshost=pitzer database=xalt software=None executables=samtools cpuhours=3034.74 corehours=0 nodehours=1632.07 n_jobs=2203 n_users=15 n_groups=0 n_accounts=0 year=2020 month=02
syshost=pitzer database=xalt software=None executables=fluent_mpi.19.3.0 cpuhours=2979.34 corehours=0 nodehours=2979.34 n_jobs=15 n_users=2 n_groups=0 n_accounts=0 year=2020 month=02
syshost=pitzer database=xalt software=None executables=Arepo-nfw-evapo cpuhours=2813.34 corehours=0 nodehours=70.33 n_jobs=13 n_users=1 n_groups=0 n_accounts=0 year=2020 month=02
syshost=pitzer database=xalt software=None executables=epw.x cpuhours=2798.98 corehours=0 nodehours=69.97 n_jobs=88 n_users=1 n_groups=0 n_accounts=0 year=2020 month=02
syshost=pitzer database=xalt software=None executables=athena cpuhours=2566.83 corehours=0 nodehours=80.23 n_jobs=50 n_users=1 n_groups=0 n_accounts=0 year=2020 month=02
syshost=pitzer database=xalt software=None executables=orted cpuhours=2549.23 corehours=0 nodehours=19323.7 n_jobs=158 n_users=7 n_groups=0 n_accounts=0 year=2020 month=02
syshost=pitzer database=xalt software=None executables=GraphFromFasta cpuhours=2208.49 corehours=0 nodehours=22.3 n_jobs=7 n_users=2 n_groups=0 n_accounts=0 year=2020 month=02
syshost=pitzer database=xalt software=None executables=setsm cpuhours=2004.44 corehours=0 nodehours=264.93 n_jobs=71 n_users=1 n_groups=0 n_accounts=0 year=2020 month=02
syshost=pitzer database=xalt software=None executables=trial cpuhours=1794.39 corehours=0 nodehours=57.05 n_jobs=42 n_users=1 n_groups=0 n_accounts=0 year=2020 month=02
syshost=pitzer database=xalt software=None executables=sim cpuhours=1600.04 corehours=0 nodehours=1600.04 n_jobs=29 n_users=1 n_groups=0 n_accounts=0 year=2020 month=02
syshost=pitzer database=xalt software=None executables=surface_area_exe.f95 cpuhours=1389.26 corehours=0 nodehours=1389.26 n_jobs=842 n_users=1 n_groups=0 n_accounts=0 year=2020 month=02
syshost=pitzer database=xalt software=None executables=fastaToKmerCoverageStats cpuhours=1245.38 corehours=0 nodehours=12.5 n_jobs=12 n_users=2 n_groups=0 n_accounts=0 year=2020 month=02
syshost=pitzer database=xalt software=None executables=xhpcg_skx cpuhours=1116.02 corehours=0 nodehours=27.9 n_jobs=141 n_users=2 n_groups=0 n_accounts=0 year=2020 month=02
syshost=pitzer database=xalt software=None executables=mdrun_mpi cpuhours=1113.13 corehours=0 nodehours=69.57 n_jobs=23 n_users=2 n_groups=0 n_accounts=0 year=2020 month=02
syshost=pitzer database=xalt software=None executables=mix cpuhours=1113.04 corehours=0 nodehours=1113.04 n_jobs=371 n_users=1 n_groups=0 n_accounts=0 year=2020 month=02
syshost=pitzer database=xalt software=None executables=SBAMC cpuhours=979.07 corehours=0 nodehours=979.07 n_jobs=284 n_users=1 n_groups=0 n_accounts=0 year=2020 month=02
syshost=pitzer database=xalt software=None executables=numerical_gradient.exe cpuhours=968.78 corehours=0 nodehours=121.3 n_jobs=5 n_users=1 n_groups=0 n_accounts=0 year=2020 month=02
syshost=pitzer database=xalt software=None executables=l1002.exe cpuhours=876.31 corehours=0 nodehours=23.52 n_jobs=15 n_users=5 n_groups=0 n_accounts=0 year=2020 month=02
syshost=pitzer database=xalt software=None executables=MATLAB cpuhours=868.72 corehours=0 nodehours=868.72 n_jobs=1171 n_users=8 n_groups=0 n_accounts=0 year=2020 month=02
syshost=pitzer database=xalt software=None executables=espf.exe cpuhours=793.72 corehours=0 nodehours=702.7 n_jobs=606 n_users=4 n_groups=0 n_accounts=0 year=2020 month=02
syshost=pitzer database=xalt software=None executables=Xvnc cpuhours=765.71 corehours=0 nodehours=765.71 n_jobs=80 n_users=27 n_groups=0 n_accounts=0 year=2020 month=02
syshost=pitzer database=xalt software=None executables=inchworm cpuhours=677.52 corehours=0 nodehours=6.88 n_jobs=9 n_users=2 n_groups=0 n_accounts=0 year=2020 month=02
syshost=pitzer database=xalt software=None executables=bowtie2-align-s cpuhours=675.12 corehours=0 nodehours=195.36 n_jobs=114 n_users=8 n_groups=0 n_accounts=0 year=2020 month=02
