syshost=owens database=xalt software=None executables=VASP cpuhours=957154.16 corehours=0 nodehours=34212.48 n_jobs=5423 n_users=19 n_groups=0 n_accounts=0 year=2020 month=04
syshost=owens database=xalt software=None executables=LAMMPS cpuhours=582763.49 corehours=0 nodehours=55961.69 n_jobs=3747 n_users=20 n_groups=0 n_accounts=0 year=2020 month=04
syshost=owens database=xalt software=None executables=fdl3di.exe cpuhours=468115.99 corehours=0 nodehours=17021.38 n_jobs=17 n_users=1 n_groups=0 n_accounts=0 year=2020 month=04
syshost=owens database=xalt software=None executables=Amber cpuhours=355302.56 corehours=0 nodehours=38762.3 n_jobs=4570 n_users=5 n_groups=0 n_accounts=0 year=2020 month=04
syshost=owens database=xalt software=None executables=TSpimpleFoamRobustBlendingFactor-v0.1 cpuhours=282392.04 corehours=0 nodehours=10131.44 n_jobs=24 n_users=2 n_groups=0 n_accounts=0 year=2020 month=04
syshost=owens database=xalt software=None executables=tkestatsclone.exe cpuhours=263665.05 corehours=0 nodehours=9416.61 n_jobs=72 n_users=2 n_groups=0 n_accounts=0 year=2020 month=04
syshost=owens database=xalt software=None executables=parallel-command-processor cpuhours=211056.12 corehours=0 nodehours=10473.01 n_jobs=654 n_users=4 n_groups=0 n_accounts=0 year=2020 month=04
syshost=owens database=xalt software=None executables=wrf.exe cpuhours=203564.61 corehours=0 nodehours=7270.16 n_jobs=419 n_users=4 n_groups=0 n_accounts=0 year=2020 month=04
syshost=owens database=xalt software=None executables=lt-simulate cpuhours=131003.87 corehours=0 nodehours=131003.87 n_jobs=11444 n_users=4 n_groups=0 n_accounts=0 year=2020 month=04
syshost=owens database=xalt software=None executables=fim cpuhours=111627.02 corehours=0 nodehours=4013.56 n_jobs=305 n_users=6 n_groups=0 n_accounts=0 year=2020 month=04
syshost=owens database=xalt software=None executables=QChem cpuhours=68723.27 corehours=0 nodehours=5533.85 n_jobs=3802 n_users=14 n_groups=0 n_accounts=0 year=2020 month=04
syshost=owens database=xalt software=None executables=da_wrfvar.exe cpuhours=67854.4 corehours=0 nodehours=2423.37 n_jobs=2308 n_users=2 n_groups=0 n_accounts=0 year=2020 month=04
syshost=owens database=xalt software=None executables=python3.7 cpuhours=67635.7 corehours=0 nodehours=67093.5 n_jobs=53342 n_users=93 n_groups=0 n_accounts=0 year=2020 month=04
syshost=owens database=xalt software=None executables=perl cpuhours=59721.72 corehours=0 nodehours=20551.89 n_jobs=3695 n_users=70 n_groups=0 n_accounts=0 year=2020 month=04
syshost=owens database=xalt software=None executables=simplecFoam cpuhours=46752.15 corehours=0 nodehours=1672.14 n_jobs=41 n_users=3 n_groups=0 n_accounts=0 year=2020 month=04
syshost=owens database=xalt software=None executables=Gaussian cpuhours=45853.15 corehours=0 nodehours=41190.24 n_jobs=11728 n_users=77 n_groups=0 n_accounts=0 year=2020 month=04
syshost=owens database=xalt software=None executables=R cpuhours=43462.17 corehours=0 nodehours=45529.1 n_jobs=42379 n_users=283 n_groups=0 n_accounts=0 year=2020 month=04
syshost=owens database=xalt software=None executables=eigen cpuhours=42754.39 corehours=0 nodehours=3053.89 n_jobs=359 n_users=1 n_groups=0 n_accounts=0 year=2020 month=04
syshost=owens database=xalt software=None executables=mpiexec cpuhours=37310.85 corehours=0 nodehours=42002.9 n_jobs=4081 n_users=7 n_groups=0 n_accounts=0 year=2020 month=04
syshost=owens database=xalt software=None executables=cp2k.popt cpuhours=36537.6 corehours=0 nodehours=2115.4 n_jobs=1338 n_users=1 n_groups=0 n_accounts=0 year=2020 month=04
syshost=owens database=xalt software=None executables=ORCA cpuhours=36258.86 corehours=0 nodehours=15754.41 n_jobs=399 n_users=10 n_groups=0 n_accounts=0 year=2020 month=04
syshost=owens database=xalt software=None executables=python2.7 cpuhours=35334.51 corehours=0 nodehours=31336.0 n_jobs=12993 n_users=217 n_groups=0 n_accounts=0 year=2020 month=04
syshost=owens database=xalt software=None executables=gmx_mpi cpuhours=33867.4 corehours=0 nodehours=1281.02 n_jobs=207 n_users=3 n_groups=0 n_accounts=0 year=2020 month=04
syshost=owens database=xalt software=None executables=seqtk-trinity cpuhours=32590.55 corehours=0 nodehours=22.75 n_jobs=10 n_users=1 n_groups=0 n_accounts=0 year=2020 month=04
syshost=owens database=xalt software=None executables=lsp cpuhours=27978.26 corehours=0 nodehours=1010.09 n_jobs=56 n_users=2 n_groups=0 n_accounts=0 year=2020 month=04
syshost=owens database=xalt software=None executables=interDyMFoam cpuhours=26540.39 corehours=0 nodehours=947.87 n_jobs=3 n_users=1 n_groups=0 n_accounts=0 year=2020 month=04
syshost=owens database=xalt software=None executables=curvdns cpuhours=24813.7 corehours=0 nodehours=890.39 n_jobs=203 n_users=2 n_groups=0 n_accounts=0 year=2020 month=04
syshost=owens database=xalt software=None executables=ansys.e cpuhours=19258.96 corehours=0 nodehours=456.53 n_jobs=37 n_users=4 n_groups=0 n_accounts=0 year=2020 month=04
syshost=owens database=xalt software=None executables=3DHELMPAR_DOAK.exe cpuhours=18912.41 corehours=0 nodehours=709.22 n_jobs=4 n_users=1 n_groups=0 n_accounts=0 year=2020 month=04
syshost=owens database=xalt software=None executables=python3.6 cpuhours=18794.92 corehours=0 nodehours=19275.99 n_jobs=14094 n_users=170 n_groups=0 n_accounts=0 year=2020 month=04
syshost=owens database=xalt software=None executables=ekt.exe cpuhours=17129.94 corehours=0 nodehours=611.78 n_jobs=7 n_users=1 n_groups=0 n_accounts=0 year=2020 month=04
syshost=owens database=xalt software=None executables=namd2 cpuhours=15441.91 corehours=0 nodehours=15219.91 n_jobs=736 n_users=8 n_groups=0 n_accounts=0 year=2020 month=04
syshost=owens database=xalt software=None executables=ctqmc cpuhours=14114.31 corehours=0 nodehours=523.0 n_jobs=20 n_users=1 n_groups=0 n_accounts=0 year=2020 month=04
syshost=owens database=xalt software=None executables=ph.x cpuhours=13648.54 corehours=0 nodehours=487.45 n_jobs=142 n_users=1 n_groups=0 n_accounts=0 year=2020 month=04
syshost=owens database=xalt software=None executables=ls-dyna_mpp_d_r10_1_123355_x64_redhat54_ifort160_sse2_intelmpi-413 cpuhours=11046.93 corehours=0 nodehours=394.53 n_jobs=51 n_users=4 n_groups=0 n_accounts=0 year=2020 month=04
syshost=owens database=xalt software=None executables=MATLAB cpuhours=11031.62 corehours=0 nodehours=11031.74 n_jobs=39926 n_users=27 n_groups=0 n_accounts=0 year=2020 month=04
syshost=owens database=xalt software=None executables=execFlowFunctionObjects cpuhours=8914.42 corehours=0 nodehours=322.79 n_jobs=48 n_users=4 n_groups=0 n_accounts=0 year=2020 month=04
syshost=owens database=xalt software=None executables=MOLCAS cpuhours=8588.84 corehours=0 nodehours=8588.84 n_jobs=878 n_users=1 n_groups=0 n_accounts=0 year=2020 month=04
syshost=owens database=xalt software=None executables=pmi_proxy cpuhours=7983.52 corehours=0 nodehours=52329.78 n_jobs=7508 n_users=37 n_groups=0 n_accounts=0 year=2020 month=04
syshost=owens database=xalt software=None executables=samtools cpuhours=7756.36 corehours=0 nodehours=6935.42 n_jobs=4809 n_users=44 n_groups=0 n_accounts=0 year=2020 month=04
syshost=owens database=xalt software=None executables=Xvnc cpuhours=7186.52 corehours=0 nodehours=7240.05 n_jobs=1006 n_users=119 n_groups=0 n_accounts=0 year=2020 month=04
syshost=owens database=xalt software=None executables=MAXSOLVE_v3p027_dp cpuhours=6627.93 corehours=0 nodehours=140.09 n_jobs=31 n_users=1 n_groups=0 n_accounts=0 year=2020 month=04
syshost=owens database=xalt software=None executables=cpptraj.MPI cpuhours=6416.73 corehours=0 nodehours=229.17 n_jobs=47 n_users=1 n_groups=0 n_accounts=0 year=2020 month=04
syshost=owens database=xalt software=None executables=gmx_gpu cpuhours=6102.69 corehours=0 nodehours=6102.69 n_jobs=90 n_users=4 n_groups=0 n_accounts=0 year=2020 month=04
syshost=owens database=xalt software=None executables=TSsnappyHexMesh-v2.0 cpuhours=6093.7 corehours=0 nodehours=217.63 n_jobs=24 n_users=3 n_groups=0 n_accounts=0 year=2020 month=04
syshost=owens database=xalt software=None executables=explicit cpuhours=5267.54 corehours=0 nodehours=5612.67 n_jobs=75 n_users=7 n_groups=0 n_accounts=0 year=2020 month=04
syshost=owens database=xalt software=None executables=SAMPLER_AFTERBURNER cpuhours=5130.26 corehours=0 nodehours=5130.26 n_jobs=46 n_users=1 n_groups=0 n_accounts=0 year=2020 month=04
syshost=owens database=xalt software=None executables=hmmsearch cpuhours=4870.11 corehours=0 nodehours=4870.11 n_jobs=2316 n_users=9 n_groups=0 n_accounts=0 year=2020 month=04
syshost=owens database=xalt software=None executables=FFT_4D cpuhours=4713.6 corehours=0 nodehours=168.34 n_jobs=10 n_users=1 n_groups=0 n_accounts=0 year=2020 month=04
syshost=owens database=xalt software=None executables=spades-corrector-core cpuhours=4309.08 corehours=0 nodehours=4309.08 n_jobs=196 n_users=2 n_groups=0 n_accounts=0 year=2020 month=04
