syshost=owens database=xalt software=None executables=LAMMPS cpuhours=1158823.57 corehours=0 nodehours=91397.08 n_jobs=5454 n_users=25 n_groups=0 n_accounts=0 year=2020 month=01
syshost=owens database=xalt software=None executables=VASP cpuhours=862290.14 corehours=0 nodehours=30703.37 n_jobs=3593 n_users=21 n_groups=0 n_accounts=0 year=2020 month=01
syshost=owens database=xalt software=None executables=simplecFoam cpuhours=346804.16 corehours=0 nodehours=12390.83 n_jobs=291 n_users=4 n_groups=0 n_accounts=0 year=2020 month=01
syshost=owens database=xalt software=None executables=fdl3di.exe cpuhours=303261.41 corehours=0 nodehours=11007.92 n_jobs=50 n_users=2 n_groups=0 n_accounts=0 year=2020 month=01
syshost=owens database=xalt software=None executables=wrf.exe cpuhours=223885.18 corehours=0 nodehours=7995.9 n_jobs=237 n_users=4 n_groups=0 n_accounts=0 year=2020 month=01
syshost=owens database=xalt software=None executables=tkestatsclone.exe cpuhours=196379.6 corehours=0 nodehours=7013.71 n_jobs=31 n_users=2 n_groups=0 n_accounts=0 year=2020 month=01
syshost=owens database=xalt software=None executables=lsp cpuhours=190708.63 corehours=0 nodehours=6882.89 n_jobs=48 n_users=2 n_groups=0 n_accounts=0 year=2020 month=01
syshost=owens database=xalt software=None executables=fim cpuhours=118162.19 corehours=0 nodehours=4248.58 n_jobs=336 n_users=3 n_groups=0 n_accounts=0 year=2020 month=01
syshost=owens database=xalt software=None executables=R cpuhours=107562.87 corehours=0 nodehours=106418.16 n_jobs=5849 n_users=388 n_groups=0 n_accounts=0 year=2020 month=01
syshost=owens database=xalt software=None executables=TSsnappyHexMesh-v2.0 cpuhours=92894.04 corehours=0 nodehours=3414.68 n_jobs=293 n_users=4 n_groups=0 n_accounts=0 year=2020 month=01
syshost=owens database=xalt software=None executables=pw.x cpuhours=81444.9 corehours=0 nodehours=15523.76 n_jobs=6978 n_users=4 n_groups=0 n_accounts=0 year=2020 month=01
syshost=owens database=xalt software=None executables=QChem cpuhours=59635.08 corehours=0 nodehours=3504.57 n_jobs=2971 n_users=11 n_groups=0 n_accounts=0 year=2020 month=01
syshost=owens database=xalt software=None executables=da_wrfvar.exe cpuhours=59340.08 corehours=0 nodehours=2119.29 n_jobs=208 n_users=2 n_groups=0 n_accounts=0 year=2020 month=01
syshost=owens database=xalt software=None executables=OpenSees cpuhours=49318.24 corehours=0 nodehours=49318.24 n_jobs=137 n_users=1 n_groups=0 n_accounts=0 year=2020 month=01
syshost=owens database=xalt software=None executables=python3.7 cpuhours=40098.98 corehours=0 nodehours=39762.73 n_jobs=62756 n_users=78 n_groups=0 n_accounts=0 year=2020 month=01
syshost=owens database=xalt software=None executables=converge-2.3.23-openmpi-linux-64 cpuhours=33196.44 corehours=0 nodehours=1185.59 n_jobs=17 n_users=1 n_groups=0 n_accounts=0 year=2020 month=01
syshost=owens database=xalt software=None executables=ls-dyna_mpp_d_r9_0_1_109912_x64_redhat54_ifort131_sse2_intelmpi-413 cpuhours=32508.87 corehours=0 nodehours=1161.14 n_jobs=130 n_users=2 n_groups=0 n_accounts=0 year=2020 month=01
syshost=owens database=xalt software=None executables=execFlowFunctionObjects cpuhours=28336.41 corehours=0 nodehours=1015.09 n_jobs=289 n_users=4 n_groups=0 n_accounts=0 year=2020 month=01
syshost=owens database=xalt software=None executables=fluent_mpi.19.4.0 cpuhours=26662.51 corehours=0 nodehours=40500.74 n_jobs=16 n_users=3 n_groups=0 n_accounts=0 year=2020 month=01
syshost=owens database=xalt software=None executables=lt-simulate cpuhours=24739.7 corehours=0 nodehours=24739.7 n_jobs=2699 n_users=2 n_groups=0 n_accounts=0 year=2020 month=01
syshost=owens database=xalt software=None executables=namd2 cpuhours=23645.54 corehours=0 nodehours=2167.43 n_jobs=394 n_users=9 n_groups=0 n_accounts=0 year=2020 month=01
syshost=owens database=xalt software=None executables=ORCA cpuhours=23530.44 corehours=0 nodehours=868.1 n_jobs=123 n_users=7 n_groups=0 n_accounts=0 year=2020 month=01
syshost=owens database=xalt software=None executables=Gaussian cpuhours=22655.76 corehours=0 nodehours=17742.05 n_jobs=13322 n_users=45 n_groups=0 n_accounts=0 year=2020 month=01
syshost=owens database=xalt software=None executables=python2.7 cpuhours=22371.12 corehours=0 nodehours=21772.09 n_jobs=22192 n_users=248 n_groups=0 n_accounts=0 year=2020 month=01
syshost=owens database=xalt software=None executables=parallel-command-processor cpuhours=19725.04 corehours=0 nodehours=1534.94 n_jobs=158 n_users=6 n_groups=0 n_accounts=0 year=2020 month=01
syshost=owens database=xalt software=None executables=MATLAB cpuhours=18669.57 corehours=0 nodehours=18682.21 n_jobs=11550 n_users=45 n_groups=0 n_accounts=0 year=2020 month=01
syshost=owens database=xalt software=None executables=python3.6 cpuhours=17831.31 corehours=0 nodehours=17393.47 n_jobs=76403 n_users=190 n_groups=0 n_accounts=0 year=2020 month=01
syshost=owens database=xalt software=None executables=python3.5 cpuhours=15527.12 corehours=0 nodehours=15527.13 n_jobs=135275 n_users=115 n_groups=0 n_accounts=0 year=2020 month=01
syshost=owens database=xalt software=None executables=decomp cpuhours=13370.13 corehours=0 nodehours=13370.13 n_jobs=55188 n_users=1 n_groups=0 n_accounts=0 year=2020 month=01
syshost=owens database=xalt software=None executables=TSpimpleFoamRobustBlendingFactor-v0.1 cpuhours=11546.67 corehours=0 nodehours=420.97 n_jobs=3 n_users=1 n_groups=0 n_accounts=0 year=2020 month=01
syshost=owens database=xalt software=None executables=SMACfdMain cpuhours=8439.71 corehours=0 nodehours=8439.71 n_jobs=5 n_users=1 n_groups=0 n_accounts=0 year=2020 month=01
syshost=owens database=xalt software=None executables=pmi_proxy cpuhours=8018.88 corehours=0 nodehours=45044.25 n_jobs=2710 n_users=33 n_groups=0 n_accounts=0 year=2020 month=01
syshost=owens database=xalt software=None executables=atmosphere_model-g cpuhours=7398.25 corehours=0 nodehours=264.74 n_jobs=118 n_users=1 n_groups=0 n_accounts=0 year=2020 month=01
syshost=owens database=xalt software=None executables=aps cpuhours=7068.59 corehours=0 nodehours=252.98 n_jobs=59 n_users=1 n_groups=0 n_accounts=0 year=2020 month=01
syshost=owens database=xalt software=None executables=ansys.e cpuhours=7066.11 corehours=0 nodehours=300.29 n_jobs=25 n_users=4 n_groups=0 n_accounts=0 year=2020 month=01
syshost=owens database=xalt software=None executables=3DHELMPAR_DOAK.exe cpuhours=6946.78 corehours=0 nodehours=257.29 n_jobs=1 n_users=1 n_groups=0 n_accounts=0 year=2020 month=01
syshost=owens database=xalt software=None executables=explicit cpuhours=6842.62 corehours=0 nodehours=12666.5 n_jobs=112 n_users=6 n_groups=0 n_accounts=0 year=2020 month=01
syshost=owens database=xalt software=None executables=hmmsearch cpuhours=6779.17 corehours=0 nodehours=6779.17 n_jobs=5320 n_users=12 n_groups=0 n_accounts=0 year=2020 month=01
syshost=owens database=xalt software=None executables=mpp cpuhours=6584.31 corehours=0 nodehours=235.15 n_jobs=1025 n_users=3 n_groups=0 n_accounts=0 year=2020 month=01
syshost=owens database=xalt software=None executables=jags-terminal cpuhours=6017.73 corehours=0 nodehours=6017.73 n_jobs=117 n_users=1 n_groups=0 n_accounts=0 year=2020 month=01
syshost=owens database=xalt software=None executables=cafemol_TH cpuhours=5844.55 corehours=0 nodehours=5844.55 n_jobs=937 n_users=1 n_groups=0 n_accounts=0 year=2020 month=01
syshost=owens database=xalt software=None executables=samtools cpuhours=5656.54 corehours=0 nodehours=5623.34 n_jobs=10142 n_users=44 n_groups=0 n_accounts=0 year=2020 month=01
syshost=owens database=xalt software=None executables=pvpython cpuhours=5070.25 corehours=0 nodehours=699.63 n_jobs=638 n_users=6 n_groups=0 n_accounts=0 year=2020 month=01
syshost=owens database=xalt software=None executables=curvdns cpuhours=5043.02 corehours=0 nodehours=180.11 n_jobs=48 n_users=1 n_groups=0 n_accounts=0 year=2020 month=01
syshost=owens database=xalt software=None executables=l1002.exe cpuhours=4963.42 corehours=0 nodehours=425.45 n_jobs=25 n_users=8 n_groups=0 n_accounts=0 year=2020 month=01
syshost=owens database=xalt software=None executables=matlab_helper cpuhours=4910.74 corehours=0 nodehours=4910.74 n_jobs=3043 n_users=19 n_groups=0 n_accounts=0 year=2020 month=01
syshost=owens database=xalt software=None executables=Xvnc cpuhours=4899.19 corehours=0 nodehours=6476.01 n_jobs=1059 n_users=137 n_groups=0 n_accounts=0 year=2020 month=01
syshost=owens database=xalt software=None executables=python cpuhours=4390.68 corehours=0 nodehours=23333.95 n_jobs=1041 n_users=32 n_groups=0 n_accounts=0 year=2020 month=01
syshost=owens database=xalt software=None executables=MAXSOLVE_v3p024 cpuhours=4136.57 corehours=0 nodehours=99.68 n_jobs=26 n_users=1 n_groups=0 n_accounts=0 year=2020 month=01
syshost=owens database=xalt software=None executables=ls-dyna_mpp_d_r10_1_123355_x64_redhat54_ifort160_sse2_intelmpi-413 cpuhours=4095.74 corehours=0 nodehours=146.28 n_jobs=26 n_users=3 n_groups=0 n_accounts=0 year=2020 month=01
