syshost=owens database=xalt software=None executables=VASP cpuhours=911511.05 corehours=0 nodehours=32554.56 n_jobs=2606 n_users=21 n_groups=0 n_accounts=0 year=2020 month=05
syshost=owens database=xalt software=None executables=fdl3di.exe cpuhours=424917.38 corehours=0 nodehours=15395.47 n_jobs=62 n_users=2 n_groups=0 n_accounts=0 year=2020 month=05
syshost=owens database=xalt software=None executables=LAMMPS cpuhours=405247.08 corehours=0 nodehours=39604.65 n_jobs=3327 n_users=23 n_groups=0 n_accounts=0 year=2020 month=05
syshost=owens database=xalt software=None executables=wrf.exe cpuhours=289683.57 corehours=0 nodehours=10345.84 n_jobs=1099 n_users=3 n_groups=0 n_accounts=0 year=2020 month=05
syshost=owens database=xalt software=None executables=lt-simulate cpuhours=266526.76 corehours=0 nodehours=266526.76 n_jobs=28294 n_users=4 n_groups=0 n_accounts=0 year=2020 month=05
syshost=owens database=xalt software=None executables=Amber cpuhours=207077.82 corehours=0 nodehours=22424.95 n_jobs=2494 n_users=9 n_groups=0 n_accounts=0 year=2020 month=05
syshost=owens database=xalt software=None executables=QChem cpuhours=173308.36 corehours=0 nodehours=10842.47 n_jobs=6757 n_users=19 n_groups=0 n_accounts=0 year=2020 month=05
syshost=owens database=xalt software=None executables=TSpimpleFoamRobustBlendingFactor-v0.1 cpuhours=117698.22 corehours=0 nodehours=4276.06 n_jobs=18 n_users=2 n_groups=0 n_accounts=0 year=2020 month=05
syshost=owens database=xalt software=None executables=python3.7 cpuhours=106091.46 corehours=0 nodehours=106022.73 n_jobs=75989 n_users=98 n_groups=0 n_accounts=0 year=2020 month=05
syshost=owens database=xalt software=None executables=fim cpuhours=99321.89 corehours=0 nodehours=3572.67 n_jobs=336 n_users=5 n_groups=0 n_accounts=0 year=2020 month=05
syshost=owens database=xalt software=None executables=cp2k.popt cpuhours=94321.39 corehours=0 nodehours=3840.97 n_jobs=1281 n_users=1 n_groups=0 n_accounts=0 year=2020 month=05
syshost=owens database=xalt software=None executables=da_wrfvar.exe cpuhours=91525.08 corehours=0 nodehours=3268.75 n_jobs=3614 n_users=2 n_groups=0 n_accounts=0 year=2020 month=05
syshost=owens database=xalt software=None executables=lsp cpuhours=86673.44 corehours=0 nodehours=3163.76 n_jobs=52 n_users=2 n_groups=0 n_accounts=0 year=2020 month=05
syshost=owens database=xalt software=None executables=R cpuhours=83086.97 corehours=0 nodehours=82410.52 n_jobs=19019 n_users=121 n_groups=0 n_accounts=0 year=2020 month=05
syshost=owens database=xalt software=None executables=simplecFoam cpuhours=66196.27 corehours=0 nodehours=2373.9 n_jobs=44 n_users=3 n_groups=0 n_accounts=0 year=2020 month=05
syshost=owens database=xalt software=None executables=Gaussian cpuhours=51322.12 corehours=0 nodehours=36527.14 n_jobs=19335 n_users=65 n_groups=0 n_accounts=0 year=2020 month=05
syshost=owens database=xalt software=None executables=interDyMFoam cpuhours=43751.08 corehours=0 nodehours=1562.54 n_jobs=7 n_users=1 n_groups=0 n_accounts=0 year=2020 month=05
syshost=owens database=xalt software=None executables=tkestatsclone.exe cpuhours=43229.13 corehours=0 nodehours=1545.07 n_jobs=45 n_users=3 n_groups=0 n_accounts=0 year=2020 month=05
syshost=owens database=xalt software=None executables=simulate cpuhours=36972.89 corehours=0 nodehours=36972.89 n_jobs=4565 n_users=1 n_groups=0 n_accounts=0 year=2020 month=05
syshost=owens database=xalt software=None executables=curvdns cpuhours=28864.7 corehours=0 nodehours=1033.72 n_jobs=185 n_users=2 n_groups=0 n_accounts=0 year=2020 month=05
syshost=owens database=xalt software=None executables=ORCA cpuhours=26010.2 corehours=0 nodehours=2843.38 n_jobs=271 n_users=11 n_groups=0 n_accounts=0 year=2020 month=05
syshost=owens database=xalt software=None executables=mpiexec cpuhours=20969.35 corehours=0 nodehours=21214.86 n_jobs=2188 n_users=10 n_groups=0 n_accounts=0 year=2020 month=05
syshost=owens database=xalt software=None executables=namd2 cpuhours=18840.92 corehours=0 nodehours=8743.74 n_jobs=644 n_users=15 n_groups=0 n_accounts=0 year=2020 month=05
syshost=owens database=xalt software=None executables=execFlowFunctionObjects cpuhours=16438.07 corehours=0 nodehours=593.53 n_jobs=68 n_users=3 n_groups=0 n_accounts=0 year=2020 month=05
syshost=owens database=xalt software=None executables=python3.6 cpuhours=14567.01 corehours=0 nodehours=14634.05 n_jobs=10989 n_users=136 n_groups=0 n_accounts=0 year=2020 month=05
syshost=owens database=xalt software=None executables=python2.7 cpuhours=14222.68 corehours=0 nodehours=12244.34 n_jobs=15946 n_users=187 n_groups=0 n_accounts=0 year=2020 month=05
syshost=owens database=xalt software=None executables=carp cpuhours=11098.59 corehours=0 nodehours=396.38 n_jobs=220 n_users=1 n_groups=0 n_accounts=0 year=2020 month=05
syshost=owens database=xalt software=None executables=cpu_vah cpuhours=10370.85 corehours=0 nodehours=10370.85 n_jobs=3364 n_users=1 n_groups=0 n_accounts=0 year=2020 month=05
syshost=owens database=xalt software=None executables=regcmMPICLM cpuhours=10299.76 corehours=0 nodehours=367.85 n_jobs=37 n_users=1 n_groups=0 n_accounts=0 year=2020 month=05
syshost=owens database=xalt software=None executables=parallel-command-processor cpuhours=9904.74 corehours=0 nodehours=360.92 n_jobs=722 n_users=5 n_groups=0 n_accounts=0 year=2020 month=05
syshost=owens database=xalt software=None executables=blastp cpuhours=9621.66 corehours=0 nodehours=9621.66 n_jobs=3079 n_users=11 n_groups=0 n_accounts=0 year=2020 month=05
syshost=owens database=xalt software=None executables=cpptraj.MPI cpuhours=9282.83 corehours=0 nodehours=331.53 n_jobs=32 n_users=1 n_groups=0 n_accounts=0 year=2020 month=05
syshost=owens database=xalt software=None executables=Xvnc cpuhours=9158.03 corehours=0 nodehours=9294.71 n_jobs=1270 n_users=135 n_groups=0 n_accounts=0 year=2020 month=05
syshost=owens database=xalt software=None executables=TSsnappyHexMesh-v2.0 cpuhours=8196.26 corehours=0 nodehours=473.05 n_jobs=41 n_users=3 n_groups=0 n_accounts=0 year=2020 month=05
syshost=owens database=xalt software=None executables=MATLAB cpuhours=8022.87 corehours=0 nodehours=8084.26 n_jobs=13132 n_users=47 n_groups=0 n_accounts=0 year=2020 month=05
syshost=owens database=xalt software=None executables=julia cpuhours=7541.6 corehours=0 nodehours=7541.6 n_jobs=28139 n_users=6 n_groups=0 n_accounts=0 year=2020 month=05
syshost=owens database=xalt software=None executables=FFT_4D cpuhours=7294.68 corehours=0 nodehours=260.52 n_jobs=10 n_users=1 n_groups=0 n_accounts=0 year=2020 month=05
syshost=owens database=xalt software=None executables=gmx_gpu cpuhours=7155.32 corehours=0 nodehours=7155.32 n_jobs=129 n_users=6 n_groups=0 n_accounts=0 year=2020 month=05
syshost=owens database=xalt software=None executables=samtools cpuhours=6599.66 corehours=0 nodehours=6602.5 n_jobs=5799 n_users=40 n_groups=0 n_accounts=0 year=2020 month=05
syshost=owens database=xalt software=None executables=explicit cpuhours=6320.71 corehours=0 nodehours=7459.85 n_jobs=147 n_users=11 n_groups=0 n_accounts=0 year=2020 month=05
syshost=owens database=xalt software=None executables=pmi_proxy cpuhours=6140.29 corehours=0 nodehours=46557.17 n_jobs=7303 n_users=37 n_groups=0 n_accounts=0 year=2020 month=05
syshost=owens database=xalt software=None executables=l1002.exe cpuhours=5243.82 corehours=0 nodehours=279.02 n_jobs=51 n_users=11 n_groups=0 n_accounts=0 year=2020 month=05
syshost=owens database=xalt software=None executables=perl cpuhours=3627.17 corehours=0 nodehours=3627.95 n_jobs=7041 n_users=59 n_groups=0 n_accounts=0 year=2020 month=05
syshost=owens database=xalt software=None executables=ansys.e cpuhours=3462.06 corehours=0 nodehours=118.9 n_jobs=50 n_users=8 n_groups=0 n_accounts=0 year=2020 month=05
syshost=owens database=xalt software=None executables=python3 cpuhours=3427.1 corehours=0 nodehours=3428.5 n_jobs=398 n_users=22 n_groups=0 n_accounts=0 year=2020 month=05
syshost=owens database=xalt software=None executables=hpcc cpuhours=3391.54 corehours=0 nodehours=121.13 n_jobs=120 n_users=1 n_groups=0 n_accounts=0 year=2020 month=05
syshost=owens database=xalt software=None executables=gamess.01.x cpuhours=3293.76 corehours=0 nodehours=2960.06 n_jobs=241 n_users=5 n_groups=0 n_accounts=0 year=2020 month=05
syshost=owens database=xalt software=None executables=SAMPLER_AFTERBURNER cpuhours=3193.76 corehours=0 nodehours=3193.76 n_jobs=18 n_users=1 n_groups=0 n_accounts=0 year=2020 month=05
syshost=owens database=xalt software=None executables=python cpuhours=3107.86 corehours=0 nodehours=34072.42 n_jobs=681 n_users=34 n_groups=0 n_accounts=0 year=2020 month=05
syshost=owens database=xalt software=None executables=gmx_mpi cpuhours=2463.87 corehours=0 nodehours=112.07 n_jobs=75 n_users=5 n_groups=0 n_accounts=0 year=2020 month=05
