syshost=pitzer database=xalt software=None executables=namd2 cpuhours=1149766.19 corehours=0 nodehours=27978.16 n_jobs=463 n_users=8 n_groups=0 n_accounts=0 year=2021 month=01
syshost=pitzer database=xalt software=None executables=cp2k.popt cpuhours=1059302.83 corehours=0 nodehours=26474.76 n_jobs=876 n_users=6 n_groups=0 n_accounts=0 year=2021 month=01
syshost=pitzer database=xalt software=None executables=VASP cpuhours=506748.0 corehours=0 nodehours=11680.6 n_jobs=3974 n_users=14 n_groups=0 n_accounts=0 year=2021 month=01
syshost=pitzer database=xalt software=None executables=R cpuhours=265892.42 corehours=0 nodehours=27241.25 n_jobs=21199 n_users=78 n_groups=0 n_accounts=0 year=2021 month=01
syshost=pitzer database=xalt software=None executables=fluent_mpi.19.4.0 cpuhours=205441.65 corehours=0 nodehours=337728.36 n_jobs=63 n_users=2 n_groups=0 n_accounts=0 year=2021 month=01
syshost=pitzer database=xalt software=None executables=tkestatsclone.exe cpuhours=203533.58 corehours=0 nodehours=4567.74 n_jobs=42 n_users=4 n_groups=0 n_accounts=0 year=2021 month=01
syshost=pitzer database=xalt software=None executables=pimpleFoam cpuhours=93777.72 corehours=0 nodehours=2344.44 n_jobs=47 n_users=1 n_groups=0 n_accounts=0 year=2021 month=01
syshost=pitzer database=xalt software=None executables=LAMMPS cpuhours=84013.56 corehours=0 nodehours=6938.09 n_jobs=523 n_users=14 n_groups=0 n_accounts=0 year=2021 month=01
syshost=pitzer database=xalt software=None executables=python3.7 cpuhours=79474.37 corehours=0 nodehours=78825.61 n_jobs=30708 n_users=65 n_groups=0 n_accounts=0 year=2021 month=01
syshost=pitzer database=xalt software=None executables=digfilt.exe cpuhours=64825.49 corehours=0 nodehours=1350.53 n_jobs=3 n_users=1 n_groups=0 n_accounts=0 year=2021 month=01
syshost=pitzer database=xalt software=None executables=python3.6 cpuhours=61188.84 corehours=0 nodehours=58141.01 n_jobs=28051 n_users=110 n_groups=0 n_accounts=0 year=2021 month=01
syshost=pitzer database=xalt software=None executables=python2.7 cpuhours=57071.75 corehours=0 nodehours=30957.05 n_jobs=3436 n_users=107 n_groups=0 n_accounts=0 year=2021 month=01
syshost=pitzer database=xalt software=None executables=parallel-command-processor cpuhours=48386.25 corehours=0 nodehours=2477.72 n_jobs=239 n_users=5 n_groups=0 n_accounts=0 year=2021 month=01
syshost=pitzer database=xalt software=None executables=gtexpcube2 cpuhours=29944.31 corehours=0 nodehours=29944.31 n_jobs=32 n_users=1 n_groups=0 n_accounts=0 year=2021 month=01
syshost=pitzer database=xalt software=None executables=hmmsearch cpuhours=29054.86 corehours=0 nodehours=29054.35 n_jobs=1454 n_users=9 n_groups=0 n_accounts=0 year=2021 month=01
syshost=pitzer database=xalt software=None executables=mdrun_mpi cpuhours=23473.18 corehours=0 nodehours=3407.25 n_jobs=57 n_users=1 n_groups=0 n_accounts=0 year=2021 month=01
syshost=pitzer database=xalt software=None executables=comsollauncher cpuhours=20915.0 corehours=0 nodehours=261.44 n_jobs=7 n_users=1 n_groups=0 n_accounts=0 year=2021 month=01
syshost=pitzer database=xalt software=None executables=epoch3d cpuhours=15935.28 corehours=0 nodehours=333.82 n_jobs=39 n_users=1 n_groups=0 n_accounts=0 year=2021 month=01
syshost=pitzer database=xalt software=None executables=perl cpuhours=12654.77 corehours=0 nodehours=12367.16 n_jobs=20889 n_users=18 n_groups=0 n_accounts=0 year=2021 month=01
syshost=pitzer database=xalt software=None executables=3DHELMPAR_DOAK.exe cpuhours=10628.05 corehours=0 nodehours=221.42 n_jobs=1 n_users=1 n_groups=0 n_accounts=0 year=2021 month=01
syshost=pitzer database=xalt software=None executables=python3.8 cpuhours=9480.86 corehours=0 nodehours=9543.98 n_jobs=5040 n_users=30 n_groups=0 n_accounts=0 year=2021 month=01
syshost=pitzer database=xalt software=None executables=QChem cpuhours=9474.63 corehours=0 nodehours=294.45 n_jobs=60 n_users=5 n_groups=0 n_accounts=0 year=2021 month=01
syshost=pitzer database=xalt software=None executables=nek5000 cpuhours=8872.49 corehours=0 nodehours=184.84 n_jobs=1420 n_users=1 n_groups=0 n_accounts=0 year=2021 month=01
syshost=pitzer database=xalt software=None executables=lt-simulate cpuhours=8801.14 corehours=0 nodehours=8801.14 n_jobs=2653 n_users=4 n_groups=0 n_accounts=0 year=2021 month=01
syshost=pitzer database=xalt software=None executables=MOLCAS cpuhours=7661.25 corehours=0 nodehours=7661.25 n_jobs=204 n_users=2 n_groups=0 n_accounts=0 year=2021 month=01
syshost=pitzer database=xalt software=None executables=simplecFoam cpuhours=7637.77 corehours=0 nodehours=159.12 n_jobs=10 n_users=1 n_groups=0 n_accounts=0 year=2021 month=01
syshost=pitzer database=xalt software=None executables=arts cpuhours=7552.54 corehours=0 nodehours=189.52 n_jobs=33 n_users=1 n_groups=0 n_accounts=0 year=2021 month=01
syshost=pitzer database=xalt software=None executables=pw.x cpuhours=7181.86 corehours=0 nodehours=179.6 n_jobs=26 n_users=2 n_groups=0 n_accounts=0 year=2021 month=01
syshost=pitzer database=xalt software=None executables=fim cpuhours=6739.93 corehours=0 nodehours=147.18 n_jobs=22 n_users=1 n_groups=0 n_accounts=0 year=2021 month=01
syshost=pitzer database=xalt software=None executables=isosurface_MATLAB_indices_1_all_configs cpuhours=6060.2 corehours=0 nodehours=6060.2 n_jobs=128 n_users=1 n_groups=0 n_accounts=0 year=2021 month=01
syshost=pitzer database=xalt software=None executables=TSsnappyHexMesh cpuhours=4690.96 corehours=0 nodehours=58.64 n_jobs=11 n_users=1 n_groups=0 n_accounts=0 year=2021 month=01
syshost=pitzer database=xalt software=None executables=execFlowFunctionObjects cpuhours=4584.72 corehours=0 nodehours=95.52 n_jobs=8 n_users=1 n_groups=0 n_accounts=0 year=2021 month=01
syshost=pitzer database=xalt software=None executables=converge-intelmpi cpuhours=4083.17 corehours=0 nodehours=85.07 n_jobs=14 n_users=1 n_groups=0 n_accounts=0 year=2021 month=01
syshost=pitzer database=xalt software=None executables=gamess.impi.x cpuhours=4019.43 corehours=0 nodehours=83.74 n_jobs=9 n_users=1 n_groups=0 n_accounts=0 year=2021 month=01
syshost=pitzer database=xalt software=None executables=myfluka cpuhours=3636.53 corehours=0 nodehours=3636.53 n_jobs=35 n_users=1 n_groups=0 n_accounts=0 year=2021 month=01
syshost=pitzer database=xalt software=None executables=fdl3di.exe cpuhours=3575.91 corehours=0 nodehours=93.95 n_jobs=100 n_users=2 n_groups=0 n_accounts=0 year=2021 month=01
syshost=pitzer database=xalt software=None executables=AraSim cpuhours=3441.65 corehours=0 nodehours=3441.65 n_jobs=1665 n_users=1 n_groups=0 n_accounts=0 year=2021 month=01
syshost=pitzer database=xalt software=None executables=bowtie2-align-s cpuhours=3337.05 corehours=0 nodehours=3177.77 n_jobs=275 n_users=14 n_groups=0 n_accounts=0 year=2021 month=01
syshost=pitzer database=xalt software=None executables=Amber cpuhours=3174.28 corehours=0 nodehours=2866.86 n_jobs=1832 n_users=4 n_groups=0 n_accounts=0 year=2021 month=01
syshost=pitzer database=xalt software=None executables=eagle cpuhours=3009.84 corehours=0 nodehours=3009.84 n_jobs=189 n_users=1 n_groups=0 n_accounts=0 year=2021 month=01
syshost=pitzer database=xalt software=None executables=mmseqs cpuhours=3007.51 corehours=0 nodehours=3007.51 n_jobs=241 n_users=2 n_groups=0 n_accounts=0 year=2021 month=01
syshost=pitzer database=xalt software=None executables=nwchem.mpi cpuhours=2979.51 corehours=0 nodehours=63.88 n_jobs=31 n_users=2 n_groups=0 n_accounts=0 year=2021 month=01
syshost=pitzer database=xalt software=None executables=minimac4 cpuhours=2809.09 corehours=0 nodehours=2809.09 n_jobs=109 n_users=1 n_groups=0 n_accounts=0 year=2021 month=01
syshost=pitzer database=xalt software=None executables=orted cpuhours=2468.77 corehours=0 nodehours=2468.77 n_jobs=165 n_users=7 n_groups=0 n_accounts=0 year=2021 month=01
syshost=pitzer database=xalt software=None executables=gtpsf cpuhours=2391.71 corehours=0 nodehours=2391.71 n_jobs=9 n_users=1 n_groups=0 n_accounts=0 year=2021 month=01
syshost=pitzer database=xalt software=None executables=ensight19.server cpuhours=2360.4 corehours=0 nodehours=2360.4 n_jobs=39 n_users=2 n_groups=0 n_accounts=0 year=2021 month=01
syshost=pitzer database=xalt software=None executables=spades-corrector-core cpuhours=2304.97 corehours=0 nodehours=2304.97 n_jobs=246 n_users=1 n_groups=0 n_accounts=0 year=2021 month=01
syshost=pitzer database=xalt software=None executables=nanopolish cpuhours=2109.46 corehours=0 nodehours=2109.46 n_jobs=312 n_users=1 n_groups=0 n_accounts=0 year=2021 month=01
syshost=pitzer database=xalt software=None executables=Gaussian cpuhours=2004.95 corehours=0 nodehours=1928.0 n_jobs=4492 n_users=10 n_groups=0 n_accounts=0 year=2021 month=01
syshost=pitzer database=xalt software=None executables=full.exe cpuhours=1946.5 corehours=0 nodehours=69.52 n_jobs=79 n_users=1 n_groups=0 n_accounts=0 year=2021 month=01
