syshost=owens database=xalt software=None executables=LAMMPS cpuhours=795177.96 corehours=0 nodehours=31649.98 n_jobs=1223 n_users=17 n_groups=0 n_accounts=0 year=2021 month=02
syshost=owens database=xalt software=None executables=VASP cpuhours=606072.45 corehours=0 nodehours=31322.5 n_jobs=2697 n_users=17 n_groups=0 n_accounts=0 year=2021 month=02
syshost=owens database=xalt software=None executables=Amber cpuhours=243610.04 corehours=0 nodehours=45572.91 n_jobs=5713 n_users=7 n_groups=0 n_accounts=0 year=2021 month=02
syshost=owens database=xalt software=None executables=lsp cpuhours=186517.71 corehours=0 nodehours=6675.7 n_jobs=46 n_users=2 n_groups=0 n_accounts=0 year=2021 month=02
syshost=owens database=xalt software=None executables=QChem cpuhours=147702.32 corehours=0 nodehours=12292.21 n_jobs=7108 n_users=17 n_groups=0 n_accounts=0 year=2021 month=02
syshost=owens database=xalt software=None executables=TSpimpleFoamRobustBlendingFactor-v0.1 cpuhours=107022.48 corehours=0 nodehours=3858.58 n_jobs=26 n_users=1 n_groups=0 n_accounts=0 year=2021 month=02
syshost=owens database=xalt software=None executables=simplecFoam cpuhours=99932.2 corehours=0 nodehours=3590.6 n_jobs=81 n_users=8 n_groups=0 n_accounts=0 year=2021 month=02
syshost=owens database=xalt software=None executables=pf_sim_sp_hpmpi_avx cpuhours=98093.06 corehours=0 nodehours=192240.59 n_jobs=6 n_users=2 n_groups=0 n_accounts=0 year=2021 month=02
syshost=owens database=xalt software=None executables=namd2 cpuhours=87089.52 corehours=0 nodehours=7383.65 n_jobs=885 n_users=6 n_groups=0 n_accounts=0 year=2021 month=02
syshost=owens database=xalt software=None executables=fim cpuhours=86668.15 corehours=0 nodehours=3180.48 n_jobs=399 n_users=1 n_groups=0 n_accounts=0 year=2021 month=02
syshost=owens database=xalt software=None executables=hmmsearch cpuhours=73730.25 corehours=0 nodehours=73727.53 n_jobs=3990 n_users=10 n_groups=0 n_accounts=0 year=2021 month=02
syshost=owens database=xalt software=None executables=R cpuhours=69338.91 corehours=0 nodehours=69097.12 n_jobs=5440 n_users=291 n_groups=0 n_accounts=0 year=2021 month=02
syshost=owens database=xalt software=None executables=s1r cpuhours=64150.12 corehours=0 nodehours=64150.12 n_jobs=16766 n_users=3 n_groups=0 n_accounts=0 year=2021 month=02
syshost=owens database=xalt software=None executables=rmcprofile cpuhours=60471.46 corehours=0 nodehours=2159.7 n_jobs=77 n_users=1 n_groups=0 n_accounts=0 year=2021 month=02
syshost=owens database=xalt software=None executables=ls-dyna_mpp_d_r11_0_0_x64_centos65_ifort160_avx2_intelmpi-413 cpuhours=51783.5 corehours=0 nodehours=1849.58 n_jobs=159 n_users=4 n_groups=0 n_accounts=0 year=2021 month=02
syshost=owens database=xalt software=None executables=wrf.exe cpuhours=44444.4 corehours=0 nodehours=6913.2 n_jobs=237 n_users=4 n_groups=0 n_accounts=0 year=2021 month=02
syshost=owens database=xalt software=None executables=ORCA cpuhours=40311.29 corehours=0 nodehours=3389.35 n_jobs=95 n_users=9 n_groups=0 n_accounts=0 year=2021 month=02
syshost=owens database=xalt software=None executables=samtools cpuhours=38372.57 corehours=0 nodehours=38372.38 n_jobs=5286 n_users=29 n_groups=0 n_accounts=0 year=2021 month=02
syshost=owens database=xalt software=None executables=curvdns cpuhours=36331.48 corehours=0 nodehours=1299.07 n_jobs=408 n_users=2 n_groups=0 n_accounts=0 year=2021 month=02
syshost=owens database=xalt software=None executables=python3.8 cpuhours=35976.21 corehours=0 nodehours=26282.32 n_jobs=17059 n_users=39 n_groups=0 n_accounts=0 year=2021 month=02
syshost=owens database=xalt software=None executables=mpp cpuhours=33116.47 corehours=0 nodehours=1182.73 n_jobs=24836 n_users=1 n_groups=0 n_accounts=0 year=2021 month=02
syshost=owens database=xalt software=None executables=mppdyna cpuhours=28866.59 corehours=0 nodehours=1030.95 n_jobs=175 n_users=1 n_groups=0 n_accounts=0 year=2021 month=02
syshost=owens database=xalt software=None executables=fit.exe cpuhours=25415.33 corehours=0 nodehours=907.69 n_jobs=16 n_users=1 n_groups=0 n_accounts=0 year=2021 month=02
syshost=owens database=xalt software=None executables=ls-dyna_mpp_d_r10_1_123355_x64_redhat54_ifort160_sse2_intelmpi-413 cpuhours=22297.91 corehours=0 nodehours=796.35 n_jobs=42 n_users=2 n_groups=0 n_accounts=0 year=2021 month=02
syshost=owens database=xalt software=None executables=explicit_dp cpuhours=22209.04 corehours=0 nodehours=55527.23 n_jobs=61 n_users=4 n_groups=0 n_accounts=0 year=2021 month=02
syshost=owens database=xalt software=None executables=TSsnappyHexMesh-v2.0 cpuhours=21463.7 corehours=0 nodehours=792.74 n_jobs=76 n_users=8 n_groups=0 n_accounts=0 year=2021 month=02
syshost=owens database=xalt software=None executables=execFlowFunctionObjects cpuhours=19389.19 corehours=0 nodehours=696.15 n_jobs=70 n_users=5 n_groups=0 n_accounts=0 year=2021 month=02
syshost=owens database=xalt software=None executables=python3.7 cpuhours=18412.88 corehours=0 nodehours=18339.21 n_jobs=79724 n_users=69 n_groups=0 n_accounts=0 year=2021 month=02
syshost=owens database=xalt software=None executables=ocean_model cpuhours=11169.89 corehours=0 nodehours=698.12 n_jobs=132 n_users=1 n_groups=0 n_accounts=0 year=2021 month=02
syshost=owens database=xalt software=None executables=Gaussian cpuhours=10972.68 corehours=0 nodehours=9976.64 n_jobs=1550 n_users=43 n_groups=0 n_accounts=0 year=2021 month=02
syshost=owens database=xalt software=None executables=python cpuhours=10748.89 corehours=0 nodehours=14639.29 n_jobs=3158 n_users=29 n_groups=0 n_accounts=0 year=2021 month=02
syshost=owens database=xalt software=None executables=analyser cpuhours=9961.14 corehours=0 nodehours=845.61 n_jobs=79 n_users=1 n_groups=0 n_accounts=0 year=2021 month=02
syshost=owens database=xalt software=None executables=SAMPLER_AFTERBURNER cpuhours=9918.98 corehours=0 nodehours=9918.98 n_jobs=86 n_users=3 n_groups=0 n_accounts=0 year=2021 month=02
syshost=owens database=xalt software=None executables=perl cpuhours=9694.08 corehours=0 nodehours=5938.22 n_jobs=4783 n_users=54 n_groups=0 n_accounts=0 year=2021 month=02
syshost=owens database=xalt software=None executables=python3.6 cpuhours=9544.45 corehours=0 nodehours=9396.71 n_jobs=15949 n_users=137 n_groups=0 n_accounts=0 year=2021 month=02
syshost=owens database=xalt software=None executables=orted cpuhours=9026.42 corehours=0 nodehours=9026.48 n_jobs=415 n_users=16 n_groups=0 n_accounts=0 year=2021 month=02
syshost=owens database=xalt software=None executables=gmx cpuhours=7750.66 corehours=0 nodehours=7750.82 n_jobs=460 n_users=11 n_groups=0 n_accounts=0 year=2021 month=02
syshost=owens database=xalt software=None executables=fluent_mpi.20.1.0 cpuhours=6278.85 corehours=0 nodehours=12219.04 n_jobs=95 n_users=4 n_groups=0 n_accounts=0 year=2021 month=02
syshost=owens database=xalt software=None executables=meep cpuhours=5986.91 corehours=0 nodehours=213.83 n_jobs=116 n_users=2 n_groups=0 n_accounts=0 year=2021 month=02
syshost=owens database=xalt software=None executables=SRG_3D cpuhours=5924.97 corehours=0 nodehours=493.75 n_jobs=38 n_users=1 n_groups=0 n_accounts=0 year=2021 month=02
syshost=owens database=xalt software=None executables=explicit cpuhours=5639.02 corehours=0 nodehours=6513.84 n_jobs=64 n_users=7 n_groups=0 n_accounts=0 year=2021 month=02
syshost=owens database=xalt software=None executables=lt-simulate cpuhours=5562.29 corehours=0 nodehours=5562.29 n_jobs=14218 n_users=3 n_groups=0 n_accounts=0 year=2021 month=02
syshost=owens database=xalt software=None executables=diamond cpuhours=5389.29 corehours=0 nodehours=5389.29 n_jobs=4580 n_users=4 n_groups=0 n_accounts=0 year=2021 month=02
syshost=owens database=xalt software=None executables=pw.x cpuhours=5316.14 corehours=0 nodehours=190.83 n_jobs=50 n_users=4 n_groups=0 n_accounts=0 year=2021 month=02
syshost=owens database=xalt software=None executables=python3 cpuhours=4547.96 corehours=0 nodehours=4620.64 n_jobs=313 n_users=28 n_groups=0 n_accounts=0 year=2021 month=02
syshost=owens database=xalt software=None executables=da_wrfvar.exe cpuhours=4411.21 corehours=0 nodehours=1575.43 n_jobs=134 n_users=1 n_groups=0 n_accounts=0 year=2021 month=02
syshost=owens database=xalt software=None executables=java cpuhours=4369.6 corehours=0 nodehours=4342.51 n_jobs=1765 n_users=20 n_groups=0 n_accounts=0 year=2021 month=02
syshost=owens database=xalt software=None executables=ansys.e cpuhours=4172.65 corehours=0 nodehours=158.43 n_jobs=97 n_users=4 n_groups=0 n_accounts=0 year=2021 month=02
syshost=owens database=xalt software=None executables=interp_cylin_to_cart cpuhours=3931.71 corehours=0 nodehours=140.42 n_jobs=29 n_users=1 n_groups=0 n_accounts=0 year=2021 month=02
syshost=owens database=xalt software=None executables=python2.7 cpuhours=3868.65 corehours=0 nodehours=9825.04 n_jobs=11776 n_users=279 n_groups=0 n_accounts=0 year=2021 month=02
