syshost=owens database=xalt software=None executables=VASP cpuhours=545686.66 corehours=0 nodehours=19903.53 n_jobs=2449 n_users=21 n_groups=0 n_accounts=0 year=2021 month=01
syshost=owens database=xalt software=None executables=curvdns cpuhours=173413.75 corehours=0 nodehours=6193.35 n_jobs=241 n_users=2 n_groups=0 n_accounts=0 year=2021 month=01
syshost=owens database=xalt software=None executables=QChem cpuhours=120903.79 corehours=0 nodehours=16858.06 n_jobs=11051 n_users=13 n_groups=0 n_accounts=0 year=2021 month=01
syshost=owens database=xalt software=None executables=fdl3di.exe cpuhours=114911.88 corehours=0 nodehours=4104.0 n_jobs=98 n_users=1 n_groups=0 n_accounts=0 year=2021 month=01
syshost=owens database=xalt software=None executables=pf_sim_sp_hpmpi_avx cpuhours=94219.32 corehours=0 nodehours=184754.76 n_jobs=4 n_users=1 n_groups=0 n_accounts=0 year=2021 month=01
syshost=owens database=xalt software=None executables=lsp cpuhours=82038.98 corehours=0 nodehours=3004.86 n_jobs=88 n_users=5 n_groups=0 n_accounts=0 year=2021 month=01
syshost=owens database=xalt software=None executables=TSpimpleFoamRobustBlendingFactor-v0.1 cpuhours=71826.27 corehours=0 nodehours=2618.67 n_jobs=15 n_users=1 n_groups=0 n_accounts=0 year=2021 month=01
syshost=owens database=xalt software=None executables=namd2 cpuhours=71813.03 corehours=0 nodehours=3233.53 n_jobs=159 n_users=8 n_groups=0 n_accounts=0 year=2021 month=01
syshost=owens database=xalt software=None executables=simplecFoam cpuhours=68567.3 corehours=0 nodehours=2464.74 n_jobs=51 n_users=4 n_groups=0 n_accounts=0 year=2021 month=01
syshost=owens database=xalt software=None executables=isosurface_MATLAB_indices_1_all_configs cpuhours=62932.58 corehours=0 nodehours=62932.58 n_jobs=1067 n_users=1 n_groups=0 n_accounts=0 year=2021 month=01
syshost=owens database=xalt software=None executables=explicit_dp cpuhours=58941.67 corehours=0 nodehours=143270.43 n_jobs=120 n_users=3 n_groups=0 n_accounts=0 year=2021 month=01
syshost=owens database=xalt software=None executables=gmx cpuhours=54529.07 corehours=0 nodehours=54529.31 n_jobs=3334 n_users=7 n_groups=0 n_accounts=0 year=2021 month=01
syshost=owens database=xalt software=None executables=fluent_mpi.20.1.0 cpuhours=40028.24 corehours=0 nodehours=72128.63 n_jobs=71 n_users=2 n_groups=0 n_accounts=0 year=2021 month=01
syshost=owens database=xalt software=None executables=python3.6 cpuhours=37130.96 corehours=0 nodehours=37102.03 n_jobs=13030 n_users=132 n_groups=0 n_accounts=0 year=2021 month=01
syshost=owens database=xalt software=None executables=Amber cpuhours=34980.22 corehours=0 nodehours=32729.09 n_jobs=4349 n_users=6 n_groups=0 n_accounts=0 year=2021 month=01
syshost=owens database=xalt software=None executables=fim cpuhours=33030.47 corehours=0 nodehours=1212.13 n_jobs=171 n_users=3 n_groups=0 n_accounts=0 year=2021 month=01
syshost=owens database=xalt software=None executables=mppdyna cpuhours=29224.58 corehours=0 nodehours=1043.74 n_jobs=49 n_users=1 n_groups=0 n_accounts=0 year=2021 month=01
syshost=owens database=xalt software=None executables=LAMMPS cpuhours=29114.25 corehours=0 nodehours=6039.61 n_jobs=1058 n_users=18 n_groups=0 n_accounts=0 year=2021 month=01
syshost=owens database=xalt software=None executables=ls-dyna_mpp_d_r11_0_0_x64_centos65_ifort160_avx2_intelmpi-413 cpuhours=25153.65 corehours=0 nodehours=898.41 n_jobs=95 n_users=3 n_groups=0 n_accounts=0 year=2021 month=01
syshost=owens database=xalt software=None executables=hmmsearch cpuhours=23765.95 corehours=0 nodehours=23765.95 n_jobs=2233 n_users=9 n_groups=0 n_accounts=0 year=2021 month=01
syshost=owens database=xalt software=None executables=ORCA cpuhours=23423.72 corehours=0 nodehours=7195.39 n_jobs=109 n_users=6 n_groups=0 n_accounts=0 year=2021 month=01
syshost=owens database=xalt software=None executables=perl cpuhours=20560.9 corehours=0 nodehours=9000.54 n_jobs=12081 n_users=42 n_groups=0 n_accounts=0 year=2021 month=01
syshost=owens database=xalt software=None executables=ls-dyna_mpp_d_r10_1_123355_x64_redhat54_ifort160_sse2_intelmpi-413 cpuhours=19524.61 corehours=0 nodehours=697.8 n_jobs=88 n_users=3 n_groups=0 n_accounts=0 year=2021 month=01
syshost=owens database=xalt software=None executables=cp2k.popt cpuhours=18791.57 corehours=0 nodehours=707.79 n_jobs=74 n_users=2 n_groups=0 n_accounts=0 year=2021 month=01
syshost=owens database=xalt software=None executables=lsdyna cpuhours=17689.27 corehours=0 nodehours=633.47 n_jobs=26 n_users=1 n_groups=0 n_accounts=0 year=2021 month=01
syshost=owens database=xalt software=None executables=SAMPLER_AFTERBURNER cpuhours=16326.9 corehours=0 nodehours=16326.9 n_jobs=167 n_users=3 n_groups=0 n_accounts=0 year=2021 month=01
syshost=owens database=xalt software=None executables=python3.8 cpuhours=16102.62 corehours=0 nodehours=11569.14 n_jobs=9009 n_users=28 n_groups=0 n_accounts=0 year=2021 month=01
syshost=owens database=xalt software=None executables=fit.exe cpuhours=15852.09 corehours=0 nodehours=566.15 n_jobs=38 n_users=1 n_groups=0 n_accounts=0 year=2021 month=01
syshost=owens database=xalt software=None executables=python3.7 cpuhours=15368.98 corehours=0 nodehours=15274.03 n_jobs=41660 n_users=78 n_groups=0 n_accounts=0 year=2021 month=01
syshost=owens database=xalt software=None executables=SRG_3D cpuhours=13528.0 corehours=0 nodehours=1174.6 n_jobs=141 n_users=1 n_groups=0 n_accounts=0 year=2021 month=01
syshost=owens database=xalt software=None executables=TSsnappyHexMesh-v2.0 cpuhours=13376.79 corehours=0 nodehours=906.61 n_jobs=43 n_users=3 n_groups=0 n_accounts=0 year=2021 month=01
syshost=owens database=xalt software=None executables=mpp cpuhours=12185.98 corehours=0 nodehours=435.21 n_jobs=8643 n_users=1 n_groups=0 n_accounts=0 year=2021 month=01
syshost=owens database=xalt software=None executables=R cpuhours=11529.54 corehours=0 nodehours=11558.2 n_jobs=12083 n_users=361 n_groups=0 n_accounts=0 year=2021 month=01
syshost=owens database=xalt software=None executables=Gaussian cpuhours=8362.1 corehours=0 nodehours=7183.3 n_jobs=1426 n_users=36 n_groups=0 n_accounts=0 year=2021 month=01
syshost=owens database=xalt software=None executables=execFlowFunctionObjects cpuhours=7274.47 corehours=0 nodehours=262.48 n_jobs=52 n_users=3 n_groups=0 n_accounts=0 year=2021 month=01
syshost=owens database=xalt software=None executables=orted cpuhours=7041.78 corehours=0 nodehours=7041.78 n_jobs=321 n_users=11 n_groups=0 n_accounts=0 year=2021 month=01
syshost=owens database=xalt software=None executables=python cpuhours=6999.91 corehours=0 nodehours=19429.83 n_jobs=1585 n_users=23 n_groups=0 n_accounts=0 year=2021 month=01
syshost=owens database=xalt software=None executables=pw.x cpuhours=5577.65 corehours=0 nodehours=220.52 n_jobs=76 n_users=6 n_groups=0 n_accounts=0 year=2021 month=01
syshost=owens database=xalt software=None executables=augustus cpuhours=5039.02 corehours=0 nodehours=5039.02 n_jobs=150 n_users=4 n_groups=0 n_accounts=0 year=2021 month=01
syshost=owens database=xalt software=None executables=rmcprofile cpuhours=4906.31 corehours=0 nodehours=207.61 n_jobs=46 n_users=1 n_groups=0 n_accounts=0 year=2021 month=01
syshost=owens database=xalt software=None executables=FFT_4D cpuhours=4666.46 corehours=0 nodehours=166.66 n_jobs=32 n_users=1 n_groups=0 n_accounts=0 year=2021 month=01
syshost=owens database=xalt software=None executables=python3 cpuhours=4315.18 corehours=0 nodehours=4240.23 n_jobs=768 n_users=13 n_groups=0 n_accounts=0 year=2021 month=01
syshost=owens database=xalt software=None executables=pmi_proxy cpuhours=3958.46 corehours=0 nodehours=5862.79 n_jobs=298 n_users=14 n_groups=0 n_accounts=0 year=2021 month=01
syshost=owens database=xalt software=None executables=explicit cpuhours=3853.9 corehours=0 nodehours=9024.65 n_jobs=35 n_users=6 n_groups=0 n_accounts=0 year=2021 month=01
syshost=owens database=xalt software=None executables=TSsnappyHexMesh cpuhours=3639.23 corehours=0 nodehours=132.68 n_jobs=13 n_users=1 n_groups=0 n_accounts=0 year=2021 month=01
syshost=owens database=xalt software=None executables=lt-simulate cpuhours=3480.33 corehours=0 nodehours=3480.33 n_jobs=1535 n_users=4 n_groups=0 n_accounts=0 year=2021 month=01
syshost=owens database=xalt software=None executables=eliT_DriverLM cpuhours=3465.02 corehours=0 nodehours=9644.14 n_jobs=1272 n_users=19 n_groups=0 n_accounts=0 year=2021 month=01
syshost=owens database=xalt software=None executables=cygnssE2ES cpuhours=3187.12 corehours=0 nodehours=127.48 n_jobs=24 n_users=1 n_groups=0 n_accounts=0 year=2021 month=01
syshost=owens database=xalt software=None executables=MATLAB cpuhours=2986.78 corehours=0 nodehours=3286.59 n_jobs=4622 n_users=50 n_groups=0 n_accounts=0 year=2021 month=01
syshost=owens database=xalt software=None executables=blastx cpuhours=2970.63 corehours=0 nodehours=177.2 n_jobs=37 n_users=5 n_groups=0 n_accounts=0 year=2021 month=01
