syshost=pitzer database=xalt software=None executables=namd2 cpuhours=1280879.96 corehours=0 nodehours=31449.09 n_jobs=445 n_users=7 n_groups=0 n_accounts=0 year=2021 month=02
syshost=pitzer database=xalt software=None executables=LAMMPS cpuhours=763272.88 corehours=0 nodehours=27581.68 n_jobs=2615 n_users=10 n_groups=0 n_accounts=0 year=2021 month=02
syshost=pitzer database=xalt software=None executables=tkestatsclone.exe cpuhours=758076.48 corehours=0 nodehours=15950.42 n_jobs=133 n_users=4 n_groups=0 n_accounts=0 year=2021 month=02
syshost=pitzer database=xalt software=None executables=cp2k.popt cpuhours=713759.34 corehours=0 nodehours=17843.98 n_jobs=489 n_users=5 n_groups=0 n_accounts=0 year=2021 month=02
syshost=pitzer database=xalt software=None executables=VASP cpuhours=692048.42 corehours=0 nodehours=17812.85 n_jobs=3798 n_users=17 n_groups=0 n_accounts=0 year=2021 month=02
syshost=pitzer database=xalt software=None executables=fluent_mpi.19.4.0 cpuhours=519860.02 corehours=0 nodehours=897130.84 n_jobs=129 n_users=1 n_groups=0 n_accounts=0 year=2021 month=02
syshost=pitzer database=xalt software=None executables=parallel-command-processor cpuhours=122128.85 corehours=0 nodehours=5770.44 n_jobs=554 n_users=5 n_groups=0 n_accounts=0 year=2021 month=02
syshost=pitzer database=xalt software=None executables=python3.6 cpuhours=114412.2 corehours=0 nodehours=68216.02 n_jobs=20926 n_users=146 n_groups=0 n_accounts=0 year=2021 month=02
syshost=pitzer database=xalt software=None executables=triflow_df.exe cpuhours=72216.98 corehours=0 nodehours=1504.52 n_jobs=8 n_users=1 n_groups=0 n_accounts=0 year=2021 month=02
syshost=pitzer database=xalt software=None executables=python2.7 cpuhours=58831.35 corehours=0 nodehours=35676.48 n_jobs=11651 n_users=144 n_groups=0 n_accounts=0 year=2021 month=02
syshost=pitzer database=xalt software=None executables=R cpuhours=51890.68 corehours=0 nodehours=51625.16 n_jobs=11758 n_users=97 n_groups=0 n_accounts=0 year=2021 month=02
syshost=pitzer database=xalt software=None executables=Amber cpuhours=51585.79 corehours=0 nodehours=18421.64 n_jobs=9385 n_users=7 n_groups=0 n_accounts=0 year=2021 month=02
syshost=pitzer database=xalt software=None executables=python3.7 cpuhours=35047.81 corehours=0 nodehours=17930.65 n_jobs=42272 n_users=92 n_groups=0 n_accounts=0 year=2021 month=02
syshost=pitzer database=xalt software=None executables=lt-simulate cpuhours=35043.89 corehours=0 nodehours=35043.89 n_jobs=34867 n_users=5 n_groups=0 n_accounts=0 year=2021 month=02
syshost=pitzer database=xalt software=None executables=comsollauncher cpuhours=31700.26 corehours=0 nodehours=396.25 n_jobs=11 n_users=1 n_groups=0 n_accounts=0 year=2021 month=02
syshost=pitzer database=xalt software=None executables=ph.x cpuhours=29398.61 corehours=0 nodehours=734.97 n_jobs=15 n_users=1 n_groups=0 n_accounts=0 year=2021 month=02
syshost=pitzer database=xalt software=None executables=mdrun_mpi cpuhours=26813.21 corehours=0 nodehours=4310.14 n_jobs=120 n_users=2 n_groups=0 n_accounts=0 year=2021 month=02
syshost=pitzer database=xalt software=None executables=interFoam cpuhours=23297.82 corehours=0 nodehours=582.45 n_jobs=89 n_users=1 n_groups=0 n_accounts=0 year=2021 month=02
syshost=pitzer database=xalt software=None executables=3DHELMPAR_DOAK.exe cpuhours=18925.92 corehours=0 nodehours=401.64 n_jobs=9 n_users=3 n_groups=0 n_accounts=0 year=2021 month=02
syshost=pitzer database=xalt software=None executables=perl cpuhours=14749.89 corehours=0 nodehours=14700.17 n_jobs=12170 n_users=22 n_groups=0 n_accounts=0 year=2021 month=02
syshost=pitzer database=xalt software=None executables=trial cpuhours=14226.73 corehours=0 nodehours=446.85 n_jobs=171 n_users=1 n_groups=0 n_accounts=0 year=2021 month=02
syshost=pitzer database=xalt software=None executables=hmmsearch cpuhours=14159.31 corehours=0 nodehours=14159.31 n_jobs=11801 n_users=11 n_groups=0 n_accounts=0 year=2021 month=02
syshost=pitzer database=xalt software=None executables=TSpimpleFoamRobustBlendingFactor-v0.1 cpuhours=11832.74 corehours=0 nodehours=246.52 n_jobs=3 n_users=1 n_groups=0 n_accounts=0 year=2021 month=02
syshost=pitzer database=xalt software=None executables=mpp cpuhours=11337.78 corehours=0 nodehours=236.2 n_jobs=2311 n_users=4 n_groups=0 n_accounts=0 year=2021 month=02
syshost=pitzer database=xalt software=None executables=epoch3d cpuhours=10311.04 corehours=0 nodehours=215.01 n_jobs=44 n_users=1 n_groups=0 n_accounts=0 year=2021 month=02
syshost=pitzer database=xalt software=None executables=tapsim cpuhours=8438.51 corehours=0 nodehours=421.93 n_jobs=19 n_users=1 n_groups=0 n_accounts=0 year=2021 month=02
syshost=pitzer database=xalt software=None executables=epoch2d cpuhours=6987.5 corehours=0 nodehours=181.22 n_jobs=33 n_users=1 n_groups=0 n_accounts=0 year=2021 month=02
syshost=pitzer database=xalt software=None executables=mix cpuhours=6864.67 corehours=0 nodehours=6864.67 n_jobs=3329 n_users=1 n_groups=0 n_accounts=0 year=2021 month=02
syshost=pitzer database=xalt software=None executables=converge-intelmpi cpuhours=6463.24 corehours=0 nodehours=134.65 n_jobs=3 n_users=1 n_groups=0 n_accounts=0 year=2021 month=02
syshost=pitzer database=xalt software=None executables=ensight19.server cpuhours=6424.94 corehours=0 nodehours=6424.94 n_jobs=80 n_users=1 n_groups=0 n_accounts=0 year=2021 month=02
syshost=pitzer database=xalt software=None executables=evp cpuhours=6095.46 corehours=0 nodehours=190.48 n_jobs=110 n_users=2 n_groups=0 n_accounts=0 year=2021 month=02
syshost=pitzer database=xalt software=None executables=padcswan cpuhours=5823.32 corehours=0 nodehours=145.58 n_jobs=10 n_users=1 n_groups=0 n_accounts=0 year=2021 month=02
syshost=pitzer database=xalt software=None executables=QChem cpuhours=5475.21 corehours=0 nodehours=241.51 n_jobs=871 n_users=5 n_groups=0 n_accounts=0 year=2021 month=02
syshost=pitzer database=xalt software=None executables=python3.8 cpuhours=5058.87 corehours=0 nodehours=4321.29 n_jobs=6195 n_users=44 n_groups=0 n_accounts=0 year=2021 month=02
syshost=pitzer database=xalt software=None executables=pw.x cpuhours=4853.51 corehours=0 nodehours=121.46 n_jobs=37 n_users=5 n_groups=0 n_accounts=0 year=2021 month=02
syshost=pitzer database=xalt software=None executables=MOLCAS cpuhours=4784.76 corehours=0 nodehours=4784.76 n_jobs=225 n_users=2 n_groups=0 n_accounts=0 year=2021 month=02
syshost=pitzer database=xalt software=None executables=bowtie2-align-s cpuhours=4426.17 corehours=0 nodehours=8583.24 n_jobs=1358 n_users=16 n_groups=0 n_accounts=0 year=2021 month=02
syshost=pitzer database=xalt software=None executables=fluent_mpi.20.1.0 cpuhours=4349.26 corehours=0 nodehours=4349.26 n_jobs=46 n_users=1 n_groups=0 n_accounts=0 year=2021 month=02
syshost=pitzer database=xalt software=None executables=siesta cpuhours=3973.77 corehours=0 nodehours=99.34 n_jobs=8 n_users=1 n_groups=0 n_accounts=0 year=2021 month=02
syshost=pitzer database=xalt software=None executables=Gaussian cpuhours=3518.93 corehours=0 nodehours=3459.68 n_jobs=2783 n_users=24 n_groups=0 n_accounts=0 year=2021 month=02
syshost=pitzer database=xalt software=None executables=simplecFoam cpuhours=3419.34 corehours=0 nodehours=71.24 n_jobs=1 n_users=1 n_groups=0 n_accounts=0 year=2021 month=02
syshost=pitzer database=xalt software=None executables=pturbo.x cpuhours=3244.33 corehours=0 nodehours=811.08 n_jobs=42 n_users=1 n_groups=0 n_accounts=0 year=2021 month=02
syshost=pitzer database=xalt software=None executables=execFlowFunctionObjects cpuhours=3105.07 corehours=0 nodehours=73.11 n_jobs=9 n_users=1 n_groups=0 n_accounts=0 year=2021 month=02
syshost=pitzer database=xalt software=None executables=samtools cpuhours=2975.19 corehours=0 nodehours=7205.78 n_jobs=4242 n_users=31 n_groups=0 n_accounts=0 year=2021 month=02
syshost=pitzer database=xalt software=None executables=ceishell cpuhours=2814.88 corehours=0 nodehours=2814.88 n_jobs=79 n_users=1 n_groups=0 n_accounts=0 year=2021 month=02
syshost=pitzer database=xalt software=None executables=nek5000 cpuhours=2705.09 corehours=0 nodehours=56.36 n_jobs=3599 n_users=1 n_groups=0 n_accounts=0 year=2021 month=02
syshost=pitzer database=xalt software=None executables=gmx_gpu cpuhours=2402.07 corehours=0 nodehours=2402.62 n_jobs=680 n_users=4 n_groups=0 n_accounts=0 year=2021 month=02
syshost=pitzer database=xalt software=None executables=garffield_pitzer cpuhours=2221.37 corehours=0 nodehours=706.38 n_jobs=60 n_users=1 n_groups=0 n_accounts=0 year=2021 month=02
syshost=pitzer database=xalt software=None executables=prodigal cpuhours=2165.51 corehours=0 nodehours=2149.37 n_jobs=12824 n_users=8 n_groups=0 n_accounts=0 year=2021 month=02
syshost=pitzer database=xalt software=None executables=orted cpuhours=1989.27 corehours=0 nodehours=1989.27 n_jobs=461 n_users=6 n_groups=0 n_accounts=0 year=2021 month=02
