syshost=owens database=pbsacct year=2017 month=10 software=foam executables=None cpuhours=1467051.63 corehours=161081.30 nodehours=52400.37 n_jobs=569 n_users=7 n_groups=6 n_accounts=6 
syshost=owens database=pbsacct year=2017 month=10 software=lammps executables=None cpuhours=1319059.56 corehours=1225626.41 nodehours=50430.61 n_jobs=3536 n_users=26 n_groups=14 n_accounts=13 
syshost=owens database=pbsacct year=2017 month=10 software=namd executables=None cpuhours=1159717.47 corehours=1157395.92 nodehours=41418.61 n_jobs=1393 n_users=8 n_groups=6 n_accounts=7 
syshost=owens database=pbsacct year=2017 month=10 software=a_out executables=None cpuhours=887857.85 corehours=881524.31 nodehours=34114.87 n_jobs=760 n_users=13 n_groups=8 n_accounts=8 
syshost=owens database=pbsacct year=2017 month=10 software=cfl3d executables=None cpuhours=823780.80 corehours=796632.11 nodehours=29420.74 n_jobs=144 n_users=1 n_groups=1 n_accounts=2 
syshost=owens database=pbsacct year=2017 month=10 software=tapsim executables=None cpuhours=705527.11 corehours=703476.37 nodehours=26156.60 n_jobs=57 n_users=1 n_groups=1 n_accounts=1 
syshost=owens database=pbsacct year=2017 month=10 software=vasp executables=None cpuhours=690304.60 corehours=684812.98 nodehours=25412.75 n_jobs=8281 n_users=20 n_groups=9 n_accounts=10 
syshost=owens database=pbsacct year=2017 month=10 software=python executables=None cpuhours=645880.11 corehours=196913.22 nodehours=33134.89 n_jobs=17982 n_users=82 n_groups=47 n_accounts=46 
syshost=owens database=pbsacct year=2017 month=10 software=adf executables=None cpuhours=449390.54 corehours=421605.23 nodehours=48799.44 n_jobs=10734 n_users=13 n_groups=13 n_accounts=13 
syshost=owens database=pbsacct year=2017 month=10 software=multturb executables=None cpuhours=430165.49 corehours=411329.31 nodehours=109152.85 n_jobs=3750 n_users=1 n_groups=1 n_accounts=2 
syshost=owens database=pbsacct year=2017 month=10 software=FDTDxx executables=None cpuhours=383918.63 corehours=340394.87 nodehours=13711.38 n_jobs=113 n_users=1 n_groups=1 n_accounts=1 
syshost=owens database=pbsacct year=2017 month=10 software=matlab executables=None cpuhours=323462.20 corehours=75232.47 nodehours=14572.55 n_jobs=7594 n_users=36 n_groups=29 n_accounts=30 
syshost=owens database=pbsacct year=2017 month=10 software=lsp executables=None cpuhours=287373.52 corehours=283440.87 nodehours=10279.38 n_jobs=200 n_users=3 n_groups=1 n_accounts=2 
syshost=owens database=pbsacct year=2017 month=10 software=molcas executables=None cpuhours=281005.95 corehours=154081.76 nodehours=48795.67 n_jobs=4001 n_users=5 n_groups=2 n_accounts=2 
syshost=owens database=pbsacct year=2017 month=10 software=gaussian executables=None cpuhours=267820.09 corehours=257817.74 nodehours=15058.91 n_jobs=1766 n_users=21 n_groups=13 n_accounts=14 
syshost=owens database=pbsacct year=2017 month=10 software=raspa executables=None cpuhours=262709.91 corehours=251942.21 nodehours=172800.96 n_jobs=5660 n_users=5 n_groups=1 n_accounts=1 
syshost=owens database=pbsacct year=2017 month=10 software=yt executables=None cpuhours=201721.21 corehours=105575.45 nodehours=7895.54 n_jobs=395 n_users=44 n_groups=21 n_accounts=21 
syshost=owens database=pbsacct year=2017 month=10 software=ncl executables=None cpuhours=198828.95 corehours=198340.91 nodehours=7348.19 n_jobs=268 n_users=6 n_groups=6 n_accounts=6 
syshost=owens database=pbsacct year=2017 month=10 software=amber executables=None cpuhours=197750.57 corehours=180078.08 nodehours=7227.47 n_jobs=303 n_users=4 n_groups=4 n_accounts=4 
syshost=owens database=pbsacct year=2017 month=10 software=res executables=None cpuhours=191732.23 corehours=38168.60 nodehours=6607.99 n_jobs=1922 n_users=13 n_groups=12 n_accounts=11 
syshost=owens database=pbsacct year=2017 month=10 software=abaqus executables=None cpuhours=163700.95 corehours=46922.98 nodehours=5742.57 n_jobs=151 n_users=10 n_groups=8 n_accounts=7 
syshost=owens database=pbsacct year=2017 month=10 software=lmf executables=None cpuhours=151006.78 corehours=150547.79 nodehours=5393.29 n_jobs=363 n_users=1 n_groups=1 n_accounts=2 
syshost=owens database=pbsacct year=2017 month=10 software=starccm executables=None cpuhours=122755.58 corehours=106008.99 nodehours=4407.21 n_jobs=706 n_users=8 n_groups=4 n_accounts=4 
syshost=owens database=pbsacct year=2017 month=10 software=qchem executables=None cpuhours=115183.17 corehours=47737.29 nodehours=9559.81 n_jobs=2833 n_users=8 n_groups=3 n_accounts=3 
syshost=owens database=pbsacct year=2017 month=10 software=rosetta executables=None cpuhours=93108.49 corehours=92287.70 nodehours=90054.22 n_jobs=12678 n_users=3 n_groups=1 n_accounts=1 
syshost=owens database=pbsacct year=2017 month=10 software=awm executables=None cpuhours=92209.13 corehours=91320.49 nodehours=91881.63 n_jobs=14201 n_users=3 n_groups=3 n_accounts=3 
syshost=owens database=pbsacct year=2017 month=10 software=phase executables=None cpuhours=90654.28 corehours=22662.09 nodehours=22663.57 n_jobs=306 n_users=1 n_groups=1 n_accounts=1 
syshost=owens database=pbsacct year=2017 month=10 software=gyro executables=None cpuhours=88099.65 corehours=87359.42 nodehours=3175.81 n_jobs=81 n_users=1 n_groups=1 n_accounts=1 
syshost=owens database=pbsacct year=2017 month=10 software=hmc executables=None cpuhours=80942.21 corehours=3009.89 nodehours=2890.79 n_jobs=238 n_users=1 n_groups=1 n_accounts=1 
syshost=owens database=pbsacct year=2017 month=10 software=gromacs executables=None cpuhours=80410.00 corehours=79518.55 nodehours=3607.26 n_jobs=430 n_users=33 n_groups=9 n_accounts=8 
syshost=owens database=pbsacct year=2017 month=10 software=bowtie executables=None cpuhours=71914.73 corehours=27077.36 nodehours=2750.99 n_jobs=1406 n_users=16 n_groups=12 n_accounts=12 
syshost=owens database=pbsacct year=2017 month=10 software=vnc executables=None cpuhours=54632.05 corehours=6090.32 nodehours=1935.58 n_jobs=528 n_users=53 n_groups=35 n_accounts=36 
syshost=owens database=pbsacct year=2017 month=10 software=firefly executables=None cpuhours=47166.60 corehours=11456.16 nodehours=9399.44 n_jobs=1638 n_users=3 n_groups=1 n_accounts=1 
syshost=owens database=pbsacct year=2017 month=10 software=R executables=None cpuhours=35752.60 corehours=10608.12 nodehours=2272.42 n_jobs=413 n_users=18 n_groups=16 n_accounts=17 
syshost=owens database=pbsacct year=2017 month=10 software=cp2k executables=None cpuhours=35714.90 corehours=35203.88 nodehours=1275.53 n_jobs=13 n_users=1 n_groups=1 n_accounts=1 
syshost=owens database=pbsacct year=2017 month=10 software=overlap executables=None cpuhours=23503.31 corehours=21451.82 nodehours=5893.76 n_jobs=7712 n_users=6 n_groups=6 n_accounts=6 
syshost=owens database=pbsacct year=2017 month=10 software=lsdyna executables=None cpuhours=22920.20 corehours=22778.01 nodehours=996.11 n_jobs=51 n_users=3 n_groups=2 n_accounts=2 
syshost=owens database=pbsacct year=2017 month=10 software=GEOsynchronous executables=None cpuhours=21090.94 corehours=19331.87 nodehours=21090.94 n_jobs=3923 n_users=1 n_groups=1 n_accounts=1 
syshost=owens database=pbsacct year=2017 month=10 software=Rstudio executables=None cpuhours=17832.16 corehours=2829.54 nodehours=631.60 n_jobs=178 n_users=22 n_groups=16 n_accounts=16 
syshost=owens database=pbsacct year=2017 month=10 software=drone executables=None cpuhours=17574.08 corehours=17089.47 nodehours=629.37 n_jobs=39 n_users=2 n_groups=1 n_accounts=1 
syshost=owens database=pbsacct year=2017 month=10 software=cam executables=None cpuhours=16366.55 corehours=966.64 nodehours=589.10 n_jobs=182 n_users=5 n_groups=5 n_accounts=5 
syshost=owens database=pbsacct year=2017 month=10 software=fastsimcoal executables=None cpuhours=14295.95 corehours=14278.44 nodehours=14295.95 n_jobs=144 n_users=1 n_groups=1 n_accounts=1 
syshost=owens database=pbsacct year=2017 month=10 software=samtools executables=None cpuhours=13600.24 corehours=3881.76 nodehours=985.21 n_jobs=9754 n_users=13 n_groups=11 n_accounts=10 
syshost=owens database=pbsacct year=2017 month=10 software=dirac-pilot executables=None cpuhours=13432.53 corehours=13354.08 nodehours=13432.53 n_jobs=637 n_users=1 n_groups=1 n_accounts=1 
syshost=owens database=pbsacct year=2017 month=10 software=evams executables=None cpuhours=12225.03 corehours=1928.20 nodehours=1624.11 n_jobs=1295 n_users=1 n_groups=1 n_accounts=1 
syshost=owens database=pbsacct year=2017 month=10 software=ncbi executables=None cpuhours=10374.99 corehours=8854.46 nodehours=446.21 n_jobs=110 n_users=10 n_groups=5 n_accounts=5 
syshost=owens database=pbsacct year=2017 month=10 software=kallisto executables=None cpuhours=9192.64 corehours=2675.33 nodehours=320.78 n_jobs=162 n_users=3 n_groups=2 n_accounts=3 
syshost=owens database=pbsacct year=2017 month=10 software=fastqc executables=None cpuhours=8227.39 corehours=7036.96 nodehours=8224.61 n_jobs=2995 n_users=5 n_groups=5 n_accounts=5 
syshost=owens database=pbsacct year=2017 month=10 software=beast executables=None cpuhours=7462.87 corehours=625.21 nodehours=621.91 n_jobs=8 n_users=1 n_groups=1 n_accounts=1 
syshost=owens database=pbsacct year=2017 month=10 software=mysql executables=None cpuhours=7342.97 corehours=14.72 nodehours=262.25 n_jobs=4 n_users=1 n_groups=1 n_accounts=1 
