syshost=owens database=pbsacct year=2017 month=11 software=namd executables=None cpuhours=1623753.47 corehours=1621618.91 nodehours=57991.20 n_jobs=1618 n_users=5 n_groups=4 n_accounts=5 
syshost=owens database=pbsacct year=2017 month=11 software=vasp executables=None cpuhours=1363754.36 corehours=973227.01 nodehours=64177.53 n_jobs=7645 n_users=40 n_groups=9 n_accounts=9 
syshost=owens database=pbsacct year=2017 month=11 software=lammps executables=None cpuhours=1167619.32 corehours=1149103.13 nodehours=42153.77 n_jobs=1832 n_users=29 n_groups=10 n_accounts=11 
syshost=owens database=pbsacct year=2017 month=11 software=a_out executables=None cpuhours=1091279.67 corehours=1078283.61 nodehours=39928.02 n_jobs=884 n_users=14 n_groups=9 n_accounts=9 
syshost=owens database=pbsacct year=2017 month=11 software=multturb executables=None cpuhours=530278.45 corehours=509346.40 nodehours=88930.84 n_jobs=1804 n_users=1 n_groups=1 n_accounts=1 
syshost=owens database=pbsacct year=2017 month=11 software=matlab executables=None cpuhours=523298.90 corehours=128295.71 nodehours=34925.81 n_jobs=4472 n_users=34 n_groups=28 n_accounts=28 
syshost=owens database=pbsacct year=2017 month=11 software=bowtie executables=None cpuhours=458848.13 corehours=137017.40 nodehours=26085.02 n_jobs=1964 n_users=14 n_groups=10 n_accounts=9 
syshost=owens database=pbsacct year=2017 month=11 software=gaussian executables=None cpuhours=343379.49 corehours=310198.76 nodehours=13097.09 n_jobs=1987 n_users=20 n_groups=14 n_accounts=14 
syshost=owens database=pbsacct year=2017 month=11 software=python executables=None cpuhours=335679.57 corehours=41438.86 nodehours=30479.87 n_jobs=5860 n_users=76 n_groups=37 n_accounts=36 
syshost=owens database=pbsacct year=2017 month=11 software=cfl3d executables=None cpuhours=322114.85 corehours=315921.98 nodehours=11504.10 n_jobs=97 n_users=1 n_groups=1 n_accounts=1 
syshost=owens database=pbsacct year=2017 month=11 software=molcas executables=None cpuhours=265043.32 corehours=154242.75 nodehours=49050.58 n_jobs=1773 n_users=4 n_groups=1 n_accounts=1 
syshost=owens database=pbsacct year=2017 month=11 software=tapsim executables=None cpuhours=256853.89 corehours=256350.09 nodehours=9522.73 n_jobs=27 n_users=1 n_groups=1 n_accounts=1 
syshost=owens database=pbsacct year=2017 month=11 software=raspa executables=None cpuhours=255109.59 corehours=221154.39 nodehours=140286.55 n_jobs=4036 n_users=6 n_groups=1 n_accounts=1 
syshost=owens database=pbsacct year=2017 month=11 software=phase executables=None cpuhours=240833.14 corehours=59734.36 nodehours=60208.29 n_jobs=716 n_users=1 n_groups=1 n_accounts=1 
syshost=owens database=pbsacct year=2017 month=11 software=lsp executables=None cpuhours=238754.36 corehours=224852.09 nodehours=8559.51 n_jobs=124 n_users=2 n_groups=1 n_accounts=2 
syshost=owens database=pbsacct year=2017 month=11 software=yt executables=None cpuhours=226534.25 corehours=143930.37 nodehours=8336.72 n_jobs=594 n_users=44 n_groups=22 n_accounts=23 
syshost=owens database=pbsacct year=2017 month=11 software=ncl executables=None cpuhours=191702.85 corehours=190659.34 nodehours=6848.35 n_jobs=215 n_users=6 n_groups=3 n_accounts=3 
syshost=owens database=pbsacct year=2017 month=11 software=adf executables=None cpuhours=184886.90 corehours=176180.24 nodehours=76647.47 n_jobs=4351 n_users=7 n_groups=7 n_accounts=7 
syshost=owens database=pbsacct year=2017 month=11 software=vnc executables=None cpuhours=170177.50 corehours=19419.13 nodehours=6051.07 n_jobs=642 n_users=68 n_groups=32 n_accounts=31 
syshost=owens database=pbsacct year=2017 month=11 software=gromacs executables=None cpuhours=159858.37 corehours=119442.98 nodehours=15298.10 n_jobs=5447 n_users=14 n_groups=9 n_accounts=9 
syshost=owens database=pbsacct year=2017 month=11 software=foam executables=None cpuhours=153805.33 corehours=74170.98 nodehours=5493.05 n_jobs=234 n_users=4 n_groups=4 n_accounts=4 
syshost=owens database=pbsacct year=2017 month=11 software=starccm executables=None cpuhours=132475.30 corehours=128220.34 nodehours=4731.32 n_jobs=257 n_users=10 n_groups=5 n_accounts=5 
syshost=owens database=pbsacct year=2017 month=11 software=gyro executables=None cpuhours=123192.18 corehours=122902.31 nodehours=4413.12 n_jobs=124 n_users=1 n_groups=1 n_accounts=1 
syshost=owens database=pbsacct year=2017 month=11 software=FDTDxx executables=None cpuhours=102896.46 corehours=95115.26 nodehours=3674.87 n_jobs=24 n_users=1 n_groups=1 n_accounts=1 
syshost=owens database=pbsacct year=2017 month=11 software=amber executables=None cpuhours=83367.21 corehours=2865.90 nodehours=3356.35 n_jobs=275 n_users=4 n_groups=4 n_accounts=4 
syshost=owens database=pbsacct year=2017 month=11 software=cp2k executables=None cpuhours=79388.88 corehours=78851.90 nodehours=2835.32 n_jobs=5 n_users=1 n_groups=1 n_accounts=1 
syshost=owens database=pbsacct year=2017 month=11 software=lmf executables=None cpuhours=69019.07 corehours=67891.27 nodehours=2465.17 n_jobs=111 n_users=1 n_groups=1 n_accounts=2 
syshost=owens database=pbsacct year=2017 month=11 software=res executables=None cpuhours=62529.12 corehours=12834.89 nodehours=2197.31 n_jobs=586 n_users=9 n_groups=9 n_accounts=8 
syshost=owens database=pbsacct year=2017 month=11 software=awm executables=None cpuhours=57378.00 corehours=55754.14 nodehours=53928.63 n_jobs=3983 n_users=3 n_groups=3 n_accounts=3 
syshost=owens database=pbsacct year=2017 month=11 software=rosetta executables=None cpuhours=56156.79 corehours=55640.40 nodehours=52985.19 n_jobs=3698 n_users=3 n_groups=1 n_accounts=1 
syshost=owens database=pbsacct year=2017 month=11 software=abaqus executables=None cpuhours=55295.14 corehours=18310.77 nodehours=2012.62 n_jobs=162 n_users=7 n_groups=6 n_accounts=6 
syshost=owens database=pbsacct year=2017 month=11 software=Rstudio executables=None cpuhours=37079.56 corehours=1705.83 nodehours=1282.83 n_jobs=220 n_users=29 n_groups=24 n_accounts=23 
syshost=owens database=pbsacct year=2017 month=11 software=drone executables=None cpuhours=33793.23 corehours=33223.37 nodehours=1222.26 n_jobs=75 n_users=2 n_groups=1 n_accounts=1 
syshost=owens database=pbsacct year=2017 month=11 software=lsdyna executables=None cpuhours=33197.21 corehours=32260.47 nodehours=1559.40 n_jobs=49 n_users=5 n_groups=3 n_accounts=3 
syshost=owens database=pbsacct year=2017 month=11 software=run_xyzvort executables=None cpuhours=29982.94 corehours=13508.34 nodehours=1070.94 n_jobs=575 n_users=5 n_groups=5 n_accounts=5 
syshost=owens database=pbsacct year=2017 month=11 software=adcprep executables=None cpuhours=29391.54 corehours=29088.98 nodehours=1075.26 n_jobs=31 n_users=2 n_groups=1 n_accounts=1 
syshost=owens database=pbsacct year=2017 month=11 software=R executables=None cpuhours=22742.36 corehours=2137.48 nodehours=932.99 n_jobs=255 n_users=10 n_groups=8 n_accounts=8 
syshost=owens database=pbsacct year=2017 month=11 software=bam executables=None cpuhours=19078.17 corehours=12846.27 nodehours=846.47 n_jobs=590 n_users=14 n_groups=11 n_accounts=10 
syshost=owens database=pbsacct year=2017 month=11 software=fastqc executables=None cpuhours=16374.28 corehours=944.73 nodehours=1043.61 n_jobs=580 n_users=3 n_groups=3 n_accounts=3 
syshost=owens database=pbsacct year=2017 month=11 software=bwa executables=None cpuhours=16219.16 corehours=1954.68 nodehours=1638.04 n_jobs=708 n_users=26 n_groups=6 n_accounts=6 
syshost=owens database=pbsacct year=2017 month=11 software=hy3s executables=None cpuhours=11358.55 corehours=5326.40 nodehours=468.88 n_jobs=42 n_users=5 n_groups=5 n_accounts=5 
syshost=owens database=pbsacct year=2017 month=11 software=enzo executables=None cpuhours=11058.20 corehours=11040.92 nodehours=394.94 n_jobs=156 n_users=1 n_groups=1 n_accounts=1 
syshost=owens database=pbsacct year=2017 month=11 software=fdl3di executables=None cpuhours=9905.89 corehours=9788.86 nodehours=353.78 n_jobs=28 n_users=1 n_groups=1 n_accounts=1 
syshost=owens database=pbsacct year=2017 month=11 software=swift executables=None cpuhours=7173.42 corehours=1356.92 nodehours=152.28 n_jobs=12 n_users=1 n_groups=1 n_accounts=1 
syshost=owens database=pbsacct year=2017 month=11 software=hsi executables=None cpuhours=6834.89 corehours=6827.12 nodehours=244.10 n_jobs=2 n_users=2 n_groups=2 n_accounts=2 
syshost=owens database=pbsacct year=2017 month=11 software=elk executables=None cpuhours=6324.04 corehours=6157.90 nodehours=225.86 n_jobs=23 n_users=1 n_groups=1 n_accounts=1 
syshost=owens database=pbsacct year=2017 month=11 software=nwchem executables=None cpuhours=5838.57 corehours=5819.68 nodehours=136.70 n_jobs=33 n_users=1 n_groups=1 n_accounts=1 
syshost=owens database=pbsacct year=2017 month=11 software=gnuplot executables=None cpuhours=5638.67 corehours=5213.78 nodehours=352.42 n_jobs=4 n_users=1 n_groups=1 n_accounts=1 
syshost=owens database=pbsacct year=2017 month=11 software=ncbi executables=None cpuhours=5539.49 corehours=757.10 nodehours=231.69 n_jobs=16 n_users=6 n_groups=3 n_accounts=3 
syshost=owens database=pbsacct year=2017 month=11 software=iedg_mix executables=None cpuhours=5300.61 corehours=3929.71 nodehours=151.39 n_jobs=262 n_users=2 n_groups=1 n_accounts=1 
