syshost=pitzer database=pbsacct year=2018 month=10 software=hpl executables=None cpuhours=766020.40 corehours=651651.40 nodehours=19079.26 n_jobs=3484 n_users=1 n_groups=1 n_accounts=1 
syshost=pitzer database=pbsacct year=2018 month=10 software=pcg executables=None cpuhours=322994.04 corehours=38126.29 nodehours=7972.95 n_jobs=71 n_users=2 n_groups=2 n_accounts=2 
syshost=pitzer database=pbsacct year=2018 month=10 software=lammps executables=None cpuhours=171827.64 corehours=170049.10 nodehours=4296.22 n_jobs=170 n_users=7 n_groups=5 n_accounts=6 
syshost=pitzer database=pbsacct year=2018 month=10 software=vasp executables=None cpuhours=110598.81 corehours=110222.88 nodehours=2764.98 n_jobs=166 n_users=3 n_groups=2 n_accounts=2 
syshost=pitzer database=pbsacct year=2018 month=10 software=foam executables=None cpuhours=109509.36 corehours=21650.08 nodehours=2744.37 n_jobs=134 n_users=5 n_groups=4 n_accounts=4 
syshost=pitzer database=pbsacct year=2018 month=10 software=AraSim executables=None cpuhours=36918.20 corehours=32935.48 nodehours=925.90 n_jobs=516 n_users=1 n_groups=1 n_accounts=2 
syshost=pitzer database=pbsacct year=2018 month=10 software=qchem executables=None cpuhours=24933.39 corehours=4894.22 nodehours=867.16 n_jobs=64 n_users=5 n_groups=3 n_accounts=4 
syshost=pitzer database=pbsacct year=2018 month=10 software=python executables=None cpuhours=19391.29 corehours=6274.69 nodehours=4995.05 n_jobs=390 n_users=6 n_groups=6 n_accounts=6 
syshost=pitzer database=pbsacct year=2018 month=10 software=grib executables=None cpuhours=8870.59 corehours=2396.76 nodehours=316.81 n_jobs=15 n_users=1 n_groups=1 n_accounts=1 
syshost=pitzer database=pbsacct year=2018 month=10 software=amber executables=None cpuhours=8653.09 corehours=5002.10 nodehours=217.30 n_jobs=455 n_users=7 n_groups=6 n_accounts=7 
syshost=pitzer database=pbsacct year=2018 month=10 software=starccm executables=None cpuhours=6299.37 corehours=6230.48 nodehours=157.48 n_jobs=7 n_users=3 n_groups=2 n_accounts=2 
syshost=pitzer database=pbsacct year=2018 month=10 software=beast executables=None cpuhours=4972.12 corehours=1154.10 nodehours=177.58 n_jobs=271 n_users=1 n_groups=1 n_accounts=1 
syshost=pitzer database=pbsacct year=2018 month=10 software=pwscf executables=None cpuhours=3248.43 corehours=2942.47 nodehours=87.90 n_jobs=75 n_users=5 n_groups=3 n_accounts=4 
syshost=pitzer database=pbsacct year=2018 month=10 software=tsc executables=None cpuhours=2604.62 corehours=2431.63 nodehours=65.12 n_jobs=10 n_users=1 n_groups=1 n_accounts=1 
syshost=pitzer database=pbsacct year=2018 month=10 software=gaussian executables=None cpuhours=2476.14 corehours=2416.21 nodehours=68.56 n_jobs=82 n_users=7 n_groups=5 n_accounts=6 
syshost=pitzer database=pbsacct year=2018 month=10 software=namd executables=None cpuhours=865.65 corehours=848.27 nodehours=22.28 n_jobs=56 n_users=2 n_groups=2 n_accounts=2 
syshost=pitzer database=pbsacct year=2018 month=10 software=gromacs executables=None cpuhours=768.11 corehours=751.06 nodehours=52.92 n_jobs=138 n_users=4 n_groups=2 n_accounts=3 
syshost=pitzer database=pbsacct year=2018 month=10 software=jetxb executables=None cpuhours=741.11 corehours=769.85 nodehours=37.06 n_jobs=1 n_users=1 n_groups=1 n_accounts=1 
syshost=pitzer database=pbsacct year=2018 month=10 software=ncl executables=None cpuhours=438.98 corehours=355.07 nodehours=10.97 n_jobs=3 n_users=1 n_groups=1 n_accounts=1 
syshost=pitzer database=pbsacct year=2018 month=10 software=sus executables=None cpuhours=393.47 corehours=69.75 nodehours=19.67 n_jobs=1 n_users=1 n_groups=1 n_accounts=1 
syshost=pitzer database=pbsacct year=2018 month=10 software=vnc executables=None cpuhours=375.04 corehours=0.03 nodehours=9.38 n_jobs=19 n_users=7 n_groups=6 n_accounts=6 
syshost=pitzer database=pbsacct year=2018 month=10 software=cp2k executables=None cpuhours=374.88 corehours=141.58 nodehours=17.65 n_jobs=61 n_users=4 n_groups=3 n_accounts=3 
syshost=pitzer database=pbsacct year=2018 month=10 software=yt executables=None cpuhours=331.23 corehours=34.25 nodehours=21.70 n_jobs=434 n_users=4 n_groups=3 n_accounts=4 
syshost=pitzer database=pbsacct year=2018 month=10 software=setsm executables=None cpuhours=327.63 corehours=273.95 nodehours=8.19 n_jobs=61 n_users=1 n_groups=1 n_accounts=1 
syshost=pitzer database=pbsacct year=2018 month=10 software=R executables=None cpuhours=123.72 corehours=79.35 nodehours=3.14 n_jobs=56 n_users=4 n_groups=4 n_accounts=4 
syshost=pitzer database=pbsacct year=2018 month=10 software=hy3s executables=None cpuhours=87.84 corehours=76.08 nodehours=2.23 n_jobs=57 n_users=1 n_groups=1 n_accounts=1 
syshost=pitzer database=pbsacct year=2018 month=10 software=mustem executables=None cpuhours=63.29 corehours=48.45 nodehours=1.58 n_jobs=7 n_users=1 n_groups=1 n_accounts=1 
syshost=pitzer database=pbsacct year=2018 month=10 software=run_xyzvort executables=None cpuhours=50.24 corehours=5.11 nodehours=1.26 n_jobs=27 n_users=2 n_groups=1 n_accounts=1 
syshost=pitzer database=pbsacct year=2018 month=10 software=55_x executables=None cpuhours=16.61 corehours=3.48 nodehours=0.59 n_jobs=2 n_users=1 n_groups=1 n_accounts=1 
syshost=pitzer database=pbsacct year=2018 month=10 software=reframe executables=None cpuhours=6.46 corehours=0.27 nodehours=1.19 n_jobs=289 n_users=3 n_groups=2 n_accounts=2 
syshost=pitzer database=pbsacct year=2018 month=10 software=calyx executables=None cpuhours=3.95 corehours=1.83 nodehours=0.14 n_jobs=1 n_users=1 n_groups=1 n_accounts=1 
syshost=pitzer database=pbsacct year=2018 month=10 software=lobster executables=None cpuhours=1.54 corehours=1.37 nodehours=0.06 n_jobs=2 n_users=1 n_groups=1 n_accounts=1 
syshost=pitzer database=pbsacct year=2018 month=10 software=THREEDHBL_hybridsol executables=None cpuhours=0.89 corehours=0.00 nodehours=0.02 n_jobs=1 n_users=1 n_groups=1 n_accounts=1 
syshost=pitzer database=pbsacct year=2018 month=10 software=abinit executables=None cpuhours=0.80 corehours=0.79 nodehours=0.80 n_jobs=4 n_users=1 n_groups=1 n_accounts=1 
syshost=pitzer database=pbsacct year=2018 month=10 software=turbomole executables=None cpuhours=0.42 corehours=0.05 nodehours=0.06 n_jobs=42 n_users=3 n_groups=2 n_accounts=3 
syshost=pitzer database=pbsacct year=2018 month=10 software=scalapack executables=None cpuhours=0.20 corehours=0.75 nodehours=0.20 n_jobs=12 n_users=2 n_groups=2 n_accounts=2 
syshost=pitzer database=pbsacct year=2018 month=10 software=nwchem executables=None cpuhours=0.19 corehours=0.12 nodehours=0.02 n_jobs=14 n_users=3 n_groups=2 n_accounts=3 
syshost=pitzer database=pbsacct year=2018 month=10 software=siesta executables=None cpuhours=0.10 corehours=0.03 nodehours=0.07 n_jobs=37 n_users=2 n_groups=2 n_accounts=2 
syshost=pitzer database=pbsacct year=2018 month=10 software=schrodinger executables=None cpuhours=0.08 corehours=0.00 nodehours=0.01 n_jobs=4 n_users=1 n_groups=1 n_accounts=1 
syshost=pitzer database=pbsacct year=2018 month=10 software=bwa executables=None cpuhours=0.07 corehours=0.02 nodehours=0.07 n_jobs=11 n_users=2 n_groups=2 n_accounts=2 
syshost=pitzer database=pbsacct year=2018 month=10 software=gamess executables=None cpuhours=0.05 corehours=0.00 nodehours=0.00 n_jobs=4 n_users=1 n_groups=1 n_accounts=1 
syshost=pitzer database=pbsacct year=2018 month=10 software=paraview executables=None cpuhours=0.05 corehours=0.01 nodehours=0.05 n_jobs=27 n_users=2 n_groups=2 n_accounts=2 
syshost=pitzer database=pbsacct year=2018 month=10 software=Rstudio executables=None cpuhours=0.05 corehours=0.00 nodehours=0.05 n_jobs=3 n_users=1 n_groups=1 n_accounts=2 
syshost=pitzer database=pbsacct year=2018 month=10 software=molpro executables=None cpuhours=0.03 corehours=0.00 nodehours=0.03 n_jobs=6 n_users=1 n_groups=1 n_accounts=1 
syshost=pitzer database=pbsacct year=2018 month=10 software=singularity executables=None cpuhours=0.03 corehours=0.03 nodehours=0.03 n_jobs=1 n_users=1 n_groups=1 n_accounts=1 
syshost=pitzer database=pbsacct year=2018 month=10 software=samtools executables=None cpuhours=0.02 corehours=0.00 nodehours=0.02 n_jobs=10 n_users=2 n_groups=2 n_accounts=2 
syshost=pitzer database=pbsacct year=2018 month=10 software=charmm executables=None cpuhours=0.01 corehours=0.00 nodehours=0.00 n_jobs=2 n_users=1 n_groups=1 n_accounts=1 
syshost=pitzer database=pbsacct year=2018 month=10 software=columbus executables=None cpuhours=0.01 corehours=0.00 nodehours=0.01 n_jobs=4 n_users=1 n_groups=1 n_accounts=1 
syshost=pitzer database=pbsacct year=2018 month=10 software=molcas executables=None cpuhours=0.01 corehours=0.00 nodehours=0.00 n_jobs=4 n_users=1 n_groups=1 n_accounts=1 
syshost=pitzer database=pbsacct year=2018 month=10 software=ncbi executables=None cpuhours=0.01 corehours=0.00 nodehours=0.01 n_jobs=7 n_users=2 n_groups=2 n_accounts=2 
