syshost=owens database=pbsacct year=2018 month=06 software=namd executables=None cpuhours=3257343.14 corehours=3265725.72 nodehours=117088.63 n_jobs=3628 n_users=13 n_groups=7 n_accounts=7 
syshost=owens database=pbsacct year=2018 month=06 software=lammps executables=None cpuhours=1589640.84 corehours=1608577.22 nodehours=59302.22 n_jobs=3445 n_users=22 n_groups=13 n_accounts=12 
syshost=owens database=pbsacct year=2018 month=06 software=foam executables=None cpuhours=1049992.10 corehours=159958.82 nodehours=37500.05 n_jobs=543 n_users=3 n_groups=2 n_accounts=2 
syshost=owens database=pbsacct year=2018 month=06 software=gromacs executables=None cpuhours=879081.61 corehours=861354.45 nodehours=32999.09 n_jobs=1376 n_users=14 n_groups=9 n_accounts=9 
syshost=owens database=pbsacct year=2018 month=06 software=vasp executables=None cpuhours=747782.25 corehours=703058.86 nodehours=30246.20 n_jobs=2031 n_users=16 n_groups=9 n_accounts=10 
syshost=owens database=pbsacct year=2018 month=06 software=gaussian executables=None cpuhours=520768.33 corehours=470680.28 nodehours=27392.10 n_jobs=2921 n_users=33 n_groups=22 n_accounts=20 
syshost=owens database=pbsacct year=2018 month=06 software=molcas executables=None cpuhours=421684.91 corehours=202794.52 nodehours=86602.75 n_jobs=3071 n_users=7 n_groups=2 n_accounts=2 
syshost=owens database=pbsacct year=2018 month=06 software=abaqus executables=None cpuhours=373911.59 corehours=188624.92 nodehours=14477.15 n_jobs=859 n_users=23 n_groups=14 n_accounts=16 
syshost=owens database=pbsacct year=2018 month=06 software=bowtie executables=None cpuhours=365350.83 corehours=79256.75 nodehours=25940.08 n_jobs=6672 n_users=20 n_groups=11 n_accounts=11 
syshost=owens database=pbsacct year=2018 month=06 software=python executables=None cpuhours=328256.77 corehours=204663.69 nodehours=54346.76 n_jobs=10207 n_users=88 n_groups=56 n_accounts=58 
syshost=owens database=pbsacct year=2018 month=06 software=amber executables=None cpuhours=303339.37 corehours=290833.07 nodehours=29161.32 n_jobs=3000 n_users=8 n_groups=6 n_accounts=6 
syshost=owens database=pbsacct year=2018 month=06 software=a_out executables=None cpuhours=283649.66 corehours=282378.42 nodehours=10463.11 n_jobs=2804 n_users=12 n_groups=7 n_accounts=8 
syshost=owens database=pbsacct year=2018 month=06 software=starccm executables=None cpuhours=269473.82 corehours=243440.54 nodehours=8434.86 n_jobs=302 n_users=8 n_groups=7 n_accounts=7 
syshost=owens database=pbsacct year=2018 month=06 software=ansys executables=None cpuhours=223708.50 corehours=144584.65 nodehours=6068.70 n_jobs=198 n_users=20 n_groups=15 n_accounts=15 
syshost=owens database=pbsacct year=2018 month=06 software=adf executables=None cpuhours=182240.57 corehours=178408.49 nodehours=176418.58 n_jobs=9755 n_users=11 n_groups=10 n_accounts=9 
syshost=owens database=pbsacct year=2018 month=06 software=drone executables=None cpuhours=160749.24 corehours=159834.94 nodehours=5741.04 n_jobs=42 n_users=1 n_groups=1 n_accounts=1 
syshost=owens database=pbsacct year=2018 month=06 software=tapsim executables=None cpuhours=156081.59 corehours=155890.26 nodehours=5576.36 n_jobs=20 n_users=2 n_groups=1 n_accounts=1 
syshost=owens database=pbsacct year=2018 month=06 software=vnc executables=None cpuhours=123562.48 corehours=10211.74 nodehours=4264.58 n_jobs=400 n_users=56 n_groups=43 n_accounts=43 
syshost=owens database=pbsacct year=2018 month=06 software=res executables=None cpuhours=103257.82 corehours=78720.57 nodehours=72610.67 n_jobs=2045 n_users=10 n_groups=8 n_accounts=8 
syshost=owens database=pbsacct year=2018 month=06 software=inho executables=None cpuhours=88300.73 corehours=62209.90 nodehours=2926.73 n_jobs=56 n_users=1 n_groups=1 n_accounts=1 
syshost=owens database=pbsacct year=2018 month=06 software=qchem executables=None cpuhours=83952.28 corehours=31955.29 nodehours=3755.26 n_jobs=1002 n_users=10 n_groups=4 n_accounts=4 
syshost=owens database=pbsacct year=2018 month=06 software=nscale executables=None cpuhours=81010.88 corehours=84999.42 nodehours=3240.44 n_jobs=10 n_users=1 n_groups=1 n_accounts=1 
syshost=owens database=pbsacct year=2018 month=06 software=vep executables=None cpuhours=79384.67 corehours=5278.23 nodehours=5670.33 n_jobs=493 n_users=1 n_groups=1 n_accounts=1 
syshost=owens database=pbsacct year=2018 month=06 software=milc executables=None cpuhours=79181.40 corehours=79016.38 nodehours=2827.91 n_jobs=103 n_users=1 n_groups=1 n_accounts=1 
syshost=owens database=pbsacct year=2018 month=06 software=matlab executables=None cpuhours=69582.85 corehours=19550.78 nodehours=6651.55 n_jobs=3343 n_users=39 n_groups=29 n_accounts=30 
syshost=owens database=pbsacct year=2018 month=06 software=cosmosis executables=None cpuhours=65341.83 corehours=65862.51 nodehours=2565.46 n_jobs=22 n_users=1 n_groups=1 n_accounts=2 
syshost=owens database=pbsacct year=2018 month=06 software=lsdyna executables=None cpuhours=65124.17 corehours=56148.82 nodehours=2325.86 n_jobs=102 n_users=3 n_groups=3 n_accounts=3 
syshost=owens database=pbsacct year=2018 month=06 software=R executables=None cpuhours=64275.55 corehours=33135.72 nodehours=6403.38 n_jobs=2569 n_users=14 n_groups=13 n_accounts=14 
syshost=owens database=pbsacct year=2018 month=06 software=converge executables=None cpuhours=54497.06 corehours=54149.62 nodehours=1946.32 n_jobs=54 n_users=1 n_groups=1 n_accounts=1 
syshost=owens database=pbsacct year=2018 month=06 software=lmf executables=None cpuhours=53971.10 corehours=44663.74 nodehours=1900.29 n_jobs=109 n_users=1 n_groups=1 n_accounts=2 
syshost=owens database=pbsacct year=2018 month=06 software=Rstudio executables=None cpuhours=53191.14 corehours=2859.16 nodehours=2945.66 n_jobs=416 n_users=47 n_groups=27 n_accounts=24 
syshost=owens database=pbsacct year=2018 month=06 software=multturb executables=None cpuhours=48207.64 corehours=48062.62 nodehours=10349.35 n_jobs=276 n_users=1 n_groups=1 n_accounts=1 
syshost=owens database=pbsacct year=2018 month=06 software=yt executables=None cpuhours=32741.16 corehours=4557.60 nodehours=1518.10 n_jobs=133 n_users=28 n_groups=18 n_accounts=16 
syshost=owens database=pbsacct year=2018 month=06 software=bam executables=None cpuhours=32572.53 corehours=1389.01 nodehours=1378.18 n_jobs=598 n_users=8 n_groups=4 n_accounts=6 
syshost=owens database=pbsacct year=2018 month=06 software=fluent executables=None cpuhours=31119.17 corehours=14989.44 nodehours=1122.29 n_jobs=328 n_users=5 n_groups=5 n_accounts=5 
syshost=owens database=pbsacct year=2018 month=06 software=raspa executables=None cpuhours=25663.48 corehours=25651.86 nodehours=25663.48 n_jobs=2540 n_users=6 n_groups=1 n_accounts=1 
syshost=owens database=pbsacct year=2018 month=06 software=orca executables=None cpuhours=23582.97 corehours=22890.70 nodehours=2788.39 n_jobs=114 n_users=4 n_groups=3 n_accounts=3 
syshost=owens database=pbsacct year=2018 month=06 software=comsol executables=None cpuhours=22360.46 corehours=4272.79 nodehours=523.35 n_jobs=57 n_users=7 n_groups=6 n_accounts=6 
syshost=owens database=pbsacct year=2018 month=06 software=run_im executables=None cpuhours=20245.22 corehours=14687.14 nodehours=723.67 n_jobs=994 n_users=3 n_groups=3 n_accounts=3 
syshost=owens database=pbsacct year=2018 month=06 software=cfl3d executables=None cpuhours=20197.32 corehours=19989.26 nodehours=1228.84 n_jobs=417 n_users=1 n_groups=1 n_accounts=1 
syshost=owens database=pbsacct year=2018 month=06 software=FDTDxx executables=None cpuhours=19473.24 corehours=9588.51 nodehours=695.47 n_jobs=32 n_users=1 n_groups=1 n_accounts=1 
syshost=owens database=pbsacct year=2018 month=06 software=bwa executables=None cpuhours=18253.16 corehours=8181.07 nodehours=9375.61 n_jobs=4839 n_users=4 n_groups=4 n_accounts=4 
syshost=owens database=pbsacct year=2018 month=06 software=setsm executables=None cpuhours=17721.29 corehours=11703.72 nodehours=632.90 n_jobs=275 n_users=2 n_groups=3 n_accounts=3 
syshost=owens database=pbsacct year=2018 month=06 software=ncl executables=None cpuhours=16438.32 corehours=16339.56 nodehours=587.27 n_jobs=74 n_users=4 n_groups=3 n_accounts=3 
syshost=owens database=pbsacct year=2018 month=06 software=adcprep executables=None cpuhours=16367.54 corehours=16259.89 nodehours=584.56 n_jobs=57 n_users=1 n_groups=1 n_accounts=1 
syshost=owens database=pbsacct year=2018 month=06 software=dock executables=None cpuhours=12659.74 corehours=742.65 nodehours=531.89 n_jobs=47 n_users=1 n_groups=1 n_accounts=1 
syshost=owens database=pbsacct year=2018 month=06 software=samtools executables=None cpuhours=12636.55 corehours=837.41 nodehours=803.48 n_jobs=5174 n_users=12 n_groups=6 n_accounts=9 
syshost=owens database=pbsacct year=2018 month=06 software=raxml executables=None cpuhours=11372.90 corehours=10683.91 nodehours=4438.41 n_jobs=4856 n_users=2 n_groups=2 n_accounts=2 
syshost=owens database=pbsacct year=2018 month=06 software=wrf executables=None cpuhours=10385.57 corehours=9508.15 nodehours=370.94 n_jobs=34 n_users=2 n_groups=2 n_accounts=3 
syshost=owens database=pbsacct year=2018 month=06 software=fdl3di executables=None cpuhours=10326.59 corehours=7166.33 nodehours=368.81 n_jobs=3 n_users=1 n_groups=1 n_accounts=1 
