syshost=owens database=pbsacct year=2018 month=10 software=starccm executables=None cpuhours=1043423.37 corehours=990217.03 nodehours=37042.02 n_jobs=573 n_users=10 n_groups=9 n_accounts=8 
syshost=owens database=pbsacct year=2018 month=10 software=vasp executables=None cpuhours=1002515.55 corehours=624622.53 nodehours=43956.18 n_jobs=8729 n_users=26 n_groups=10 n_accounts=9 
syshost=owens database=pbsacct year=2018 month=10 software=lammps executables=None cpuhours=982974.44 corehours=1023559.68 nodehours=52016.62 n_jobs=7017 n_users=31 n_groups=16 n_accounts=16 
syshost=owens database=pbsacct year=2018 month=10 software=python executables=None cpuhours=851226.40 corehours=364881.88 nodehours=54812.61 n_jobs=15924 n_users=101 n_groups=68 n_accounts=69 
syshost=owens database=pbsacct year=2018 month=10 software=matlab executables=None cpuhours=509824.94 corehours=85695.35 nodehours=27002.21 n_jobs=6405 n_users=71 n_groups=54 n_accounts=53 
syshost=owens database=pbsacct year=2018 month=10 software=qchem executables=None cpuhours=507773.50 corehours=195762.34 nodehours=18160.27 n_jobs=2660 n_users=17 n_groups=5 n_accounts=5 
syshost=owens database=pbsacct year=2018 month=10 software=gaussian executables=None cpuhours=419040.53 corehours=395170.15 nodehours=15236.08 n_jobs=4378 n_users=33 n_groups=24 n_accounts=24 
syshost=owens database=pbsacct year=2018 month=10 software=inho executables=None cpuhours=377227.08 corehours=281774.14 nodehours=13472.40 n_jobs=165 n_users=2 n_groups=1 n_accounts=1 
syshost=owens database=pbsacct year=2018 month=10 software=foam executables=None cpuhours=352103.43 corehours=105935.17 nodehours=12575.42 n_jobs=345 n_users=5 n_groups=5 n_accounts=5 
syshost=owens database=pbsacct year=2018 month=10 software=gromacs executables=None cpuhours=311324.27 corehours=306185.99 nodehours=12122.61 n_jobs=440 n_users=10 n_groups=7 n_accounts=7 
syshost=owens database=pbsacct year=2018 month=10 software=amber executables=None cpuhours=299912.70 corehours=257068.99 nodehours=26380.23 n_jobs=4491 n_users=9 n_groups=8 n_accounts=8 
syshost=owens database=pbsacct year=2018 month=10 software=milc executables=None cpuhours=268512.42 corehours=237482.72 nodehours=11401.41 n_jobs=391 n_users=3 n_groups=3 n_accounts=3 
syshost=owens database=pbsacct year=2018 month=10 software=namd executables=None cpuhours=235807.85 corehours=240313.72 nodehours=8624.28 n_jobs=446 n_users=9 n_groups=3 n_accounts=3 
syshost=owens database=pbsacct year=2018 month=10 software=ansys executables=None cpuhours=221161.30 corehours=91364.50 nodehours=7897.40 n_jobs=306 n_users=23 n_groups=19 n_accounts=19 
syshost=owens database=pbsacct year=2018 month=10 software=abaqus executables=None cpuhours=187977.75 corehours=55234.54 nodehours=6692.99 n_jobs=442 n_users=23 n_groups=13 n_accounts=12 
syshost=owens database=pbsacct year=2018 month=10 software=wrf executables=None cpuhours=182601.15 corehours=172625.65 nodehours=7292.55 n_jobs=681 n_users=4 n_groups=2 n_accounts=2 
syshost=owens database=pbsacct year=2018 month=10 software=cam executables=None cpuhours=180520.61 corehours=87413.09 nodehours=6447.17 n_jobs=212 n_users=2 n_groups=2 n_accounts=2 
syshost=owens database=pbsacct year=2018 month=10 software=a_out executables=None cpuhours=172479.69 corehours=167162.22 nodehours=6588.45 n_jobs=2662 n_users=18 n_groups=13 n_accounts=13 
syshost=owens database=pbsacct year=2018 month=10 software=comsol executables=None cpuhours=164492.91 corehours=7658.80 nodehours=5765.12 n_jobs=152 n_users=14 n_groups=11 n_accounts=12 
syshost=owens database=pbsacct year=2018 month=10 software=fdl3di executables=None cpuhours=161901.97 corehours=143331.46 nodehours=8540.65 n_jobs=115 n_users=2 n_groups=2 n_accounts=2 
syshost=owens database=pbsacct year=2018 month=10 software=charmm executables=None cpuhours=145199.58 corehours=142255.99 nodehours=5185.70 n_jobs=195 n_users=2 n_groups=2 n_accounts=2 
syshost=owens database=pbsacct year=2018 month=10 software=molcas executables=None cpuhours=140653.99 corehours=91688.16 nodehours=44585.49 n_jobs=1792 n_users=2 n_groups=1 n_accounts=1 
syshost=owens database=pbsacct year=2018 month=10 software=padc executables=None cpuhours=134409.96 corehours=134320.41 nodehours=4800.36 n_jobs=2 n_users=1 n_groups=1 n_accounts=1 
syshost=owens database=pbsacct year=2018 month=10 software=ncl executables=None cpuhours=129286.87 corehours=127074.18 nodehours=4620.65 n_jobs=367 n_users=8 n_groups=5 n_accounts=5 
syshost=owens database=pbsacct year=2018 month=10 software=vnc executables=None cpuhours=101364.28 corehours=8290.00 nodehours=3505.11 n_jobs=791 n_users=91 n_groups=54 n_accounts=56 
syshost=owens database=pbsacct year=2018 month=10 software=abinit executables=None cpuhours=93389.55 corehours=92432.74 nodehours=33927.57 n_jobs=2340 n_users=2 n_groups=2 n_accounts=2 
syshost=owens database=pbsacct year=2018 month=10 software=nwchem executables=None cpuhours=90120.58 corehours=88900.56 nodehours=3299.31 n_jobs=81 n_users=4 n_groups=3 n_accounts=3 
syshost=owens database=pbsacct year=2018 month=10 software=hpl executables=None cpuhours=72975.65 corehours=4169.73 nodehours=2606.27 n_jobs=40 n_users=2 n_groups=2 n_accounts=2 
syshost=owens database=pbsacct year=2018 month=10 software=res executables=None cpuhours=64934.43 corehours=16762.68 nodehours=2825.12 n_jobs=1487 n_users=13 n_groups=7 n_accounts=8 
syshost=owens database=pbsacct year=2018 month=10 software=bam executables=None cpuhours=64160.43 corehours=13054.84 nodehours=5047.96 n_jobs=2722 n_users=19 n_groups=12 n_accounts=16 
syshost=owens database=pbsacct year=2018 month=10 software=converge executables=None cpuhours=61278.58 corehours=61162.61 nodehours=2188.52 n_jobs=13 n_users=1 n_groups=1 n_accounts=1 
syshost=owens database=pbsacct year=2018 month=10 software=beast executables=None cpuhours=59283.78 corehours=17148.18 nodehours=2117.28 n_jobs=1503 n_users=2 n_groups=2 n_accounts=2 
syshost=owens database=pbsacct year=2018 month=10 software=autodock executables=None cpuhours=51736.58 corehours=33593.91 nodehours=5172.54 n_jobs=436 n_users=3 n_groups=2 n_accounts=2 
syshost=owens database=pbsacct year=2018 month=10 software=adf executables=None cpuhours=51589.83 corehours=46193.35 nodehours=40976.05 n_jobs=3474 n_users=23 n_groups=20 n_accounts=20 
syshost=owens database=pbsacct year=2018 month=10 software=Rstudio executables=None cpuhours=50992.26 corehours=3602.93 nodehours=2770.79 n_jobs=515 n_users=70 n_groups=40 n_accounts=41 
syshost=owens database=pbsacct year=2018 month=10 software=bowtie executables=None cpuhours=48692.73 corehours=8937.32 nodehours=1802.99 n_jobs=979 n_users=14 n_groups=10 n_accounts=11 
syshost=owens database=pbsacct year=2018 month=10 software=yt executables=None cpuhours=42365.02 corehours=5213.47 nodehours=2878.13 n_jobs=670 n_users=77 n_groups=38 n_accounts=36 
syshost=owens database=pbsacct year=2018 month=10 software=orca executables=None cpuhours=40802.18 corehours=19559.09 nodehours=1024.51 n_jobs=194 n_users=5 n_groups=5 n_accounts=5 
syshost=owens database=pbsacct year=2018 month=10 software=R executables=None cpuhours=39900.38 corehours=23182.98 nodehours=1914.64 n_jobs=2198 n_users=35 n_groups=23 n_accounts=25 
syshost=owens database=pbsacct year=2018 month=10 software=pwscf executables=None cpuhours=39682.27 corehours=39199.18 nodehours=1441.82 n_jobs=1182 n_users=16 n_groups=13 n_accounts=15 
syshost=owens database=pbsacct year=2018 month=10 software=raspa executables=None cpuhours=33905.61 corehours=33856.36 nodehours=33905.61 n_jobs=4262 n_users=5 n_groups=2 n_accounts=1 
syshost=owens database=pbsacct year=2018 month=10 software=bwa executables=None cpuhours=31830.83 corehours=2098.16 nodehours=1339.71 n_jobs=594 n_users=6 n_groups=6 n_accounts=6 
syshost=owens database=pbsacct year=2018 month=10 software=turbomole executables=None cpuhours=31816.10 corehours=29540.62 nodehours=1136.30 n_jobs=67 n_users=2 n_groups=2 n_accounts=2 
syshost=owens database=pbsacct year=2018 month=10 software=grib executables=None cpuhours=30868.67 corehours=7375.61 nodehours=1645.82 n_jobs=867 n_users=2 n_groups=2 n_accounts=2 
syshost=owens database=pbsacct year=2018 month=10 software=drone executables=None cpuhours=30390.89 corehours=29497.16 nodehours=1085.39 n_jobs=30 n_users=1 n_groups=1 n_accounts=1 
syshost=owens database=pbsacct year=2018 month=10 software=lobster executables=None cpuhours=28814.28 corehours=28630.27 nodehours=1029.09 n_jobs=228 n_users=1 n_groups=1 n_accounts=1 
syshost=owens database=pbsacct year=2018 month=10 software=torch executables=None cpuhours=24994.32 corehours=3862.20 nodehours=3030.61 n_jobs=251 n_users=2 n_groups=2 n_accounts=2 
syshost=owens database=pbsacct year=2018 month=10 software=cfl3d executables=None cpuhours=24075.81 corehours=23239.16 nodehours=947.86 n_jobs=198 n_users=2 n_groups=1 n_accounts=1 
syshost=owens database=pbsacct year=2018 month=10 software=AraSim executables=None cpuhours=20562.44 corehours=17892.52 nodehours=747.41 n_jobs=339 n_users=2 n_groups=2 n_accounts=1 
syshost=owens database=pbsacct year=2018 month=10 software=gnuplot executables=None cpuhours=19059.50 corehours=12111.24 nodehours=925.30 n_jobs=45 n_users=3 n_groups=3 n_accounts=3 
