syshost=owens database=pbsacct year=2018 month=02 software=namd executables=None cpuhours=1110073.59 corehours=1105896.39 nodehours=41217.81 n_jobs=1087 n_users=9 n_groups=5 n_accounts=5 
syshost=owens database=pbsacct year=2018 month=02 software=lammps executables=None cpuhours=1088101.63 corehours=1084546.36 nodehours=40222.44 n_jobs=1851 n_users=23 n_groups=10 n_accounts=13 
syshost=owens database=pbsacct year=2018 month=02 software=vasp executables=None cpuhours=1038993.90 corehours=935254.18 nodehours=43448.86 n_jobs=5558 n_users=20 n_groups=7 n_accounts=7 
syshost=owens database=pbsacct year=2018 month=02 software=gaussian executables=None cpuhours=978869.75 corehours=930084.94 nodehours=36782.93 n_jobs=6639 n_users=23 n_groups=13 n_accounts=13 
syshost=owens database=pbsacct year=2018 month=02 software=python executables=None cpuhours=810741.60 corehours=246381.01 nodehours=50433.24 n_jobs=52825 n_users=76 n_groups=56 n_accounts=57 
syshost=owens database=pbsacct year=2018 month=02 software=les_mpi executables=None cpuhours=810471.64 corehours=75714.37 nodehours=30090.18 n_jobs=32345 n_users=2 n_groups=2 n_accounts=2 
syshost=owens database=pbsacct year=2018 month=02 software=tapsim executables=None cpuhours=545895.54 corehours=544786.39 nodehours=19494.15 n_jobs=31 n_users=3 n_groups=1 n_accounts=1 
syshost=owens database=pbsacct year=2018 month=02 software=molcas executables=None cpuhours=499433.98 corehours=158103.86 nodehours=115305.78 n_jobs=4092 n_users=4 n_groups=1 n_accounts=1 
syshost=owens database=pbsacct year=2018 month=02 software=adf executables=None cpuhours=381162.20 corehours=360098.29 nodehours=126138.20 n_jobs=8701 n_users=15 n_groups=14 n_accounts=14 
syshost=owens database=pbsacct year=2018 month=02 software=lsp executables=None cpuhours=367050.82 corehours=354313.33 nodehours=13899.61 n_jobs=229 n_users=2 n_groups=1 n_accounts=2 
syshost=owens database=pbsacct year=2018 month=02 software=foam executables=None cpuhours=351776.62 corehours=64246.65 nodehours=12563.70 n_jobs=443 n_users=2 n_groups=2 n_accounts=2 
syshost=owens database=pbsacct year=2018 month=02 software=qchem executables=None cpuhours=330750.27 corehours=222699.65 nodehours=11815.72 n_jobs=3187 n_users=7 n_groups=1 n_accounts=2 
syshost=owens database=pbsacct year=2018 month=02 software=postH executables=None cpuhours=318432.54 corehours=28744.78 nodehours=11463.76 n_jobs=7558 n_users=1 n_groups=1 n_accounts=1 
syshost=owens database=pbsacct year=2018 month=02 software=cfl3d executables=None cpuhours=257494.69 corehours=250949.53 nodehours=9415.33 n_jobs=105 n_users=1 n_groups=1 n_accounts=2 
syshost=owens database=pbsacct year=2018 month=02 software=abaqus executables=None cpuhours=254689.88 corehours=149301.71 nodehours=9226.61 n_jobs=487 n_users=22 n_groups=15 n_accounts=16 
syshost=owens database=pbsacct year=2018 month=02 software=run_im executables=None cpuhours=236952.90 corehours=84379.52 nodehours=28830.97 n_jobs=4453 n_users=2 n_groups=2 n_accounts=2 
syshost=owens database=pbsacct year=2018 month=02 software=drone executables=None cpuhours=209166.38 corehours=207597.76 nodehours=7470.23 n_jobs=67 n_users=1 n_groups=1 n_accounts=1 
syshost=owens database=pbsacct year=2018 month=02 software=matlab executables=None cpuhours=162619.52 corehours=72016.45 nodehours=10668.10 n_jobs=12036 n_users=41 n_groups=31 n_accounts=32 
syshost=owens database=pbsacct year=2018 month=02 software=a_out executables=None cpuhours=162192.67 corehours=151638.69 nodehours=7000.33 n_jobs=585 n_users=12 n_groups=8 n_accounts=8 
syshost=owens database=pbsacct year=2018 month=02 software=fdl3di executables=None cpuhours=136733.34 corehours=136250.19 nodehours=4901.85 n_jobs=47 n_users=2 n_groups=1 n_accounts=1 
syshost=owens database=pbsacct year=2018 month=02 software=vnc executables=None cpuhours=122365.73 corehours=10229.89 nodehours=4365.89 n_jobs=388 n_users=66 n_groups=43 n_accounts=43 
syshost=owens database=pbsacct year=2018 month=02 software=amber executables=None cpuhours=119738.82 corehours=11890.38 nodehours=10311.23 n_jobs=902 n_users=10 n_groups=8 n_accounts=8 
syshost=owens database=pbsacct year=2018 month=02 software=fsc26 executables=None cpuhours=99275.24 corehours=92510.00 nodehours=8272.96 n_jobs=35898 n_users=1 n_groups=1 n_accounts=1 
syshost=owens database=pbsacct year=2018 month=02 software=multturb executables=None cpuhours=91533.92 corehours=90607.37 nodehours=49242.67 n_jobs=980 n_users=1 n_groups=1 n_accounts=1 
syshost=owens database=pbsacct year=2018 month=02 software=res executables=None cpuhours=88257.44 corehours=39748.91 nodehours=3394.60 n_jobs=3517 n_users=9 n_groups=7 n_accounts=8 
syshost=owens database=pbsacct year=2018 month=02 software=inho executables=None cpuhours=76352.11 corehours=40709.84 nodehours=1590.67 n_jobs=49 n_users=1 n_groups=1 n_accounts=1 
syshost=owens database=pbsacct year=2018 month=02 software=pwscf executables=None cpuhours=73219.79 corehours=71095.65 nodehours=3972.01 n_jobs=450 n_users=4 n_groups=4 n_accounts=3 
syshost=owens database=pbsacct year=2018 month=02 software=ncl executables=None cpuhours=67639.72 corehours=51332.62 nodehours=2514.75 n_jobs=280 n_users=12 n_groups=6 n_accounts=6 
syshost=owens database=pbsacct year=2018 month=02 software=rosetta executables=None cpuhours=65804.37 corehours=65695.95 nodehours=2393.25 n_jobs=73 n_users=2 n_groups=1 n_accounts=1 
syshost=owens database=pbsacct year=2018 month=02 software=raspa executables=None cpuhours=63328.12 corehours=62373.55 nodehours=50724.86 n_jobs=3143 n_users=8 n_groups=1 n_accounts=1 
syshost=owens database=pbsacct year=2018 month=02 software=bwa executables=None cpuhours=57052.34 corehours=3062.29 nodehours=3275.40 n_jobs=252 n_users=5 n_groups=6 n_accounts=5 
syshost=owens database=pbsacct year=2018 month=02 software=cp2k executables=None cpuhours=56752.09 corehours=55780.09 nodehours=2027.62 n_jobs=247 n_users=2 n_groups=1 n_accounts=1 
syshost=owens database=pbsacct year=2018 month=02 software=omen executables=None cpuhours=41491.81 corehours=16885.66 nodehours=5094.35 n_jobs=675 n_users=3 n_groups=2 n_accounts=2 
syshost=owens database=pbsacct year=2018 month=02 software=enzo executables=None cpuhours=41304.55 corehours=35376.44 nodehours=1475.16 n_jobs=698 n_users=1 n_groups=1 n_accounts=1 
syshost=owens database=pbsacct year=2018 month=02 software=gromacs executables=None cpuhours=41245.94 corehours=39527.20 nodehours=1879.23 n_jobs=313 n_users=11 n_groups=8 n_accounts=8 
syshost=owens database=pbsacct year=2018 month=02 software=gnuplot executables=None cpuhours=40547.19 corehours=40129.51 nodehours=3379.00 n_jobs=158 n_users=3 n_groups=3 n_accounts=3 
syshost=owens database=pbsacct year=2018 month=02 software=phase executables=None cpuhours=37882.71 corehours=37873.66 nodehours=37882.71 n_jobs=708 n_users=1 n_groups=1 n_accounts=1 
syshost=owens database=pbsacct year=2018 month=02 software=starccm executables=None cpuhours=36942.07 corehours=33690.31 nodehours=1085.02 n_jobs=565 n_users=8 n_groups=6 n_accounts=6 
syshost=owens database=pbsacct year=2018 month=02 software=lmf executables=None cpuhours=34120.39 corehours=34031.92 nodehours=1218.59 n_jobs=83 n_users=2 n_groups=2 n_accounts=3 
syshost=owens database=pbsacct year=2018 month=02 software=Rstudio executables=None cpuhours=33446.74 corehours=2753.83 nodehours=992.18 n_jobs=242 n_users=35 n_groups=24 n_accounts=25 
syshost=owens database=pbsacct year=2018 month=02 software=picrun executables=None cpuhours=33358.82 corehours=2441.84 nodehours=1466.28 n_jobs=261 n_users=1 n_groups=1 n_accounts=1 
syshost=owens database=pbsacct year=2018 month=02 software=eden executables=None cpuhours=32926.23 corehours=32840.31 nodehours=1176.07 n_jobs=67 n_users=1 n_groups=1 n_accounts=1 
syshost=owens database=pbsacct year=2018 month=02 software=bowtie executables=None cpuhours=31614.75 corehours=11722.41 nodehours=1767.64 n_jobs=1700 n_users=18 n_groups=11 n_accounts=11 
syshost=owens database=pbsacct year=2018 month=02 software=setsm executables=None cpuhours=27453.90 corehours=14204.57 nodehours=981.24 n_jobs=256 n_users=3 n_groups=1 n_accounts=1 
syshost=owens database=pbsacct year=2018 month=02 software=R executables=None cpuhours=24186.64 corehours=15760.63 nodehours=3092.06 n_jobs=742 n_users=19 n_groups=19 n_accounts=19 
syshost=owens database=pbsacct year=2018 month=02 software=hy3s executables=None cpuhours=22342.65 corehours=18999.62 nodehours=986.46 n_jobs=172 n_users=6 n_groups=6 n_accounts=6 
syshost=owens database=pbsacct year=2018 month=02 software=abinit executables=None cpuhours=21769.07 corehours=21176.53 nodehours=21141.63 n_jobs=1099 n_users=3 n_groups=2 n_accounts=2 
syshost=owens database=pbsacct year=2018 month=02 software=orca executables=None cpuhours=20417.76 corehours=19231.38 nodehours=729.21 n_jobs=262 n_users=3 n_groups=2 n_accounts=2 
syshost=owens database=pbsacct year=2018 month=02 software=nwchem executables=None cpuhours=19401.31 corehours=19373.40 nodehours=692.90 n_jobs=8 n_users=1 n_groups=1 n_accounts=1 
syshost=owens database=pbsacct year=2018 month=02 software=chimera executables=None cpuhours=18025.15 corehours=13808.23 nodehours=379.86 n_jobs=127 n_users=2 n_groups=2 n_accounts=2 
