syshost=owens database=pbsacct year=2018 month=05 software=namd executables=None cpuhours=3069267.84 corehours=3061502.37 nodehours=109754.99 n_jobs=2888 n_users=12 n_groups=6 n_accounts=6 
syshost=owens database=pbsacct year=2018 month=05 software=lammps executables=None cpuhours=2367781.41 corehours=2341953.83 nodehours=87998.10 n_jobs=3289 n_users=25 n_groups=13 n_accounts=12 
syshost=owens database=pbsacct year=2018 month=05 software=vasp executables=None cpuhours=1058780.59 corehours=1076549.86 nodehours=39054.34 n_jobs=5811 n_users=20 n_groups=7 n_accounts=8 
syshost=owens database=pbsacct year=2018 month=05 software=foam executables=None cpuhours=1006841.02 corehours=136049.81 nodehours=35958.61 n_jobs=628 n_users=2 n_groups=2 n_accounts=2 
syshost=owens database=pbsacct year=2018 month=05 software=a_out executables=None cpuhours=578744.14 corehours=577357.49 nodehours=21252.34 n_jobs=2397 n_users=13 n_groups=7 n_accounts=8 
syshost=owens database=pbsacct year=2018 month=05 software=molcas executables=None cpuhours=559265.99 corehours=261513.78 nodehours=106247.64 n_jobs=2924 n_users=5 n_groups=1 n_accounts=1 
syshost=owens database=pbsacct year=2018 month=05 software=gaussian executables=None cpuhours=521939.14 corehours=498222.93 nodehours=20244.63 n_jobs=3731 n_users=27 n_groups=17 n_accounts=17 
syshost=owens database=pbsacct year=2018 month=05 software=python executables=None cpuhours=359353.36 corehours=142893.82 nodehours=40258.84 n_jobs=10264 n_users=80 n_groups=51 n_accounts=52 
syshost=owens database=pbsacct year=2018 month=05 software=starccm executables=None cpuhours=349555.40 corehours=327373.89 nodehours=11808.74 n_jobs=493 n_users=9 n_groups=6 n_accounts=6 
syshost=owens database=pbsacct year=2018 month=05 software=ansys executables=None cpuhours=283887.27 corehours=181637.15 nodehours=8016.17 n_jobs=170 n_users=12 n_groups=10 n_accounts=10 
syshost=owens database=pbsacct year=2018 month=05 software=tapsim executables=None cpuhours=277507.00 corehours=277029.57 nodehours=9910.96 n_jobs=20 n_users=2 n_groups=1 n_accounts=1 
syshost=owens database=pbsacct year=2018 month=05 software=adf executables=None cpuhours=219813.37 corehours=181806.45 nodehours=171192.64 n_jobs=10361 n_users=15 n_groups=13 n_accounts=14 
syshost=owens database=pbsacct year=2018 month=05 software=inho executables=None cpuhours=193197.70 corehours=128769.18 nodehours=4891.33 n_jobs=67 n_users=1 n_groups=1 n_accounts=1 
syshost=owens database=pbsacct year=2018 month=05 software=multturb executables=None cpuhours=185559.58 corehours=182379.71 nodehours=30926.60 n_jobs=177 n_users=1 n_groups=1 n_accounts=2 
syshost=owens database=pbsacct year=2018 month=05 software=abaqus executables=None cpuhours=185025.72 corehours=96094.82 nodehours=6898.13 n_jobs=790 n_users=24 n_groups=12 n_accounts=12 
syshost=owens database=pbsacct year=2018 month=05 software=gromacs executables=None cpuhours=163098.49 corehours=161633.64 nodehours=6460.76 n_jobs=571 n_users=8 n_groups=5 n_accounts=5 
syshost=owens database=pbsacct year=2018 month=05 software=amber executables=None cpuhours=152384.11 corehours=134316.93 nodehours=13957.68 n_jobs=2006 n_users=7 n_groups=5 n_accounts=5 
syshost=owens database=pbsacct year=2018 month=05 software=cfl3d executables=None cpuhours=150316.06 corehours=147528.32 nodehours=5461.41 n_jobs=109 n_users=1 n_groups=1 n_accounts=1 
syshost=owens database=pbsacct year=2018 month=05 software=drone executables=None cpuhours=150265.27 corehours=148828.35 nodehours=5366.62 n_jobs=45 n_users=1 n_groups=1 n_accounts=1 
syshost=owens database=pbsacct year=2018 month=05 software=lmf executables=None cpuhours=146423.46 corehours=138028.08 nodehours=5620.87 n_jobs=397 n_users=2 n_groups=2 n_accounts=3 
syshost=owens database=pbsacct year=2018 month=05 software=vnc executables=None cpuhours=140394.98 corehours=5375.83 nodehours=4814.95 n_jobs=471 n_users=54 n_groups=37 n_accounts=39 
syshost=owens database=pbsacct year=2018 month=05 software=55_x executables=None cpuhours=129543.03 corehours=129289.98 nodehours=6028.89 n_jobs=144 n_users=3 n_groups=3 n_accounts=3 
syshost=owens database=pbsacct year=2018 month=05 software=R executables=None cpuhours=112694.36 corehours=26000.50 nodehours=4630.13 n_jobs=2918 n_users=23 n_groups=18 n_accounts=19 
syshost=owens database=pbsacct year=2018 month=05 software=ncbi executables=None cpuhours=112481.60 corehours=75332.03 nodehours=4285.92 n_jobs=3509 n_users=11 n_groups=2 n_accounts=3 
syshost=owens database=pbsacct year=2018 month=05 software=omen executables=None cpuhours=103419.26 corehours=42547.73 nodehours=4224.16 n_jobs=982 n_users=3 n_groups=2 n_accounts=2 
syshost=owens database=pbsacct year=2018 month=05 software=lsdyna executables=None cpuhours=96047.19 corehours=91683.88 nodehours=3443.98 n_jobs=86 n_users=5 n_groups=5 n_accounts=5 
syshost=owens database=pbsacct year=2018 month=05 software=fdl3di executables=None cpuhours=70115.97 corehours=64861.74 nodehours=2504.14 n_jobs=132 n_users=2 n_groups=2 n_accounts=3 
syshost=owens database=pbsacct year=2018 month=05 software=matlab executables=None cpuhours=68876.16 corehours=22243.06 nodehours=2335.37 n_jobs=648 n_users=40 n_groups=32 n_accounts=33 
syshost=owens database=pbsacct year=2018 month=05 software=qchem executables=None cpuhours=66370.16 corehours=22696.39 nodehours=2896.20 n_jobs=1142 n_users=7 n_groups=2 n_accounts=3 
syshost=owens database=pbsacct year=2018 month=05 software=bwa executables=None cpuhours=64087.44 corehours=7909.89 nodehours=4394.59 n_jobs=648 n_users=5 n_groups=3 n_accounts=4 
syshost=owens database=pbsacct year=2018 month=05 software=res executables=None cpuhours=56586.42 corehours=22767.19 nodehours=17529.93 n_jobs=1007 n_users=8 n_groups=7 n_accounts=7 
syshost=owens database=pbsacct year=2018 month=05 software=raspa executables=None cpuhours=49390.22 corehours=46080.56 nodehours=33752.47 n_jobs=3098 n_users=5 n_groups=1 n_accounts=1 
syshost=owens database=pbsacct year=2018 month=05 software=Rstudio executables=None cpuhours=43564.16 corehours=13639.22 nodehours=3171.12 n_jobs=295 n_users=29 n_groups=25 n_accounts=23 
syshost=owens database=pbsacct year=2018 month=05 software=wrf executables=None cpuhours=38691.02 corehours=34512.80 nodehours=1408.41 n_jobs=1067 n_users=4 n_groups=4 n_accounts=4 
syshost=owens database=pbsacct year=2018 month=05 software=cam executables=None cpuhours=36183.88 corehours=35979.99 nodehours=1292.28 n_jobs=12 n_users=3 n_groups=3 n_accounts=3 
syshost=owens database=pbsacct year=2018 month=05 software=setsm executables=None cpuhours=31190.12 corehours=21447.95 nodehours=1113.93 n_jobs=158 n_users=2 n_groups=1 n_accounts=1 
syshost=owens database=pbsacct year=2018 month=05 software=pop executables=None cpuhours=29082.74 corehours=26012.25 nodehours=1239.41 n_jobs=551 n_users=6 n_groups=6 n_accounts=7 
syshost=owens database=pbsacct year=2018 month=05 software=comsol executables=None cpuhours=23261.65 corehours=1723.68 nodehours=880.14 n_jobs=75 n_users=10 n_groups=9 n_accounts=9 
syshost=owens database=pbsacct year=2018 month=05 software=bam executables=None cpuhours=20204.81 corehours=1961.84 nodehours=1421.52 n_jobs=1971 n_users=16 n_groups=5 n_accounts=7 
syshost=owens database=pbsacct year=2018 month=05 software=eden executables=None cpuhours=19819.88 corehours=15643.85 nodehours=723.34 n_jobs=42 n_users=2 n_groups=2 n_accounts=2 
syshost=owens database=pbsacct year=2018 month=05 software=dock executables=None cpuhours=17841.30 corehours=2912.45 nodehours=658.11 n_jobs=35 n_users=1 n_groups=1 n_accounts=1 
syshost=owens database=pbsacct year=2018 month=05 software=bowtie executables=None cpuhours=16883.11 corehours=10745.59 nodehours=817.37 n_jobs=640 n_users=14 n_groups=7 n_accounts=9 
syshost=owens database=pbsacct year=2018 month=05 software=converge executables=None cpuhours=14412.41 corehours=14389.25 nodehours=514.73 n_jobs=8 n_users=1 n_groups=1 n_accounts=1 
syshost=owens database=pbsacct year=2018 month=05 software=milc executables=None cpuhours=8834.98 corehours=8816.58 nodehours=315.54 n_jobs=20 n_users=1 n_groups=1 n_accounts=1 
syshost=owens database=pbsacct year=2018 month=05 software=picrun executables=None cpuhours=8443.49 corehours=3579.45 nodehours=519.39 n_jobs=335 n_users=2 n_groups=1 n_accounts=1 
syshost=owens database=pbsacct year=2018 month=05 software=orca executables=None cpuhours=8390.31 corehours=7815.12 nodehours=1836.35 n_jobs=156 n_users=6 n_groups=5 n_accounts=5 
syshost=owens database=pbsacct year=2018 month=05 software=les_mpi executables=None cpuhours=8005.85 corehours=529.24 nodehours=572.45 n_jobs=612 n_users=2 n_groups=2 n_accounts=2 
syshost=owens database=pbsacct year=2018 month=05 software=run_xyzvort executables=None cpuhours=7820.11 corehours=3302.19 nodehours=421.81 n_jobs=433 n_users=8 n_groups=7 n_accounts=7 
syshost=owens database=pbsacct year=2018 month=05 software=zeo++ executables=None cpuhours=7751.79 corehours=709.53 nodehours=718.59 n_jobs=1424 n_users=1 n_groups=1 n_accounts=1 
syshost=owens database=pbsacct year=2018 month=05 software=swift executables=None cpuhours=7211.97 corehours=1646.68 nodehours=150.25 n_jobs=2 n_users=1 n_groups=1 n_accounts=1 
