syshost=owens database=pbsacct year=2018 month=12 software=lammps executables=None cpuhours=1448469.22 corehours=1485342.42 nodehours=63967.79 n_jobs=3815 n_users=17 n_groups=12 n_accounts=10 
syshost=owens database=pbsacct year=2018 month=12 software=python executables=None cpuhours=1328595.02 corehours=763200.83 nodehours=70003.00 n_jobs=18219 n_users=91 n_groups=57 n_accounts=59 
syshost=owens database=pbsacct year=2018 month=12 software=vasp executables=None cpuhours=1070230.36 corehours=729132.61 nodehours=44983.82 n_jobs=5312 n_users=34 n_groups=12 n_accounts=11 
syshost=owens database=pbsacct year=2018 month=12 software=starccm executables=None cpuhours=886031.78 corehours=842054.69 nodehours=31643.99 n_jobs=231 n_users=6 n_groups=6 n_accounts=6 
syshost=owens database=pbsacct year=2018 month=12 software=sigma executables=None cpuhours=795667.21 corehours=9.32 nodehours=28416.69 n_jobs=90 n_users=1 n_groups=1 n_accounts=1 
syshost=owens database=pbsacct year=2018 month=12 software=wrf executables=None cpuhours=731688.82 corehours=689907.18 nodehours=26136.81 n_jobs=156 n_users=5 n_groups=3 n_accounts=3 
syshost=owens database=pbsacct year=2018 month=12 software=inho executables=None cpuhours=386855.77 corehours=353961.04 nodehours=13847.10 n_jobs=55 n_users=2 n_groups=2 n_accounts=2 
syshost=owens database=pbsacct year=2018 month=12 software=gaussian executables=None cpuhours=277552.73 corehours=265009.95 nodehours=11364.04 n_jobs=3260 n_users=39 n_groups=19 n_accounts=20 
syshost=owens database=pbsacct year=2018 month=12 software=mexe executables=None cpuhours=213517.01 corehours=210992.12 nodehours=7625.61 n_jobs=64 n_users=1 n_groups=1 n_accounts=1 
syshost=owens database=pbsacct year=2018 month=12 software=FDTDxx executables=None cpuhours=203203.47 corehours=202135.49 nodehours=7257.27 n_jobs=143 n_users=1 n_groups=1 n_accounts=1 
syshost=owens database=pbsacct year=2018 month=12 software=gromacs executables=None cpuhours=200645.83 corehours=200096.19 nodehours=8360.78 n_jobs=271 n_users=8 n_groups=7 n_accounts=7 
syshost=owens database=pbsacct year=2018 month=12 software=amber executables=None cpuhours=194252.12 corehours=176826.61 nodehours=15374.57 n_jobs=4396 n_users=19 n_groups=14 n_accounts=14 
syshost=owens database=pbsacct year=2018 month=12 software=qchem executables=None cpuhours=185867.26 corehours=84069.84 nodehours=7584.39 n_jobs=10561 n_users=17 n_groups=5 n_accounts=5 
syshost=owens database=pbsacct year=2018 month=12 software=ansys executables=None cpuhours=180361.35 corehours=45985.91 nodehours=6920.51 n_jobs=268 n_users=18 n_groups=14 n_accounts=15 
syshost=owens database=pbsacct year=2018 month=12 software=foam executables=None cpuhours=150288.97 corehours=71742.65 nodehours=5370.42 n_jobs=244 n_users=5 n_groups=5 n_accounts=5 
syshost=owens database=pbsacct year=2018 month=12 software=a_out executables=None cpuhours=147441.23 corehours=144348.13 nodehours=6950.60 n_jobs=3381 n_users=15 n_groups=11 n_accounts=10 
syshost=owens database=pbsacct year=2018 month=12 software=vnc executables=None cpuhours=111228.45 corehours=4643.36 nodehours=3745.88 n_jobs=608 n_users=71 n_groups=51 n_accounts=48 
syshost=owens database=pbsacct year=2018 month=12 software=psi4 executables=None cpuhours=107566.78 corehours=49565.91 nodehours=3841.67 n_jobs=582 n_users=1 n_groups=1 n_accounts=1 
syshost=owens database=pbsacct year=2018 month=12 software=bam executables=None cpuhours=106760.32 corehours=31597.37 nodehours=3455.04 n_jobs=2903 n_users=18 n_groups=13 n_accounts=13 
syshost=owens database=pbsacct year=2018 month=12 software=bwa executables=None cpuhours=93118.68 corehours=7415.67 nodehours=6711.94 n_jobs=2190 n_users=9 n_groups=6 n_accounts=5 
syshost=owens database=pbsacct year=2018 month=12 software=R executables=None cpuhours=93072.20 corehours=48089.13 nodehours=4217.04 n_jobs=897 n_users=26 n_groups=22 n_accounts=22 
syshost=owens database=pbsacct year=2018 month=12 software=fdl3di executables=None cpuhours=82327.77 corehours=72087.46 nodehours=10525.07 n_jobs=121 n_users=3 n_groups=2 n_accounts=3 
syshost=owens database=pbsacct year=2018 month=12 software=raspa executables=None cpuhours=80028.98 corehours=79921.99 nodehours=80028.98 n_jobs=8702 n_users=5 n_groups=2 n_accounts=1 
syshost=owens database=pbsacct year=2018 month=12 software=matlab executables=None cpuhours=73183.61 corehours=21132.90 nodehours=4972.12 n_jobs=3976 n_users=52 n_groups=42 n_accounts=44 
syshost=owens database=pbsacct year=2018 month=12 software=bowtie executables=None cpuhours=62451.41 corehours=41499.96 nodehours=2855.41 n_jobs=834 n_users=12 n_groups=9 n_accounts=8 
syshost=owens database=pbsacct year=2018 month=12 software=ncl executables=None cpuhours=62319.64 corehours=48280.50 nodehours=2225.70 n_jobs=212 n_users=7 n_groups=3 n_accounts=4 
syshost=owens database=pbsacct year=2018 month=12 software=Rstudio executables=None cpuhours=61104.14 corehours=2220.92 nodehours=2542.69 n_jobs=360 n_users=48 n_groups=35 n_accounts=31 
syshost=owens database=pbsacct year=2018 month=12 software=ddmax executables=None cpuhours=56567.44 corehours=49126.17 nodehours=1319.04 n_jobs=50 n_users=1 n_groups=1 n_accounts=1 
syshost=owens database=pbsacct year=2018 month=12 software=spades executables=None cpuhours=50387.88 corehours=19330.74 nodehours=1442.13 n_jobs=80 n_users=5 n_groups=2 n_accounts=3 
syshost=owens database=pbsacct year=2018 month=12 software=pwscf executables=None cpuhours=48506.30 corehours=47782.32 nodehours=1761.33 n_jobs=453 n_users=3 n_groups=2 n_accounts=3 
syshost=owens database=pbsacct year=2018 month=12 software=milc executables=None cpuhours=47902.54 corehours=43835.12 nodehours=1872.96 n_jobs=59 n_users=2 n_groups=2 n_accounts=2 
syshost=owens database=pbsacct year=2018 month=12 software=ash executables=None cpuhours=47432.02 corehours=47422.02 nodehours=2377.75 n_jobs=118 n_users=2 n_groups=2 n_accounts=2 
syshost=owens database=pbsacct year=2018 month=12 software=fluent executables=None cpuhours=45770.59 corehours=28123.25 nodehours=3201.14 n_jobs=188 n_users=4 n_groups=3 n_accounts=3 
syshost=owens database=pbsacct year=2018 month=12 software=cam executables=None cpuhours=44846.45 corehours=32935.49 nodehours=1606.03 n_jobs=476 n_users=3 n_groups=3 n_accounts=3 
syshost=owens database=pbsacct year=2018 month=12 software=namd executables=None cpuhours=41661.08 corehours=41281.87 nodehours=1600.65 n_jobs=368 n_users=6 n_groups=4 n_accounts=3 
syshost=owens database=pbsacct year=2018 month=12 software=res executables=None cpuhours=40045.26 corehours=13548.71 nodehours=10500.47 n_jobs=2707 n_users=29 n_groups=13 n_accounts=12 
syshost=owens database=pbsacct year=2018 month=12 software=real_exe executables=None cpuhours=36431.78 corehours=28742.99 nodehours=1376.40 n_jobs=879 n_users=4 n_groups=3 n_accounts=3 
syshost=owens database=pbsacct year=2018 month=12 software=abaqus executables=None cpuhours=32578.12 corehours=17180.88 nodehours=1142.21 n_jobs=329 n_users=13 n_groups=8 n_accounts=8 
syshost=owens database=pbsacct year=2018 month=12 software=drone executables=None cpuhours=29527.94 corehours=29008.60 nodehours=3782.45 n_jobs=141 n_users=3 n_groups=2 n_accounts=2 
syshost=owens database=pbsacct year=2018 month=12 software=yt executables=None cpuhours=28531.99 corehours=1468.88 nodehours=1614.69 n_jobs=286 n_users=46 n_groups=24 n_accounts=23 
syshost=owens database=pbsacct year=2018 month=12 software=hy3s executables=None cpuhours=25454.94 corehours=2553.24 nodehours=1163.59 n_jobs=2177 n_users=6 n_groups=6 n_accounts=6 
syshost=owens database=pbsacct year=2018 month=12 software=abinit executables=None cpuhours=25351.80 corehours=23558.71 nodehours=1339.52 n_jobs=190 n_users=1 n_groups=1 n_accounts=1 
syshost=owens database=pbsacct year=2018 month=12 software=setsm executables=None cpuhours=24966.95 corehours=10464.05 nodehours=891.68 n_jobs=394 n_users=3 n_groups=3 n_accounts=2 
syshost=owens database=pbsacct year=2018 month=12 software=simulate executables=None cpuhours=20880.02 corehours=20861.91 nodehours=20880.02 n_jobs=3019 n_users=1 n_groups=1 n_accounts=1 
syshost=owens database=pbsacct year=2018 month=12 software=singularity executables=None cpuhours=18946.64 corehours=404.58 nodehours=471.43 n_jobs=19 n_users=2 n_groups=2 n_accounts=2 
syshost=owens database=pbsacct year=2018 month=12 software=lsdyna executables=None cpuhours=18492.49 corehours=17278.89 nodehours=741.69 n_jobs=241 n_users=7 n_groups=6 n_accounts=6 
syshost=owens database=pbsacct year=2018 month=12 software=sord executables=None cpuhours=15721.87 corehours=783.85 nodehours=786.09 n_jobs=603 n_users=1 n_groups=1 n_accounts=1 
syshost=owens database=pbsacct year=2018 month=12 software=AraSim executables=None cpuhours=14625.96 corehours=11701.79 nodehours=534.06 n_jobs=111 n_users=1 n_groups=1 n_accounts=1 
syshost=owens database=pbsacct year=2018 month=12 software=phonon executables=None cpuhours=14077.86 corehours=14017.12 nodehours=502.78 n_jobs=91 n_users=2 n_groups=2 n_accounts=2 
syshost=owens database=pbsacct year=2018 month=12 software=picrun executables=None cpuhours=13947.31 corehours=2224.00 nodehours=883.24 n_jobs=437 n_users=3 n_groups=1 n_accounts=1 
