syshost=pitzer database=pbsacct year=2018 month=12 software=lammps executables=None cpuhours=1710891.62 corehours=1704472.54 nodehours=43525.10 n_jobs=1187 n_users=10 n_groups=6 n_accounts=7 
syshost=pitzer database=pbsacct year=2018 month=12 software=bam executables=None cpuhours=555282.03 corehours=196832.07 nodehours=21855.82 n_jobs=646 n_users=3 n_groups=2 n_accounts=3 
syshost=pitzer database=pbsacct year=2018 month=12 software=vasp executables=None cpuhours=543253.40 corehours=538101.20 nodehours=13977.29 n_jobs=372 n_users=3 n_groups=3 n_accounts=3 
syshost=pitzer database=pbsacct year=2018 month=12 software=qchem executables=None cpuhours=451826.41 corehours=177817.54 nodehours=13116.14 n_jobs=1156 n_users=10 n_groups=5 n_accounts=6 
syshost=pitzer database=pbsacct year=2018 month=12 software=molcas executables=None cpuhours=296488.86 corehours=76257.74 nodehours=73708.69 n_jobs=770 n_users=3 n_groups=1 n_accounts=1 
syshost=pitzer database=pbsacct year=2018 month=12 software=namd executables=None cpuhours=253136.31 corehours=251697.39 nodehours=16108.78 n_jobs=720 n_users=3 n_groups=3 n_accounts=4 
syshost=pitzer database=pbsacct year=2018 month=12 software=gromacs executables=None cpuhours=203063.31 corehours=157644.96 nodehours=5076.60 n_jobs=1446 n_users=9 n_groups=6 n_accounts=6 
syshost=pitzer database=pbsacct year=2018 month=12 software=a_out executables=None cpuhours=174714.58 corehours=173450.92 nodehours=5581.04 n_jobs=497 n_users=4 n_groups=3 n_accounts=3 
syshost=pitzer database=pbsacct year=2018 month=12 software=raspa executables=None cpuhours=147861.95 corehours=147473.89 nodehours=147861.95 n_jobs=8388 n_users=4 n_groups=1 n_accounts=1 
syshost=pitzer database=pbsacct year=2018 month=12 software=beast executables=None cpuhours=128198.47 corehours=33564.31 nodehours=4578.52 n_jobs=2858 n_users=1 n_groups=1 n_accounts=2 
syshost=pitzer database=pbsacct year=2018 month=12 software=charmm executables=None cpuhours=121082.23 corehours=120268.90 nodehours=3027.06 n_jobs=47 n_users=1 n_groups=1 n_accounts=1 
syshost=pitzer database=pbsacct year=2018 month=12 software=python executables=None cpuhours=44380.41 corehours=11027.48 nodehours=8834.73 n_jobs=976 n_users=25 n_groups=18 n_accounts=21 
syshost=pitzer database=pbsacct year=2018 month=12 software=v2 executables=None cpuhours=40587.06 corehours=40363.53 nodehours=40587.06 n_jobs=23977 n_users=1 n_groups=1 n_accounts=2 
syshost=pitzer database=pbsacct year=2018 month=12 software=pwscf executables=None cpuhours=37833.43 corehours=37012.41 nodehours=1352.00 n_jobs=807 n_users=2 n_groups=2 n_accounts=2 
syshost=pitzer database=pbsacct year=2018 month=12 software=starccm executables=None cpuhours=29070.93 corehours=28625.01 nodehours=726.77 n_jobs=12 n_users=1 n_groups=1 n_accounts=1 
syshost=pitzer database=pbsacct year=2018 month=12 software=milc executables=None cpuhours=20481.78 corehours=20317.37 nodehours=512.19 n_jobs=13 n_users=2 n_groups=2 n_accounts=2 
syshost=pitzer database=pbsacct year=2018 month=12 software=AraSim executables=None cpuhours=16568.91 corehours=12901.45 nodehours=417.12 n_jobs=106 n_users=2 n_groups=2 n_accounts=2 
syshost=pitzer database=pbsacct year=2018 month=12 software=hy3s executables=None cpuhours=15995.11 corehours=1574.51 nodehours=534.86 n_jobs=39 n_users=2 n_groups=2 n_accounts=2 
syshost=pitzer database=pbsacct year=2018 month=12 software=lobster executables=None cpuhours=13791.76 corehours=13745.25 nodehours=344.79 n_jobs=3 n_users=1 n_groups=1 n_accounts=1 
syshost=pitzer database=pbsacct year=2018 month=12 software=phonon executables=None cpuhours=11261.48 corehours=11223.67 nodehours=282.42 n_jobs=56 n_users=1 n_groups=1 n_accounts=1 
syshost=pitzer database=pbsacct year=2018 month=12 software=vnc executables=None cpuhours=9886.33 corehours=374.26 nodehours=222.38 n_jobs=63 n_users=18 n_groups=16 n_accounts=16 
syshost=pitzer database=pbsacct year=2018 month=12 software=siesta executables=None cpuhours=9196.62 corehours=9082.84 nodehours=259.45 n_jobs=43 n_users=2 n_groups=2 n_accounts=2 
syshost=pitzer database=pbsacct year=2018 month=12 software=dock executables=None cpuhours=8149.31 corehours=4500.66 nodehours=4195.69 n_jobs=155 n_users=1 n_groups=1 n_accounts=2 
syshost=pitzer database=pbsacct year=2018 month=12 software=grib executables=None cpuhours=7636.12 corehours=1393.44 nodehours=273.53 n_jobs=29 n_users=2 n_groups=2 n_accounts=2 
syshost=pitzer database=pbsacct year=2018 month=12 software=amber executables=None cpuhours=7159.08 corehours=6821.56 nodehours=794.56 n_jobs=1123 n_users=7 n_groups=5 n_accounts=6 
syshost=pitzer database=pbsacct year=2018 month=12 software=cfour executables=None cpuhours=6660.76 corehours=660.96 nodehours=166.52 n_jobs=1 n_users=1 n_groups=1 n_accounts=1 
syshost=pitzer database=pbsacct year=2018 month=12 software=gtc executables=None cpuhours=5769.32 corehours=1644.30 nodehours=1442.33 n_jobs=280 n_users=1 n_groups=1 n_accounts=1 
syshost=pitzer database=pbsacct year=2018 month=12 software=wrf executables=None cpuhours=5748.61 corehours=5725.56 nodehours=143.74 n_jobs=43 n_users=1 n_groups=1 n_accounts=1 
syshost=pitzer database=pbsacct year=2018 month=12 software=ncl executables=None cpuhours=5709.26 corehours=5645.52 nodehours=142.73 n_jobs=20 n_users=1 n_groups=1 n_accounts=1 
syshost=pitzer database=pbsacct year=2018 month=12 software=real_exe executables=None cpuhours=4505.03 corehours=3232.74 nodehours=145.20 n_jobs=4817 n_users=2 n_groups=1 n_accounts=1 
syshost=pitzer database=pbsacct year=2018 month=12 software=padc executables=None cpuhours=4268.80 corehours=4254.26 nodehours=106.72 n_jobs=2 n_users=1 n_groups=1 n_accounts=1 
syshost=pitzer database=pbsacct year=2018 month=12 software=hpl executables=None cpuhours=3313.78 corehours=3015.20 nodehours=82.12 n_jobs=266 n_users=1 n_groups=1 n_accounts=1 
syshost=pitzer database=pbsacct year=2018 month=12 software=mexe executables=None cpuhours=2457.11 corehours=2444.23 nodehours=61.43 n_jobs=1 n_users=1 n_groups=1 n_accounts=1 
syshost=pitzer database=pbsacct year=2018 month=12 software=yt executables=None cpuhours=2157.72 corehours=32.83 nodehours=177.89 n_jobs=34 n_users=7 n_groups=7 n_accounts=6 
syshost=pitzer database=pbsacct year=2018 month=12 software=elk executables=None cpuhours=1741.65 corehours=543.43 nodehours=591.74 n_jobs=13 n_users=1 n_groups=1 n_accounts=1 
syshost=pitzer database=pbsacct year=2018 month=12 software=samtools executables=None cpuhours=1474.11 corehours=611.59 nodehours=440.66 n_jobs=493 n_users=2 n_groups=2 n_accounts=3 
syshost=pitzer database=pbsacct year=2018 month=12 software=gaussian executables=None cpuhours=1416.85 corehours=1127.98 nodehours=44.90 n_jobs=264 n_users=10 n_groups=10 n_accounts=11 
syshost=pitzer database=pbsacct year=2018 month=12 software=R executables=None cpuhours=1314.99 corehours=1235.91 nodehours=18.83 n_jobs=29 n_users=3 n_groups=3 n_accounts=3 
syshost=pitzer database=pbsacct year=2018 month=12 software=bowtie executables=None cpuhours=922.92 corehours=598.08 nodehours=33.00 n_jobs=34 n_users=2 n_groups=2 n_accounts=2 
syshost=pitzer database=pbsacct year=2018 month=12 software=matlab executables=None cpuhours=686.72 corehours=67.50 nodehours=47.08 n_jobs=69 n_users=5 n_groups=4 n_accounts=4 
syshost=pitzer database=pbsacct year=2018 month=12 software=hmc executables=None cpuhours=565.51 corehours=563.35 nodehours=206.44 n_jobs=36 n_users=1 n_groups=1 n_accounts=1 
syshost=pitzer database=pbsacct year=2018 month=12 software=nscale executables=None cpuhours=534.22 corehours=401.17 nodehours=534.22 n_jobs=26 n_users=1 n_groups=1 n_accounts=1 
syshost=pitzer database=pbsacct year=2018 month=12 software=mustem executables=None cpuhours=431.92 corehours=387.93 nodehours=11.25 n_jobs=479 n_users=1 n_groups=1 n_accounts=1 
syshost=pitzer database=pbsacct year=2018 month=12 software=s4kt executables=None cpuhours=415.76 corehours=386.22 nodehours=415.76 n_jobs=1521 n_users=1 n_groups=1 n_accounts=1 
syshost=pitzer database=pbsacct year=2018 month=12 software=55_x executables=None cpuhours=377.12 corehours=95.63 nodehours=11.55 n_jobs=14 n_users=2 n_groups=2 n_accounts=2 
syshost=pitzer database=pbsacct year=2018 month=12 software=adf executables=None cpuhours=354.04 corehours=78.84 nodehours=8.85 n_jobs=64 n_users=4 n_groups=4 n_accounts=4 
syshost=pitzer database=pbsacct year=2018 month=12 software=lfm executables=None cpuhours=336.02 corehours=209.43 nodehours=168.01 n_jobs=2 n_users=1 n_groups=1 n_accounts=1 
syshost=pitzer database=pbsacct year=2018 month=12 software=LowFreqPower executables=None cpuhours=289.76 corehours=242.56 nodehours=289.76 n_jobs=11009 n_users=1 n_groups=1 n_accounts=1 
syshost=pitzer database=pbsacct year=2018 month=12 software=reframe executables=None cpuhours=274.41 corehours=65.05 nodehours=8.38 n_jobs=1026 n_users=3 n_groups=2 n_accounts=2 
syshost=pitzer database=pbsacct year=2018 month=12 software=run_xyzvort executables=None cpuhours=130.39 corehours=87.57 nodehours=91.06 n_jobs=1147 n_users=2 n_groups=2 n_accounts=2 
