syshost=owens database=pbsacct year=2018 month=11 software=python executables=None cpuhours=1146869.04 corehours=559865.15 nodehours=73412.62 n_jobs=18351 n_users=101 n_groups=71 n_accounts=66 
syshost=owens database=pbsacct year=2018 month=11 software=fdl3di executables=None cpuhours=1076127.86 corehours=951385.63 nodehours=44309.58 n_jobs=219 n_users=2 n_groups=2 n_accounts=2 
syshost=owens database=pbsacct year=2018 month=11 software=vasp executables=None cpuhours=995645.89 corehours=835153.11 nodehours=38621.57 n_jobs=4496 n_users=46 n_groups=15 n_accounts=16 
syshost=owens database=pbsacct year=2018 month=11 software=abinit executables=None cpuhours=909673.20 corehours=901048.50 nodehours=43807.44 n_jobs=2462 n_users=2 n_groups=2 n_accounts=2 
syshost=owens database=pbsacct year=2018 month=11 software=lammps executables=None cpuhours=714379.14 corehours=738952.41 nodehours=36150.19 n_jobs=2895 n_users=24 n_groups=12 n_accounts=10 
syshost=owens database=pbsacct year=2018 month=11 software=starccm executables=None cpuhours=687612.22 corehours=628198.34 nodehours=24557.73 n_jobs=503 n_users=8 n_groups=8 n_accounts=8 
syshost=owens database=pbsacct year=2018 month=11 software=sigma executables=None cpuhours=608922.38 corehours=76.38 nodehours=21747.23 n_jobs=138 n_users=2 n_groups=2 n_accounts=2 
syshost=owens database=pbsacct year=2018 month=11 software=gaussian executables=None cpuhours=558518.98 corehours=515893.39 nodehours=20232.25 n_jobs=2817 n_users=35 n_groups=19 n_accounts=18 
syshost=owens database=pbsacct year=2018 month=11 software=inho executables=None cpuhours=399950.22 corehours=292848.44 nodehours=14309.94 n_jobs=67 n_users=3 n_groups=2 n_accounts=2 
syshost=owens database=pbsacct year=2018 month=11 software=namd executables=None cpuhours=270565.50 corehours=269601.79 nodehours=9667.03 n_jobs=246 n_users=6 n_groups=3 n_accounts=3 
syshost=owens database=pbsacct year=2018 month=11 software=R executables=None cpuhours=242180.47 corehours=220968.62 nodehours=9804.46 n_jobs=1317 n_users=39 n_groups=25 n_accounts=25 
syshost=owens database=pbsacct year=2018 month=11 software=ansys executables=None cpuhours=238609.92 corehours=65038.94 nodehours=11137.20 n_jobs=349 n_users=18 n_groups=14 n_accounts=14 
syshost=owens database=pbsacct year=2018 month=11 software=qchem executables=None cpuhours=227890.40 corehours=114612.22 nodehours=8712.41 n_jobs=8925 n_users=19 n_groups=5 n_accounts=5 
syshost=owens database=pbsacct year=2018 month=11 software=foam executables=None cpuhours=224218.23 corehours=56388.10 nodehours=8008.06 n_jobs=181 n_users=4 n_groups=4 n_accounts=4 
syshost=owens database=pbsacct year=2018 month=11 software=THREEDHBL_hybridsol executables=None cpuhours=223484.33 corehours=222661.87 nodehours=7981.58 n_jobs=8 n_users=1 n_groups=1 n_accounts=1 
syshost=owens database=pbsacct year=2018 month=11 software=comsol executables=None cpuhours=218959.26 corehours=1203.06 nodehours=7817.27 n_jobs=53 n_users=9 n_groups=8 n_accounts=8 
syshost=owens database=pbsacct year=2018 month=11 software=wrf executables=None cpuhours=196302.36 corehours=185542.69 nodehours=7413.13 n_jobs=656 n_users=5 n_groups=3 n_accounts=3 
syshost=owens database=pbsacct year=2018 month=11 software=matlab executables=None cpuhours=183341.17 corehours=69324.44 nodehours=12902.76 n_jobs=15537 n_users=58 n_groups=49 n_accounts=47 
syshost=owens database=pbsacct year=2018 month=11 software=arts executables=None cpuhours=176439.08 corehours=167277.97 nodehours=6301.40 n_jobs=25 n_users=1 n_groups=1 n_accounts=1 
syshost=owens database=pbsacct year=2018 month=11 software=amber executables=None cpuhours=163786.87 corehours=147968.23 nodehours=11649.86 n_jobs=2339 n_users=11 n_groups=11 n_accounts=11 
syshost=owens database=pbsacct year=2018 month=11 software=abaqus executables=None cpuhours=154482.88 corehours=41003.29 nodehours=5427.92 n_jobs=697 n_users=15 n_groups=9 n_accounts=9 
syshost=owens database=pbsacct year=2018 month=11 software=ncl executables=None cpuhours=153041.25 corehours=151322.33 nodehours=5521.42 n_jobs=339 n_users=12 n_groups=7 n_accounts=7 
syshost=owens database=pbsacct year=2018 month=11 software=cam executables=None cpuhours=136844.68 corehours=40523.66 nodehours=4895.30 n_jobs=233 n_users=8 n_groups=6 n_accounts=5 
syshost=owens database=pbsacct year=2018 month=11 software=vnc executables=None cpuhours=135244.25 corehours=5453.42 nodehours=4743.47 n_jobs=880 n_users=84 n_groups=51 n_accounts=51 
syshost=owens database=pbsacct year=2018 month=11 software=raspa executables=None cpuhours=127831.53 corehours=126561.08 nodehours=127831.53 n_jobs=16171 n_users=6 n_groups=2 n_accounts=1 
syshost=owens database=pbsacct year=2018 month=11 software=gromacs executables=None cpuhours=114000.67 corehours=111438.27 nodehours=5894.29 n_jobs=688 n_users=10 n_groups=6 n_accounts=6 
syshost=owens database=pbsacct year=2018 month=11 software=charmm executables=None cpuhours=113893.22 corehours=107324.24 nodehours=4069.71 n_jobs=362 n_users=1 n_groups=1 n_accounts=1 
syshost=owens database=pbsacct year=2018 month=11 software=a_out executables=None cpuhours=112892.18 corehours=101184.01 nodehours=4122.91 n_jobs=6978 n_users=39 n_groups=11 n_accounts=10 
syshost=owens database=pbsacct year=2018 month=11 software=adf executables=None cpuhours=90310.62 corehours=86197.99 nodehours=88447.61 n_jobs=7679 n_users=22 n_groups=21 n_accounts=20 
syshost=owens database=pbsacct year=2018 month=11 software=molcas executables=None cpuhours=82161.65 corehours=36307.81 nodehours=32619.85 n_jobs=1814 n_users=3 n_groups=1 n_accounts=1 
syshost=owens database=pbsacct year=2018 month=11 software=picard executables=None cpuhours=78652.23 corehours=11273.18 nodehours=2816.13 n_jobs=1386 n_users=2 n_groups=2 n_accounts=1 
syshost=owens database=pbsacct year=2018 month=11 software=milc executables=None cpuhours=73921.37 corehours=26771.02 nodehours=3049.34 n_jobs=839 n_users=2 n_groups=2 n_accounts=2 
syshost=owens database=pbsacct year=2018 month=11 software=pwscf executables=None cpuhours=71621.93 corehours=71249.07 nodehours=2601.70 n_jobs=727 n_users=7 n_groups=6 n_accounts=8 
syshost=owens database=pbsacct year=2018 month=11 software=multturb executables=None cpuhours=67164.92 corehours=66849.41 nodehours=35881.05 n_jobs=883 n_users=1 n_groups=1 n_accounts=1 
syshost=owens database=pbsacct year=2018 month=11 software=bwa executables=None cpuhours=56273.07 corehours=4326.55 nodehours=4368.62 n_jobs=4068 n_users=4 n_groups=4 n_accounts=4 
syshost=owens database=pbsacct year=2018 month=11 software=yt executables=None cpuhours=55260.31 corehours=5856.32 nodehours=4610.13 n_jobs=826 n_users=74 n_groups=40 n_accounts=37 
syshost=owens database=pbsacct year=2018 month=11 software=padc executables=None cpuhours=55256.99 corehours=55089.10 nodehours=1973.47 n_jobs=18 n_users=1 n_groups=1 n_accounts=1 
syshost=owens database=pbsacct year=2018 month=11 software=Rstudio executables=None cpuhours=47964.32 corehours=889.05 nodehours=2514.99 n_jobs=453 n_users=64 n_groups=42 n_accounts=37 
syshost=owens database=pbsacct year=2018 month=11 software=FDTDxx executables=None cpuhours=45987.54 corehours=45820.21 nodehours=1642.41 n_jobs=25 n_users=1 n_groups=1 n_accounts=1 
syshost=owens database=pbsacct year=2018 month=11 software=mexe executables=None cpuhours=44650.71 corehours=44480.86 nodehours=1594.67 n_jobs=23 n_users=1 n_groups=1 n_accounts=1 
syshost=owens database=pbsacct year=2018 month=11 software=nwchem executables=None cpuhours=30195.48 corehours=30058.22 nodehours=1092.54 n_jobs=108 n_users=2 n_groups=2 n_accounts=2 
syshost=owens database=pbsacct year=2018 month=11 software=drone executables=None cpuhours=26861.41 corehours=26663.17 nodehours=959.34 n_jobs=11 n_users=1 n_groups=1 n_accounts=1 
syshost=owens database=pbsacct year=2018 month=11 software=fluent executables=None cpuhours=25782.71 corehours=4614.32 nodehours=920.81 n_jobs=86 n_users=4 n_groups=3 n_accounts=3 
syshost=owens database=pbsacct year=2018 month=11 software=bowtie executables=None cpuhours=23891.09 corehours=12291.46 nodehours=1231.59 n_jobs=1103 n_users=15 n_groups=10 n_accounts=11 
syshost=owens database=pbsacct year=2018 month=11 software=cosmosis executables=None cpuhours=22927.35 corehours=22865.21 nodehours=818.83 n_jobs=10 n_users=1 n_groups=1 n_accounts=1 
syshost=owens database=pbsacct year=2018 month=11 software=gtc executables=None cpuhours=22363.80 corehours=7337.13 nodehours=4439.86 n_jobs=795 n_users=4 n_groups=3 n_accounts=3 
syshost=owens database=pbsacct year=2018 month=11 software=spades executables=None cpuhours=20270.47 corehours=12019.92 nodehours=726.60 n_jobs=28 n_users=5 n_groups=4 n_accounts=3 
syshost=owens database=pbsacct year=2018 month=11 software=bam executables=None cpuhours=17868.80 corehours=2491.01 nodehours=813.93 n_jobs=1882 n_users=13 n_groups=10 n_accounts=10 
syshost=owens database=pbsacct year=2018 month=11 software=coarsen executables=None cpuhours=16435.07 corehours=9081.22 nodehours=586.97 n_jobs=12 n_users=1 n_groups=1 n_accounts=1 
syshost=owens database=pbsacct year=2018 month=11 software=simulate executables=None cpuhours=16126.77 corehours=16101.78 nodehours=16126.77 n_jobs=9995 n_users=1 n_groups=1 n_accounts=1 
