syshost=owens database=pbsacct year=2018 month=01 software=namd executables=None cpuhours=1686435.75 corehours=1679050.15 nodehours=62055.86 n_jobs=1876 n_users=10 n_groups=6 n_accounts=6 
syshost=owens database=pbsacct year=2018 month=01 software=lammps executables=None cpuhours=1512232.70 corehours=1491553.32 nodehours=55603.32 n_jobs=3745 n_users=26 n_groups=10 n_accounts=12 
syshost=owens database=pbsacct year=2018 month=01 software=gaussian executables=None cpuhours=993286.49 corehours=912134.09 nodehours=36110.96 n_jobs=4447 n_users=26 n_groups=15 n_accounts=13 
syshost=owens database=pbsacct year=2018 month=01 software=matlab executables=None cpuhours=786579.13 corehours=151736.65 nodehours=37025.22 n_jobs=2821 n_users=34 n_groups=27 n_accounts=30 
syshost=owens database=pbsacct year=2018 month=01 software=gromacs executables=None cpuhours=771486.34 corehours=698485.78 nodehours=67543.84 n_jobs=23833 n_users=12 n_groups=8 n_accounts=8 
syshost=owens database=pbsacct year=2018 month=01 software=vasp executables=None cpuhours=657159.59 corehours=558768.45 nodehours=33880.44 n_jobs=6070 n_users=20 n_groups=8 n_accounts=9 
syshost=owens database=pbsacct year=2018 month=01 software=a_out executables=None cpuhours=632036.03 corehours=624263.06 nodehours=25751.53 n_jobs=678 n_users=11 n_groups=6 n_accounts=7 
syshost=owens database=pbsacct year=2018 month=01 software=foam executables=None cpuhours=595262.45 corehours=82639.73 nodehours=21259.44 n_jobs=719 n_users=3 n_groups=3 n_accounts=3 
syshost=owens database=pbsacct year=2018 month=01 software=molcas executables=None cpuhours=544438.02 corehours=249062.64 nodehours=113808.80 n_jobs=10993 n_users=4 n_groups=1 n_accounts=1 
syshost=owens database=pbsacct year=2018 month=01 software=tapsim executables=None cpuhours=345060.67 corehours=342105.15 nodehours=12323.60 n_jobs=46 n_users=2 n_groups=1 n_accounts=1 
syshost=owens database=pbsacct year=2018 month=01 software=adf executables=None cpuhours=323979.07 corehours=309310.30 nodehours=146481.15 n_jobs=8694 n_users=14 n_groups=13 n_accounts=14 
syshost=owens database=pbsacct year=2018 month=01 software=python executables=None cpuhours=296574.67 corehours=152360.21 nodehours=24167.98 n_jobs=6125 n_users=59 n_groups=41 n_accounts=42 
syshost=owens database=pbsacct year=2018 month=01 software=abaqus executables=None cpuhours=243123.16 corehours=53700.09 nodehours=9833.07 n_jobs=467 n_users=17 n_groups=14 n_accounts=14 
syshost=owens database=pbsacct year=2018 month=01 software=run_im executables=None cpuhours=238640.49 corehours=42028.47 nodehours=11914.19 n_jobs=4756 n_users=4 n_groups=4 n_accounts=4 
syshost=owens database=pbsacct year=2018 month=01 software=raspa executables=None cpuhours=230133.19 corehours=225287.33 nodehours=183141.36 n_jobs=6059 n_users=8 n_groups=1 n_accounts=2 
syshost=owens database=pbsacct year=2018 month=01 software=lsp executables=None cpuhours=193524.23 corehours=183521.42 nodehours=6943.80 n_jobs=258 n_users=2 n_groups=1 n_accounts=2 
syshost=owens database=pbsacct year=2018 month=01 software=postH executables=None cpuhours=156978.27 corehours=11491.16 nodehours=5836.26 n_jobs=1843 n_users=1 n_groups=1 n_accounts=1 
syshost=owens database=pbsacct year=2018 month=01 software=cfl3d executables=None cpuhours=151720.88 corehours=148852.12 nodehours=6207.52 n_jobs=692 n_users=1 n_groups=1 n_accounts=2 
syshost=owens database=pbsacct year=2018 month=01 software=les_mpi executables=None cpuhours=141068.28 corehours=13402.94 nodehours=5832.19 n_jobs=8961 n_users=1 n_groups=1 n_accounts=2 
syshost=owens database=pbsacct year=2018 month=01 software=multturb executables=None cpuhours=121453.45 corehours=119334.19 nodehours=60054.70 n_jobs=408 n_users=1 n_groups=1 n_accounts=2 
syshost=owens database=pbsacct year=2018 month=01 software=res executables=None cpuhours=101662.93 corehours=95603.03 nodehours=3737.56 n_jobs=457 n_users=14 n_groups=13 n_accounts=13 
syshost=owens database=pbsacct year=2018 month=01 software=phase executables=None cpuhours=97278.40 corehours=97106.55 nodehours=97278.40 n_jobs=1916 n_users=1 n_groups=1 n_accounts=1 
syshost=owens database=pbsacct year=2018 month=01 software=drone executables=None cpuhours=91320.91 corehours=90009.74 nodehours=3718.17 n_jobs=53 n_users=2 n_groups=1 n_accounts=1 
syshost=owens database=pbsacct year=2018 month=01 software=fdl3di executables=None cpuhours=81427.60 corehours=81230.68 nodehours=2911.21 n_jobs=65 n_users=2 n_groups=1 n_accounts=2 
syshost=owens database=pbsacct year=2018 month=01 software=vnc executables=None cpuhours=71565.58 corehours=11341.35 nodehours=2553.80 n_jobs=412 n_users=56 n_groups=40 n_accounts=39 
syshost=owens database=pbsacct year=2018 month=01 software=run_xyzvort executables=None cpuhours=64947.52 corehours=60254.47 nodehours=2325.73 n_jobs=273 n_users=4 n_groups=4 n_accounts=4 
syshost=owens database=pbsacct year=2018 month=01 software=yt executables=None cpuhours=64397.60 corehours=50640.40 nodehours=2427.91 n_jobs=239 n_users=34 n_groups=24 n_accounts=26 
syshost=owens database=pbsacct year=2018 month=01 software=Rstudio executables=None cpuhours=62218.58 corehours=9326.77 nodehours=1810.41 n_jobs=451 n_users=26 n_groups=22 n_accounts=23 
syshost=owens database=pbsacct year=2018 month=01 software=coarsen executables=None cpuhours=58797.90 corehours=18731.33 nodehours=1672.20 n_jobs=162 n_users=1 n_groups=1 n_accounts=1 
syshost=owens database=pbsacct year=2018 month=01 software=amber executables=None cpuhours=53769.09 corehours=3620.65 nodehours=2753.47 n_jobs=334 n_users=8 n_groups=6 n_accounts=6 
syshost=owens database=pbsacct year=2018 month=01 software=inho executables=None cpuhours=50168.88 corehours=36557.01 nodehours=1045.19 n_jobs=35 n_users=2 n_groups=2 n_accounts=2 
syshost=owens database=pbsacct year=2018 month=01 software=milc executables=None cpuhours=40649.17 corehours=37679.34 nodehours=5193.50 n_jobs=149 n_users=2 n_groups=2 n_accounts=2 
syshost=owens database=pbsacct year=2018 month=01 software=hy3s executables=None cpuhours=40303.30 corehours=30656.50 nodehours=1585.12 n_jobs=562 n_users=7 n_groups=6 n_accounts=6 
syshost=owens database=pbsacct year=2018 month=01 software=picrun executables=None cpuhours=38185.81 corehours=2385.74 nodehours=1476.22 n_jobs=196 n_users=1 n_groups=1 n_accounts=1 
syshost=owens database=pbsacct year=2018 month=01 software=setsm executables=None cpuhours=36178.64 corehours=21576.21 nodehours=1292.20 n_jobs=335 n_users=3 n_groups=1 n_accounts=1 
syshost=owens database=pbsacct year=2018 month=01 software=starccm executables=None cpuhours=32817.43 corehours=31819.81 nodehours=1086.86 n_jobs=132 n_users=7 n_groups=4 n_accounts=4 
syshost=owens database=pbsacct year=2018 month=01 software=bowtie executables=None cpuhours=30333.17 corehours=11813.24 nodehours=1600.65 n_jobs=576 n_users=12 n_groups=8 n_accounts=9 
syshost=owens database=pbsacct year=2018 month=01 software=iedg_mpi_multidomain executables=None cpuhours=30109.86 corehours=23976.23 nodehours=749.12 n_jobs=159 n_users=1 n_groups=1 n_accounts=1 
syshost=owens database=pbsacct year=2018 month=01 software=gyro executables=None cpuhours=29782.69 corehours=2126.92 nodehours=2127.34 n_jobs=200 n_users=1 n_groups=1 n_accounts=1 
syshost=owens database=pbsacct year=2018 month=01 software=lsdyna executables=None cpuhours=29034.28 corehours=28977.71 nodehours=2055.24 n_jobs=62 n_users=6 n_groups=2 n_accounts=2 
syshost=owens database=pbsacct year=2018 month=01 software=converge executables=None cpuhours=26969.24 corehours=26689.25 nodehours=963.22 n_jobs=32 n_users=1 n_groups=1 n_accounts=1 
syshost=owens database=pbsacct year=2018 month=01 software=bwa executables=None cpuhours=26702.68 corehours=4672.46 nodehours=3202.01 n_jobs=1063 n_users=9 n_groups=6 n_accounts=5 
syshost=owens database=pbsacct year=2018 month=01 software=R executables=None cpuhours=26655.04 corehours=3613.69 nodehours=3223.27 n_jobs=1595 n_users=20 n_groups=19 n_accounts=21 
syshost=owens database=pbsacct year=2018 month=01 software=ncl executables=None cpuhours=26222.74 corehours=24632.47 nodehours=913.47 n_jobs=430 n_users=6 n_groups=4 n_accounts=4 
syshost=owens database=pbsacct year=2018 month=01 software=lmf executables=None cpuhours=23286.80 corehours=23111.76 nodehours=831.67 n_jobs=54 n_users=1 n_groups=1 n_accounts=2 
syshost=owens database=pbsacct year=2018 month=01 software=spades executables=None cpuhours=23273.62 corehours=4336.09 nodehours=486.33 n_jobs=34 n_users=3 n_groups=1 n_accounts=2 
syshost=owens database=pbsacct year=2018 month=01 software=qchem executables=None cpuhours=21951.75 corehours=10381.97 nodehours=784.98 n_jobs=243 n_users=7 n_groups=2 n_accounts=2 
syshost=owens database=pbsacct year=2018 month=01 software=rosetta executables=None cpuhours=20226.55 corehours=20107.10 nodehours=7650.51 n_jobs=2294 n_users=2 n_groups=1 n_accounts=1 
syshost=owens database=pbsacct year=2018 month=01 software=tRNAscan-SE executables=None cpuhours=20112.93 corehours=793.54 nodehours=803.01 n_jobs=20 n_users=1 n_groups=1 n_accounts=1 
syshost=owens database=pbsacct year=2018 month=01 software=xgc executables=None cpuhours=15239.67 corehours=15185.38 nodehours=14530.36 n_jobs=528 n_users=2 n_groups=1 n_accounts=1 
