syshost=owens database=pbsacct year=2018 month=09 software=lammps executables=None cpuhours=1489055.60 corehours=1463462.24 nodehours=57116.85 n_jobs=7057 n_users=21 n_groups=11 n_accounts=11 
syshost=owens database=pbsacct year=2018 month=09 software=namd executables=None cpuhours=1319709.80 corehours=1345947.74 nodehours=48246.39 n_jobs=1565 n_users=17 n_groups=8 n_accounts=8 
syshost=owens database=pbsacct year=2018 month=09 software=python executables=None cpuhours=1206493.72 corehours=655646.59 nodehours=61566.34 n_jobs=21126 n_users=78 n_groups=54 n_accounts=58 
syshost=owens database=pbsacct year=2018 month=09 software=vasp executables=None cpuhours=1144171.45 corehours=808542.70 nodehours=50162.76 n_jobs=4177 n_users=28 n_groups=11 n_accounts=11 
syshost=owens database=pbsacct year=2018 month=09 software=starccm executables=None cpuhours=650998.34 corehours=614186.24 nodehours=21122.49 n_jobs=537 n_users=8 n_groups=7 n_accounts=7 
syshost=owens database=pbsacct year=2018 month=09 software=ncl executables=None cpuhours=558950.68 corehours=556656.57 nodehours=19963.63 n_jobs=450 n_users=7 n_groups=6 n_accounts=6 
syshost=owens database=pbsacct year=2018 month=09 software=gaussian executables=None cpuhours=424591.43 corehours=408103.50 nodehours=16197.70 n_jobs=3616 n_users=28 n_groups=19 n_accounts=19 
syshost=owens database=pbsacct year=2018 month=09 software=wrf executables=None cpuhours=378082.38 corehours=374125.94 nodehours=13974.90 n_jobs=188 n_users=3 n_groups=2 n_accounts=2 
syshost=owens database=pbsacct year=2018 month=09 software=molcas executables=None cpuhours=314706.27 corehours=159829.17 nodehours=87010.44 n_jobs=2987 n_users=3 n_groups=1 n_accounts=1 
syshost=owens database=pbsacct year=2018 month=09 software=qchem executables=None cpuhours=305751.61 corehours=94847.92 nodehours=11208.82 n_jobs=810 n_users=13 n_groups=6 n_accounts=6 
syshost=owens database=pbsacct year=2018 month=09 software=abaqus executables=None cpuhours=298282.67 corehours=186605.12 nodehours=11268.38 n_jobs=313 n_users=17 n_groups=10 n_accounts=10 
syshost=owens database=pbsacct year=2018 month=09 software=matlab executables=None cpuhours=295397.18 corehours=72650.77 nodehours=11200.88 n_jobs=2673 n_users=58 n_groups=39 n_accounts=40 
syshost=owens database=pbsacct year=2018 month=09 software=imb executables=None cpuhours=259449.77 corehours=4989.58 nodehours=9266.06 n_jobs=49 n_users=2 n_groups=2 n_accounts=1 
syshost=owens database=pbsacct year=2018 month=09 software=foam executables=None cpuhours=229582.38 corehours=56648.57 nodehours=8312.47 n_jobs=284 n_users=3 n_groups=3 n_accounts=3 
syshost=owens database=pbsacct year=2018 month=09 software=vnc executables=None cpuhours=189650.54 corehours=23321.72 nodehours=6621.63 n_jobs=856 n_users=88 n_groups=46 n_accounts=45 
syshost=owens database=pbsacct year=2018 month=09 software=multturb executables=None cpuhours=172763.03 corehours=172543.66 nodehours=84123.36 n_jobs=1010 n_users=1 n_groups=1 n_accounts=1 
syshost=owens database=pbsacct year=2018 month=09 software=gromacs executables=None cpuhours=160888.36 corehours=157230.89 nodehours=7364.29 n_jobs=1024 n_users=8 n_groups=8 n_accounts=8 
syshost=owens database=pbsacct year=2018 month=09 software=amber executables=None cpuhours=156146.61 corehours=133253.51 nodehours=14692.93 n_jobs=3288 n_users=14 n_groups=11 n_accounts=12 
syshost=owens database=pbsacct year=2018 month=09 software=a_out executables=None cpuhours=154468.22 corehours=151775.75 nodehours=6091.21 n_jobs=2991 n_users=41 n_groups=12 n_accounts=12 
syshost=owens database=pbsacct year=2018 month=09 software=ansys executables=None cpuhours=120575.58 corehours=41563.77 nodehours=4306.03 n_jobs=289 n_users=15 n_groups=12 n_accounts=12 
syshost=owens database=pbsacct year=2018 month=09 software=inho executables=None cpuhours=112684.53 corehours=94744.14 nodehours=5855.64 n_jobs=178 n_users=2 n_groups=1 n_accounts=1 
syshost=owens database=pbsacct year=2018 month=09 software=yt executables=None cpuhours=91520.88 corehours=14923.72 nodehours=4509.25 n_jobs=742 n_users=74 n_groups=32 n_accounts=29 
syshost=owens database=pbsacct year=2018 month=09 software=firefly executables=None cpuhours=80390.16 corehours=13588.69 nodehours=13398.36 n_jobs=2129 n_users=2 n_groups=1 n_accounts=1 
syshost=owens database=pbsacct year=2018 month=09 software=awm executables=None cpuhours=74213.29 corehours=73810.58 nodehours=74213.29 n_jobs=3934 n_users=1 n_groups=1 n_accounts=1 
syshost=owens database=pbsacct year=2018 month=09 software=adf executables=None cpuhours=70718.25 corehours=52310.80 nodehours=36427.96 n_jobs=4575 n_users=18 n_groups=17 n_accounts=17 
syshost=owens database=pbsacct year=2018 month=09 software=drone executables=None cpuhours=66017.39 corehours=64953.81 nodehours=2357.76 n_jobs=37 n_users=1 n_groups=1 n_accounts=1 
syshost=owens database=pbsacct year=2018 month=09 software=bowtie executables=None cpuhours=60168.10 corehours=28752.33 nodehours=2381.86 n_jobs=873 n_users=11 n_groups=9 n_accounts=10 
syshost=owens database=pbsacct year=2018 month=09 software=cfl3d executables=None cpuhours=57790.37 corehours=56892.98 nodehours=2485.81 n_jobs=6787 n_users=2 n_groups=1 n_accounts=2 
syshost=owens database=pbsacct year=2018 month=09 software=R executables=None cpuhours=47571.49 corehours=12900.07 nodehours=4491.57 n_jobs=1115 n_users=26 n_groups=23 n_accounts=23 
syshost=owens database=pbsacct year=2018 month=09 software=Rstudio executables=None cpuhours=45517.74 corehours=4621.99 nodehours=2929.50 n_jobs=507 n_users=47 n_groups=37 n_accounts=34 
syshost=owens database=pbsacct year=2018 month=09 software=turbomole executables=None cpuhours=44348.38 corehours=34932.39 nodehours=1583.89 n_jobs=214 n_users=4 n_groups=3 n_accounts=4 
syshost=owens database=pbsacct year=2018 month=09 software=iedg_mix executables=None cpuhours=41621.93 corehours=30120.96 nodehours=1486.50 n_jobs=1190 n_users=2 n_groups=1 n_accounts=1 
syshost=owens database=pbsacct year=2018 month=09 software=bwa executables=None cpuhours=41601.58 corehours=2437.57 nodehours=2177.17 n_jobs=368 n_users=6 n_groups=6 n_accounts=6 
syshost=owens database=pbsacct year=2018 month=09 software=converge executables=None cpuhours=41219.97 corehours=37551.70 nodehours=1472.14 n_jobs=18 n_users=1 n_groups=1 n_accounts=1 
syshost=owens database=pbsacct year=2018 month=09 software=fdl3di executables=None cpuhours=40434.75 corehours=38930.87 nodehours=1444.10 n_jobs=9 n_users=2 n_groups=2 n_accounts=2 
syshost=owens database=pbsacct year=2018 month=09 software=mexe executables=None cpuhours=36871.57 corehours=36760.70 nodehours=1404.01 n_jobs=42 n_users=1 n_groups=1 n_accounts=1 
syshost=owens database=pbsacct year=2018 month=09 software=phonon executables=None cpuhours=27931.15 corehours=27857.99 nodehours=997.54 n_jobs=14 n_users=2 n_groups=1 n_accounts=2 
syshost=owens database=pbsacct year=2018 month=09 software=ncbi executables=None cpuhours=26882.59 corehours=2071.49 nodehours=905.83 n_jobs=348 n_users=12 n_groups=6 n_accounts=8 
syshost=owens database=pbsacct year=2018 month=09 software=beast executables=None cpuhours=25259.24 corehours=5954.16 nodehours=902.12 n_jobs=533 n_users=1 n_groups=1 n_accounts=1 
syshost=owens database=pbsacct year=2018 month=09 software=abinit executables=None cpuhours=21685.61 corehours=21570.44 nodehours=21685.61 n_jobs=2491 n_users=1 n_groups=1 n_accounts=1 
syshost=owens database=pbsacct year=2018 month=09 software=raspa executables=None cpuhours=20413.29 corehours=19962.32 nodehours=20413.29 n_jobs=3453 n_users=5 n_groups=1 n_accounts=1 
syshost=owens database=pbsacct year=2018 month=09 software=iedg_mpi_multidomain executables=None cpuhours=19070.14 corehours=16499.86 nodehours=399.58 n_jobs=11 n_users=1 n_groups=1 n_accounts=1 
syshost=owens database=pbsacct year=2018 month=09 software=fluent executables=None cpuhours=19031.50 corehours=3368.25 nodehours=680.78 n_jobs=37 n_users=5 n_groups=3 n_accounts=3 
syshost=owens database=pbsacct year=2018 month=09 software=milc executables=None cpuhours=15524.49 corehours=15421.48 nodehours=1096.45 n_jobs=49 n_users=2 n_groups=2 n_accounts=2 
syshost=owens database=pbsacct year=2018 month=09 software=orca executables=None cpuhours=15498.16 corehours=5812.71 nodehours=793.27 n_jobs=122 n_users=7 n_groups=5 n_accounts=5 
syshost=owens database=pbsacct year=2018 month=09 software=singularity executables=None cpuhours=13201.26 corehours=515.03 nodehours=482.33 n_jobs=29 n_users=2 n_groups=2 n_accounts=2 
syshost=owens database=pbsacct year=2018 month=09 software=dock executables=None cpuhours=12865.45 corehours=4886.89 nodehours=2424.67 n_jobs=180 n_users=2 n_groups=2 n_accounts=2 
syshost=owens database=pbsacct year=2018 month=09 software=picrun executables=None cpuhours=12273.30 corehours=3067.70 nodehours=889.76 n_jobs=154 n_users=4 n_groups=1 n_accounts=1 
syshost=owens database=pbsacct year=2018 month=09 software=res executables=None cpuhours=10146.87 corehours=8460.39 nodehours=681.57 n_jobs=2475 n_users=8 n_groups=7 n_accounts=7 
syshost=owens database=pbsacct year=2018 month=09 software=pwscf executables=None cpuhours=10111.86 corehours=10048.07 nodehours=533.94 n_jobs=698 n_users=13 n_groups=9 n_accounts=10 
