syshost=owens database=pbsacct year=2018 month=03 software=namd executables=None cpuhours=1554668.34 corehours=1547865.29 nodehours=55994.52 n_jobs=2727 n_users=12 n_groups=5 n_accounts=5 
syshost=owens database=pbsacct year=2018 month=03 software=gaussian executables=None cpuhours=1177956.54 corehours=854410.62 nodehours=44525.75 n_jobs=7952 n_users=27 n_groups=13 n_accounts=13 
syshost=owens database=pbsacct year=2018 month=03 software=python executables=None cpuhours=963973.88 corehours=189367.35 nodehours=67360.80 n_jobs=62553 n_users=68 n_groups=45 n_accounts=45 
syshost=owens database=pbsacct year=2018 month=03 software=vasp executables=None cpuhours=889748.09 corehours=872943.07 nodehours=43332.22 n_jobs=3710 n_users=20 n_groups=8 n_accounts=8 
syshost=owens database=pbsacct year=2018 month=03 software=foam executables=None cpuhours=862507.31 corehours=120634.24 nodehours=30803.83 n_jobs=679 n_users=3 n_groups=3 n_accounts=3 
syshost=owens database=pbsacct year=2018 month=03 software=les_mpi executables=None cpuhours=857870.78 corehours=82845.34 nodehours=31660.37 n_jobs=21127 n_users=2 n_groups=2 n_accounts=2 
syshost=owens database=pbsacct year=2018 month=03 software=qchem executables=None cpuhours=814205.51 corehours=415889.90 nodehours=34349.85 n_jobs=22966 n_users=12 n_groups=5 n_accounts=5 
syshost=owens database=pbsacct year=2018 month=03 software=multturb executables=None cpuhours=793703.73 corehours=759229.27 nodehours=135783.96 n_jobs=1232 n_users=1 n_groups=1 n_accounts=1 
syshost=owens database=pbsacct year=2018 month=03 software=matlab executables=None cpuhours=559640.73 corehours=87355.36 nodehours=21407.83 n_jobs=5269 n_users=37 n_groups=31 n_accounts=31 
syshost=owens database=pbsacct year=2018 month=03 software=molcas executables=None cpuhours=463522.72 corehours=267571.24 nodehours=84935.20 n_jobs=1768 n_users=4 n_groups=2 n_accounts=2 
syshost=owens database=pbsacct year=2018 month=03 software=lammps executables=None cpuhours=417587.06 corehours=412457.01 nodehours=15850.15 n_jobs=952 n_users=24 n_groups=11 n_accounts=11 
syshost=owens database=pbsacct year=2018 month=03 software=lsp executables=None cpuhours=339995.55 corehours=309771.01 nodehours=12329.03 n_jobs=284 n_users=2 n_groups=1 n_accounts=2 
syshost=owens database=pbsacct year=2018 month=03 software=a_out executables=None cpuhours=284284.33 corehours=280313.18 nodehours=11071.37 n_jobs=1312 n_users=12 n_groups=7 n_accounts=8 
syshost=owens database=pbsacct year=2018 month=03 software=ncl executables=None cpuhours=272562.36 corehours=261433.24 nodehours=10183.48 n_jobs=575 n_users=8 n_groups=5 n_accounts=5 
syshost=owens database=pbsacct year=2018 month=03 software=inho executables=None cpuhours=202575.11 corehours=103765.73 nodehours=4220.31 n_jobs=50 n_users=1 n_groups=1 n_accounts=1 
syshost=owens database=pbsacct year=2018 month=03 software=augustus executables=None cpuhours=202106.18 corehours=1551.38 nodehours=7214.95 n_jobs=33 n_users=1 n_groups=1 n_accounts=1 
syshost=owens database=pbsacct year=2018 month=03 software=adf executables=None cpuhours=187656.43 corehours=174913.85 nodehours=18164.54 n_jobs=2227 n_users=19 n_groups=19 n_accounts=19 
syshost=owens database=pbsacct year=2018 month=03 software=cfl3d executables=None cpuhours=180349.27 corehours=174427.25 nodehours=6599.76 n_jobs=147 n_users=1 n_groups=1 n_accounts=1 
syshost=owens database=pbsacct year=2018 month=03 software=tapsim executables=None cpuhours=174006.73 corehours=173809.02 nodehours=14699.58 n_jobs=388 n_users=3 n_groups=1 n_accounts=1 
syshost=owens database=pbsacct year=2018 month=03 software=ncbi executables=None cpuhours=169100.08 corehours=159821.76 nodehours=14022.07 n_jobs=1197 n_users=3 n_groups=3 n_accounts=4 
syshost=owens database=pbsacct year=2018 month=03 software=cp2k executables=None cpuhours=164854.11 corehours=162046.31 nodehours=5903.62 n_jobs=1442 n_users=3 n_groups=1 n_accounts=1 
syshost=owens database=pbsacct year=2018 month=03 software=fdl3di executables=None cpuhours=151282.10 corehours=150277.09 nodehours=5402.93 n_jobs=79 n_users=3 n_groups=2 n_accounts=2 
syshost=owens database=pbsacct year=2018 month=03 software=rosetta executables=None cpuhours=134106.84 corehours=129715.45 nodehours=4790.87 n_jobs=140 n_users=3 n_groups=1 n_accounts=2 
syshost=owens database=pbsacct year=2018 month=03 software=run_im executables=None cpuhours=129820.78 corehours=33632.07 nodehours=16217.76 n_jobs=2545 n_users=3 n_groups=3 n_accounts=3 
syshost=owens database=pbsacct year=2018 month=03 software=apbs executables=None cpuhours=126357.65 corehours=111750.39 nodehours=4512.82 n_jobs=12646 n_users=1 n_groups=1 n_accounts=1 
syshost=owens database=pbsacct year=2018 month=03 software=abaqus executables=None cpuhours=122242.98 corehours=64806.56 nodehours=4743.70 n_jobs=1080 n_users=34 n_groups=23 n_accounts=22 
syshost=owens database=pbsacct year=2018 month=03 software=turbomole executables=None cpuhours=121264.88 corehours=2599.88 nodehours=4330.89 n_jobs=76 n_users=2 n_groups=2 n_accounts=2 
syshost=owens database=pbsacct year=2018 month=03 software=amber executables=None cpuhours=110364.88 corehours=56829.26 nodehours=4116.83 n_jobs=990 n_users=12 n_groups=9 n_accounts=11 
syshost=owens database=pbsacct year=2018 month=03 software=vnc executables=None cpuhours=109826.85 corehours=13994.19 nodehours=3831.30 n_jobs=623 n_users=79 n_groups=49 n_accounts=50 
syshost=owens database=pbsacct year=2018 month=03 software=gromacs executables=None cpuhours=97209.39 corehours=93926.29 nodehours=3814.58 n_jobs=1277 n_users=12 n_groups=8 n_accounts=8 
syshost=owens database=pbsacct year=2018 month=03 software=starccm executables=None cpuhours=96767.03 corehours=84584.40 nodehours=3148.17 n_jobs=285 n_users=11 n_groups=8 n_accounts=8 
syshost=owens database=pbsacct year=2018 month=03 software=raspa executables=None cpuhours=96614.76 corehours=96128.64 nodehours=96614.76 n_jobs=4777 n_users=8 n_groups=1 n_accounts=2 
syshost=owens database=pbsacct year=2018 month=03 software=gnuplot executables=None cpuhours=84183.68 corehours=80989.33 nodehours=6845.90 n_jobs=137 n_users=4 n_groups=4 n_accounts=4 
syshost=owens database=pbsacct year=2018 month=03 software=lmf executables=None cpuhours=74278.89 corehours=69327.87 nodehours=2652.82 n_jobs=195 n_users=1 n_groups=1 n_accounts=2 
syshost=owens database=pbsacct year=2018 month=03 software=nwchem executables=None cpuhours=72687.75 corehours=72342.30 nodehours=2604.45 n_jobs=109 n_users=4 n_groups=3 n_accounts=3 
syshost=owens database=pbsacct year=2018 month=03 software=R executables=None cpuhours=64442.98 corehours=46085.32 nodehours=6261.34 n_jobs=1707 n_users=20 n_groups=20 n_accounts=20 
syshost=owens database=pbsacct year=2018 month=03 software=drone executables=None cpuhours=62842.27 corehours=62293.73 nodehours=2244.37 n_jobs=25 n_users=1 n_groups=1 n_accounts=1 
syshost=owens database=pbsacct year=2018 month=03 software=setsm executables=None cpuhours=57678.10 corehours=39312.84 nodehours=2060.52 n_jobs=224 n_users=3 n_groups=1 n_accounts=1 
syshost=owens database=pbsacct year=2018 month=03 software=Rstudio executables=None cpuhours=55318.36 corehours=12303.55 nodehours=1843.20 n_jobs=337 n_users=40 n_groups=25 n_accounts=25 
syshost=owens database=pbsacct year=2018 month=03 software=3dldc executables=None cpuhours=50073.27 corehours=48188.70 nodehours=1788.33 n_jobs=3 n_users=1 n_groups=1 n_accounts=1 
syshost=owens database=pbsacct year=2018 month=03 software=hpl executables=None cpuhours=42442.43 corehours=39373.16 nodehours=1515.80 n_jobs=1828 n_users=1 n_groups=1 n_accounts=1 
syshost=owens database=pbsacct year=2018 month=03 software=ansys executables=None cpuhours=37310.56 corehours=24711.58 nodehours=1334.18 n_jobs=147 n_users=20 n_groups=16 n_accounts=16 
syshost=owens database=pbsacct year=2018 month=03 software=pwscf executables=None cpuhours=36463.03 corehours=33722.73 nodehours=2352.75 n_jobs=177 n_users=5 n_groups=4 n_accounts=4 
syshost=owens database=pbsacct year=2018 month=03 software=bwa executables=None cpuhours=35304.48 corehours=2042.74 nodehours=1464.38 n_jobs=275 n_users=6 n_groups=6 n_accounts=6 
syshost=owens database=pbsacct year=2018 month=03 software=pop executables=None cpuhours=34059.62 corehours=15675.39 nodehours=1736.80 n_jobs=1184 n_users=5 n_groups=5 n_accounts=5 
syshost=owens database=pbsacct year=2018 month=03 software=omen executables=None cpuhours=32854.40 corehours=13273.15 nodehours=4809.14 n_jobs=1205 n_users=4 n_groups=3 n_accounts=3 
syshost=owens database=pbsacct year=2018 month=03 software=bowtie executables=None cpuhours=30087.34 corehours=15875.00 nodehours=1452.50 n_jobs=2843 n_users=14 n_groups=11 n_accounts=12 
syshost=owens database=pbsacct year=2018 month=03 software=hy3s executables=None cpuhours=28658.87 corehours=15307.98 nodehours=1482.42 n_jobs=949 n_users=6 n_groups=6 n_accounts=6 
syshost=owens database=pbsacct year=2018 month=03 software=cam executables=None cpuhours=21079.67 corehours=15079.23 nodehours=823.70 n_jobs=75 n_users=7 n_groups=6 n_accounts=6 
syshost=owens database=pbsacct year=2018 month=03 software=abinit executables=None cpuhours=20654.47 corehours=20612.74 nodehours=20654.47 n_jobs=1051 n_users=2 n_groups=2 n_accounts=2 
