syshost=owens database=pbsacct year=2018 month=04 software=namd executables=None cpuhours=1965380.78 corehours=1932926.28 nodehours=70788.79 n_jobs=2490 n_users=12 n_groups=6 n_accounts=6 
syshost=owens database=pbsacct year=2018 month=04 software=vasp executables=None cpuhours=1155958.00 corehours=1156639.19 nodehours=45468.11 n_jobs=4935 n_users=16 n_groups=7 n_accounts=7 
syshost=owens database=pbsacct year=2018 month=04 software=gaussian executables=None cpuhours=899788.37 corehours=702823.45 nodehours=33061.56 n_jobs=3992 n_users=24 n_groups=15 n_accounts=15 
syshost=owens database=pbsacct year=2018 month=04 software=foam executables=None cpuhours=799691.30 corehours=123532.95 nodehours=28560.40 n_jobs=694 n_users=4 n_groups=4 n_accounts=4 
syshost=owens database=pbsacct year=2018 month=04 software=python executables=None cpuhours=600889.65 corehours=205962.19 nodehours=64105.01 n_jobs=24006 n_users=83 n_groups=53 n_accounts=54 
syshost=owens database=pbsacct year=2018 month=04 software=tapsim executables=None cpuhours=506791.02 corehours=506207.73 nodehours=18099.68 n_jobs=30 n_users=2 n_groups=1 n_accounts=1 
syshost=owens database=pbsacct year=2018 month=04 software=a_out executables=None cpuhours=458061.25 corehours=456780.54 nodehours=16716.33 n_jobs=2330 n_users=13 n_groups=5 n_accounts=6 
syshost=owens database=pbsacct year=2018 month=04 software=les_mpi executables=None cpuhours=449608.53 corehours=43736.21 nodehours=18405.63 n_jobs=34518 n_users=2 n_groups=2 n_accounts=3 
syshost=owens database=pbsacct year=2018 month=04 software=amber executables=None cpuhours=391112.16 corehours=378433.45 nodehours=22115.18 n_jobs=2524 n_users=8 n_groups=6 n_accounts=6 
syshost=owens database=pbsacct year=2018 month=04 software=lammps executables=None cpuhours=383249.63 corehours=357034.89 nodehours=20888.91 n_jobs=2092 n_users=28 n_groups=14 n_accounts=13 
syshost=owens database=pbsacct year=2018 month=04 software=multturb executables=None cpuhours=369702.84 corehours=354900.36 nodehours=61617.14 n_jobs=791 n_users=1 n_groups=1 n_accounts=1 
syshost=owens database=pbsacct year=2018 month=04 software=molcas executables=None cpuhours=336686.76 corehours=180672.39 nodehours=63583.44 n_jobs=1429 n_users=5 n_groups=2 n_accounts=2 
syshost=owens database=pbsacct year=2018 month=04 software=adf executables=None cpuhours=321544.34 corehours=291323.17 nodehours=56066.16 n_jobs=4779 n_users=18 n_groups=17 n_accounts=18 
syshost=owens database=pbsacct year=2018 month=04 software=abaqus executables=None cpuhours=282222.15 corehours=182095.81 nodehours=10950.28 n_jobs=1013 n_users=58 n_groups=18 n_accounts=18 
syshost=owens database=pbsacct year=2018 month=04 software=starccm executables=None cpuhours=210443.08 corehours=195176.96 nodehours=6856.38 n_jobs=514 n_users=11 n_groups=6 n_accounts=6 
syshost=owens database=pbsacct year=2018 month=04 software=gromacs executables=None cpuhours=197775.99 corehours=193660.98 nodehours=10080.12 n_jobs=557 n_users=10 n_groups=6 n_accounts=6 
syshost=owens database=pbsacct year=2018 month=04 software=augustus executables=None cpuhours=169985.34 corehours=357.88 nodehours=6070.91 n_jobs=8 n_users=1 n_groups=1 n_accounts=1 
syshost=owens database=pbsacct year=2018 month=04 software=lmf executables=None cpuhours=167570.84 corehours=165677.24 nodehours=5985.48 n_jobs=447 n_users=2 n_groups=2 n_accounts=3 
syshost=owens database=pbsacct year=2018 month=04 software=inho executables=None cpuhours=165017.12 corehours=126969.21 nodehours=5314.32 n_jobs=37 n_users=1 n_groups=1 n_accounts=1 
syshost=owens database=pbsacct year=2018 month=04 software=matlab executables=None cpuhours=156552.27 corehours=42552.01 nodehours=18009.52 n_jobs=3551 n_users=42 n_groups=34 n_accounts=36 
syshost=owens database=pbsacct year=2018 month=04 software=ansys executables=None cpuhours=129366.75 corehours=57584.55 nodehours=4450.48 n_jobs=235 n_users=19 n_groups=12 n_accounts=12 
syshost=owens database=pbsacct year=2018 month=04 software=lsp executables=None cpuhours=114189.39 corehours=105409.90 nodehours=4108.27 n_jobs=221 n_users=2 n_groups=1 n_accounts=2 
syshost=owens database=pbsacct year=2018 month=04 software=fdl3di executables=None cpuhours=104508.79 corehours=93829.31 nodehours=3742.08 n_jobs=29 n_users=3 n_groups=2 n_accounts=2 
syshost=owens database=pbsacct year=2018 month=04 software=drone executables=None cpuhours=104217.17 corehours=103527.89 nodehours=3722.04 n_jobs=31 n_users=1 n_groups=1 n_accounts=1 
syshost=owens database=pbsacct year=2018 month=04 software=vnc executables=None cpuhours=81419.26 corehours=4835.61 nodehours=2895.04 n_jobs=528 n_users=65 n_groups=46 n_accounts=46 
syshost=owens database=pbsacct year=2018 month=04 software=Rstudio executables=None cpuhours=80536.17 corehours=21995.86 nodehours=3304.72 n_jobs=340 n_users=40 n_groups=25 n_accounts=25 
syshost=owens database=pbsacct year=2018 month=04 software=R executables=None cpuhours=71048.24 corehours=64422.73 nodehours=8967.19 n_jobs=1974 n_users=25 n_groups=20 n_accounts=20 
syshost=owens database=pbsacct year=2018 month=04 software=yt executables=None cpuhours=61972.69 corehours=8876.73 nodehours=6544.63 n_jobs=290 n_users=24 n_groups=18 n_accounts=19 
syshost=owens database=pbsacct year=2018 month=04 software=lsdyna executables=None cpuhours=61382.23 corehours=56206.33 nodehours=2222.84 n_jobs=86 n_users=4 n_groups=4 n_accounts=4 
syshost=owens database=pbsacct year=2018 month=04 software=pwscf executables=None cpuhours=49616.49 corehours=48981.66 nodehours=2163.38 n_jobs=194 n_users=5 n_groups=3 n_accounts=3 
syshost=owens database=pbsacct year=2018 month=04 software=raspa executables=None cpuhours=49081.99 corehours=46679.97 nodehours=23112.92 n_jobs=1792 n_users=4 n_groups=1 n_accounts=1 
syshost=owens database=pbsacct year=2018 month=04 software=qchem executables=None cpuhours=48171.62 corehours=32662.71 nodehours=4686.87 n_jobs=3022 n_users=9 n_groups=3 n_accounts=3 
syshost=owens database=pbsacct year=2018 month=04 software=milc executables=None cpuhours=41242.83 corehours=39884.48 nodehours=2008.20 n_jobs=155 n_users=2 n_groups=2 n_accounts=2 
syshost=owens database=pbsacct year=2018 month=04 software=cfl3d executables=None cpuhours=33112.47 corehours=32259.87 nodehours=1182.59 n_jobs=26 n_users=1 n_groups=1 n_accounts=1 
syshost=owens database=pbsacct year=2018 month=04 software=res executables=None cpuhours=26710.15 corehours=2213.77 nodehours=696.66 n_jobs=403 n_users=8 n_groups=7 n_accounts=7 
syshost=owens database=pbsacct year=2018 month=04 software=ncl executables=None cpuhours=26014.87 corehours=23709.14 nodehours=938.90 n_jobs=568 n_users=9 n_groups=8 n_accounts=8 
syshost=owens database=pbsacct year=2018 month=04 software=gyro executables=None cpuhours=24528.84 corehours=24482.21 nodehours=877.50 n_jobs=56 n_users=1 n_groups=1 n_accounts=1 
syshost=owens database=pbsacct year=2018 month=04 software=ncbi executables=None cpuhours=24154.64 corehours=17638.01 nodehours=1711.90 n_jobs=1364 n_users=10 n_groups=6 n_accounts=7 
syshost=owens database=pbsacct year=2018 month=04 software=comsol executables=None cpuhours=23123.80 corehours=1855.43 nodehours=644.70 n_jobs=101 n_users=10 n_groups=8 n_accounts=8 
syshost=owens database=pbsacct year=2018 month=04 software=rosetta executables=None cpuhours=22131.56 corehours=22092.20 nodehours=792.49 n_jobs=39 n_users=13 n_groups=2 n_accounts=2 
syshost=owens database=pbsacct year=2018 month=04 software=hy3s executables=None cpuhours=17991.21 corehours=13451.14 nodehours=637.65 n_jobs=101 n_users=4 n_groups=4 n_accounts=3 
syshost=owens database=pbsacct year=2018 month=04 software=maya executables=None cpuhours=17048.87 corehours=15019.00 nodehours=608.89 n_jobs=1880 n_users=16 n_groups=2 n_accounts=2 
syshost=owens database=pbsacct year=2018 month=04 software=pop executables=None cpuhours=16838.90 corehours=10351.38 nodehours=759.19 n_jobs=14 n_users=2 n_groups=2 n_accounts=2 
syshost=owens database=pbsacct year=2018 month=04 software=cam executables=None cpuhours=16278.20 corehours=16073.75 nodehours=574.48 n_jobs=21 n_users=6 n_groups=6 n_accounts=6 
syshost=owens database=pbsacct year=2018 month=04 software=fluent executables=None cpuhours=15027.08 corehours=14881.05 nodehours=15027.08 n_jobs=7855 n_users=1 n_groups=1 n_accounts=1 
syshost=owens database=pbsacct year=2018 month=04 software=bowtie executables=None cpuhours=14911.45 corehours=5641.19 nodehours=627.03 n_jobs=1196 n_users=17 n_groups=10 n_accounts=12 
syshost=owens database=pbsacct year=2018 month=04 software=apbs executables=None cpuhours=14705.25 corehours=11342.76 nodehours=525.19 n_jobs=1092 n_users=1 n_groups=1 n_accounts=1 
syshost=owens database=pbsacct year=2018 month=04 software=converge executables=None cpuhours=14291.23 corehours=10456.00 nodehours=511.62 n_jobs=41 n_users=1 n_groups=1 n_accounts=1 
syshost=owens database=pbsacct year=2018 month=04 software=orca executables=None cpuhours=13267.27 corehours=12901.82 nodehours=913.65 n_jobs=56 n_users=2 n_groups=2 n_accounts=2 
syshost=owens database=pbsacct year=2018 month=04 software=ior executables=None cpuhours=12859.09 corehours=12086.16 nodehours=276.85 n_jobs=172 n_users=3 n_groups=3 n_accounts=3 
