syshost=owens database=pbsacct year=2018 month=08 software=lammps executables=None cpuhours=1381669.52 corehours=1400788.90 nodehours=60423.83 n_jobs=11143 n_users=24 n_groups=13 n_accounts=13 
syshost=owens database=pbsacct year=2018 month=08 software=namd executables=None cpuhours=1275968.27 corehours=1293281.34 nodehours=46294.53 n_jobs=905 n_users=14 n_groups=7 n_accounts=7 
syshost=owens database=pbsacct year=2018 month=08 software=vasp executables=None cpuhours=959818.85 corehours=809043.83 nodehours=37853.32 n_jobs=2835 n_users=29 n_groups=11 n_accounts=11 
syshost=owens database=pbsacct year=2018 month=08 software=ncl executables=None cpuhours=798681.40 corehours=780465.58 nodehours=28524.35 n_jobs=296 n_users=5 n_groups=5 n_accounts=5 
syshost=owens database=pbsacct year=2018 month=08 software=foam executables=None cpuhours=712387.77 corehours=151564.86 nodehours=25442.43 n_jobs=523 n_users=3 n_groups=3 n_accounts=3 
syshost=owens database=pbsacct year=2018 month=08 software=molcas executables=None cpuhours=676838.16 corehours=318756.28 nodehours=139890.94 n_jobs=2131 n_users=8 n_groups=2 n_accounts=2 
syshost=owens database=pbsacct year=2018 month=08 software=starccm executables=None cpuhours=614074.74 corehours=581355.12 nodehours=20545.30 n_jobs=524 n_users=10 n_groups=8 n_accounts=8 
syshost=owens database=pbsacct year=2018 month=08 software=abaqus executables=None cpuhours=480941.35 corehours=397260.31 nodehours=17622.52 n_jobs=731 n_users=20 n_groups=13 n_accounts=16 
syshost=owens database=pbsacct year=2018 month=08 software=bowtie executables=None cpuhours=477895.81 corehours=114954.48 nodehours=39162.35 n_jobs=3168 n_users=17 n_groups=8 n_accounts=11 
syshost=owens database=pbsacct year=2018 month=08 software=gaussian executables=None cpuhours=425818.71 corehours=293407.60 nodehours=23502.50 n_jobs=4196 n_users=31 n_groups=21 n_accounts=21 
syshost=owens database=pbsacct year=2018 month=08 software=amber executables=None cpuhours=408824.91 corehours=145879.45 nodehours=22904.41 n_jobs=8861 n_users=14 n_groups=11 n_accounts=13 
syshost=owens database=pbsacct year=2018 month=08 software=python executables=None cpuhours=398132.51 corehours=312944.30 nodehours=26186.83 n_jobs=6100 n_users=65 n_groups=47 n_accounts=52 
syshost=owens database=pbsacct year=2018 month=08 software=drone executables=None cpuhours=381942.24 corehours=378241.40 nodehours=13640.79 n_jobs=101 n_users=1 n_groups=1 n_accounts=1 
syshost=owens database=pbsacct year=2018 month=08 software=a_out executables=None cpuhours=347101.75 corehours=342909.13 nodehours=13031.03 n_jobs=4694 n_users=9 n_groups=7 n_accounts=9 
syshost=owens database=pbsacct year=2018 month=08 software=R executables=None cpuhours=262495.15 corehours=134783.01 nodehours=10557.61 n_jobs=1637 n_users=23 n_groups=20 n_accounts=20 
syshost=owens database=pbsacct year=2018 month=08 software=qchem executables=None cpuhours=176585.35 corehours=38920.75 nodehours=7741.84 n_jobs=2161 n_users=16 n_groups=7 n_accounts=9 
syshost=owens database=pbsacct year=2018 month=08 software=matlab executables=None cpuhours=167534.69 corehours=69947.74 nodehours=5881.62 n_jobs=2206 n_users=48 n_groups=37 n_accounts=40 
syshost=owens database=pbsacct year=2018 month=08 software=adf executables=None cpuhours=155539.33 corehours=143315.95 nodehours=47591.92 n_jobs=3994 n_users=20 n_groups=19 n_accounts=20 
syshost=owens database=pbsacct year=2018 month=08 software=ansys executables=None cpuhours=144360.94 corehours=48201.21 nodehours=5048.88 n_jobs=389 n_users=17 n_groups=13 n_accounts=14 
syshost=owens database=pbsacct year=2018 month=08 software=vnc executables=None cpuhours=113317.34 corehours=7039.14 nodehours=3880.27 n_jobs=740 n_users=71 n_groups=46 n_accounts=48 
syshost=owens database=pbsacct year=2018 month=08 software=tapsim executables=None cpuhours=111590.11 corehours=110673.27 nodehours=3985.36 n_jobs=28 n_users=1 n_groups=1 n_accounts=1 
syshost=owens database=pbsacct year=2018 month=08 software=milc executables=None cpuhours=102455.06 corehours=102181.39 nodehours=3659.11 n_jobs=45 n_users=2 n_groups=2 n_accounts=2 
syshost=owens database=pbsacct year=2018 month=08 software=awm executables=None cpuhours=98695.70 corehours=98329.87 nodehours=98695.70 n_jobs=5101 n_users=1 n_groups=1 n_accounts=1 
syshost=owens database=pbsacct year=2018 month=08 software=res executables=None cpuhours=82320.42 corehours=78313.82 nodehours=71694.34 n_jobs=1400 n_users=7 n_groups=7 n_accounts=8 
syshost=owens database=pbsacct year=2018 month=08 software=inho executables=None cpuhours=81909.39 corehours=67704.80 nodehours=3583.68 n_jobs=69 n_users=2 n_groups=1 n_accounts=1 
syshost=owens database=pbsacct year=2018 month=08 software=imb executables=None cpuhours=72303.30 corehours=292.93 nodehours=2582.26 n_jobs=65 n_users=1 n_groups=1 n_accounts=1 
syshost=owens database=pbsacct year=2018 month=08 software=firefly executables=None cpuhours=70759.19 corehours=12728.87 nodehours=11793.20 n_jobs=2025 n_users=2 n_groups=1 n_accounts=1 
syshost=owens database=pbsacct year=2018 month=08 software=raspa executables=None cpuhours=62889.83 corehours=62858.08 nodehours=62889.83 n_jobs=12998 n_users=4 n_groups=1 n_accounts=1 
syshost=owens database=pbsacct year=2018 month=08 software=pwscf executables=None cpuhours=61254.60 corehours=59276.41 nodehours=2390.54 n_jobs=473 n_users=7 n_groups=5 n_accounts=6 
syshost=owens database=pbsacct year=2018 month=08 software=bam executables=None cpuhours=60791.38 corehours=11614.99 nodehours=17132.72 n_jobs=5144 n_users=19 n_groups=13 n_accounts=13 
syshost=owens database=pbsacct year=2018 month=08 software=converge executables=None cpuhours=51404.42 corehours=51297.75 nodehours=1835.87 n_jobs=14 n_users=1 n_groups=1 n_accounts=1 
syshost=owens database=pbsacct year=2018 month=08 software=turbomole executables=None cpuhours=49190.75 corehours=36978.48 nodehours=1756.82 n_jobs=69 n_users=4 n_groups=3 n_accounts=4 
syshost=owens database=pbsacct year=2018 month=08 software=fdl3di executables=None cpuhours=48483.33 corehours=46675.34 nodehours=1731.55 n_jobs=8 n_users=1 n_groups=1 n_accounts=1 
syshost=owens database=pbsacct year=2018 month=08 software=mexe executables=None cpuhours=43202.16 corehours=43040.09 nodehours=1542.93 n_jobs=39 n_users=1 n_groups=1 n_accounts=1 
syshost=owens database=pbsacct year=2018 month=08 software=Rstudio executables=None cpuhours=40852.89 corehours=2812.23 nodehours=2015.51 n_jobs=275 n_users=40 n_groups=35 n_accounts=34 
syshost=owens database=pbsacct year=2018 month=08 software=yt executables=None cpuhours=38251.61 corehours=7872.08 nodehours=1807.58 n_jobs=469 n_users=83 n_groups=32 n_accounts=33 
syshost=owens database=pbsacct year=2018 month=08 software=singularity executables=None cpuhours=31001.75 corehours=21996.50 nodehours=1935.02 n_jobs=6910 n_users=2 n_groups=3 n_accounts=3 
syshost=owens database=pbsacct year=2018 month=08 software=lsp executables=None cpuhours=26339.99 corehours=24477.18 nodehours=941.24 n_jobs=72 n_users=1 n_groups=1 n_accounts=1 
syshost=owens database=pbsacct year=2018 month=08 software=adcprep executables=None cpuhours=25097.06 corehours=25057.91 nodehours=910.18 n_jobs=49 n_users=1 n_groups=1 n_accounts=1 
syshost=owens database=pbsacct year=2018 month=08 software=pop executables=None cpuhours=20746.33 corehours=17446.42 nodehours=1380.22 n_jobs=209 n_users=8 n_groups=7 n_accounts=7 
syshost=owens database=pbsacct year=2018 month=08 software=gnuplot executables=None cpuhours=20614.61 corehours=12871.64 nodehours=1288.41 n_jobs=10 n_users=1 n_groups=1 n_accounts=1 
syshost=owens database=pbsacct year=2018 month=08 software=gzip executables=None cpuhours=20262.72 corehours=621.32 nodehours=569.99 n_jobs=764 n_users=11 n_groups=7 n_accounts=8 
syshost=owens database=pbsacct year=2018 month=08 software=picrun executables=None cpuhours=16656.24 corehours=6397.22 nodehours=1288.67 n_jobs=156 n_users=2 n_groups=1 n_accounts=1 
syshost=owens database=pbsacct year=2018 month=08 software=gromacs executables=None cpuhours=16234.37 corehours=16138.82 nodehours=1519.31 n_jobs=686 n_users=11 n_groups=9 n_accounts=10 
syshost=owens database=pbsacct year=2018 month=08 software=real_exe executables=None cpuhours=15077.95 corehours=14663.01 nodehours=540.50 n_jobs=98 n_users=3 n_groups=3 n_accounts=4 
syshost=owens database=pbsacct year=2018 month=08 software=cosmosis executables=None cpuhours=15022.82 corehours=14994.18 nodehours=536.53 n_jobs=10 n_users=1 n_groups=1 n_accounts=1 
syshost=owens database=pbsacct year=2018 month=08 software=iedg_mix executables=None cpuhours=13665.92 corehours=11332.99 nodehours=367.82 n_jobs=872 n_users=2 n_groups=1 n_accounts=1 
syshost=owens database=pbsacct year=2018 month=08 software=bioperl executables=None cpuhours=12619.18 corehours=262.90 nodehours=262.93 n_jobs=21 n_users=2 n_groups=2 n_accounts=2 
syshost=owens database=pbsacct year=2018 month=08 software=ncbi executables=None cpuhours=12341.81 corehours=9478.31 nodehours=722.82 n_jobs=309 n_users=13 n_groups=9 n_accounts=10 
syshost=owens database=pbsacct year=2018 month=08 software=WrightonPipeline executables=None cpuhours=11537.40 corehours=5405.71 nodehours=412.05 n_jobs=17 n_users=1 n_groups=1 n_accounts=1 
