syshost=owens database=pbsacct year=2019 month=04 software=lammps executables=None cpuhours=2490970.92 corehours=2487114.46 nodehours=162615.84 n_jobs=224276 n_users=34 n_groups=16 n_accounts=15 
syshost=owens database=pbsacct year=2019 month=04 software=gaussian executables=None cpuhours=1235840.96 corehours=1182707.47 nodehours=48992.69 n_jobs=4502 n_users=50 n_groups=30 n_accounts=29 
syshost=owens database=pbsacct year=2019 month=04 software=foam executables=None cpuhours=820693.16 corehours=156879.67 nodehours=29310.90 n_jobs=598 n_users=4 n_groups=4 n_accounts=4 
syshost=owens database=pbsacct year=2019 month=04 software=starccm executables=None cpuhours=788556.88 corehours=761788.79 nodehours=28176.24 n_jobs=223 n_users=7 n_groups=6 n_accounts=5 
syshost=owens database=pbsacct year=2019 month=04 software=python executables=None cpuhours=783339.41 corehours=461681.86 nodehours=43989.99 n_jobs=16209 n_users=119 n_groups=80 n_accounts=80 
syshost=owens database=pbsacct year=2019 month=04 software=vasp executables=None cpuhours=757526.08 corehours=710201.45 nodehours=27839.24 n_jobs=2493 n_users=17 n_groups=9 n_accounts=12 
syshost=owens database=pbsacct year=2019 month=04 software=fdl3di executables=None cpuhours=412948.50 corehours=408705.47 nodehours=14748.16 n_jobs=92 n_users=2 n_groups=2 n_accounts=2 
syshost=owens database=pbsacct year=2019 month=04 software=matlab executables=None cpuhours=412724.66 corehours=70595.68 nodehours=59167.36 n_jobs=7971 n_users=76 n_groups=50 n_accounts=48 
syshost=owens database=pbsacct year=2019 month=04 software=R executables=None cpuhours=325070.10 corehours=225767.94 nodehours=54979.99 n_jobs=8398 n_users=36 n_groups=30 n_accounts=30 
syshost=owens database=pbsacct year=2019 month=04 software=inho executables=None cpuhours=304003.45 corehours=232736.53 nodehours=10933.61 n_jobs=87 n_users=2 n_groups=2 n_accounts=2 
syshost=owens database=pbsacct year=2019 month=04 software=raspa executables=None cpuhours=275541.18 corehours=274799.90 nodehours=275541.18 n_jobs=7990 n_users=6 n_groups=2 n_accounts=1 
syshost=owens database=pbsacct year=2019 month=04 software=qchem executables=None cpuhours=267397.57 corehours=108016.83 nodehours=13334.73 n_jobs=2648 n_users=20 n_groups=7 n_accounts=7 
syshost=owens database=pbsacct year=2019 month=04 software=ansys executables=None cpuhours=261708.01 corehours=68036.87 nodehours=11577.51 n_jobs=255 n_users=15 n_groups=13 n_accounts=13 
syshost=owens database=pbsacct year=2019 month=04 software=bowtie executables=None cpuhours=200402.64 corehours=114746.47 nodehours=10348.22 n_jobs=4642 n_users=46 n_groups=20 n_accounts=19 
syshost=owens database=pbsacct year=2019 month=04 software=gromacs executables=None cpuhours=163124.43 corehours=134955.85 nodehours=10068.46 n_jobs=454 n_users=12 n_groups=8 n_accounts=8 
syshost=owens database=pbsacct year=2019 month=04 software=ncbi executables=None cpuhours=152154.11 corehours=19934.80 nodehours=10580.43 n_jobs=4164 n_users=24 n_groups=8 n_accounts=9 
syshost=owens database=pbsacct year=2019 month=04 software=abaqus executables=None cpuhours=137475.70 corehours=106356.28 nodehours=5354.88 n_jobs=1020 n_users=24 n_groups=18 n_accounts=19 
syshost=owens database=pbsacct year=2019 month=04 software=vnc executables=None cpuhours=117304.71 corehours=15767.09 nodehours=4111.28 n_jobs=917 n_users=83 n_groups=51 n_accounts=49 
syshost=owens database=pbsacct year=2019 month=04 software=milc executables=None cpuhours=101661.71 corehours=101243.43 nodehours=3656.44 n_jobs=233 n_users=3 n_groups=3 n_accounts=3 
syshost=owens database=pbsacct year=2019 month=04 software=wrf executables=None cpuhours=97881.91 corehours=81998.74 nodehours=3515.35 n_jobs=2421 n_users=4 n_groups=3 n_accounts=3 
syshost=owens database=pbsacct year=2019 month=04 software=cm1 executables=None cpuhours=92662.50 corehours=92302.21 nodehours=15446.85 n_jobs=9421 n_users=1 n_groups=1 n_accounts=1 
syshost=owens database=pbsacct year=2019 month=04 software=megahit executables=None cpuhours=92575.81 corehours=47060.30 nodehours=3427.65 n_jobs=705 n_users=3 n_groups=2 n_accounts=2 
syshost=owens database=pbsacct year=2019 month=04 software=xgc executables=None cpuhours=90199.48 corehours=90062.16 nodehours=90199.48 n_jobs=3288 n_users=1 n_groups=1 n_accounts=1 
syshost=owens database=pbsacct year=2019 month=04 software=yt executables=None cpuhours=77123.43 corehours=2415.61 nodehours=4594.19 n_jobs=839 n_users=99 n_groups=37 n_accounts=32 
syshost=owens database=pbsacct year=2019 month=04 software=bwa executables=None cpuhours=76200.34 corehours=15939.48 nodehours=7811.89 n_jobs=4329 n_users=8 n_groups=7 n_accounts=5 
syshost=owens database=pbsacct year=2019 month=04 software=flotran executables=None cpuhours=70608.47 corehours=55200.90 nodehours=4065.32 n_jobs=257 n_users=1 n_groups=1 n_accounts=1 
syshost=owens database=pbsacct year=2019 month=04 software=maxsolve executables=None cpuhours=65449.32 corehours=46897.09 nodehours=1364.32 n_jobs=14 n_users=1 n_groups=1 n_accounts=1 
syshost=owens database=pbsacct year=2019 month=04 software=pwscf executables=None cpuhours=54861.39 corehours=54682.45 nodehours=1959.41 n_jobs=138 n_users=4 n_groups=3 n_accounts=3 
syshost=owens database=pbsacct year=2019 month=04 software=ncl executables=None cpuhours=51819.78 corehours=50725.48 nodehours=2803.55 n_jobs=439 n_users=7 n_groups=5 n_accounts=5 
syshost=owens database=pbsacct year=2019 month=04 software=drone executables=None cpuhours=51209.60 corehours=50155.64 nodehours=3786.62 n_jobs=167 n_users=4 n_groups=2 n_accounts=3 
syshost=owens database=pbsacct year=2019 month=04 software=setsm executables=None cpuhours=50179.22 corehours=30728.69 nodehours=1880.59 n_jobs=838 n_users=3 n_groups=2 n_accounts=2 
syshost=owens database=pbsacct year=2019 month=04 software=bam executables=None cpuhours=48797.42 corehours=13101.26 nodehours=2048.04 n_jobs=5472 n_users=21 n_groups=14 n_accounts=12 
syshost=owens database=pbsacct year=2019 month=04 software=run_probtrackx executables=None cpuhours=47070.00 corehours=21831.48 nodehours=22406.39 n_jobs=8940 n_users=3 n_groups=1 n_accounts=1 
syshost=owens database=pbsacct year=2019 month=04 software=Rstudio executables=None cpuhours=38471.95 corehours=17308.42 nodehours=3984.00 n_jobs=406 n_users=58 n_groups=43 n_accounts=41 
syshost=owens database=pbsacct year=2019 month=04 software=fastsimcoal executables=None cpuhours=37175.97 corehours=30875.37 nodehours=11655.78 n_jobs=1705 n_users=1 n_groups=1 n_accounts=1 
syshost=owens database=pbsacct year=2019 month=04 software=comsol executables=None cpuhours=30529.46 corehours=14885.19 nodehours=925.74 n_jobs=150 n_users=15 n_groups=15 n_accounts=15 
syshost=owens database=pbsacct year=2019 month=04 software=run_xyzvort executables=None cpuhours=29414.47 corehours=15246.98 nodehours=2435.71 n_jobs=536 n_users=11 n_groups=8 n_accounts=9 
syshost=owens database=pbsacct year=2019 month=04 software=real_exe executables=None cpuhours=27258.06 corehours=25102.30 nodehours=983.97 n_jobs=6324 n_users=1 n_groups=1 n_accounts=1 
syshost=owens database=pbsacct year=2019 month=04 software=lsp executables=None cpuhours=25046.68 corehours=24278.30 nodehours=1381.40 n_jobs=35 n_users=3 n_groups=1 n_accounts=2 
syshost=owens database=pbsacct year=2019 month=04 software=cam executables=None cpuhours=25006.39 corehours=24790.78 nodehours=1009.50 n_jobs=484 n_users=7 n_groups=6 n_accounts=7 
syshost=owens database=pbsacct year=2019 month=04 software=adf executables=None cpuhours=24554.18 corehours=1890.05 nodehours=955.86 n_jobs=145 n_users=22 n_groups=19 n_accounts=20 
syshost=owens database=pbsacct year=2019 month=04 software=fluent executables=None cpuhours=23635.87 corehours=3416.85 nodehours=844.14 n_jobs=82 n_users=3 n_groups=2 n_accounts=2 
syshost=owens database=pbsacct year=2019 month=04 software=amber executables=None cpuhours=23566.89 corehours=18037.36 nodehours=1463.92 n_jobs=979 n_users=12 n_groups=9 n_accounts=9 
syshost=owens database=pbsacct year=2019 month=04 software=les_mpi executables=None cpuhours=18319.30 corehours=1299.35 nodehours=1308.52 n_jobs=196 n_users=1 n_groups=1 n_accounts=1 
syshost=owens database=pbsacct year=2019 month=04 software=orca executables=None cpuhours=13588.87 corehours=11091.71 nodehours=626.47 n_jobs=94 n_users=9 n_groups=6 n_accounts=6 
syshost=owens database=pbsacct year=2019 month=04 software=rosetta executables=None cpuhours=12368.94 corehours=12354.63 nodehours=1125.17 n_jobs=88 n_users=10 n_groups=6 n_accounts=2 
syshost=owens database=pbsacct year=2019 month=04 software=picrun executables=None cpuhours=10291.33 corehours=2396.77 nodehours=947.14 n_jobs=310 n_users=3 n_groups=1 n_accounts=1 
syshost=owens database=pbsacct year=2019 month=04 software=halo executables=None cpuhours=9888.36 corehours=9739.23 nodehours=353.16 n_jobs=240 n_users=1 n_groups=1 n_accounts=1 
syshost=owens database=pbsacct year=2019 month=04 software=bedpostX executables=None cpuhours=9783.84 corehours=1649.54 nodehours=1991.37 n_jobs=4021 n_users=2 n_groups=1 n_accounts=1 
syshost=owens database=pbsacct year=2019 month=04 software=lsdyna executables=None cpuhours=9549.36 corehours=9422.64 nodehours=656.68 n_jobs=186 n_users=6 n_groups=5 n_accounts=6 
