syshost=pitzer database=pbsacct year=2019 month=11 software=namd executables=None cpuhours=998459.56 corehours=994453.67 nodehours=25842.18 n_jobs=138 n_users=10 n_groups=5 n_accounts=5 
syshost=pitzer database=pbsacct year=2019 month=11 software=vasp executables=None cpuhours=483252.75 corehours=478191.59 nodehours=12251.74 n_jobs=1513 n_users=10 n_groups=6 n_accounts=8 
syshost=pitzer database=pbsacct year=2019 month=11 software=cam executables=None cpuhours=470340.99 corehours=391592.24 nodehours=11766.37 n_jobs=181 n_users=8 n_groups=8 n_accounts=8 
syshost=pitzer database=pbsacct year=2019 month=11 software=fdl3di executables=None cpuhours=252752.80 corehours=246051.78 nodehours=6318.82 n_jobs=47 n_users=2 n_groups=2 n_accounts=1 
syshost=pitzer database=pbsacct year=2019 month=11 software=qchem executables=None cpuhours=240564.06 corehours=70131.88 nodehours=13187.42 n_jobs=862 n_users=10 n_groups=5 n_accounts=5 
syshost=pitzer database=pbsacct year=2019 month=11 software=gaussian executables=None cpuhours=210205.32 corehours=186703.64 nodehours=5567.10 n_jobs=531 n_users=12 n_groups=10 n_accounts=9 
syshost=pitzer database=pbsacct year=2019 month=11 software=bowtie executables=None cpuhours=200024.17 corehours=116799.61 nodehours=6913.78 n_jobs=435 n_users=10 n_groups=7 n_accounts=6 
syshost=pitzer database=pbsacct year=2019 month=11 software=ncl executables=None cpuhours=193495.97 corehours=181980.60 nodehours=5056.30 n_jobs=479 n_users=3 n_groups=2 n_accounts=2 
syshost=pitzer database=pbsacct year=2019 month=11 software=raspa executables=None cpuhours=181029.05 corehours=179818.04 nodehours=177914.38 n_jobs=11838 n_users=6 n_groups=2 n_accounts=1 
syshost=pitzer database=pbsacct year=2019 month=11 software=cm1 executables=None cpuhours=175652.96 corehours=143015.55 nodehours=8109.22 n_jobs=3289 n_users=3 n_groups=3 n_accounts=5 
syshost=pitzer database=pbsacct year=2019 month=11 software=cp2k executables=None cpuhours=173704.22 corehours=170104.75 nodehours=4589.85 n_jobs=319 n_users=3 n_groups=3 n_accounts=4 
syshost=pitzer database=pbsacct year=2019 month=11 software=python executables=None cpuhours=107931.04 corehours=63465.99 nodehours=20465.19 n_jobs=3945 n_users=69 n_groups=45 n_accounts=32 
syshost=pitzer database=pbsacct year=2019 month=11 software=R executables=None cpuhours=107637.03 corehours=80114.46 nodehours=6608.55 n_jobs=1693 n_users=9 n_groups=8 n_accounts=7 
syshost=pitzer database=pbsacct year=2019 month=11 software=lammps executables=None cpuhours=98711.92 corehours=95277.04 nodehours=18268.11 n_jobs=690 n_users=11 n_groups=9 n_accounts=9 
syshost=pitzer database=pbsacct year=2019 month=11 software=hy3s executables=None cpuhours=78774.53 corehours=23407.48 nodehours=2298.77 n_jobs=122 n_users=10 n_groups=8 n_accounts=7 
syshost=pitzer database=pbsacct year=2019 month=11 software=gzip executables=None cpuhours=78682.72 corehours=23717.68 nodehours=2611.87 n_jobs=822 n_users=4 n_groups=3 n_accounts=3 
syshost=pitzer database=pbsacct year=2019 month=11 software=wrf executables=None cpuhours=77840.97 corehours=77308.65 nodehours=11067.33 n_jobs=343 n_users=3 n_groups=2 n_accounts=2 
syshost=pitzer database=pbsacct year=2019 month=11 software=molcas executables=None cpuhours=76936.80 corehours=17103.24 nodehours=24634.73 n_jobs=8766 n_users=5 n_groups=1 n_accounts=1 
syshost=pitzer database=pbsacct year=2019 month=11 software=cosmosis executables=None cpuhours=69432.67 corehours=62894.26 nodehours=1735.82 n_jobs=74 n_users=4 n_groups=3 n_accounts=2 
syshost=pitzer database=pbsacct year=2019 month=11 software=spades executables=None cpuhours=62260.68 corehours=9266.92 nodehours=1156.63 n_jobs=534 n_users=4 n_groups=3 n_accounts=3 
syshost=pitzer database=pbsacct year=2019 month=11 software=starccm executables=None cpuhours=51575.06 corehours=50867.03 nodehours=1289.38 n_jobs=32 n_users=1 n_groups=1 n_accounts=1 
syshost=pitzer database=pbsacct year=2019 month=11 software=bbmap executables=None cpuhours=35687.68 corehours=22337.07 nodehours=2822.33 n_jobs=937 n_users=2 n_groups=2 n_accounts=2 
syshost=pitzer database=pbsacct year=2019 month=11 software=a_out executables=None cpuhours=29945.72 corehours=29100.28 nodehours=1179.95 n_jobs=875 n_users=4 n_groups=3 n_accounts=3 
syshost=pitzer database=pbsacct year=2019 month=11 software=converge executables=None cpuhours=29662.73 corehours=29560.42 nodehours=741.57 n_jobs=14 n_users=1 n_groups=1 n_accounts=1 
syshost=pitzer database=pbsacct year=2019 month=11 software=singularity executables=None cpuhours=29413.17 corehours=3139.52 nodehours=449.37 n_jobs=102 n_users=8 n_groups=6 n_accounts=3 
syshost=pitzer database=pbsacct year=2019 month=11 software=v2 executables=None cpuhours=27949.34 corehours=22932.51 nodehours=832.03 n_jobs=1510 n_users=2 n_groups=2 n_accounts=2 
syshost=pitzer database=pbsacct year=2019 month=11 software=orca executables=None cpuhours=26966.62 corehours=10972.19 nodehours=2696.68 n_jobs=28 n_users=4 n_groups=4 n_accounts=4 
syshost=pitzer database=pbsacct year=2019 month=11 software=virsorter executables=None cpuhours=26492.65 corehours=3946.14 nodehours=1280.04 n_jobs=983 n_users=7 n_groups=3 n_accounts=2 
syshost=pitzer database=pbsacct year=2019 month=11 software=trial executables=None cpuhours=19415.91 corehours=19330.55 nodehours=606.75 n_jobs=165 n_users=1 n_groups=1 n_accounts=1 
syshost=pitzer database=pbsacct year=2019 month=11 software=maxsolve executables=None cpuhours=19258.90 corehours=14015.48 nodehours=264.08 n_jobs=71 n_users=2 n_groups=1 n_accounts=1 
syshost=pitzer database=pbsacct year=2019 month=11 software=gromacs executables=None cpuhours=17020.32 corehours=16954.83 nodehours=1702.09 n_jobs=1028 n_users=20 n_groups=4 n_accounts=4 
syshost=pitzer database=pbsacct year=2019 month=11 software=chimera executables=None cpuhours=15339.28 corehours=15225.77 nodehours=397.42 n_jobs=54 n_users=1 n_groups=1 n_accounts=1 
syshost=pitzer database=pbsacct year=2019 month=11 software=bam executables=None cpuhours=14406.32 corehours=5168.12 nodehours=1200.63 n_jobs=1147 n_users=11 n_groups=7 n_accounts=6 
syshost=pitzer database=pbsacct year=2019 month=11 software=hmmer executables=None cpuhours=13974.69 corehours=438.83 nodehours=9165.47 n_jobs=2324 n_users=4 n_groups=3 n_accounts=2 
syshost=pitzer database=pbsacct year=2019 month=11 software=beast executables=None cpuhours=13109.17 corehours=4020.61 nodehours=467.39 n_jobs=67 n_users=2 n_groups=2 n_accounts=1 
syshost=pitzer database=pbsacct year=2019 month=11 software=overlap executables=None cpuhours=12061.66 corehours=4201.33 nodehours=1609.54 n_jobs=28 n_users=3 n_groups=2 n_accounts=2 
syshost=pitzer database=pbsacct year=2019 month=11 software=lsp executables=None cpuhours=11375.64 corehours=10768.57 nodehours=284.39 n_jobs=13 n_users=1 n_groups=1 n_accounts=1 
syshost=pitzer database=pbsacct year=2019 month=11 software=yt executables=None cpuhours=10332.65 corehours=1377.07 nodehours=1682.77 n_jobs=566 n_users=46 n_groups=24 n_accounts=22 
syshost=pitzer database=pbsacct year=2019 month=11 software=atmosphere_model executables=None cpuhours=10195.04 corehours=10118.24 nodehours=254.88 n_jobs=15 n_users=1 n_groups=1 n_accounts=1 
syshost=pitzer database=pbsacct year=2019 month=11 software=fluent executables=None cpuhours=9512.53 corehours=5724.51 nodehours=312.16 n_jobs=54 n_users=3 n_groups=2 n_accounts=2 
syshost=pitzer database=pbsacct year=2019 month=11 software=comsol executables=None cpuhours=9391.20 corehours=4081.44 nodehours=117.39 n_jobs=9 n_users=1 n_groups=1 n_accounts=1 
syshost=pitzer database=pbsacct year=2019 month=11 software=pop executables=None cpuhours=8245.42 corehours=1442.58 nodehours=246.42 n_jobs=19 n_users=4 n_groups=3 n_accounts=2 
syshost=pitzer database=pbsacct year=2019 month=11 software=megahit executables=None cpuhours=7859.35 corehours=3807.21 nodehours=993.92 n_jobs=1580 n_users=5 n_groups=4 n_accounts=3 
syshost=pitzer database=pbsacct year=2019 month=11 software=vnc executables=None cpuhours=7754.23 corehours=599.11 nodehours=193.86 n_jobs=124 n_users=34 n_groups=27 n_accounts=27 
syshost=pitzer database=pbsacct year=2019 month=11 software=xgc executables=None cpuhours=7704.39 corehours=7590.04 nodehours=383.24 n_jobs=116 n_users=2 n_groups=1 n_accounts=1 
syshost=pitzer database=pbsacct year=2019 month=11 software=run_xyzvort executables=None cpuhours=7598.87 corehours=4790.56 nodehours=324.20 n_jobs=879 n_users=5 n_groups=5 n_accounts=5 
syshost=pitzer database=pbsacct year=2019 month=11 software=foam executables=None cpuhours=7228.62 corehours=713.43 nodehours=180.80 n_jobs=5 n_users=1 n_groups=1 n_accounts=2 
syshost=pitzer database=pbsacct year=2019 month=11 software=lmf executables=None cpuhours=6849.79 corehours=869.34 nodehours=818.26 n_jobs=139 n_users=1 n_groups=1 n_accounts=1 
syshost=pitzer database=pbsacct year=2019 month=11 software=phonon executables=None cpuhours=6324.09 corehours=6298.57 nodehours=158.10 n_jobs=35 n_users=1 n_groups=1 n_accounts=1 
syshost=pitzer database=pbsacct year=2019 month=11 software=arts executables=None cpuhours=6010.36 corehours=5985.79 nodehours=179.51 n_jobs=9 n_users=2 n_groups=2 n_accounts=2 
