syshost=pitzer database=pbsacct year=2019 month=04 software=lammps executables=None cpuhours=1387046.42 corehours=1277554.72 nodehours=41924.59 n_jobs=993 n_users=10 n_groups=7 n_accounts=5 
syshost=pitzer database=pbsacct year=2019 month=04 software=gaussian executables=None cpuhours=810357.17 corehours=660304.59 nodehours=19331.50 n_jobs=1021 n_users=12 n_groups=10 n_accounts=10 
syshost=pitzer database=pbsacct year=2019 month=04 software=vasp executables=None cpuhours=758360.62 corehours=719355.67 nodehours=19534.52 n_jobs=910 n_users=8 n_groups=4 n_accounts=4 
syshost=pitzer database=pbsacct year=2019 month=04 software=qchem executables=None cpuhours=357217.39 corehours=159871.71 nodehours=18363.35 n_jobs=3640 n_users=11 n_groups=3 n_accounts=4 
syshost=pitzer database=pbsacct year=2019 month=04 software=python executables=None cpuhours=341416.52 corehours=77531.38 nodehours=26552.81 n_jobs=10988 n_users=67 n_groups=37 n_accounts=37 
syshost=pitzer database=pbsacct year=2019 month=04 software=foam executables=None cpuhours=318350.69 corehours=58934.80 nodehours=7974.65 n_jobs=305 n_users=3 n_groups=2 n_accounts=2 
syshost=pitzer database=pbsacct year=2019 month=04 software=cam executables=None cpuhours=273407.73 corehours=272567.63 nodehours=6835.19 n_jobs=301 n_users=1 n_groups=1 n_accounts=1 
syshost=pitzer database=pbsacct year=2019 month=04 software=raspa executables=None cpuhours=146423.16 corehours=146039.64 nodehours=146423.16 n_jobs=6069 n_users=4 n_groups=1 n_accounts=1 
syshost=pitzer database=pbsacct year=2019 month=04 software=orca executables=None cpuhours=126620.82 corehours=42720.98 nodehours=3165.68 n_jobs=149 n_users=4 n_groups=3 n_accounts=3 
syshost=pitzer database=pbsacct year=2019 month=04 software=xgc executables=None cpuhours=125219.30 corehours=124522.67 nodehours=125219.30 n_jobs=6229 n_users=1 n_groups=1 n_accounts=1 
syshost=pitzer database=pbsacct year=2019 month=04 software=a_out executables=None cpuhours=101848.55 corehours=100237.66 nodehours=3001.82 n_jobs=341 n_users=6 n_groups=4 n_accounts=4 
syshost=pitzer database=pbsacct year=2019 month=04 software=bam executables=None cpuhours=100379.38 corehours=62154.61 nodehours=7691.90 n_jobs=5525 n_users=7 n_groups=4 n_accounts=4 
syshost=pitzer database=pbsacct year=2019 month=04 software=molcas executables=None cpuhours=87737.88 corehours=37719.29 nodehours=32661.32 n_jobs=1085 n_users=3 n_groups=1 n_accounts=3 
syshost=pitzer database=pbsacct year=2019 month=04 software=yt executables=None cpuhours=64122.76 corehours=4066.07 nodehours=3840.97 n_jobs=976 n_users=50 n_groups=20 n_accounts=18 
syshost=pitzer database=pbsacct year=2019 month=04 software=spades executables=None cpuhours=63690.26 corehours=11078.84 nodehours=803.89 n_jobs=184 n_users=3 n_groups=1 n_accounts=1 
syshost=pitzer database=pbsacct year=2019 month=04 software=gadget executables=None cpuhours=57874.29 corehours=30760.12 nodehours=1516.09 n_jobs=22 n_users=1 n_groups=1 n_accounts=2 
syshost=pitzer database=pbsacct year=2019 month=04 software=megahit executables=None cpuhours=51017.38 corehours=34513.00 nodehours=2587.44 n_jobs=870 n_users=2 n_groups=1 n_accounts=1 
syshost=pitzer database=pbsacct year=2019 month=04 software=cosmosis executables=None cpuhours=49556.07 corehours=6034.20 nodehours=1238.90 n_jobs=15 n_users=1 n_groups=1 n_accounts=1 
syshost=pitzer database=pbsacct year=2019 month=04 software=ncl executables=None cpuhours=39259.91 corehours=39081.76 nodehours=981.50 n_jobs=42 n_users=3 n_groups=3 n_accounts=3 
syshost=pitzer database=pbsacct year=2019 month=04 software=converge executables=None cpuhours=37760.52 corehours=37277.94 nodehours=944.01 n_jobs=77 n_users=1 n_groups=1 n_accounts=1 
syshost=pitzer database=pbsacct year=2019 month=04 software=psi4 executables=None cpuhours=35946.01 corehours=15606.78 nodehours=861.14 n_jobs=1653 n_users=1 n_groups=1 n_accounts=1 
syshost=pitzer database=pbsacct year=2019 month=04 software=AraSim executables=None cpuhours=34903.75 corehours=33140.48 nodehours=883.46 n_jobs=92 n_users=2 n_groups=2 n_accounts=2 
syshost=pitzer database=pbsacct year=2019 month=04 software=run_xyzvort executables=None cpuhours=32007.41 corehours=20920.30 nodehours=1652.40 n_jobs=10737 n_users=5 n_groups=3 n_accounts=4 
syshost=pitzer database=pbsacct year=2019 month=04 software=WrightonPipeline executables=None cpuhours=31018.37 corehours=12678.99 nodehours=1515.01 n_jobs=208 n_users=2 n_groups=1 n_accounts=1 
syshost=pitzer database=pbsacct year=2019 month=04 software=sses executables=None cpuhours=26642.87 corehours=30.52 nodehours=698.92 n_jobs=76 n_users=3 n_groups=3 n_accounts=2 
syshost=pitzer database=pbsacct year=2019 month=04 software=singularity executables=None cpuhours=19661.68 corehours=1714.64 nodehours=511.49 n_jobs=121 n_users=4 n_groups=2 n_accounts=2 
syshost=pitzer database=pbsacct year=2019 month=04 software=chimera executables=None cpuhours=19442.36 corehours=1005.24 nodehours=358.07 n_jobs=43 n_users=1 n_groups=1 n_accounts=1 
syshost=pitzer database=pbsacct year=2019 month=04 software=wrf executables=None cpuhours=18693.61 corehours=14844.67 nodehours=467.34 n_jobs=19 n_users=2 n_groups=2 n_accounts=2 
syshost=pitzer database=pbsacct year=2019 month=04 software=TWODHBLhybridroe_sol executables=None cpuhours=18531.89 corehours=18453.96 nodehours=463.30 n_jobs=38 n_users=1 n_groups=1 n_accounts=1 
syshost=pitzer database=pbsacct year=2019 month=04 software=mustem executables=None cpuhours=18109.71 corehours=18021.31 nodehours=452.74 n_jobs=162 n_users=1 n_groups=1 n_accounts=1 
syshost=pitzer database=pbsacct year=2019 month=04 software=namd executables=None cpuhours=13322.12 corehours=13248.24 nodehours=832.63 n_jobs=72 n_users=1 n_groups=1 n_accounts=1 
syshost=pitzer database=pbsacct year=2019 month=04 software=setsm executables=None cpuhours=11998.21 corehours=7924.30 nodehours=532.56 n_jobs=169 n_users=1 n_groups=1 n_accounts=1 
syshost=pitzer database=pbsacct year=2019 month=04 software=maxsolve executables=None cpuhours=10909.38 corehours=8687.31 nodehours=272.73 n_jobs=77 n_users=1 n_groups=1 n_accounts=1 
syshost=pitzer database=pbsacct year=2019 month=04 software=charmm executables=None cpuhours=10051.50 corehours=9946.04 nodehours=251.29 n_jobs=9 n_users=1 n_groups=1 n_accounts=1 
syshost=pitzer database=pbsacct year=2019 month=04 software=pop executables=None cpuhours=9288.18 corehours=3392.56 nodehours=1369.30 n_jobs=504 n_users=5 n_groups=4 n_accounts=4 
syshost=pitzer database=pbsacct year=2019 month=04 software=turbo executables=None cpuhours=9189.72 corehours=8978.91 nodehours=278.48 n_jobs=73 n_users=1 n_groups=1 n_accounts=1 
syshost=pitzer database=pbsacct year=2019 month=04 software=gtc executables=None cpuhours=9145.20 corehours=698.59 nodehours=382.76 n_jobs=115 n_users=5 n_groups=4 n_accounts=4 
syshost=pitzer database=pbsacct year=2019 month=04 software=mexe executables=None cpuhours=8820.94 corehours=8754.53 nodehours=220.79 n_jobs=8 n_users=1 n_groups=1 n_accounts=1 
syshost=pitzer database=pbsacct year=2019 month=04 software=gromacs executables=None cpuhours=6649.43 corehours=6393.81 nodehours=169.19 n_jobs=39 n_users=4 n_groups=4 n_accounts=4 
syshost=pitzer database=pbsacct year=2019 month=04 software=pwscf executables=None cpuhours=6606.57 corehours=6586.95 nodehours=182.10 n_jobs=16 n_users=3 n_groups=3 n_accounts=3 
syshost=pitzer database=pbsacct year=2019 month=04 software=vnc executables=None cpuhours=6568.04 corehours=120.40 nodehours=164.20 n_jobs=86 n_users=28 n_groups=18 n_accounts=16 
syshost=pitzer database=pbsacct year=2019 month=04 software=amber executables=None cpuhours=6559.30 corehours=5755.88 nodehours=293.43 n_jobs=495 n_users=6 n_groups=5 n_accounts=6 
syshost=pitzer database=pbsacct year=2019 month=04 software=bwa executables=None cpuhours=5807.52 corehours=499.49 nodehours=145.19 n_jobs=100 n_users=2 n_groups=2 n_accounts=2 
syshost=pitzer database=pbsacct year=2019 month=04 software=phonon executables=None cpuhours=5430.22 corehours=5412.95 nodehours=135.76 n_jobs=4 n_users=1 n_groups=1 n_accounts=1 
syshost=pitzer database=pbsacct year=2019 month=04 software=R executables=None cpuhours=4959.48 corehours=665.38 nodehours=644.12 n_jobs=60 n_users=5 n_groups=5 n_accounts=6 
syshost=pitzer database=pbsacct year=2019 month=04 software=bowtie executables=None cpuhours=4925.59 corehours=2979.46 nodehours=175.30 n_jobs=32 n_users=6 n_groups=4 n_accounts=4 
syshost=pitzer database=pbsacct year=2019 month=04 software=milc executables=None cpuhours=3838.39 corehours=25.87 nodehours=95.96 n_jobs=8 n_users=1 n_groups=1 n_accounts=1 
syshost=pitzer database=pbsacct year=2019 month=04 software=v2 executables=None cpuhours=3816.86 corehours=1605.38 nodehours=1171.59 n_jobs=4402 n_users=1 n_groups=1 n_accounts=2 
syshost=pitzer database=pbsacct year=2019 month=04 software=virsorter executables=None cpuhours=3807.63 corehours=364.47 nodehours=96.08 n_jobs=19 n_users=3 n_groups=1 n_accounts=1 
syshost=pitzer database=pbsacct year=2019 month=04 software=hy3s executables=None cpuhours=3109.96 corehours=162.13 nodehours=163.07 n_jobs=81 n_users=5 n_groups=5 n_accounts=5 
