syshost=owens database=pbsacct year=2019 month=05 software=gaussian executables=None cpuhours=1539608.29 corehours=1456029.82 nodehours=59768.27 n_jobs=6448 n_users=53 n_groups=28 n_accounts=28 
syshost=owens database=pbsacct year=2019 month=05 software=lammps executables=None cpuhours=1484988.78 corehours=1453457.99 nodehours=95316.18 n_jobs=251031 n_users=26 n_groups=14 n_accounts=11 
syshost=owens database=pbsacct year=2019 month=05 software=foam executables=None cpuhours=989216.08 corehours=153606.57 nodehours=36021.55 n_jobs=716 n_users=7 n_groups=5 n_accounts=6 
syshost=owens database=pbsacct year=2019 month=05 software=namd executables=None cpuhours=988115.89 corehours=987027.98 nodehours=35306.02 n_jobs=339 n_users=14 n_groups=6 n_accounts=6 
syshost=owens database=pbsacct year=2019 month=05 software=python executables=None cpuhours=896523.10 corehours=774540.98 nodehours=48281.74 n_jobs=26555 n_users=100 n_groups=72 n_accounts=73 
syshost=owens database=pbsacct year=2019 month=05 software=vasp executables=None cpuhours=855732.29 corehours=796117.15 nodehours=31303.47 n_jobs=1624 n_users=21 n_groups=11 n_accounts=12 
syshost=owens database=pbsacct year=2019 month=05 software=starccm executables=None cpuhours=574650.93 corehours=559836.87 nodehours=20528.97 n_jobs=255 n_users=6 n_groups=5 n_accounts=5 
syshost=owens database=pbsacct year=2019 month=05 software=abaqus executables=None cpuhours=366147.35 corehours=349026.02 nodehours=12575.32 n_jobs=454 n_users=29 n_groups=22 n_accounts=21 
syshost=owens database=pbsacct year=2019 month=05 software=qchem executables=None cpuhours=266385.66 corehours=114047.71 nodehours=12035.04 n_jobs=1211 n_users=24 n_groups=9 n_accounts=10 
syshost=owens database=pbsacct year=2019 month=05 software=matlab executables=None cpuhours=262722.17 corehours=168539.96 nodehours=34367.75 n_jobs=6093 n_users=64 n_groups=46 n_accounts=47 
syshost=owens database=pbsacct year=2019 month=05 software=maxsolve executables=None cpuhours=239094.35 corehours=108602.43 nodehours=5033.95 n_jobs=56 n_users=2 n_groups=1 n_accounts=1 
syshost=owens database=pbsacct year=2019 month=05 software=gromacs executables=None cpuhours=225085.58 corehours=212749.26 nodehours=9672.38 n_jobs=637 n_users=14 n_groups=10 n_accounts=9 
syshost=owens database=pbsacct year=2019 month=05 software=fdl3di executables=None cpuhours=207119.83 corehours=200288.86 nodehours=7397.14 n_jobs=45 n_users=3 n_groups=2 n_accounts=2 
syshost=owens database=pbsacct year=2019 month=05 software=R executables=None cpuhours=169308.81 corehours=142872.65 nodehours=45336.43 n_jobs=11413 n_users=38 n_groups=34 n_accounts=29 
syshost=owens database=pbsacct year=2019 month=05 software=raspa executables=None cpuhours=159969.18 corehours=159656.27 nodehours=159969.18 n_jobs=11169 n_users=6 n_groups=2 n_accounts=1 
syshost=owens database=pbsacct year=2019 month=05 software=vnc executables=None cpuhours=144140.34 corehours=15008.52 nodehours=5040.71 n_jobs=668 n_users=89 n_groups=58 n_accounts=56 
syshost=owens database=pbsacct year=2019 month=05 software=wrf executables=None cpuhours=122950.09 corehours=100058.62 nodehours=4516.87 n_jobs=3475 n_users=5 n_groups=4 n_accounts=4 
syshost=owens database=pbsacct year=2019 month=05 software=orca executables=None cpuhours=106201.06 corehours=43651.43 nodehours=2965.97 n_jobs=105 n_users=6 n_groups=5 n_accounts=5 
syshost=owens database=pbsacct year=2019 month=05 software=ansys executables=None cpuhours=99855.60 corehours=29729.51 nodehours=3435.51 n_jobs=211 n_users=13 n_groups=9 n_accounts=10 
syshost=owens database=pbsacct year=2019 month=05 software=fluent executables=None cpuhours=99841.70 corehours=8001.33 nodehours=3564.88 n_jobs=180 n_users=7 n_groups=4 n_accounts=5 
syshost=owens database=pbsacct year=2019 month=05 software=milc executables=None cpuhours=90604.46 corehours=90145.29 nodehours=3267.50 n_jobs=282 n_users=2 n_groups=2 n_accounts=2 
syshost=owens database=pbsacct year=2019 month=05 software=bam executables=None cpuhours=81188.14 corehours=12846.40 nodehours=4350.80 n_jobs=7222 n_users=29 n_groups=20 n_accounts=19 
syshost=owens database=pbsacct year=2019 month=05 software=pwscf executables=None cpuhours=78976.16 corehours=77616.96 nodehours=2820.80 n_jobs=181 n_users=6 n_groups=5 n_accounts=5 
syshost=owens database=pbsacct year=2019 month=05 software=real_exe executables=None cpuhours=59883.23 corehours=48864.16 nodehours=2172.02 n_jobs=14573 n_users=4 n_groups=3 n_accounts=3 
syshost=owens database=pbsacct year=2019 month=05 software=run_xyzvort executables=None cpuhours=59472.50 corehours=16054.95 nodehours=3195.16 n_jobs=1466 n_users=14 n_groups=10 n_accounts=12 
syshost=owens database=pbsacct year=2019 month=05 software=Rstudio executables=None cpuhours=58486.95 corehours=11596.79 nodehours=2988.25 n_jobs=486 n_users=78 n_groups=43 n_accounts=39 
syshost=owens database=pbsacct year=2019 month=05 software=bwa executables=None cpuhours=56593.49 corehours=7569.76 nodehours=3462.17 n_jobs=5469 n_users=11 n_groups=9 n_accounts=8 
syshost=owens database=pbsacct year=2019 month=05 software=ncl executables=None cpuhours=55284.38 corehours=54767.95 nodehours=2253.55 n_jobs=286 n_users=10 n_groups=9 n_accounts=9 
syshost=owens database=pbsacct year=2019 month=05 software=yt executables=None cpuhours=48296.39 corehours=147.47 nodehours=2783.24 n_jobs=255 n_users=45 n_groups=33 n_accounts=32 
syshost=owens database=pbsacct year=2019 month=05 software=a_out executables=None cpuhours=41215.11 corehours=38857.88 nodehours=1815.11 n_jobs=690 n_users=13 n_groups=12 n_accounts=13 
syshost=owens database=pbsacct year=2019 month=05 software=setsm executables=None cpuhours=38192.43 corehours=24037.29 nodehours=1364.02 n_jobs=707 n_users=4 n_groups=3 n_accounts=3 
syshost=owens database=pbsacct year=2019 month=05 software=cm1 executables=None cpuhours=37748.02 corehours=37435.58 nodehours=6311.95 n_jobs=7577 n_users=6 n_groups=5 n_accounts=5 
syshost=owens database=pbsacct year=2019 month=05 software=runInterferometry executables=None cpuhours=35830.73 corehours=35325.92 nodehours=35830.73 n_jobs=6513 n_users=1 n_groups=1 n_accounts=1 
syshost=owens database=pbsacct year=2019 month=05 software=AFcombine executables=None cpuhours=33935.24 corehours=33078.08 nodehours=1211.97 n_jobs=5413 n_users=1 n_groups=1 n_accounts=1 
syshost=owens database=pbsacct year=2019 month=05 software=amber executables=None cpuhours=32688.31 corehours=31734.17 nodehours=2046.98 n_jobs=793 n_users=10 n_groups=9 n_accounts=9 
syshost=owens database=pbsacct year=2019 month=05 software=adf executables=None cpuhours=32063.39 corehours=20565.69 nodehours=1795.69 n_jobs=3220 n_users=19 n_groups=17 n_accounts=16 
syshost=owens database=pbsacct year=2019 month=05 software=inho executables=None cpuhours=19271.64 corehours=14653.18 nodehours=838.49 n_jobs=116 n_users=1 n_groups=1 n_accounts=1 
syshost=owens database=pbsacct year=2019 month=05 software=xgc executables=None cpuhours=18402.75 corehours=18382.59 nodehours=18302.01 n_jobs=810 n_users=3 n_groups=2 n_accounts=2 
syshost=owens database=pbsacct year=2019 month=05 software=singularity executables=None cpuhours=18250.53 corehours=7803.06 nodehours=813.56 n_jobs=2070 n_users=9 n_groups=6 n_accounts=5 
syshost=owens database=pbsacct year=2019 month=05 software=comsol executables=None cpuhours=17294.93 corehours=11619.30 nodehours=514.88 n_jobs=76 n_users=11 n_groups=11 n_accounts=11 
syshost=owens database=pbsacct year=2019 month=05 software=run_probtrackx executables=None cpuhours=16977.58 corehours=3631.94 nodehours=3946.18 n_jobs=4586 n_users=3 n_groups=1 n_accounts=1 
syshost=owens database=pbsacct year=2019 month=05 software=eddy executables=None cpuhours=16562.92 corehours=2306.72 nodehours=645.19 n_jobs=46 n_users=2 n_groups=2 n_accounts=2 
syshost=owens database=pbsacct year=2019 month=05 software=bowtie executables=None cpuhours=12755.07 corehours=3994.88 nodehours=618.36 n_jobs=1998 n_users=41 n_groups=24 n_accounts=18 
syshost=owens database=pbsacct year=2019 month=05 software=beast executables=None cpuhours=11933.75 corehours=3013.39 nodehours=497.24 n_jobs=23 n_users=1 n_groups=1 n_accounts=1 
syshost=owens database=pbsacct year=2019 month=05 software=nwchem executables=None cpuhours=10122.56 corehours=10114.88 nodehours=633.95 n_jobs=111 n_users=3 n_groups=3 n_accounts=3 
syshost=owens database=pbsacct year=2019 month=05 software=ncbi executables=None cpuhours=10060.69 corehours=1391.64 nodehours=285.91 n_jobs=720 n_users=21 n_groups=12 n_accounts=12 
syshost=owens database=pbsacct year=2019 month=05 software=SiteCorrelationLowCov executables=None cpuhours=9895.40 corehours=970.20 nodehours=989.54 n_jobs=2562 n_users=1 n_groups=1 n_accounts=1 
syshost=owens database=pbsacct year=2019 month=05 software=imd.x executables=None cpuhours=9651.43 corehours=9607.59 nodehours=9651.43 n_jobs=10026 n_users=1 n_groups=1 n_accounts=1 
syshost=owens database=pbsacct year=2019 month=05 software=cutadapt executables=None cpuhours=9109.78 corehours=3875.45 nodehours=1592.04 n_jobs=1192 n_users=10 n_groups=10 n_accounts=9 
syshost=owens database=pbsacct year=2019 month=05 software=molcas executables=None cpuhours=7994.39 corehours=3610.34 nodehours=1795.40 n_jobs=954 n_users=4 n_groups=2 n_accounts=3 
