syshost=pitzer database=pbsacct year=2019 month=09 software=vasp executables=None cpuhours=698434.83 corehours=695636.68 nodehours=17517.79 n_jobs=969 n_users=7 n_groups=4 n_accounts=4 
syshost=pitzer database=pbsacct year=2019 month=09 software=namd executables=None cpuhours=626478.48 corehours=623855.33 nodehours=15667.97 n_jobs=64 n_users=6 n_groups=3 n_accounts=3 
syshost=pitzer database=pbsacct year=2019 month=09 software=cp2k executables=None cpuhours=447142.03 corehours=444750.41 nodehours=11179.10 n_jobs=220 n_users=2 n_groups=2 n_accounts=2 
syshost=pitzer database=pbsacct year=2019 month=09 software=foam executables=None cpuhours=429620.95 corehours=47669.13 nodehours=11601.29 n_jobs=326 n_users=4 n_groups=3 n_accounts=4 
syshost=pitzer database=pbsacct year=2019 month=09 software=cam executables=None cpuhours=384442.83 corehours=368886.75 nodehours=9883.43 n_jobs=98 n_users=2 n_groups=2 n_accounts=2 
syshost=pitzer database=pbsacct year=2019 month=09 software=R executables=None cpuhours=337502.43 corehours=25340.45 nodehours=16699.73 n_jobs=832 n_users=6 n_groups=6 n_accounts=6 
syshost=pitzer database=pbsacct year=2019 month=09 software=ncl executables=None cpuhours=309507.72 corehours=301398.79 nodehours=7847.16 n_jobs=1533 n_users=7 n_groups=6 n_accounts=6 
syshost=pitzer database=pbsacct year=2019 month=09 software=raspa executables=None cpuhours=277427.23 corehours=169371.35 nodehours=60119.82 n_jobs=3894 n_users=5 n_groups=2 n_accounts=1 
syshost=pitzer database=pbsacct year=2019 month=09 software=python executables=None cpuhours=220005.24 corehours=86876.56 nodehours=27859.15 n_jobs=6330 n_users=54 n_groups=42 n_accounts=39 
syshost=pitzer database=pbsacct year=2019 month=09 software=gaussian executables=None cpuhours=214032.85 corehours=185457.03 nodehours=5476.54 n_jobs=1400 n_users=16 n_groups=10 n_accounts=11 
syshost=pitzer database=pbsacct year=2019 month=09 software=phonon executables=None cpuhours=186549.52 corehours=185399.86 nodehours=4663.74 n_jobs=272 n_users=1 n_groups=1 n_accounts=1 
syshost=pitzer database=pbsacct year=2019 month=09 software=qchem executables=None cpuhours=185139.96 corehours=73557.40 nodehours=5204.95 n_jobs=5056 n_users=11 n_groups=5 n_accounts=5 
syshost=pitzer database=pbsacct year=2019 month=09 software=lammps executables=None cpuhours=143932.27 corehours=143121.03 nodehours=9928.97 n_jobs=1429 n_users=10 n_groups=8 n_accounts=9 
syshost=pitzer database=pbsacct year=2019 month=09 software=matlab executables=None cpuhours=120518.42 corehours=17764.65 nodehours=6519.15 n_jobs=6124 n_users=12 n_groups=8 n_accounts=8 
syshost=pitzer database=pbsacct year=2019 month=09 software=spades executables=None cpuhours=89519.92 corehours=10326.60 nodehours=1769.03 n_jobs=69 n_users=3 n_groups=3 n_accounts=2 
syshost=pitzer database=pbsacct year=2019 month=09 software=molcas executables=None cpuhours=82466.27 corehours=27230.79 nodehours=23523.16 n_jobs=14592 n_users=5 n_groups=2 n_accounts=2 
syshost=pitzer database=pbsacct year=2019 month=09 software=pwscf executables=None cpuhours=73111.85 corehours=68004.51 nodehours=1873.30 n_jobs=478 n_users=5 n_groups=5 n_accounts=5 
syshost=pitzer database=pbsacct year=2019 month=09 software=starccm executables=None cpuhours=61506.67 corehours=61220.09 nodehours=1537.67 n_jobs=12 n_users=1 n_groups=1 n_accounts=1 
syshost=pitzer database=pbsacct year=2019 month=09 software=v2 executables=None cpuhours=59250.34 corehours=52980.63 nodehours=1516.07 n_jobs=579 n_users=2 n_groups=2 n_accounts=2 
syshost=pitzer database=pbsacct year=2019 month=09 software=fdl3di executables=None cpuhours=54462.04 corehours=8681.83 nodehours=1361.55 n_jobs=34 n_users=1 n_groups=1 n_accounts=1 
syshost=pitzer database=pbsacct year=2019 month=09 software=virsorter executables=None cpuhours=45013.89 corehours=11858.11 nodehours=3432.40 n_jobs=166 n_users=1 n_groups=1 n_accounts=1 
syshost=pitzer database=pbsacct year=2019 month=09 software=xgc executables=None cpuhours=40633.91 corehours=40511.06 nodehours=1619.19 n_jobs=59 n_users=1 n_groups=1 n_accounts=1 
syshost=pitzer database=pbsacct year=2019 month=09 software=WrightonPipeline executables=None cpuhours=35050.23 corehours=17313.10 nodehours=884.86 n_jobs=178 n_users=2 n_groups=1 n_accounts=1 
syshost=pitzer database=pbsacct year=2019 month=09 software=lsp executables=None cpuhours=33150.33 corehours=32440.24 nodehours=1346.61 n_jobs=12 n_users=3 n_groups=2 n_accounts=2 
syshost=pitzer database=pbsacct year=2019 month=09 software=adf executables=None cpuhours=26437.28 corehours=20229.96 nodehours=948.81 n_jobs=3041 n_users=9 n_groups=9 n_accounts=8 
syshost=pitzer database=pbsacct year=2019 month=09 software=a_out executables=None cpuhours=25825.24 corehours=25635.40 nodehours=1176.75 n_jobs=289 n_users=7 n_groups=6 n_accounts=6 
syshost=pitzer database=pbsacct year=2019 month=09 software=atmosphere_model executables=None cpuhours=25317.44 corehours=5269.34 nodehours=632.94 n_jobs=27 n_users=2 n_groups=1 n_accounts=1 
syshost=pitzer database=pbsacct year=2019 month=09 software=AraSim executables=None cpuhours=23049.28 corehours=21819.04 nodehours=576.23 n_jobs=92 n_users=1 n_groups=1 n_accounts=1 
syshost=pitzer database=pbsacct year=2019 month=09 software=wrf executables=None cpuhours=22030.63 corehours=13363.17 nodehours=614.69 n_jobs=28 n_users=2 n_groups=2 n_accounts=2 
syshost=pitzer database=pbsacct year=2019 month=09 software=gromacs executables=None cpuhours=20500.96 corehours=20369.26 nodehours=1281.97 n_jobs=56 n_users=8 n_groups=7 n_accounts=7 
syshost=pitzer database=pbsacct year=2019 month=09 software=hy3s executables=None cpuhours=20378.13 corehours=11092.89 nodehours=2527.71 n_jobs=1312 n_users=5 n_groups=5 n_accounts=5 
syshost=pitzer database=pbsacct year=2019 month=09 software=run_xyzvort executables=None cpuhours=19410.83 corehours=9128.44 nodehours=531.75 n_jobs=365 n_users=5 n_groups=4 n_accounts=5 
syshost=pitzer database=pbsacct year=2019 month=09 software=vnc executables=None cpuhours=16904.74 corehours=534.90 nodehours=422.62 n_jobs=111 n_users=26 n_groups=20 n_accounts=18 
syshost=pitzer database=pbsacct year=2019 month=09 software=mustem executables=None cpuhours=15967.71 corehours=15860.57 nodehours=409.37 n_jobs=373 n_users=1 n_groups=1 n_accounts=1 
syshost=pitzer database=pbsacct year=2019 month=09 software=amber executables=None cpuhours=14930.57 corehours=7246.91 nodehours=410.69 n_jobs=602 n_users=9 n_groups=7 n_accounts=8 
syshost=pitzer database=pbsacct year=2019 month=09 software=tsc executables=None cpuhours=13459.58 corehours=166.12 nodehours=168.48 n_jobs=4 n_users=3 n_groups=2 n_accounts=2 
syshost=pitzer database=pbsacct year=2019 month=09 software=setsm executables=None cpuhours=11173.56 corehours=6102.83 nodehours=283.97 n_jobs=193 n_users=2 n_groups=1 n_accounts=1 
syshost=pitzer database=pbsacct year=2019 month=09 software=bowtie executables=None cpuhours=10527.13 corehours=1527.09 nodehours=151.07 n_jobs=40 n_users=9 n_groups=6 n_accounts=5 
syshost=pitzer database=pbsacct year=2019 month=09 software=yt executables=None cpuhours=9221.59 corehours=286.66 nodehours=1660.56 n_jobs=551 n_users=39 n_groups=16 n_accounts=13 
syshost=pitzer database=pbsacct year=2019 month=09 software=bbmap executables=None cpuhours=8987.94 corehours=1081.70 nodehours=561.73 n_jobs=553 n_users=1 n_groups=1 n_accounts=1 
syshost=pitzer database=pbsacct year=2019 month=09 software=singularity executables=None cpuhours=8535.09 corehours=261.72 nodehours=109.98 n_jobs=61 n_users=7 n_groups=5 n_accounts=5 
syshost=pitzer database=pbsacct year=2019 month=09 software=ncbi executables=None cpuhours=7936.19 corehours=5954.27 nodehours=216.44 n_jobs=56 n_users=10 n_groups=8 n_accounts=7 
syshost=pitzer database=pbsacct year=2019 month=09 software=apbs executables=None cpuhours=7258.10 corehours=4793.66 nodehours=246.82 n_jobs=12 n_users=1 n_groups=1 n_accounts=1 
syshost=pitzer database=pbsacct year=2019 month=09 software=trial executables=None cpuhours=7045.36 corehours=6949.30 nodehours=220.42 n_jobs=263 n_users=1 n_groups=1 n_accounts=1 
syshost=pitzer database=pbsacct year=2019 month=09 software=gtc executables=None cpuhours=6035.39 corehours=831.87 nodehours=200.39 n_jobs=14 n_users=1 n_groups=1 n_accounts=1 
syshost=pitzer database=pbsacct year=2019 month=09 software=orca executables=None cpuhours=5784.25 corehours=3393.61 nodehours=579.34 n_jobs=29 n_users=3 n_groups=3 n_accounts=3 
syshost=pitzer database=pbsacct year=2019 month=09 software=mexe executables=None cpuhours=5566.56 corehours=5359.94 nodehours=139.16 n_jobs=3 n_users=1 n_groups=1 n_accounts=1 
syshost=pitzer database=pbsacct year=2019 month=09 software=mafft executables=None cpuhours=5561.33 corehours=138.57 nodehours=139.03 n_jobs=85 n_users=2 n_groups=1 n_accounts=1 
syshost=pitzer database=pbsacct year=2019 month=09 software=Rstudio executables=None cpuhours=5222.97 corehours=167.89 nodehours=363.39 n_jobs=78 n_users=16 n_groups=10 n_accounts=11 
syshost=pitzer database=pbsacct year=2019 month=09 software=wget executables=None cpuhours=4368.63 corehours=1.26 nodehours=437.73 n_jobs=238 n_users=3 n_groups=2 n_accounts=2 
