syshost=owens database=pbsacct year=2019 month=06 software=lammps executables=None cpuhours=1852641.77 corehours=1845158.86 nodehours=95657.21 n_jobs=825196 n_users=21 n_groups=13 n_accounts=13 
syshost=owens database=pbsacct year=2019 month=06 software=vasp executables=None cpuhours=1617465.80 corehours=1631455.80 nodehours=58661.21 n_jobs=3875 n_users=21 n_groups=11 n_accounts=12 
syshost=owens database=pbsacct year=2019 month=06 software=namd executables=None cpuhours=1275524.47 corehours=1273144.86 nodehours=45579.55 n_jobs=325 n_users=11 n_groups=5 n_accounts=4 
syshost=owens database=pbsacct year=2019 month=06 software=gaussian executables=None cpuhours=825167.12 corehours=754774.54 nodehours=38447.03 n_jobs=5060 n_users=47 n_groups=28 n_accounts=29 
syshost=owens database=pbsacct year=2019 month=06 software=starccm executables=None cpuhours=818120.01 corehours=728215.46 nodehours=29219.70 n_jobs=279 n_users=7 n_groups=5 n_accounts=6 
syshost=owens database=pbsacct year=2019 month=06 software=python executables=None cpuhours=816182.79 corehours=661012.31 nodehours=42039.28 n_jobs=24987 n_users=96 n_groups=65 n_accounts=62 
syshost=owens database=pbsacct year=2019 month=06 software=wrf executables=None cpuhours=750638.66 corehours=730340.74 nodehours=27632.73 n_jobs=2017 n_users=4 n_groups=3 n_accounts=3 
syshost=owens database=pbsacct year=2019 month=06 software=abaqus executables=None cpuhours=537749.24 corehours=258030.45 nodehours=20390.77 n_jobs=581 n_users=25 n_groups=17 n_accounts=17 
syshost=owens database=pbsacct year=2019 month=06 software=gromacs executables=None cpuhours=537698.93 corehours=460771.88 nodehours=24071.18 n_jobs=811 n_users=18 n_groups=10 n_accounts=9 
syshost=owens database=pbsacct year=2019 month=06 software=foam executables=None cpuhours=406129.00 corehours=111721.74 nodehours=14513.94 n_jobs=364 n_users=7 n_groups=5 n_accounts=6 
syshost=owens database=pbsacct year=2019 month=06 software=vnc executables=None cpuhours=352493.05 corehours=20884.70 nodehours=12470.53 n_jobs=754 n_users=82 n_groups=51 n_accounts=50 
syshost=owens database=pbsacct year=2019 month=06 software=R executables=None cpuhours=246471.45 corehours=158013.19 nodehours=19515.82 n_jobs=7416 n_users=39 n_groups=34 n_accounts=33 
syshost=owens database=pbsacct year=2019 month=06 software=fluent executables=None cpuhours=195935.70 corehours=16238.98 nodehours=6768.46 n_jobs=168 n_users=6 n_groups=4 n_accounts=5 
syshost=owens database=pbsacct year=2019 month=06 software=qchem executables=None cpuhours=172146.27 corehours=26248.65 nodehours=14363.74 n_jobs=2542 n_users=18 n_groups=5 n_accounts=6 
syshost=owens database=pbsacct year=2019 month=06 software=ncbi executables=None cpuhours=137946.16 corehours=14468.97 nodehours=9536.03 n_jobs=694 n_users=14 n_groups=8 n_accounts=9 
syshost=owens database=pbsacct year=2019 month=06 software=a_out executables=None cpuhours=120811.74 corehours=115716.79 nodehours=4563.33 n_jobs=422 n_users=13 n_groups=13 n_accounts=13 
syshost=owens database=pbsacct year=2019 month=06 software=matlab executables=None cpuhours=111408.11 corehours=37869.03 nodehours=18129.56 n_jobs=16637 n_users=56 n_groups=48 n_accounts=44 
syshost=owens database=pbsacct year=2019 month=06 software=inho executables=None cpuhours=109567.99 corehours=98271.14 nodehours=3942.72 n_jobs=103 n_users=2 n_groups=2 n_accounts=2 
syshost=owens database=pbsacct year=2019 month=06 software=fdl3di executables=None cpuhours=106873.64 corehours=103137.36 nodehours=3816.92 n_jobs=42 n_users=2 n_groups=2 n_accounts=2 
syshost=owens database=pbsacct year=2019 month=06 software=lsp executables=None cpuhours=78403.79 corehours=76114.52 nodehours=3347.66 n_jobs=39 n_users=3 n_groups=1 n_accounts=2 
syshost=owens database=pbsacct year=2019 month=06 software=ansys executables=None cpuhours=77173.66 corehours=24348.28 nodehours=2935.80 n_jobs=174 n_users=10 n_groups=8 n_accounts=10 
syshost=owens database=pbsacct year=2019 month=06 software=autodock executables=None cpuhours=76147.45 corehours=26961.51 nodehours=3806.79 n_jobs=70 n_users=3 n_groups=3 n_accounts=3 
syshost=owens database=pbsacct year=2019 month=06 software=xgc executables=None cpuhours=56403.70 corehours=52146.53 nodehours=2636.04 n_jobs=553 n_users=2 n_groups=2 n_accounts=1 
syshost=owens database=pbsacct year=2019 month=06 software=Rstudio executables=None cpuhours=56320.70 corehours=4333.24 nodehours=2435.84 n_jobs=431 n_users=44 n_groups=34 n_accounts=29 
syshost=owens database=pbsacct year=2019 month=06 software=bam executables=None cpuhours=55782.82 corehours=7449.20 nodehours=2479.71 n_jobs=1184 n_users=19 n_groups=14 n_accounts=13 
syshost=owens database=pbsacct year=2019 month=06 software=snptest executables=None cpuhours=51807.93 corehours=1853.43 nodehours=1855.69 n_jobs=313 n_users=2 n_groups=2 n_accounts=2 
syshost=owens database=pbsacct year=2019 month=06 software=real_exe executables=None cpuhours=49324.14 corehours=48340.31 nodehours=1761.74 n_jobs=3169 n_users=3 n_groups=2 n_accounts=2 
syshost=owens database=pbsacct year=2019 month=06 software=adf executables=None cpuhours=49136.71 corehours=16294.73 nodehours=2981.10 n_jobs=7723 n_users=27 n_groups=27 n_accounts=27 
syshost=owens database=pbsacct year=2019 month=06 software=setsm executables=None cpuhours=49021.53 corehours=26959.01 nodehours=1755.75 n_jobs=491 n_users=4 n_groups=3 n_accounts=2 
syshost=owens database=pbsacct year=2019 month=06 software=amber executables=None cpuhours=43929.82 corehours=39478.29 nodehours=3108.39 n_jobs=820 n_users=14 n_groups=11 n_accounts=12 
syshost=owens database=pbsacct year=2019 month=06 software=AraSim executables=None cpuhours=41858.25 corehours=40118.54 nodehours=1550.13 n_jobs=213 n_users=2 n_groups=1 n_accounts=1 
syshost=owens database=pbsacct year=2019 month=06 software=bwa executables=None cpuhours=41790.34 corehours=12337.80 nodehours=3727.86 n_jobs=4269 n_users=7 n_groups=6 n_accounts=6 
syshost=owens database=pbsacct year=2019 month=06 software=raspa executables=None cpuhours=40718.03 corehours=40700.59 nodehours=40718.03 n_jobs=4802 n_users=6 n_groups=2 n_accounts=1 
syshost=owens database=pbsacct year=2019 month=06 software=rosetta executables=None cpuhours=33097.36 corehours=33057.65 nodehours=1576.06 n_jobs=100 n_users=1 n_groups=1 n_accounts=1 
syshost=owens database=pbsacct year=2019 month=06 software=comsol executables=None cpuhours=29250.75 corehours=10198.66 nodehours=1124.85 n_jobs=124 n_users=7 n_groups=7 n_accounts=7 
syshost=owens database=pbsacct year=2019 month=06 software=pop executables=None cpuhours=28515.08 corehours=20236.50 nodehours=954.49 n_jobs=392 n_users=12 n_groups=8 n_accounts=8 
syshost=owens database=pbsacct year=2019 month=06 software=yt executables=None cpuhours=27601.52 corehours=1340.79 nodehours=2135.00 n_jobs=453 n_users=57 n_groups=31 n_accounts=31 
syshost=owens database=pbsacct year=2019 month=06 software=cm1 executables=None cpuhours=23811.52 corehours=23090.70 nodehours=3123.36 n_jobs=2150 n_users=7 n_groups=5 n_accounts=6 
syshost=owens database=pbsacct year=2019 month=06 software=mafft executables=None cpuhours=23694.56 corehours=4812.46 nodehours=1974.55 n_jobs=16899 n_users=1 n_groups=1 n_accounts=1 
syshost=owens database=pbsacct year=2019 month=06 software=singularity executables=None cpuhours=22342.36 corehours=3507.13 nodehours=800.51 n_jobs=176 n_users=7 n_groups=7 n_accounts=7 
syshost=owens database=pbsacct year=2019 month=06 software=canu executables=None cpuhours=21125.39 corehours=9670.85 nodehours=565.61 n_jobs=81 n_users=4 n_groups=4 n_accounts=4 
syshost=owens database=pbsacct year=2019 month=06 software=gzip executables=None cpuhours=18730.92 corehours=1902.99 nodehours=961.27 n_jobs=1067 n_users=16 n_groups=15 n_accounts=15 
syshost=owens database=pbsacct year=2019 month=06 software=AFcombine executables=None cpuhours=17316.79 corehours=16692.54 nodehours=618.46 n_jobs=2660 n_users=2 n_groups=1 n_accounts=1 
syshost=owens database=pbsacct year=2019 month=06 software=lsdyna executables=None cpuhours=16675.54 corehours=16393.15 nodehours=596.79 n_jobs=153 n_users=7 n_groups=5 n_accounts=5 
syshost=owens database=pbsacct year=2019 month=06 software=spades executables=None cpuhours=16314.07 corehours=3856.92 nodehours=797.05 n_jobs=130 n_users=9 n_groups=5 n_accounts=7 
syshost=owens database=pbsacct year=2019 month=06 software=cfl3d executables=None cpuhours=16313.66 corehours=15723.89 nodehours=665.61 n_jobs=379 n_users=2 n_groups=1 n_accounts=2 
syshost=owens database=pbsacct year=2019 month=06 software=ncl executables=None cpuhours=16041.77 corehours=14348.44 nodehours=1388.55 n_jobs=441 n_users=12 n_groups=11 n_accounts=11 
syshost=owens database=pbsacct year=2019 month=06 software=ash executables=None cpuhours=15382.87 corehours=15373.59 nodehours=769.20 n_jobs=114 n_users=2 n_groups=2 n_accounts=2 
syshost=owens database=pbsacct year=2019 month=06 software=abinit executables=None cpuhours=14313.97 corehours=13971.35 nodehours=704.37 n_jobs=97 n_users=3 n_groups=3 n_accounts=2 
syshost=owens database=pbsacct year=2019 month=06 software=hmmer executables=None cpuhours=13911.87 corehours=304.73 nodehours=614.00 n_jobs=1271 n_users=4 n_groups=4 n_accounts=3 
