syshost=owens database=pbsacct year=2019 month=07 software=vasp executables=None cpuhours=2293431.24 corehours=2246676.85 nodehours=82110.31 n_jobs=1804 n_users=22 n_groups=11 n_accounts=13 
syshost=owens database=pbsacct year=2019 month=07 software=lammps executables=None cpuhours=1563385.38 corehours=1561124.64 nodehours=110206.34 n_jobs=16332 n_users=19 n_groups=12 n_accounts=12 
syshost=owens database=pbsacct year=2019 month=07 software=foam executables=None cpuhours=1205100.63 corehours=290753.76 nodehours=43039.91 n_jobs=765 n_users=8 n_groups=6 n_accounts=6 
syshost=owens database=pbsacct year=2019 month=07 software=lsp executables=None cpuhours=1148417.27 corehours=1093950.24 nodehours=41014.91 n_jobs=1160 n_users=3 n_groups=1 n_accounts=1 
syshost=owens database=pbsacct year=2019 month=07 software=python executables=None cpuhours=736003.00 corehours=460081.90 nodehours=52069.56 n_jobs=11873 n_users=98 n_groups=70 n_accounts=65 
syshost=owens database=pbsacct year=2019 month=07 software=namd executables=None cpuhours=656471.66 corehours=655425.57 nodehours=23484.88 n_jobs=560 n_users=15 n_groups=7 n_accounts=7 
syshost=owens database=pbsacct year=2019 month=07 software=wrf executables=None cpuhours=533069.70 corehours=523142.28 nodehours=19483.52 n_jobs=2944 n_users=7 n_groups=5 n_accounts=5 
syshost=owens database=pbsacct year=2019 month=07 software=gaussian executables=None cpuhours=496153.45 corehours=445727.45 nodehours=23083.81 n_jobs=3901 n_users=52 n_groups=31 n_accounts=31 
syshost=owens database=pbsacct year=2019 month=07 software=abaqus executables=None cpuhours=404162.15 corehours=154593.43 nodehours=14466.39 n_jobs=935 n_users=28 n_groups=15 n_accounts=15 
syshost=owens database=pbsacct year=2019 month=07 software=starccm executables=None cpuhours=358517.83 corehours=346184.21 nodehours=12804.21 n_jobs=187 n_users=6 n_groups=5 n_accounts=5 
syshost=owens database=pbsacct year=2019 month=07 software=fluent executables=None cpuhours=302581.44 corehours=11822.31 nodehours=10820.14 n_jobs=93 n_users=3 n_groups=2 n_accounts=2 
syshost=owens database=pbsacct year=2019 month=07 software=vnc executables=None cpuhours=292707.31 corehours=21908.14 nodehours=9911.78 n_jobs=774 n_users=103 n_groups=61 n_accounts=57 
syshost=owens database=pbsacct year=2019 month=07 software=gromacs executables=None cpuhours=213826.63 corehours=153657.74 nodehours=19192.34 n_jobs=1610 n_users=14 n_groups=11 n_accounts=10 
syshost=owens database=pbsacct year=2019 month=07 software=tapsim executables=None cpuhours=198950.16 corehours=195955.34 nodehours=21235.17 n_jobs=342 n_users=1 n_groups=1 n_accounts=1 
syshost=owens database=pbsacct year=2019 month=07 software=matlab executables=None cpuhours=160855.53 corehours=74600.06 nodehours=19496.80 n_jobs=23792 n_users=48 n_groups=38 n_accounts=37 
syshost=owens database=pbsacct year=2019 month=07 software=xgc executables=None cpuhours=132014.78 corehours=131269.09 nodehours=6333.74 n_jobs=431 n_users=2 n_groups=2 n_accounts=1 
syshost=owens database=pbsacct year=2019 month=07 software=R executables=None cpuhours=120337.35 corehours=83671.09 nodehours=9211.83 n_jobs=3140 n_users=33 n_groups=30 n_accounts=30 
syshost=owens database=pbsacct year=2019 month=07 software=qchem executables=None cpuhours=111060.98 corehours=41417.33 nodehours=8161.87 n_jobs=3550 n_users=16 n_groups=6 n_accounts=6 
syshost=owens database=pbsacct year=2019 month=07 software=raspa executables=None cpuhours=110663.85 corehours=110032.45 nodehours=110663.85 n_jobs=1521 n_users=3 n_groups=2 n_accounts=1 
syshost=owens database=pbsacct year=2019 month=07 software=phonon executables=None cpuhours=76233.82 corehours=75813.43 nodehours=2843.58 n_jobs=95 n_users=4 n_groups=4 n_accounts=4 
syshost=owens database=pbsacct year=2019 month=07 software=ansys executables=None cpuhours=74109.28 corehours=21365.06 nodehours=2458.33 n_jobs=105 n_users=13 n_groups=10 n_accounts=11 
syshost=owens database=pbsacct year=2019 month=07 software=bowtie executables=None cpuhours=72574.37 corehours=15932.80 nodehours=3645.38 n_jobs=1023 n_users=22 n_groups=16 n_accounts=15 
syshost=owens database=pbsacct year=2019 month=07 software=bam executables=None cpuhours=71308.74 corehours=8091.39 nodehours=3250.48 n_jobs=1744 n_users=26 n_groups=21 n_accounts=17 
syshost=owens database=pbsacct year=2019 month=07 software=a_out executables=None cpuhours=64376.06 corehours=61858.77 nodehours=2853.66 n_jobs=2004 n_users=11 n_groups=11 n_accounts=12 
syshost=owens database=pbsacct year=2019 month=07 software=cam executables=None cpuhours=63185.79 corehours=61514.61 nodehours=2312.64 n_jobs=186 n_users=9 n_groups=9 n_accounts=9 
syshost=owens database=pbsacct year=2019 month=07 software=megahit executables=None cpuhours=62884.09 corehours=22897.07 nodehours=2920.94 n_jobs=1326 n_users=4 n_groups=4 n_accounts=2 
syshost=owens database=pbsacct year=2019 month=07 software=Rstudio executables=None cpuhours=62684.26 corehours=11295.00 nodehours=2593.12 n_jobs=331 n_users=47 n_groups=35 n_accounts=33 
syshost=owens database=pbsacct year=2019 month=07 software=real_exe executables=None cpuhours=57060.53 corehours=56290.96 nodehours=2128.47 n_jobs=5906 n_users=5 n_groups=3 n_accounts=3 
syshost=owens database=pbsacct year=2019 month=07 software=pop executables=None cpuhours=56745.66 corehours=39591.11 nodehours=2025.51 n_jobs=791 n_users=9 n_groups=7 n_accounts=8 
syshost=owens database=pbsacct year=2019 month=07 software=yt executables=None cpuhours=55455.61 corehours=7714.63 nodehours=2999.94 n_jobs=479 n_users=40 n_groups=31 n_accounts=32 
syshost=owens database=pbsacct year=2019 month=07 software=spades executables=None cpuhours=54510.58 corehours=4399.11 nodehours=1958.01 n_jobs=1021 n_users=8 n_groups=4 n_accounts=4 
syshost=owens database=pbsacct year=2019 month=07 software=amber executables=None cpuhours=48362.10 corehours=41100.40 nodehours=2202.84 n_jobs=1566 n_users=12 n_groups=11 n_accounts=12 
syshost=owens database=pbsacct year=2019 month=07 software=grib executables=None cpuhours=45427.44 corehours=31808.22 nodehours=1881.50 n_jobs=6099 n_users=4 n_groups=3 n_accounts=3 
syshost=owens database=pbsacct year=2019 month=07 software=bwa executables=None cpuhours=41504.69 corehours=8266.86 nodehours=4748.14 n_jobs=6184 n_users=13 n_groups=10 n_accounts=10 
syshost=owens database=pbsacct year=2019 month=07 software=lsdyna executables=None cpuhours=30456.32 corehours=30133.27 nodehours=1097.33 n_jobs=281 n_users=8 n_groups=5 n_accounts=6 
syshost=owens database=pbsacct year=2019 month=07 software=samtools executables=None cpuhours=29026.49 corehours=6624.91 nodehours=1138.24 n_jobs=7538 n_users=16 n_groups=11 n_accounts=11 
syshost=owens database=pbsacct year=2019 month=07 software=fsc26 executables=None cpuhours=28897.59 corehours=23872.39 nodehours=993.32 n_jobs=269 n_users=1 n_groups=1 n_accounts=1 
syshost=owens database=pbsacct year=2019 month=07 software=hmmer executables=None cpuhours=28877.29 corehours=689.13 nodehours=1598.87 n_jobs=334 n_users=4 n_groups=3 n_accounts=2 
syshost=owens database=pbsacct year=2019 month=07 software=snptest executables=None cpuhours=25702.83 corehours=916.98 nodehours=917.96 n_jobs=286 n_users=1 n_groups=1 n_accounts=1 
syshost=owens database=pbsacct year=2019 month=07 software=singularity executables=None cpuhours=24974.25 corehours=11116.28 nodehours=906.99 n_jobs=133 n_users=9 n_groups=6 n_accounts=7 
syshost=owens database=pbsacct year=2019 month=07 software=runInterferometry executables=None cpuhours=24787.31 corehours=24495.88 nodehours=24787.31 n_jobs=21441 n_users=2 n_groups=1 n_accounts=1 
syshost=owens database=pbsacct year=2019 month=07 software=gzip executables=None cpuhours=23121.72 corehours=2682.26 nodehours=821.31 n_jobs=648 n_users=20 n_groups=16 n_accounts=17 
syshost=owens database=pbsacct year=2019 month=07 software=cm1 executables=None cpuhours=21851.50 corehours=21432.31 nodehours=2894.34 n_jobs=1178 n_users=4 n_groups=4 n_accounts=4 
syshost=owens database=pbsacct year=2019 month=07 software=charmm executables=None cpuhours=21579.07 corehours=21484.21 nodehours=974.37 n_jobs=84 n_users=4 n_groups=3 n_accounts=3 
syshost=owens database=pbsacct year=2019 month=07 software=converge executables=None cpuhours=20615.97 corehours=16962.46 nodehours=736.28 n_jobs=26 n_users=1 n_groups=1 n_accounts=1 
syshost=owens database=pbsacct year=2019 month=07 software=maxsolve executables=None cpuhours=19701.81 corehours=16785.27 nodehours=425.01 n_jobs=352 n_users=2 n_groups=1 n_accounts=1 
syshost=owens database=pbsacct year=2019 month=07 software=mafft executables=None cpuhours=19682.98 corehours=7555.53 nodehours=1551.23 n_jobs=1043 n_users=4 n_groups=2 n_accounts=3 
syshost=owens database=pbsacct year=2019 month=07 software=SiteCorrelationLowCov executables=None cpuhours=16526.30 corehours=1619.76 nodehours=1652.63 n_jobs=2098 n_users=1 n_groups=1 n_accounts=1 
syshost=owens database=pbsacct year=2019 month=07 software=ncbi executables=None cpuhours=16405.00 corehours=2711.54 nodehours=907.05 n_jobs=185 n_users=14 n_groups=8 n_accounts=9 
syshost=owens database=pbsacct year=2019 month=07 software=overlap executables=None cpuhours=15181.88 corehours=2427.56 nodehours=1205.15 n_jobs=5795 n_users=3 n_groups=3 n_accounts=3 
