syshost=owens database=pbsacct year=2019 month=11 software=vasp executables=None cpuhours=1456907.75 corehours=1397851.81 nodehours=52627.86 n_jobs=3156 n_users=46 n_groups=19 n_accounts=17 
syshost=owens database=pbsacct year=2019 month=11 software=lammps executables=None cpuhours=1167085.68 corehours=1162355.31 nodehours=90645.20 n_jobs=3133 n_users=32 n_groups=20 n_accounts=19 
syshost=owens database=pbsacct year=2019 month=11 software=starccm executables=None cpuhours=936312.37 corehours=914356.52 nodehours=33439.74 n_jobs=108 n_users=7 n_groups=5 n_accounts=6 
syshost=owens database=pbsacct year=2019 month=11 software=python executables=None cpuhours=627325.99 corehours=238457.02 nodehours=50164.07 n_jobs=16169 n_users=128 n_groups=83 n_accounts=72 
syshost=owens database=pbsacct year=2019 month=11 software=fdl3di executables=None cpuhours=568401.26 corehours=564926.18 nodehours=20300.05 n_jobs=22 n_users=1 n_groups=1 n_accounts=1 
syshost=owens database=pbsacct year=2019 month=11 software=wrf executables=None cpuhours=491107.10 corehours=468271.68 nodehours=21351.35 n_jobs=1018 n_users=4 n_groups=4 n_accounts=3 
syshost=owens database=pbsacct year=2019 month=11 software=bowtie executables=None cpuhours=419792.13 corehours=163282.91 nodehours=14457.53 n_jobs=2430 n_users=30 n_groups=20 n_accounts=17 
syshost=owens database=pbsacct year=2019 month=11 software=TWODHBLhybridroe_sol executables=None cpuhours=404140.81 corehours=402647.27 nodehours=14433.60 n_jobs=220 n_users=1 n_groups=1 n_accounts=1 
syshost=owens database=pbsacct year=2019 month=11 software=foam executables=None cpuhours=327638.38 corehours=66273.59 nodehours=11701.32 n_jobs=440 n_users=4 n_groups=4 n_accounts=5 
syshost=owens database=pbsacct year=2019 month=11 software=hy3s executables=None cpuhours=316382.71 corehours=270904.16 nodehours=12411.33 n_jobs=5229 n_users=16 n_groups=14 n_accounts=17 
syshost=owens database=pbsacct year=2019 month=11 software=atmosphere_model executables=None cpuhours=306391.82 corehours=132811.18 nodehours=11117.31 n_jobs=152 n_users=7 n_groups=1 n_accounts=2 
syshost=owens database=pbsacct year=2019 month=11 software=namd executables=None cpuhours=304497.77 corehours=302139.83 nodehours=11079.69 n_jobs=1061 n_users=9 n_groups=4 n_accounts=4 
syshost=owens database=pbsacct year=2019 month=11 software=vnc executables=None cpuhours=302829.98 corehours=114813.82 nodehours=10674.85 n_jobs=1156 n_users=92 n_groups=60 n_accounts=55 
syshost=owens database=pbsacct year=2019 month=11 software=abaqus executables=None cpuhours=243098.17 corehours=158034.19 nodehours=8781.03 n_jobs=1160 n_users=23 n_groups=14 n_accounts=14 
syshost=owens database=pbsacct year=2019 month=11 software=matlab executables=None cpuhours=225045.05 corehours=93344.78 nodehours=39037.11 n_jobs=8057 n_users=55 n_groups=39 n_accounts=39 
syshost=owens database=pbsacct year=2019 month=11 software=R executables=None cpuhours=176320.42 corehours=115953.12 nodehours=30576.26 n_jobs=1313 n_users=32 n_groups=27 n_accounts=27 
syshost=owens database=pbsacct year=2019 month=11 software=a_out executables=None cpuhours=175057.34 corehours=173719.90 nodehours=6373.27 n_jobs=1637 n_users=10 n_groups=6 n_accounts=5 
syshost=owens database=pbsacct year=2019 month=11 software=gaussian executables=None cpuhours=174097.42 corehours=157232.01 nodehours=8779.01 n_jobs=4081 n_users=40 n_groups=31 n_accounts=29 
syshost=owens database=pbsacct year=2019 month=11 software=fluent executables=None cpuhours=169331.24 corehours=10271.11 nodehours=6347.57 n_jobs=139 n_users=4 n_groups=3 n_accounts=3 
syshost=owens database=pbsacct year=2019 month=11 software=qchem executables=None cpuhours=161646.63 corehours=102898.56 nodehours=6892.59 n_jobs=3644 n_users=29 n_groups=9 n_accounts=7 
syshost=owens database=pbsacct year=2019 month=11 software=spades executables=None cpuhours=103158.72 corehours=14499.05 nodehours=2883.29 n_jobs=891 n_users=9 n_groups=6 n_accounts=6 
syshost=owens database=pbsacct year=2019 month=11 software=raspa executables=None cpuhours=91131.92 corehours=86976.04 nodehours=74282.72 n_jobs=5840 n_users=6 n_groups=2 n_accounts=1 
syshost=owens database=pbsacct year=2019 month=11 software=Rstudio executables=None cpuhours=85120.76 corehours=14817.46 nodehours=7159.21 n_jobs=1501 n_users=271 n_groups=57 n_accounts=50 
syshost=owens database=pbsacct year=2019 month=11 software=converge executables=None cpuhours=74121.56 corehours=73979.26 nodehours=2647.20 n_jobs=26 n_users=1 n_groups=1 n_accounts=1 
syshost=owens database=pbsacct year=2019 month=11 software=lsp executables=None cpuhours=62614.87 corehours=61202.40 nodehours=2236.25 n_jobs=37 n_users=2 n_groups=1 n_accounts=1 
syshost=owens database=pbsacct year=2019 month=11 software=bam executables=None cpuhours=62514.79 corehours=12638.26 nodehours=3624.96 n_jobs=2214 n_users=41 n_groups=26 n_accounts=20 
syshost=owens database=pbsacct year=2019 month=11 software=gromacs executables=None cpuhours=62493.17 corehours=59747.40 nodehours=3231.96 n_jobs=478 n_users=16 n_groups=10 n_accounts=7 
syshost=owens database=pbsacct year=2019 month=11 software=adf executables=None cpuhours=59026.29 corehours=9903.02 nodehours=2682.87 n_jobs=857 n_users=36 n_groups=25 n_accounts=24 
syshost=owens database=pbsacct year=2019 month=11 software=ansys executables=None cpuhours=54588.08 corehours=43015.47 nodehours=1949.81 n_jobs=158 n_users=15 n_groups=13 n_accounts=12 
syshost=owens database=pbsacct year=2019 month=11 software=lsdyna executables=None cpuhours=52770.55 corehours=43807.58 nodehours=1884.66 n_jobs=79 n_users=6 n_groups=5 n_accounts=4 
syshost=owens database=pbsacct year=2019 month=11 software=reduce executables=None cpuhours=52754.01 corehours=460.18 nodehours=3348.63 n_jobs=454 n_users=3 n_groups=3 n_accounts=3 
syshost=owens database=pbsacct year=2019 month=11 software=singularity executables=None cpuhours=39920.25 corehours=4680.67 nodehours=1061.08 n_jobs=1365 n_users=30 n_groups=20 n_accounts=11 
syshost=owens database=pbsacct year=2019 month=11 software=virsorter executables=None cpuhours=36992.30 corehours=6152.08 nodehours=4023.29 n_jobs=183 n_users=9 n_groups=3 n_accounts=3 
syshost=owens database=pbsacct year=2019 month=11 software=rosetta executables=None cpuhours=36938.11 corehours=36874.87 nodehours=1420.70 n_jobs=138 n_users=1 n_groups=1 n_accounts=1 
syshost=owens database=pbsacct year=2019 month=11 software=run_xyzvort executables=None cpuhours=35931.60 corehours=29169.61 nodehours=2638.75 n_jobs=6673 n_users=5 n_groups=5 n_accounts=6 
syshost=owens database=pbsacct year=2019 month=11 software=megahit executables=None cpuhours=29204.98 corehours=8386.99 nodehours=937.11 n_jobs=893 n_users=8 n_groups=6 n_accounts=4 
syshost=owens database=pbsacct year=2019 month=11 software=yt executables=None cpuhours=28749.36 corehours=3089.24 nodehours=6478.32 n_jobs=1261 n_users=152 n_groups=40 n_accounts=36 
syshost=owens database=pbsacct year=2019 month=11 software=tapsim executables=None cpuhours=28246.24 corehours=28212.99 nodehours=1008.79 n_jobs=10 n_users=2 n_groups=1 n_accounts=1 
syshost=owens database=pbsacct year=2019 month=11 software=bedtools executables=None cpuhours=25253.44 corehours=1967.30 nodehours=2011.86 n_jobs=608 n_users=8 n_groups=6 n_accounts=6 
syshost=owens database=pbsacct year=2019 month=11 software=amber executables=None cpuhours=24078.77 corehours=23190.87 nodehours=1038.36 n_jobs=1149 n_users=10 n_groups=10 n_accounts=10 
syshost=owens database=pbsacct year=2019 month=11 software=maxsolve executables=None cpuhours=24023.42 corehours=13825.70 nodehours=526.07 n_jobs=122 n_users=2 n_groups=1 n_accounts=1 
syshost=owens database=pbsacct year=2019 month=11 software=setsm executables=None cpuhours=22900.19 corehours=10927.37 nodehours=817.97 n_jobs=172 n_users=1 n_groups=1 n_accounts=1 
syshost=owens database=pbsacct year=2019 month=11 software=real_exe executables=None cpuhours=22882.36 corehours=21826.53 nodehours=819.22 n_jobs=1030 n_users=3 n_groups=2 n_accounts=1 
syshost=owens database=pbsacct year=2019 month=11 software=v2 executables=None cpuhours=22494.25 corehours=17156.51 nodehours=1280.40 n_jobs=5645 n_users=3 n_groups=3 n_accounts=2 
syshost=owens database=pbsacct year=2019 month=11 software=blender executables=None cpuhours=22248.30 corehours=10472.33 nodehours=794.58 n_jobs=303 n_users=3 n_groups=3 n_accounts=3 
syshost=owens database=pbsacct year=2019 month=11 software=run_im executables=None cpuhours=22035.86 corehours=0.03 nodehours=990.92 n_jobs=18 n_users=1 n_groups=1 n_accounts=1 
syshost=owens database=pbsacct year=2019 month=11 software=comsol executables=None cpuhours=20044.72 corehours=7916.89 nodehours=838.10 n_jobs=181 n_users=9 n_groups=9 n_accounts=9 
syshost=owens database=pbsacct year=2019 month=11 software=orca executables=None cpuhours=18319.58 corehours=16533.47 nodehours=879.64 n_jobs=203 n_users=6 n_groups=4 n_accounts=4 
syshost=owens database=pbsacct year=2019 month=11 software=bwa executables=None cpuhours=17734.62 corehours=2491.00 nodehours=1090.48 n_jobs=1831 n_users=25 n_groups=20 n_accounts=13 
syshost=owens database=pbsacct year=2019 month=11 software=firefly executables=None cpuhours=17582.18 corehours=16606.80 nodehours=627.94 n_jobs=33 n_users=1 n_groups=1 n_accounts=1 
