syshost=pitzer database=pbsacct year=2019 month=12 software=namd executables=None cpuhours=1212838.01 corehours=1207163.25 nodehours=31408.69 n_jobs=173 n_users=8 n_groups=3 n_accounts=3 
syshost=pitzer database=pbsacct year=2019 month=12 software=fdl3di executables=None cpuhours=774652.51 corehours=754880.51 nodehours=19366.31 n_jobs=85 n_users=2 n_groups=2 n_accounts=1 
syshost=pitzer database=pbsacct year=2019 month=12 software=lammps executables=None cpuhours=760500.78 corehours=750740.79 nodehours=42650.66 n_jobs=908 n_users=9 n_groups=8 n_accounts=9 
syshost=pitzer database=pbsacct year=2019 month=12 software=wrf executables=None cpuhours=553395.07 corehours=548956.93 nodehours=15164.46 n_jobs=4557 n_users=4 n_groups=3 n_accounts=2 
syshost=pitzer database=pbsacct year=2019 month=12 software=cam executables=None cpuhours=455501.99 corehours=385936.78 nodehours=11683.74 n_jobs=85 n_users=3 n_groups=3 n_accounts=3 
syshost=pitzer database=pbsacct year=2019 month=12 software=gaussian executables=None cpuhours=306048.59 corehours=296679.37 nodehours=8038.28 n_jobs=4500 n_users=15 n_groups=11 n_accounts=10 
syshost=pitzer database=pbsacct year=2019 month=12 software=vasp executables=None cpuhours=212729.29 corehours=211868.75 nodehours=5334.13 n_jobs=297 n_users=7 n_groups=5 n_accounts=5 
syshost=pitzer database=pbsacct year=2019 month=12 software=ncl executables=None cpuhours=197182.20 corehours=191166.79 nodehours=5503.91 n_jobs=6407 n_users=5 n_groups=4 n_accounts=4 
syshost=pitzer database=pbsacct year=2019 month=12 software=starccm executables=None cpuhours=189311.19 corehours=186592.61 nodehours=4732.78 n_jobs=143 n_users=2 n_groups=2 n_accounts=2 
syshost=pitzer database=pbsacct year=2019 month=12 software=cp2k executables=None cpuhours=176729.28 corehours=176143.00 nodehours=4419.71 n_jobs=143 n_users=6 n_groups=6 n_accounts=7 
syshost=pitzer database=pbsacct year=2019 month=12 software=qchem executables=None cpuhours=162266.38 corehours=59467.84 nodehours=10264.78 n_jobs=1380 n_users=5 n_groups=4 n_accounts=4 
syshost=pitzer database=pbsacct year=2019 month=12 software=cm1 executables=None cpuhours=144742.77 corehours=119112.05 nodehours=4893.33 n_jobs=2698 n_users=2 n_groups=2 n_accounts=3 
syshost=pitzer database=pbsacct year=2019 month=12 software=python executables=None cpuhours=144228.52 corehours=65429.94 nodehours=8377.01 n_jobs=1848 n_users=56 n_groups=36 n_accounts=30 
syshost=pitzer database=pbsacct year=2019 month=12 software=virsorter executables=None cpuhours=114774.01 corehours=13074.37 nodehours=2872.97 n_jobs=369 n_users=4 n_groups=1 n_accounts=1 
syshost=pitzer database=pbsacct year=2019 month=12 software=molcas executables=None cpuhours=93615.82 corehours=42029.00 nodehours=32106.71 n_jobs=1953 n_users=5 n_groups=1 n_accounts=2 
syshost=pitzer database=pbsacct year=2019 month=12 software=raspa executables=None cpuhours=80942.20 corehours=80571.79 nodehours=61135.27 n_jobs=7201 n_users=5 n_groups=2 n_accounts=1 
syshost=pitzer database=pbsacct year=2019 month=12 software=a_out executables=None cpuhours=57775.50 corehours=57303.23 nodehours=1899.69 n_jobs=645 n_users=5 n_groups=4 n_accounts=3 
syshost=pitzer database=pbsacct year=2019 month=12 software=foam executables=None cpuhours=42807.68 corehours=28748.17 nodehours=1070.61 n_jobs=37 n_users=5 n_groups=5 n_accounts=5 
syshost=pitzer database=pbsacct year=2019 month=12 software=hy3s executables=None cpuhours=39664.53 corehours=36021.26 nodehours=1567.85 n_jobs=20 n_users=3 n_groups=3 n_accounts=3 
syshost=pitzer database=pbsacct year=2019 month=12 software=maxsolve executables=None cpuhours=37072.44 corehours=31447.46 nodehours=486.84 n_jobs=103 n_users=2 n_groups=1 n_accounts=1 
syshost=pitzer database=pbsacct year=2019 month=12 software=cosmosis executables=None cpuhours=35045.02 corehours=27742.31 nodehours=876.13 n_jobs=46 n_users=2 n_groups=2 n_accounts=2 
syshost=pitzer database=pbsacct year=2019 month=12 software=mafft executables=None cpuhours=28856.08 corehours=12538.63 nodehours=726.20 n_jobs=150 n_users=3 n_groups=2 n_accounts=2 
syshost=pitzer database=pbsacct year=2019 month=12 software=ncbi executables=None cpuhours=26927.02 corehours=4407.36 nodehours=1194.47 n_jobs=134 n_users=5 n_groups=4 n_accounts=4 
syshost=pitzer database=pbsacct year=2019 month=12 software=matlab executables=None cpuhours=22513.66 corehours=4578.06 nodehours=576.70 n_jobs=78 n_users=6 n_groups=6 n_accounts=6 
syshost=pitzer database=pbsacct year=2019 month=12 software=trial executables=None cpuhours=20229.49 corehours=20158.66 nodehours=632.17 n_jobs=118 n_users=1 n_groups=1 n_accounts=1 
syshost=pitzer database=pbsacct year=2019 month=12 software=spades executables=None cpuhours=18996.65 corehours=3799.21 nodehours=452.02 n_jobs=423 n_users=4 n_groups=3 n_accounts=2 
syshost=pitzer database=pbsacct year=2019 month=12 software=chimera executables=None cpuhours=17344.66 corehours=17229.19 nodehours=433.62 n_jobs=72 n_users=1 n_groups=1 n_accounts=1 
syshost=pitzer database=pbsacct year=2019 month=12 software=gromacs executables=None cpuhours=17070.85 corehours=14741.45 nodehours=1399.97 n_jobs=208 n_users=6 n_groups=4 n_accounts=5 
syshost=pitzer database=pbsacct year=2019 month=12 software=mexe executables=None cpuhours=15542.89 corehours=15461.36 nodehours=388.57 n_jobs=9 n_users=1 n_groups=1 n_accounts=1 
syshost=pitzer database=pbsacct year=2019 month=12 software=real_exe executables=None cpuhours=14302.80 corehours=13855.24 nodehours=881.52 n_jobs=2383 n_users=2 n_groups=1 n_accounts=1 
syshost=pitzer database=pbsacct year=2019 month=12 software=phonon executables=None cpuhours=13694.88 corehours=13640.98 nodehours=342.37 n_jobs=27 n_users=2 n_groups=2 n_accounts=2 
syshost=pitzer database=pbsacct year=2019 month=12 software=bam executables=None cpuhours=11111.26 corehours=524.61 nodehours=299.17 n_jobs=835 n_users=8 n_groups=4 n_accounts=5 
syshost=pitzer database=pbsacct year=2019 month=12 software=yt executables=None cpuhours=10937.53 corehours=450.71 nodehours=1179.13 n_jobs=330 n_users=27 n_groups=11 n_accounts=7 
syshost=pitzer database=pbsacct year=2019 month=12 software=R executables=None cpuhours=9437.69 corehours=4275.08 nodehours=497.83 n_jobs=535 n_users=10 n_groups=9 n_accounts=10 
syshost=pitzer database=pbsacct year=2019 month=12 software=orca executables=None cpuhours=6890.25 corehours=2766.77 nodehours=652.01 n_jobs=29 n_users=3 n_groups=3 n_accounts=4 
syshost=pitzer database=pbsacct year=2019 month=12 software=evp executables=None cpuhours=6555.90 corehours=6528.30 nodehours=204.90 n_jobs=126 n_users=2 n_groups=1 n_accounts=1 
syshost=pitzer database=pbsacct year=2019 month=12 software=amber executables=None cpuhours=6355.05 corehours=5647.56 nodehours=196.99 n_jobs=531 n_users=4 n_groups=4 n_accounts=4 
syshost=pitzer database=pbsacct year=2019 month=12 software=lsp executables=None cpuhours=6055.29 corehours=5736.68 nodehours=151.38 n_jobs=3 n_users=1 n_groups=1 n_accounts=1 
syshost=pitzer database=pbsacct year=2019 month=12 software=Rstudio executables=None cpuhours=5946.46 corehours=1402.76 nodehours=154.59 n_jobs=38 n_users=11 n_groups=10 n_accounts=9 
syshost=pitzer database=pbsacct year=2019 month=12 software=setsm executables=None cpuhours=4705.31 corehours=1709.09 nodehours=128.59 n_jobs=51 n_users=2 n_groups=2 n_accounts=2 
syshost=pitzer database=pbsacct year=2019 month=12 software=padc executables=None cpuhours=4628.14 corehours=4612.75 nodehours=115.71 n_jobs=4 n_users=2 n_groups=1 n_accounts=1 
syshost=pitzer database=pbsacct year=2019 month=12 software=vnc executables=None cpuhours=4416.97 corehours=257.71 nodehours=110.42 n_jobs=72 n_users=18 n_groups=14 n_accounts=16 
syshost=pitzer database=pbsacct year=2019 month=12 software=pwscf executables=None cpuhours=4362.88 corehours=3878.93 nodehours=166.91 n_jobs=391 n_users=4 n_groups=3 n_accounts=3 
syshost=pitzer database=pbsacct year=2019 month=12 software=megahit executables=None cpuhours=4130.93 corehours=1317.87 nodehours=392.77 n_jobs=287 n_users=2 n_groups=2 n_accounts=2 
syshost=pitzer database=pbsacct year=2019 month=12 software=augustus executables=None cpuhours=4101.41 corehours=186.70 nodehours=205.46 n_jobs=16 n_users=1 n_groups=1 n_accounts=1 
syshost=pitzer database=pbsacct year=2019 month=12 software=bowtie executables=None cpuhours=3820.64 corehours=1494.89 nodehours=95.52 n_jobs=28 n_users=3 n_groups=2 n_accounts=2 
syshost=pitzer database=pbsacct year=2019 month=12 software=singularity executables=None cpuhours=2132.76 corehours=261.59 nodehours=195.78 n_jobs=236 n_users=5 n_groups=4 n_accounts=4 
syshost=pitzer database=pbsacct year=2019 month=12 software=xgc executables=None cpuhours=2007.56 corehours=1999.47 nodehours=50.19 n_jobs=3 n_users=1 n_groups=1 n_accounts=1 
syshost=pitzer database=pbsacct year=2019 month=12 software=lmf executables=None cpuhours=1766.48 corehours=312.54 nodehours=115.54 n_jobs=54 n_users=1 n_groups=1 n_accounts=1 
syshost=pitzer database=pbsacct year=2019 month=12 software=run_xyzvort executables=None cpuhours=1471.38 corehours=107.83 nodehours=24.78 n_jobs=5 n_users=3 n_groups=3 n_accounts=3 
