syshost=pitzer database=pbsacct year=2019 month=10 software=vasp executables=None cpuhours=886583.19 corehours=883327.99 nodehours=22319.06 n_jobs=1028 n_users=7 n_groups=5 n_accounts=5 
syshost=pitzer database=pbsacct year=2019 month=10 software=namd executables=None cpuhours=768656.95 corehours=765795.87 nodehours=19631.05 n_jobs=100 n_users=12 n_groups=6 n_accounts=5 
syshost=pitzer database=pbsacct year=2019 month=10 software=cp2k executables=None cpuhours=507649.58 corehours=501689.84 nodehours=12691.62 n_jobs=205 n_users=2 n_groups=2 n_accounts=2 
syshost=pitzer database=pbsacct year=2019 month=10 software=lammps executables=None cpuhours=311723.09 corehours=309027.78 nodehours=9516.54 n_jobs=1107 n_users=9 n_groups=8 n_accounts=7 
syshost=pitzer database=pbsacct year=2019 month=10 software=fdl3di executables=None cpuhours=307975.30 corehours=301051.22 nodehours=7699.38 n_jobs=91 n_users=4 n_groups=3 n_accounts=3 
syshost=pitzer database=pbsacct year=2019 month=10 software=cam executables=None cpuhours=260341.94 corehours=227999.76 nodehours=6513.76 n_jobs=112 n_users=3 n_groups=3 n_accounts=3 
syshost=pitzer database=pbsacct year=2019 month=10 software=python executables=None cpuhours=259331.94 corehours=101394.16 nodehours=31656.33 n_jobs=5559 n_users=78 n_groups=50 n_accounts=42 
syshost=pitzer database=pbsacct year=2019 month=10 software=raspa executables=None cpuhours=228857.22 corehours=215076.74 nodehours=149575.82 n_jobs=11394 n_users=6 n_groups=2 n_accounts=1 
syshost=pitzer database=pbsacct year=2019 month=10 software=bowtie executables=None cpuhours=227147.07 corehours=29947.45 nodehours=11017.09 n_jobs=556 n_users=12 n_groups=7 n_accounts=5 
syshost=pitzer database=pbsacct year=2019 month=10 software=qchem executables=None cpuhours=207688.32 corehours=99989.65 nodehours=6057.53 n_jobs=507 n_users=10 n_groups=5 n_accounts=4 
syshost=pitzer database=pbsacct year=2019 month=10 software=phonon executables=None cpuhours=188506.03 corehours=187642.02 nodehours=4712.65 n_jobs=199 n_users=1 n_groups=1 n_accounts=1 
syshost=pitzer database=pbsacct year=2019 month=10 software=starccm executables=None cpuhours=173522.17 corehours=171859.19 nodehours=4338.05 n_jobs=114 n_users=1 n_groups=1 n_accounts=1 
syshost=pitzer database=pbsacct year=2019 month=10 software=foam executables=None cpuhours=162462.91 corehours=42254.44 nodehours=4134.22 n_jobs=152 n_users=5 n_groups=4 n_accounts=5 
syshost=pitzer database=pbsacct year=2019 month=10 software=gaussian executables=None cpuhours=136944.30 corehours=123198.96 nodehours=3784.49 n_jobs=436 n_users=13 n_groups=12 n_accounts=12 
syshost=pitzer database=pbsacct year=2019 month=10 software=molcas executables=None cpuhours=106415.87 corehours=52374.48 nodehours=24970.07 n_jobs=1267 n_users=4 n_groups=1 n_accounts=1 
syshost=pitzer database=pbsacct year=2019 month=10 software=converge executables=None cpuhours=95176.48 corehours=94841.61 nodehours=2379.41 n_jobs=37 n_users=1 n_groups=1 n_accounts=1 
syshost=pitzer database=pbsacct year=2019 month=10 software=ncbi executables=None cpuhours=89550.85 corehours=56970.03 nodehours=2245.26 n_jobs=745 n_users=6 n_groups=4 n_accounts=4 
syshost=pitzer database=pbsacct year=2019 month=10 software=eddy executables=None cpuhours=89000.66 corehours=19818.84 nodehours=2424.99 n_jobs=149 n_users=1 n_groups=1 n_accounts=2 
syshost=pitzer database=pbsacct year=2019 month=10 software=atat executables=None cpuhours=51666.77 corehours=48355.54 nodehours=1838.78 n_jobs=32 n_users=3 n_groups=3 n_accounts=3 
syshost=pitzer database=pbsacct year=2019 month=10 software=ncl executables=None cpuhours=45826.64 corehours=43141.30 nodehours=1256.57 n_jobs=229 n_users=6 n_groups=5 n_accounts=5 
syshost=pitzer database=pbsacct year=2019 month=10 software=wrf executables=None cpuhours=43414.84 corehours=39442.00 nodehours=1085.37 n_jobs=36 n_users=2 n_groups=2 n_accounts=2 
syshost=pitzer database=pbsacct year=2019 month=10 software=hy3s executables=None cpuhours=42129.27 corehours=41088.34 nodehours=1128.28 n_jobs=2028 n_users=6 n_groups=4 n_accounts=4 
syshost=pitzer database=pbsacct year=2019 month=10 software=matlab executables=None cpuhours=35043.05 corehours=21461.51 nodehours=1862.21 n_jobs=2819 n_users=11 n_groups=9 n_accounts=9 
syshost=pitzer database=pbsacct year=2019 month=10 software=overlap executables=None cpuhours=33812.94 corehours=6600.52 nodehours=2373.24 n_jobs=57 n_users=4 n_groups=2 n_accounts=2 
syshost=pitzer database=pbsacct year=2019 month=10 software=a_out executables=None cpuhours=31248.23 corehours=28045.85 nodehours=1363.09 n_jobs=798 n_users=9 n_groups=8 n_accounts=7 
syshost=pitzer database=pbsacct year=2019 month=10 software=cosmosis executables=None cpuhours=24716.83 corehours=16545.21 nodehours=617.94 n_jobs=66 n_users=3 n_groups=3 n_accounts=2 
syshost=pitzer database=pbsacct year=2019 month=10 software=yt executables=None cpuhours=22866.19 corehours=138.81 nodehours=1737.00 n_jobs=489 n_users=45 n_groups=23 n_accounts=20 
syshost=pitzer database=pbsacct year=2019 month=10 software=gzip executables=None cpuhours=22839.73 corehours=11630.02 nodehours=582.01 n_jobs=273 n_users=4 n_groups=2 n_accounts=2 
syshost=pitzer database=pbsacct year=2019 month=10 software=arts executables=None cpuhours=17455.44 corehours=17358.13 nodehours=437.17 n_jobs=74 n_users=2 n_groups=2 n_accounts=2 
syshost=pitzer database=pbsacct year=2019 month=10 software=maxsolve executables=None cpuhours=14762.42 corehours=12139.90 nodehours=321.09 n_jobs=180 n_users=2 n_groups=1 n_accounts=1 
syshost=pitzer database=pbsacct year=2019 month=10 software=spades executables=None cpuhours=14746.13 corehours=2621.17 nodehours=333.57 n_jobs=71 n_users=5 n_groups=3 n_accounts=2 
syshost=pitzer database=pbsacct year=2019 month=10 software=bbmap executables=None cpuhours=13455.63 corehours=7743.53 nodehours=674.49 n_jobs=631 n_users=4 n_groups=3 n_accounts=2 
syshost=pitzer database=pbsacct year=2019 month=10 software=bam executables=None cpuhours=13055.48 corehours=3381.09 nodehours=445.29 n_jobs=431 n_users=8 n_groups=5 n_accounts=5 
syshost=pitzer database=pbsacct year=2019 month=10 software=beast executables=None cpuhours=12904.48 corehours=5650.82 nodehours=412.50 n_jobs=114 n_users=2 n_groups=2 n_accounts=1 
syshost=pitzer database=pbsacct year=2019 month=10 software=TWODHBLhybridroe_sol executables=None cpuhours=12538.61 corehours=12481.44 nodehours=313.47 n_jobs=8 n_users=1 n_groups=1 n_accounts=1 
syshost=pitzer database=pbsacct year=2019 month=10 software=R executables=None cpuhours=12287.05 corehours=4585.71 nodehours=616.44 n_jobs=208 n_users=9 n_groups=9 n_accounts=9 
syshost=pitzer database=pbsacct year=2019 month=10 software=lsp executables=None cpuhours=12210.84 corehours=11578.57 nodehours=305.27 n_jobs=2 n_users=1 n_groups=1 n_accounts=1 
syshost=pitzer database=pbsacct year=2019 month=10 software=pop executables=None cpuhours=12036.14 corehours=6774.05 nodehours=464.37 n_jobs=158 n_users=4 n_groups=3 n_accounts=3 
syshost=pitzer database=pbsacct year=2019 month=10 software=trial executables=None cpuhours=11757.58 corehours=11682.28 nodehours=367.42 n_jobs=94 n_users=1 n_groups=1 n_accounts=1 
syshost=pitzer database=pbsacct year=2019 month=10 software=halo executables=None cpuhours=11626.33 corehours=11509.22 nodehours=290.66 n_jobs=309 n_users=1 n_groups=1 n_accounts=1 
syshost=pitzer database=pbsacct year=2019 month=10 software=tsc executables=None cpuhours=10715.57 corehours=10667.44 nodehours=267.89 n_jobs=10 n_users=2 n_groups=2 n_accounts=2 
syshost=pitzer database=pbsacct year=2019 month=10 software=singularity executables=None cpuhours=9336.84 corehours=2948.38 nodehours=181.59 n_jobs=56 n_users=9 n_groups=5 n_accounts=2 
syshost=pitzer database=pbsacct year=2019 month=10 software=run_xyzvort executables=None cpuhours=8941.47 corehours=5911.72 nodehours=235.98 n_jobs=244 n_users=5 n_groups=3 n_accounts=4 
syshost=pitzer database=pbsacct year=2019 month=10 software=vnc executables=None cpuhours=8774.02 corehours=461.34 nodehours=219.35 n_jobs=102 n_users=44 n_groups=35 n_accounts=24 
syshost=pitzer database=pbsacct year=2019 month=10 software=v2 executables=None cpuhours=8366.76 corehours=6541.23 nodehours=222.03 n_jobs=435 n_users=1 n_groups=1 n_accounts=2 
syshost=pitzer database=pbsacct year=2019 month=10 software=gtc executables=None cpuhours=7710.98 corehours=2475.55 nodehours=99.62 n_jobs=3 n_users=3 n_groups=3 n_accounts=3 
syshost=pitzer database=pbsacct year=2019 month=10 software=orca executables=None cpuhours=7370.56 corehours=3580.67 nodehours=756.65 n_jobs=27 n_users=3 n_groups=3 n_accounts=4 
syshost=pitzer database=pbsacct year=2019 month=10 software=setsm executables=None cpuhours=6889.69 corehours=3463.84 nodehours=172.69 n_jobs=108 n_users=2 n_groups=1 n_accounts=1 
syshost=pitzer database=pbsacct year=2019 month=10 software=amber executables=None cpuhours=6549.97 corehours=6245.51 nodehours=723.58 n_jobs=490 n_users=5 n_groups=4 n_accounts=4 
syshost=pitzer database=pbsacct year=2019 month=10 software=res executables=None cpuhours=5332.27 corehours=4353.91 nodehours=138.50 n_jobs=132 n_users=3 n_groups=3 n_accounts=3 
