syshost=owens database=pbsacct year=2019 month=02 software=vasp executables=None cpuhours=1426755.78 corehours=1231204.68 nodehours=53713.76 n_jobs=13617 n_users=17 n_groups=8 n_accounts=10 
syshost=owens database=pbsacct year=2019 month=02 software=inho executables=None cpuhours=1241470.22 corehours=1103740.21 nodehours=44386.82 n_jobs=112 n_users=2 n_groups=2 n_accounts=2 
syshost=owens database=pbsacct year=2019 month=02 software=python executables=None cpuhours=1043629.72 corehours=613346.85 nodehours=73990.48 n_jobs=27808 n_users=95 n_groups=59 n_accounts=63 
syshost=owens database=pbsacct year=2019 month=02 software=foam executables=None cpuhours=684716.04 corehours=94550.73 nodehours=24503.37 n_jobs=399 n_users=5 n_groups=4 n_accounts=4 
syshost=owens database=pbsacct year=2019 month=02 software=bam executables=None cpuhours=650913.74 corehours=288947.64 nodehours=32827.70 n_jobs=1730 n_users=14 n_groups=11 n_accounts=11 
syshost=owens database=pbsacct year=2019 month=02 software=starccm executables=None cpuhours=585167.57 corehours=551785.91 nodehours=20898.84 n_jobs=215 n_users=7 n_groups=6 n_accounts=9 
syshost=owens database=pbsacct year=2019 month=02 software=lammps executables=None cpuhours=515949.50 corehours=501247.04 nodehours=44764.52 n_jobs=5196 n_users=29 n_groups=16 n_accounts=14 
syshost=owens database=pbsacct year=2019 month=02 software=molcas executables=None cpuhours=455277.83 corehours=227646.66 nodehours=90517.91 n_jobs=4046 n_users=5 n_groups=1 n_accounts=1 
syshost=owens database=pbsacct year=2019 month=02 software=FDTDxx executables=None cpuhours=418977.46 corehours=416174.52 nodehours=14963.48 n_jobs=112 n_users=1 n_groups=1 n_accounts=1 
syshost=owens database=pbsacct year=2019 month=02 software=lsp executables=None cpuhours=412660.50 corehours=402453.91 nodehours=14800.69 n_jobs=163 n_users=3 n_groups=1 n_accounts=2 
syshost=owens database=pbsacct year=2019 month=02 software=fdl3di executables=None cpuhours=331109.82 corehours=293772.04 nodehours=11943.64 n_jobs=42 n_users=3 n_groups=2 n_accounts=3 
syshost=owens database=pbsacct year=2019 month=02 software=comsol executables=None cpuhours=317099.75 corehours=8116.90 nodehours=11435.94 n_jobs=239 n_users=13 n_groups=13 n_accounts=13 
syshost=owens database=pbsacct year=2019 month=02 software=eden executables=None cpuhours=291898.19 corehours=4514.53 nodehours=10424.94 n_jobs=246 n_users=2 n_groups=2 n_accounts=2 
syshost=owens database=pbsacct year=2019 month=02 software=matlab executables=None cpuhours=263393.68 corehours=38377.71 nodehours=16681.30 n_jobs=9174 n_users=77 n_groups=49 n_accounts=50 
syshost=owens database=pbsacct year=2019 month=02 software=abaqus executables=None cpuhours=216253.92 corehours=151141.89 nodehours=8364.91 n_jobs=1234 n_users=20 n_groups=11 n_accounts=11 
syshost=owens database=pbsacct year=2019 month=02 software=gaussian executables=None cpuhours=209420.35 corehours=184601.48 nodehours=14427.43 n_jobs=2947 n_users=68 n_groups=27 n_accounts=30 
syshost=owens database=pbsacct year=2019 month=02 software=amber executables=None cpuhours=187506.19 corehours=147786.85 nodehours=15627.07 n_jobs=4249 n_users=13 n_groups=10 n_accounts=9 
syshost=owens database=pbsacct year=2019 month=02 software=R executables=None cpuhours=179213.67 corehours=57330.17 nodehours=7481.56 n_jobs=5040 n_users=29 n_groups=25 n_accounts=25 
syshost=owens database=pbsacct year=2019 month=02 software=ansys executables=None cpuhours=178903.25 corehours=85142.76 nodehours=7606.68 n_jobs=349 n_users=19 n_groups=18 n_accounts=18 
syshost=owens database=pbsacct year=2019 month=02 software=beast executables=None cpuhours=173067.15 corehours=40687.76 nodehours=6180.97 n_jobs=5000 n_users=1 n_groups=1 n_accounts=1 
syshost=owens database=pbsacct year=2019 month=02 software=qchem executables=None cpuhours=144480.05 corehours=91246.16 nodehours=10062.62 n_jobs=2654 n_users=15 n_groups=6 n_accounts=8 
syshost=owens database=pbsacct year=2019 month=02 software=ddmax executables=None cpuhours=143303.93 corehours=47223.19 nodehours=3123.06 n_jobs=107 n_users=1 n_groups=1 n_accounts=1 
syshost=owens database=pbsacct year=2019 month=02 software=drone executables=None cpuhours=128156.16 corehours=126439.54 nodehours=4577.01 n_jobs=44 n_users=1 n_groups=1 n_accounts=1 
syshost=owens database=pbsacct year=2019 month=02 software=vnc executables=None cpuhours=119637.64 corehours=18195.14 nodehours=4123.68 n_jobs=973 n_users=82 n_groups=51 n_accounts=51 
syshost=owens database=pbsacct year=2019 month=02 software=bwa executables=None cpuhours=111293.82 corehours=9258.26 nodehours=8616.74 n_jobs=1809 n_users=6 n_groups=4 n_accounts=4 
syshost=owens database=pbsacct year=2019 month=02 software=gromacs executables=None cpuhours=98753.03 corehours=94699.20 nodehours=4835.91 n_jobs=161 n_users=13 n_groups=8 n_accounts=9 
syshost=owens database=pbsacct year=2019 month=02 software=wrf executables=None cpuhours=98663.09 corehours=95899.74 nodehours=3538.25 n_jobs=205 n_users=4 n_groups=3 n_accounts=3 
syshost=owens database=pbsacct year=2019 month=02 software=abinit executables=None cpuhours=97132.75 corehours=97045.06 nodehours=97132.75 n_jobs=12844 n_users=2 n_groups=2 n_accounts=2 
syshost=owens database=pbsacct year=2019 month=02 software=multturb executables=None cpuhours=92455.80 corehours=89701.42 nodehours=49858.36 n_jobs=881 n_users=1 n_groups=1 n_accounts=2 
syshost=owens database=pbsacct year=2019 month=02 software=Rstudio executables=None cpuhours=59646.22 corehours=3191.46 nodehours=3519.54 n_jobs=406 n_users=57 n_groups=44 n_accounts=43 
syshost=owens database=pbsacct year=2019 month=02 software=namd executables=None cpuhours=55047.05 corehours=54348.96 nodehours=1965.97 n_jobs=296 n_users=2 n_groups=1 n_accounts=1 
syshost=owens database=pbsacct year=2019 month=02 software=cam executables=None cpuhours=53233.80 corehours=52984.91 nodehours=3774.28 n_jobs=674 n_users=5 n_groups=4 n_accounts=4 
syshost=owens database=pbsacct year=2019 month=02 software=fastx executables=None cpuhours=50768.57 corehours=13226.38 nodehours=2560.02 n_jobs=210 n_users=3 n_groups=3 n_accounts=3 
syshost=owens database=pbsacct year=2019 month=02 software=setsm executables=None cpuhours=47749.62 corehours=33401.23 nodehours=2301.22 n_jobs=738 n_users=3 n_groups=3 n_accounts=1 
syshost=owens database=pbsacct year=2019 month=02 software=simulate executables=None cpuhours=46291.19 corehours=46267.67 nodehours=46291.19 n_jobs=1695 n_users=1 n_groups=1 n_accounts=1 
syshost=owens database=pbsacct year=2019 month=02 software=dock executables=None cpuhours=45645.35 corehours=13360.98 nodehours=3575.15 n_jobs=124 n_users=1 n_groups=1 n_accounts=1 
syshost=owens database=pbsacct year=2019 month=02 software=a_out executables=None cpuhours=42445.16 corehours=36753.90 nodehours=2563.47 n_jobs=397 n_users=18 n_groups=10 n_accounts=10 
syshost=owens database=pbsacct year=2019 month=02 software=lsdyna executables=None cpuhours=38587.68 corehours=38006.65 nodehours=1429.95 n_jobs=229 n_users=7 n_groups=5 n_accounts=5 
syshost=owens database=pbsacct year=2019 month=02 software=phonon executables=None cpuhours=38313.99 corehours=38143.56 nodehours=1368.36 n_jobs=238 n_users=2 n_groups=2 n_accounts=2 
syshost=owens database=pbsacct year=2019 month=02 software=consensus executables=None cpuhours=32893.69 corehours=9419.24 nodehours=1644.68 n_jobs=886 n_users=1 n_groups=1 n_accounts=1 
syshost=owens database=pbsacct year=2019 month=02 software=ncl executables=None cpuhours=25397.31 corehours=24511.96 nodehours=913.44 n_jobs=262 n_users=7 n_groups=5 n_accounts=5 
syshost=owens database=pbsacct year=2019 month=02 software=cm1 executables=None cpuhours=20892.60 corehours=2201.55 nodehours=791.61 n_jobs=129 n_users=1 n_groups=1 n_accounts=2 
syshost=owens database=pbsacct year=2019 month=02 software=THREEDHBL_hybridsol executables=None cpuhours=20027.47 corehours=19998.13 nodehours=715.27 n_jobs=3 n_users=1 n_groups=1 n_accounts=1 
syshost=owens database=pbsacct year=2019 month=02 software=fluent executables=None cpuhours=15135.35 corehours=10508.95 nodehours=1097.90 n_jobs=77 n_users=6 n_groups=2 n_accounts=3 
syshost=owens database=pbsacct year=2019 month=02 software=gzip executables=None cpuhours=15134.37 corehours=4252.10 nodehours=3998.33 n_jobs=8925 n_users=8 n_groups=7 n_accounts=6 
syshost=owens database=pbsacct year=2019 month=02 software=maya executables=None cpuhours=14633.57 corehours=1305.91 nodehours=1214.55 n_jobs=447 n_users=4 n_groups=3 n_accounts=3 
syshost=owens database=pbsacct year=2019 month=02 software=bowtie executables=None cpuhours=14391.65 corehours=7422.42 nodehours=736.85 n_jobs=623 n_users=26 n_groups=10 n_accounts=12 
syshost=owens database=pbsacct year=2019 month=02 software=cfl3d executables=None cpuhours=12604.83 corehours=11731.40 nodehours=452.25 n_jobs=98 n_users=1 n_groups=1 n_accounts=1 
syshost=owens database=pbsacct year=2019 month=02 software=yt executables=None cpuhours=12143.73 corehours=181.32 nodehours=1568.26 n_jobs=636 n_users=93 n_groups=35 n_accounts=32 
syshost=owens database=pbsacct year=2019 month=02 software=ncbi executables=None cpuhours=11740.40 corehours=5894.82 nodehours=337.53 n_jobs=757 n_users=13 n_groups=6 n_accounts=8 
