syshost=owens database=pbsacct year=2019 month=09 software=vasp executables=None cpuhours=1544679.03 corehours=1487759.17 nodehours=56277.42 n_jobs=10206 n_users=46 n_groups=14 n_accounts=16 
syshost=owens database=pbsacct year=2019 month=09 software=lammps executables=None cpuhours=1352849.46 corehours=1344965.90 nodehours=111738.00 n_jobs=9595 n_users=21 n_groups=14 n_accounts=14 
syshost=owens database=pbsacct year=2019 month=09 software=foam executables=None cpuhours=642620.70 corehours=62270.65 nodehours=23044.65 n_jobs=440 n_users=7 n_groups=5 n_accounts=6 
syshost=owens database=pbsacct year=2019 month=09 software=python executables=None cpuhours=552253.02 corehours=440533.52 nodehours=42394.71 n_jobs=12504 n_users=104 n_groups=68 n_accounts=65 
syshost=owens database=pbsacct year=2019 month=09 software=atmosphere_model executables=None cpuhours=517966.40 corehours=102718.95 nodehours=18812.85 n_jobs=209 n_users=4 n_groups=1 n_accounts=2 
syshost=owens database=pbsacct year=2019 month=09 software=matlab executables=None cpuhours=510910.07 corehours=98926.57 nodehours=55975.39 n_jobs=5413 n_users=65 n_groups=46 n_accounts=46 
syshost=owens database=pbsacct year=2019 month=09 software=cp2k executables=None cpuhours=451789.55 corehours=411853.23 nodehours=22589.07 n_jobs=122 n_users=2 n_groups=2 n_accounts=2 
syshost=owens database=pbsacct year=2019 month=09 software=R executables=None cpuhours=433471.95 corehours=321339.83 nodehours=23505.92 n_jobs=4741 n_users=46 n_groups=34 n_accounts=27 
syshost=owens database=pbsacct year=2019 month=09 software=namd executables=None cpuhours=431292.38 corehours=432806.76 nodehours=15526.91 n_jobs=1547 n_users=9 n_groups=3 n_accounts=3 
syshost=owens database=pbsacct year=2019 month=09 software=fdl3di executables=None cpuhours=362276.70 corehours=361347.50 nodehours=12962.41 n_jobs=31 n_users=1 n_groups=1 n_accounts=1 
syshost=owens database=pbsacct year=2019 month=09 software=gaussian executables=None cpuhours=346190.99 corehours=288511.38 nodehours=15172.13 n_jobs=6908 n_users=52 n_groups=33 n_accounts=32 
syshost=owens database=pbsacct year=2019 month=09 software=starccm executables=None cpuhours=342608.13 corehours=337544.72 nodehours=12236.00 n_jobs=134 n_users=6 n_groups=5 n_accounts=6 
syshost=owens database=pbsacct year=2019 month=09 software=abaqus executables=None cpuhours=319422.65 corehours=279701.92 nodehours=12208.24 n_jobs=777 n_users=26 n_groups=16 n_accounts=15 
syshost=owens database=pbsacct year=2019 month=09 software=fluent executables=None cpuhours=290452.40 corehours=22182.31 nodehours=11128.74 n_jobs=186 n_users=4 n_groups=3 n_accounts=3 
syshost=owens database=pbsacct year=2019 month=09 software=qchem executables=None cpuhours=259701.43 corehours=133745.65 nodehours=14936.08 n_jobs=23854 n_users=13 n_groups=7 n_accounts=6 
syshost=owens database=pbsacct year=2019 month=09 software=ncl executables=None cpuhours=239630.31 corehours=119765.18 nodehours=10783.32 n_jobs=90145 n_users=10 n_groups=8 n_accounts=8 
syshost=owens database=pbsacct year=2019 month=09 software=vnc executables=None cpuhours=202549.41 corehours=11034.24 nodehours=7211.47 n_jobs=900 n_users=130 n_groups=65 n_accounts=60 
syshost=owens database=pbsacct year=2019 month=09 software=spades executables=None cpuhours=152144.30 corehours=17844.22 nodehours=3607.09 n_jobs=128 n_users=7 n_groups=5 n_accounts=6 
syshost=owens database=pbsacct year=2019 month=09 software=tapsim executables=None cpuhours=138577.53 corehours=137911.80 nodehours=7763.08 n_jobs=83 n_users=2 n_groups=1 n_accounts=1 
syshost=owens database=pbsacct year=2019 month=09 software=gromacs executables=None cpuhours=119155.22 corehours=116704.01 nodehours=7234.49 n_jobs=1089 n_users=15 n_groups=9 n_accounts=9 
syshost=owens database=pbsacct year=2019 month=09 software=charmm executables=None cpuhours=112911.48 corehours=112587.19 nodehours=4032.55 n_jobs=24 n_users=1 n_groups=1 n_accounts=1 
syshost=owens database=pbsacct year=2019 month=09 software=a_out executables=None cpuhours=76147.22 corehours=66241.78 nodehours=2984.44 n_jobs=22666 n_users=13 n_groups=11 n_accounts=9 
syshost=owens database=pbsacct year=2019 month=09 software=converge executables=None cpuhours=72247.16 corehours=71076.66 nodehours=2580.26 n_jobs=32 n_users=1 n_groups=1 n_accounts=1 
syshost=owens database=pbsacct year=2019 month=09 software=adf executables=None cpuhours=72055.71 corehours=47828.42 nodehours=2784.32 n_jobs=4994 n_users=36 n_groups=21 n_accounts=19 
syshost=owens database=pbsacct year=2019 month=09 software=raspa executables=None cpuhours=71671.95 corehours=71627.46 nodehours=71671.95 n_jobs=11493 n_users=5 n_groups=2 n_accounts=1 
syshost=owens database=pbsacct year=2019 month=09 software=bbmap executables=None cpuhours=68172.99 corehours=1633.29 nodehours=2697.90 n_jobs=3457 n_users=7 n_groups=5 n_accounts=4 
syshost=owens database=pbsacct year=2019 month=09 software=lsp executables=None cpuhours=62797.22 corehours=61870.15 nodehours=2242.76 n_jobs=75 n_users=2 n_groups=1 n_accounts=1 
syshost=owens database=pbsacct year=2019 month=09 software=yt executables=None cpuhours=60860.23 corehours=1221.60 nodehours=5303.90 n_jobs=1137 n_users=205 n_groups=45 n_accounts=39 
syshost=owens database=pbsacct year=2019 month=09 software=wrf executables=None cpuhours=60549.79 corehours=59265.90 nodehours=2163.63 n_jobs=285 n_users=3 n_groups=3 n_accounts=4 
syshost=owens database=pbsacct year=2019 month=09 software=megahit executables=None cpuhours=53205.59 corehours=17987.94 nodehours=1968.04 n_jobs=812 n_users=4 n_groups=4 n_accounts=3 
syshost=owens database=pbsacct year=2019 month=09 software=v2 executables=None cpuhours=43082.40 corehours=37537.07 nodehours=1564.09 n_jobs=383 n_users=2 n_groups=2 n_accounts=2 
syshost=owens database=pbsacct year=2019 month=09 software=wget executables=None cpuhours=42663.08 corehours=42.95 nodehours=7078.05 n_jobs=1445 n_users=4 n_groups=4 n_accounts=4 
syshost=owens database=pbsacct year=2019 month=09 software=Rstudio executables=None cpuhours=37631.54 corehours=3200.30 nodehours=3128.44 n_jobs=1229 n_users=274 n_groups=45 n_accounts=39 
syshost=owens database=pbsacct year=2019 month=09 software=lsdyna executables=None cpuhours=36295.31 corehours=35812.15 nodehours=1296.31 n_jobs=62 n_users=6 n_groups=4 n_accounts=3 
syshost=owens database=pbsacct year=2019 month=09 software=gtc executables=None cpuhours=35221.79 corehours=3367.47 nodehours=805.16 n_jobs=223 n_users=7 n_groups=7 n_accounts=7 
syshost=owens database=pbsacct year=2019 month=09 software=amber executables=None cpuhours=29562.41 corehours=21616.06 nodehours=2314.32 n_jobs=1677 n_users=15 n_groups=12 n_accounts=13 
syshost=owens database=pbsacct year=2019 month=09 software=ansys executables=None cpuhours=23495.17 corehours=7150.50 nodehours=825.54 n_jobs=82 n_users=9 n_groups=6 n_accounts=4 
syshost=owens database=pbsacct year=2019 month=09 software=bedtools executables=None cpuhours=18022.74 corehours=2266.26 nodehours=2277.83 n_jobs=2621 n_users=9 n_groups=7 n_accounts=7 
syshost=owens database=pbsacct year=2019 month=09 software=bowtie executables=None cpuhours=17627.13 corehours=8090.70 nodehours=824.45 n_jobs=706 n_users=19 n_groups=13 n_accounts=13 
syshost=owens database=pbsacct year=2019 month=09 software=singularity executables=None cpuhours=16913.51 corehours=5567.78 nodehours=651.58 n_jobs=316 n_users=7 n_groups=5 n_accounts=6 
syshost=owens database=pbsacct year=2019 month=09 software=lkh executables=None cpuhours=16705.13 corehours=16563.96 nodehours=1786.15 n_jobs=605 n_users=2 n_groups=2 n_accounts=2 
syshost=owens database=pbsacct year=2019 month=09 software=bwa executables=None cpuhours=14739.32 corehours=2671.29 nodehours=1349.53 n_jobs=4092 n_users=17 n_groups=12 n_accounts=8 
syshost=owens database=pbsacct year=2019 month=09 software=fastqc executables=None cpuhours=13743.07 corehours=1694.23 nodehours=518.20 n_jobs=500 n_users=25 n_groups=18 n_accounts=9 
syshost=owens database=pbsacct year=2019 month=09 software=rosetta executables=None cpuhours=13271.65 corehours=13245.81 nodehours=1206.51 n_jobs=89 n_users=1 n_groups=1 n_accounts=1 
syshost=owens database=pbsacct year=2019 month=09 software=bam executables=None cpuhours=13043.14 corehours=1740.00 nodehours=682.17 n_jobs=1827 n_users=24 n_groups=18 n_accounts=16 
syshost=owens database=pbsacct year=2019 month=09 software=grib executables=None cpuhours=12787.60 corehours=8700.93 nodehours=459.62 n_jobs=45 n_users=3 n_groups=3 n_accounts=3 
syshost=owens database=pbsacct year=2019 month=09 software=ctac executables=None cpuhours=11662.98 corehours=739.06 nodehours=303.98 n_jobs=356 n_users=5 n_groups=5 n_accounts=4 
syshost=owens database=pbsacct year=2019 month=09 software=padc executables=None cpuhours=11394.04 corehours=11364.49 nodehours=406.93 n_jobs=3 n_users=1 n_groups=1 n_accounts=1 
syshost=owens database=pbsacct year=2019 month=09 software=res executables=None cpuhours=10339.91 corehours=10268.40 nodehours=581.25 n_jobs=857 n_users=21 n_groups=12 n_accounts=11 
syshost=owens database=pbsacct year=2019 month=09 software=so_gen_weights executables=None cpuhours=10226.63 corehours=4887.46 nodehours=365.24 n_jobs=251 n_users=1 n_groups=1 n_accounts=1 
