syshost=owens database=pbsacct year=2019 month=08 software=vasp executables=None cpuhours=1477930.60 corehours=1463826.23 nodehours=53439.16 n_jobs=6112 n_users=39 n_groups=13 n_accounts=13 
syshost=owens database=pbsacct year=2019 month=08 software=lammps executables=None cpuhours=1449414.51 corehours=1445038.30 nodehours=84440.94 n_jobs=10181 n_users=25 n_groups=15 n_accounts=17 
syshost=owens database=pbsacct year=2019 month=08 software=foam executables=None cpuhours=1327496.87 corehours=171768.58 nodehours=47465.66 n_jobs=968 n_users=8 n_groups=7 n_accounts=7 
syshost=owens database=pbsacct year=2019 month=08 software=wrf executables=None cpuhours=850044.81 corehours=834936.09 nodehours=30404.17 n_jobs=6118 n_users=4 n_groups=4 n_accounts=3 
syshost=owens database=pbsacct year=2019 month=08 software=gaussian executables=None cpuhours=808921.65 corehours=756136.88 nodehours=35043.70 n_jobs=7209 n_users=52 n_groups=30 n_accounts=31 
syshost=owens database=pbsacct year=2019 month=08 software=python executables=None cpuhours=667466.19 corehours=508505.44 nodehours=41088.76 n_jobs=25531 n_users=90 n_groups=67 n_accounts=66 
syshost=owens database=pbsacct year=2019 month=08 software=namd executables=None cpuhours=494470.61 corehours=493472.39 nodehours=17676.18 n_jobs=1042 n_users=9 n_groups=4 n_accounts=4 
syshost=owens database=pbsacct year=2019 month=08 software=starccm executables=None cpuhours=443505.69 corehours=430315.01 nodehours=15839.51 n_jobs=235 n_users=8 n_groups=5 n_accounts=5 
syshost=owens database=pbsacct year=2019 month=08 software=abaqus executables=None cpuhours=440279.42 corehours=353509.22 nodehours=15745.97 n_jobs=852 n_users=26 n_groups=14 n_accounts=14 
syshost=owens database=pbsacct year=2019 month=08 software=qchem executables=None cpuhours=422635.84 corehours=238597.72 nodehours=17170.86 n_jobs=3395 n_users=16 n_groups=6 n_accounts=7 
syshost=owens database=pbsacct year=2019 month=08 software=cam executables=None cpuhours=397866.09 corehours=388159.17 nodehours=14210.82 n_jobs=68 n_users=9 n_groups=9 n_accounts=9 
syshost=owens database=pbsacct year=2019 month=08 software=fdl3di executables=None cpuhours=297049.50 corehours=293373.05 nodehours=10608.91 n_jobs=23 n_users=1 n_groups=1 n_accounts=1 
syshost=owens database=pbsacct year=2019 month=08 software=fluent executables=None cpuhours=283226.41 corehours=21325.01 nodehours=10188.67 n_jobs=110 n_users=4 n_groups=3 n_accounts=3 
syshost=owens database=pbsacct year=2019 month=08 software=R executables=None cpuhours=217377.17 corehours=94888.98 nodehours=34354.49 n_jobs=6934 n_users=38 n_groups=31 n_accounts=31 
syshost=owens database=pbsacct year=2019 month=08 software=gromacs executables=None cpuhours=216851.43 corehours=188534.31 nodehours=22652.39 n_jobs=3968 n_users=12 n_groups=7 n_accounts=7 
syshost=owens database=pbsacct year=2019 month=08 software=Rstudio executables=None cpuhours=195394.21 corehours=56690.88 nodehours=7966.63 n_jobs=924 n_users=262 n_groups=43 n_accounts=35 
syshost=owens database=pbsacct year=2019 month=08 software=atmosphere_model executables=None cpuhours=186645.34 corehours=43618.01 nodehours=6916.78 n_jobs=264 n_users=4 n_groups=1 n_accounts=2 
syshost=owens database=pbsacct year=2019 month=08 software=vnc executables=None cpuhours=182767.08 corehours=19834.72 nodehours=6060.80 n_jobs=812 n_users=75 n_groups=56 n_accounts=50 
syshost=owens database=pbsacct year=2019 month=08 software=tapsim executables=None cpuhours=152277.52 corehours=151445.40 nodehours=10340.87 n_jobs=107 n_users=1 n_groups=1 n_accounts=1 
syshost=owens database=pbsacct year=2019 month=08 software=raspa executables=None cpuhours=141124.80 corehours=141089.11 nodehours=141124.80 n_jobs=1913 n_users=2 n_groups=2 n_accounts=1 
syshost=owens database=pbsacct year=2019 month=08 software=spades executables=None cpuhours=96607.01 corehours=10143.89 nodehours=2276.35 n_jobs=451 n_users=6 n_groups=5 n_accounts=4 
syshost=owens database=pbsacct year=2019 month=08 software=matlab executables=None cpuhours=95762.25 corehours=43342.10 nodehours=17618.79 n_jobs=2529 n_users=56 n_groups=42 n_accounts=39 
syshost=owens database=pbsacct year=2019 month=08 software=converge executables=None cpuhours=73204.76 corehours=73040.49 nodehours=2614.46 n_jobs=20 n_users=1 n_groups=1 n_accounts=1 
syshost=owens database=pbsacct year=2019 month=08 software=a_out executables=None cpuhours=72638.79 corehours=72118.79 nodehours=2638.01 n_jobs=1152 n_users=12 n_groups=12 n_accounts=9 
syshost=owens database=pbsacct year=2019 month=08 software=yt executables=None cpuhours=71741.79 corehours=18499.36 nodehours=4085.89 n_jobs=402 n_users=43 n_groups=34 n_accounts=35 
syshost=owens database=pbsacct year=2019 month=08 software=charmm executables=None cpuhours=67953.43 corehours=52284.54 nodehours=2426.91 n_jobs=18 n_users=1 n_groups=1 n_accounts=1 
syshost=owens database=pbsacct year=2019 month=08 software=amber executables=None cpuhours=67731.64 corehours=65263.94 nodehours=4651.08 n_jobs=2194 n_users=10 n_groups=9 n_accounts=9 
syshost=owens database=pbsacct year=2019 month=08 software=v2 executables=None cpuhours=66908.75 corehours=40384.71 nodehours=2409.74 n_jobs=429 n_users=2 n_groups=2 n_accounts=2 
syshost=owens database=pbsacct year=2019 month=08 software=ansys executables=None cpuhours=59468.09 corehours=15545.81 nodehours=2049.97 n_jobs=53 n_users=8 n_groups=7 n_accounts=5 
syshost=owens database=pbsacct year=2019 month=08 software=setsm executables=None cpuhours=54496.70 corehours=27808.66 nodehours=2073.96 n_jobs=638 n_users=4 n_groups=2 n_accounts=1 
syshost=owens database=pbsacct year=2019 month=08 software=bedtools executables=None cpuhours=51173.52 corehours=5532.84 nodehours=5417.90 n_jobs=4559 n_users=9 n_groups=6 n_accounts=6 
syshost=owens database=pbsacct year=2019 month=08 software=bbmap executables=None cpuhours=49131.29 corehours=5658.79 nodehours=5796.24 n_jobs=5301 n_users=8 n_groups=7 n_accounts=5 
syshost=owens database=pbsacct year=2019 month=08 software=megahit executables=None cpuhours=46931.99 corehours=16774.02 nodehours=1693.27 n_jobs=870 n_users=3 n_groups=3 n_accounts=2 
syshost=owens database=pbsacct year=2019 month=08 software=lsdyna executables=None cpuhours=45748.12 corehours=45580.67 nodehours=1633.89 n_jobs=129 n_users=5 n_groups=4 n_accounts=2 
syshost=owens database=pbsacct year=2019 month=08 software=ncl executables=None cpuhours=44304.42 corehours=43676.88 nodehours=3472.07 n_jobs=52763 n_users=5 n_groups=5 n_accounts=5 
syshost=owens database=pbsacct year=2019 month=08 software=cfl3d executables=None cpuhours=43160.29 corehours=40818.04 nodehours=1541.60 n_jobs=575 n_users=2 n_groups=1 n_accounts=1 
syshost=owens database=pbsacct year=2019 month=08 software=bwa executables=None cpuhours=41871.89 corehours=3992.53 nodehours=2621.58 n_jobs=5235 n_users=8 n_groups=6 n_accounts=5 
syshost=owens database=pbsacct year=2019 month=08 software=cp2k executables=None cpuhours=40109.62 corehours=40092.91 nodehours=2015.52 n_jobs=47 n_users=2 n_groups=1 n_accounts=1 
syshost=owens database=pbsacct year=2019 month=08 software=real_exe executables=None cpuhours=39695.23 corehours=38890.12 nodehours=1418.07 n_jobs=4325 n_users=4 n_groups=3 n_accounts=2 
syshost=owens database=pbsacct year=2019 month=08 software=lsp executables=None cpuhours=39330.12 corehours=36179.08 nodehours=1404.65 n_jobs=53 n_users=2 n_groups=1 n_accounts=1 
syshost=owens database=pbsacct year=2019 month=08 software=virsorter executables=None cpuhours=34034.23 corehours=12757.68 nodehours=3755.28 n_jobs=1236 n_users=4 n_groups=2 n_accounts=1 
syshost=owens database=pbsacct year=2019 month=08 software=phonon executables=None cpuhours=32042.93 corehours=31773.61 nodehours=1144.39 n_jobs=36 n_users=4 n_groups=4 n_accounts=4 
syshost=owens database=pbsacct year=2019 month=08 software=adf executables=None cpuhours=26866.42 corehours=8931.38 nodehours=1876.79 n_jobs=4611 n_users=25 n_groups=18 n_accounts=17 
syshost=owens database=pbsacct year=2019 month=08 software=grib executables=None cpuhours=26231.27 corehours=17595.99 nodehours=1000.65 n_jobs=4715 n_users=5 n_groups=4 n_accounts=4 
syshost=owens database=pbsacct year=2019 month=08 software=so_gen_weights executables=None cpuhours=22394.09 corehours=8552.84 nodehours=846.02 n_jobs=604 n_users=3 n_groups=1 n_accounts=1 
syshost=owens database=pbsacct year=2019 month=08 software=bowtie executables=None cpuhours=20938.69 corehours=3851.42 nodehours=1207.52 n_jobs=863 n_users=22 n_groups=15 n_accounts=16 
syshost=owens database=pbsacct year=2019 month=08 software=gtc executables=None cpuhours=20845.06 corehours=2513.94 nodehours=491.76 n_jobs=257 n_users=4 n_groups=4 n_accounts=4 
syshost=owens database=pbsacct year=2019 month=08 software=AraSim executables=None cpuhours=16912.11 corehours=16226.20 nodehours=608.01 n_jobs=55 n_users=2 n_groups=2 n_accounts=1 
syshost=owens database=pbsacct year=2019 month=08 software=fastqc executables=None cpuhours=16025.58 corehours=1907.30 nodehours=779.99 n_jobs=6421 n_users=26 n_groups=16 n_accounts=11 
syshost=owens database=pbsacct year=2019 month=08 software=orca executables=None cpuhours=15803.35 corehours=14860.01 nodehours=841.16 n_jobs=74 n_users=7 n_groups=5 n_accounts=5 
