syshost=owens database=pbsacct year=2019 month=03 software=lammps executables=None cpuhours=2721033.70 corehours=2841678.02 nodehours=160102.63 n_jobs=65682 n_users=32 n_groups=16 n_accounts=13 
syshost=owens database=pbsacct year=2019 month=03 software=python executables=None cpuhours=1481544.49 corehours=863951.65 nodehours=111994.24 n_jobs=34088 n_users=106 n_groups=67 n_accounts=67 
syshost=owens database=pbsacct year=2019 month=03 software=inho executables=None cpuhours=1381503.43 corehours=1254805.73 nodehours=49380.43 n_jobs=233 n_users=3 n_groups=2 n_accounts=3 
syshost=owens database=pbsacct year=2019 month=03 software=starccm executables=None cpuhours=1075546.01 corehours=1059099.74 nodehours=38419.48 n_jobs=320 n_users=7 n_groups=7 n_accounts=7 
syshost=owens database=pbsacct year=2019 month=03 software=gaussian executables=None cpuhours=854798.19 corehours=790171.86 nodehours=39791.20 n_jobs=5113 n_users=40 n_groups=24 n_accounts=24 
syshost=owens database=pbsacct year=2019 month=03 software=matlab executables=None cpuhours=396592.37 corehours=52248.90 nodehours=44205.20 n_jobs=6782 n_users=80 n_groups=52 n_accounts=55 
syshost=owens database=pbsacct year=2019 month=03 software=foam executables=None cpuhours=395071.30 corehours=49600.06 nodehours=17619.14 n_jobs=9466 n_users=6 n_groups=3 n_accounts=3 
syshost=owens database=pbsacct year=2019 month=03 software=abaqus executables=None cpuhours=318976.57 corehours=261864.39 nodehours=11890.01 n_jobs=959 n_users=22 n_groups=13 n_accounts=13 
syshost=owens database=pbsacct year=2019 month=03 software=vasp executables=None cpuhours=318247.26 corehours=239579.15 nodehours=13550.82 n_jobs=4741 n_users=17 n_groups=9 n_accounts=9 
syshost=owens database=pbsacct year=2019 month=03 software=lsp executables=None cpuhours=296923.19 corehours=292178.03 nodehours=12541.31 n_jobs=143 n_users=3 n_groups=1 n_accounts=2 
syshost=owens database=pbsacct year=2019 month=03 software=gromacs executables=None cpuhours=283674.56 corehours=222682.32 nodehours=11122.38 n_jobs=9472 n_users=14 n_groups=9 n_accounts=9 
syshost=owens database=pbsacct year=2019 month=03 software=qchem executables=None cpuhours=282625.74 corehours=164761.87 nodehours=16749.02 n_jobs=3980 n_users=13 n_groups=4 n_accounts=6 
syshost=owens database=pbsacct year=2019 month=03 software=eddy executables=None cpuhours=246879.12 corehours=34177.09 nodehours=9889.90 n_jobs=564 n_users=1 n_groups=1 n_accounts=1 
syshost=owens database=pbsacct year=2019 month=03 software=wrf executables=None cpuhours=242323.04 corehours=224010.63 nodehours=8679.57 n_jobs=3466 n_users=3 n_groups=2 n_accounts=2 
syshost=owens database=pbsacct year=2019 month=03 software=ansys executables=None cpuhours=211405.00 corehours=55834.38 nodehours=9128.20 n_jobs=158 n_users=14 n_groups=12 n_accounts=12 
syshost=owens database=pbsacct year=2019 month=03 software=raspa executables=None cpuhours=174033.60 corehours=173647.47 nodehours=174033.60 n_jobs=7906 n_users=7 n_groups=2 n_accounts=1 
syshost=owens database=pbsacct year=2019 month=03 software=ncbi executables=None cpuhours=169251.61 corehours=40556.56 nodehours=7633.34 n_jobs=672 n_users=9 n_groups=5 n_accounts=6 
syshost=owens database=pbsacct year=2019 month=03 software=turbomole executables=None cpuhours=100497.04 corehours=88762.85 nodehours=3589.18 n_jobs=102 n_users=2 n_groups=1 n_accounts=1 
syshost=owens database=pbsacct year=2019 month=03 software=vnc executables=None cpuhours=95286.45 corehours=18664.74 nodehours=2869.07 n_jobs=820 n_users=79 n_groups=48 n_accounts=45 
syshost=owens database=pbsacct year=2019 month=03 software=R executables=None cpuhours=95137.06 corehours=45914.08 nodehours=17998.02 n_jobs=60322 n_users=38 n_groups=33 n_accounts=30 
syshost=owens database=pbsacct year=2019 month=03 software=a_out executables=None cpuhours=93761.13 corehours=81336.54 nodehours=3568.11 n_jobs=1366 n_users=14 n_groups=11 n_accounts=10 
syshost=owens database=pbsacct year=2019 month=03 software=beast executables=None cpuhours=91249.82 corehours=22183.33 nodehours=3258.92 n_jobs=2000 n_users=1 n_groups=1 n_accounts=2 
syshost=owens database=pbsacct year=2019 month=03 software=xgc executables=None cpuhours=81474.19 corehours=81139.41 nodehours=81474.19 n_jobs=9606 n_users=2 n_groups=1 n_accounts=1 
syshost=owens database=pbsacct year=2019 month=03 software=real_exe executables=None cpuhours=71075.28 corehours=64265.94 nodehours=2538.40 n_jobs=20551 n_users=2 n_groups=1 n_accounts=1 
syshost=owens database=pbsacct year=2019 month=03 software=amber executables=None cpuhours=69915.62 corehours=43110.94 nodehours=2861.85 n_jobs=1137 n_users=9 n_groups=7 n_accounts=7 
syshost=owens database=pbsacct year=2019 month=03 software=bwa executables=None cpuhours=67082.49 corehours=12339.43 nodehours=5923.37 n_jobs=2142 n_users=5 n_groups=4 n_accounts=4 
syshost=owens database=pbsacct year=2019 month=03 software=bowtie executables=None cpuhours=62901.49 corehours=25469.72 nodehours=2781.35 n_jobs=1006 n_users=30 n_groups=12 n_accounts=12 
syshost=owens database=pbsacct year=2019 month=03 software=picard executables=None cpuhours=56702.44 corehours=5766.36 nodehours=2033.08 n_jobs=521 n_users=3 n_groups=3 n_accounts=3 
syshost=owens database=pbsacct year=2019 month=03 software=simulate executables=None cpuhours=55644.55 corehours=55543.10 nodehours=55644.55 n_jobs=5438 n_users=1 n_groups=1 n_accounts=1 
syshost=owens database=pbsacct year=2019 month=03 software=setsm executables=None cpuhours=53956.51 corehours=40330.47 nodehours=2001.70 n_jobs=659 n_users=3 n_groups=2 n_accounts=2 
syshost=owens database=pbsacct year=2019 month=03 software=drone executables=None cpuhours=50674.96 corehours=50366.13 nodehours=3429.91 n_jobs=67 n_users=2 n_groups=2 n_accounts=2 
syshost=owens database=pbsacct year=2019 month=03 software=yt executables=None cpuhours=50056.27 corehours=12626.74 nodehours=3715.61 n_jobs=788 n_users=107 n_groups=47 n_accounts=43 
syshost=owens database=pbsacct year=2019 month=03 software=eden executables=None cpuhours=49036.40 corehours=458.16 nodehours=1753.59 n_jobs=15 n_users=3 n_groups=3 n_accounts=3 
syshost=owens database=pbsacct year=2019 month=03 software=bam executables=None cpuhours=40742.30 corehours=18165.41 nodehours=2431.61 n_jobs=5035 n_users=20 n_groups=12 n_accounts=10 
syshost=owens database=pbsacct year=2019 month=03 software=run_xyzvort executables=None cpuhours=39861.38 corehours=31944.26 nodehours=3525.86 n_jobs=13887 n_users=11 n_groups=9 n_accounts=8 
syshost=owens database=pbsacct year=2019 month=03 software=Rstudio executables=None cpuhours=38747.05 corehours=2829.51 nodehours=2703.46 n_jobs=332 n_users=65 n_groups=49 n_accounts=43 
syshost=owens database=pbsacct year=2019 month=03 software=fdl3di executables=None cpuhours=34016.88 corehours=30619.17 nodehours=1941.20 n_jobs=14 n_users=2 n_groups=2 n_accounts=3 
syshost=owens database=pbsacct year=2019 month=03 software=pwscf executables=None cpuhours=31633.15 corehours=31522.48 nodehours=1172.08 n_jobs=138 n_users=5 n_groups=5 n_accounts=5 
syshost=owens database=pbsacct year=2019 month=03 software=molcas executables=None cpuhours=27804.19 corehours=6640.07 nodehours=7706.65 n_jobs=1770 n_users=3 n_groups=1 n_accounts=2 
syshost=owens database=pbsacct year=2019 month=03 software=picrun executables=None cpuhours=27695.12 corehours=5988.59 nodehours=2240.93 n_jobs=133 n_users=3 n_groups=1 n_accounts=1 
syshost=owens database=pbsacct year=2019 month=03 software=fluent executables=None cpuhours=22904.49 corehours=15102.09 nodehours=1498.50 n_jobs=63 n_users=4 n_groups=3 n_accounts=3 
syshost=owens database=pbsacct year=2019 month=03 software=fastsimcoal executables=None cpuhours=14387.75 corehours=13102.53 nodehours=9489.05 n_jobs=2296 n_users=1 n_groups=1 n_accounts=1 
syshost=owens database=pbsacct year=2019 month=03 software=snptest executables=None cpuhours=13022.46 corehours=464.80 nodehours=465.09 n_jobs=59 n_users=1 n_groups=1 n_accounts=1 
syshost=owens database=pbsacct year=2019 month=03 software=ncl executables=None cpuhours=12260.84 corehours=11893.56 nodehours=451.64 n_jobs=97 n_users=7 n_groups=7 n_accounts=7 
syshost=owens database=pbsacct year=2019 month=03 software=caffe executables=None cpuhours=12203.08 corehours=12096.57 nodehours=435.82 n_jobs=124 n_users=1 n_groups=1 n_accounts=1 
syshost=owens database=pbsacct year=2019 month=03 software=adf executables=None cpuhours=12145.02 corehours=572.03 nodehours=537.65 n_jobs=71 n_users=27 n_groups=25 n_accounts=24 
syshost=owens database=pbsacct year=2019 month=03 software=res executables=None cpuhours=11477.33 corehours=2019.35 nodehours=835.06 n_jobs=934 n_users=9 n_groups=8 n_accounts=8 
syshost=owens database=pbsacct year=2019 month=03 software=comsol executables=None cpuhours=10683.62 corehours=1372.96 nodehours=735.13 n_jobs=175 n_users=12 n_groups=9 n_accounts=9 
syshost=owens database=pbsacct year=2019 month=03 software=lsdyna executables=None cpuhours=9631.55 corehours=9591.05 nodehours=344.03 n_jobs=127 n_users=4 n_groups=4 n_accounts=3 
syshost=owens database=pbsacct year=2019 month=03 software=namd executables=None cpuhours=8675.74 corehours=8591.70 nodehours=309.85 n_jobs=64 n_users=5 n_groups=3 n_accounts=2 
