syshost=pitzer database=pbsacct year=2019 month=05 software=vasp executables=None cpuhours=1274733.59 corehours=1265367.05 nodehours=32348.41 n_jobs=1674 n_users=6 n_groups=4 n_accounts=4 
syshost=pitzer database=pbsacct year=2019 month=05 software=lammps executables=None cpuhours=1205754.62 corehours=1194936.41 nodehours=31272.38 n_jobs=2131 n_users=11 n_groups=8 n_accounts=8 
syshost=pitzer database=pbsacct year=2019 month=05 software=gaussian executables=None cpuhours=647786.91 corehours=529678.26 nodehours=15576.15 n_jobs=810 n_users=14 n_groups=11 n_accounts=11 
syshost=pitzer database=pbsacct year=2019 month=05 software=bam executables=None cpuhours=330544.66 corehours=175049.97 nodehours=23903.22 n_jobs=14620 n_users=7 n_groups=5 n_accounts=5 
syshost=pitzer database=pbsacct year=2019 month=05 software=foam executables=None cpuhours=246406.08 corehours=48679.30 nodehours=6161.10 n_jobs=128 n_users=4 n_groups=3 n_accounts=4 
syshost=pitzer database=pbsacct year=2019 month=05 software=python executables=None cpuhours=245398.48 corehours=46017.38 nodehours=17940.67 n_jobs=5382 n_users=50 n_groups=40 n_accounts=39 
syshost=pitzer database=pbsacct year=2019 month=05 software=a_out executables=None cpuhours=156324.77 corehours=155524.43 nodehours=4538.32 n_jobs=784 n_users=7 n_groups=5 n_accounts=5 
syshost=pitzer database=pbsacct year=2019 month=05 software=molcas executables=None cpuhours=125937.99 corehours=78174.88 nodehours=37789.28 n_jobs=1209 n_users=3 n_groups=1 n_accounts=3 
syshost=pitzer database=pbsacct year=2019 month=05 software=xgc executables=None cpuhours=122925.58 corehours=122281.30 nodehours=122925.58 n_jobs=5687 n_users=1 n_groups=1 n_accounts=1 
syshost=pitzer database=pbsacct year=2019 month=05 software=raspa executables=None cpuhours=114143.81 corehours=113793.45 nodehours=114143.81 n_jobs=7642 n_users=4 n_groups=1 n_accounts=1 
syshost=pitzer database=pbsacct year=2019 month=05 software=qchem executables=None cpuhours=105459.77 corehours=37698.05 nodehours=7913.69 n_jobs=1079 n_users=12 n_groups=4 n_accounts=5 
syshost=pitzer database=pbsacct year=2019 month=05 software=orca executables=None cpuhours=84680.24 corehours=38930.00 nodehours=1640.36 n_jobs=128 n_users=4 n_groups=3 n_accounts=3 
syshost=pitzer database=pbsacct year=2019 month=05 software=gromacs executables=None cpuhours=80249.62 corehours=78494.48 nodehours=2640.47 n_jobs=134 n_users=8 n_groups=8 n_accounts=7 
syshost=pitzer database=pbsacct year=2019 month=05 software=namd executables=None cpuhours=57825.37 corehours=57589.10 nodehours=1448.08 n_jobs=78 n_users=4 n_groups=2 n_accounts=2 
syshost=pitzer database=pbsacct year=2019 month=05 software=R executables=None cpuhours=44575.21 corehours=21944.70 nodehours=1220.33 n_jobs=396 n_users=8 n_groups=7 n_accounts=7 
syshost=pitzer database=pbsacct year=2019 month=05 software=yt executables=None cpuhours=42364.33 corehours=554.47 nodehours=2054.50 n_jobs=228 n_users=21 n_groups=14 n_accounts=13 
syshost=pitzer database=pbsacct year=2019 month=05 software=sms executables=None cpuhours=36303.72 corehours=35393.21 nodehours=907.59 n_jobs=54 n_users=1 n_groups=1 n_accounts=1 
syshost=pitzer database=pbsacct year=2019 month=05 software=maxsolve executables=None cpuhours=36017.14 corehours=25596.80 nodehours=778.37 n_jobs=70 n_users=1 n_groups=1 n_accounts=1 
syshost=pitzer database=pbsacct year=2019 month=05 software=ncl executables=None cpuhours=31893.32 corehours=31768.15 nodehours=797.53 n_jobs=62 n_users=6 n_groups=6 n_accounts=6 
syshost=pitzer database=pbsacct year=2019 month=05 software=run_xyzvort executables=None cpuhours=28996.34 corehours=21299.68 nodehours=804.11 n_jobs=2402 n_users=4 n_groups=3 n_accounts=5 
syshost=pitzer database=pbsacct year=2019 month=05 software=v2 executables=None cpuhours=28356.08 corehours=21015.05 nodehours=3909.01 n_jobs=11415 n_users=2 n_groups=2 n_accounts=2 
syshost=pitzer database=pbsacct year=2019 month=05 software=spades executables=None cpuhours=24870.77 corehours=3747.96 nodehours=623.36 n_jobs=755 n_users=4 n_groups=2 n_accounts=2 
syshost=pitzer database=pbsacct year=2019 month=05 software=charmm executables=None cpuhours=17454.55 corehours=17330.22 nodehours=602.79 n_jobs=54 n_users=3 n_groups=3 n_accounts=2 
syshost=pitzer database=pbsacct year=2019 month=05 software=ncbi executables=None cpuhours=17186.16 corehours=2779.27 nodehours=835.11 n_jobs=128 n_users=8 n_groups=5 n_accounts=4 
syshost=pitzer database=pbsacct year=2019 month=05 software=beast executables=None cpuhours=14822.82 corehours=5028.72 nodehours=529.39 n_jobs=41 n_users=2 n_groups=2 n_accounts=2 
syshost=pitzer database=pbsacct year=2019 month=05 software=matlab executables=None cpuhours=13868.06 corehours=7051.02 nodehours=1638.21 n_jobs=1244 n_users=10 n_groups=9 n_accounts=9 
syshost=pitzer database=pbsacct year=2019 month=05 software=starccm executables=None cpuhours=12179.54 corehours=11525.17 nodehours=304.49 n_jobs=18 n_users=3 n_groups=3 n_accounts=3 
syshost=pitzer database=pbsacct year=2019 month=05 software=AraSim executables=None cpuhours=10859.28 corehours=10042.26 nodehours=312.71 n_jobs=43 n_users=2 n_groups=2 n_accounts=1 
syshost=pitzer database=pbsacct year=2019 month=05 software=virsorter executables=None cpuhours=10717.32 corehours=1389.85 nodehours=267.93 n_jobs=42 n_users=3 n_groups=1 n_accounts=2 
syshost=pitzer database=pbsacct year=2019 month=05 software=Rstudio executables=None cpuhours=9380.76 corehours=247.59 nodehours=210.55 n_jobs=43 n_users=17 n_groups=14 n_accounts=15 
syshost=pitzer database=pbsacct year=2019 month=05 software=meme executables=None cpuhours=8720.07 corehours=1440.44 nodehours=109.00 n_jobs=2 n_users=1 n_groups=1 n_accounts=1 
syshost=pitzer database=pbsacct year=2019 month=05 software=gadget executables=None cpuhours=8550.80 corehours=8524.24 nodehours=213.77 n_jobs=12 n_users=1 n_groups=1 n_accounts=2 
syshost=pitzer database=pbsacct year=2019 month=05 software=vnc executables=None cpuhours=8537.84 corehours=204.94 nodehours=213.45 n_jobs=88 n_users=33 n_groups=25 n_accounts=25 
syshost=pitzer database=pbsacct year=2019 month=05 software=bowtie executables=None cpuhours=7941.70 corehours=5827.15 nodehours=348.43 n_jobs=95 n_users=10 n_groups=8 n_accounts=7 
syshost=pitzer database=pbsacct year=2019 month=05 software=kmeans executables=None cpuhours=7287.03 corehours=871.73 nodehours=910.88 n_jobs=28 n_users=1 n_groups=1 n_accounts=1 
syshost=pitzer database=pbsacct year=2019 month=05 software=mustem executables=None cpuhours=6908.21 corehours=6883.58 nodehours=177.13 n_jobs=68 n_users=1 n_groups=1 n_accounts=1 
syshost=pitzer database=pbsacct year=2019 month=05 software=athena executables=None cpuhours=6459.94 corehours=6109.40 nodehours=194.98 n_jobs=41 n_users=1 n_groups=1 n_accounts=1 
syshost=pitzer database=pbsacct year=2019 month=05 software=pwscf executables=None cpuhours=6355.41 corehours=6333.67 nodehours=159.00 n_jobs=48 n_users=3 n_groups=3 n_accounts=3 
syshost=pitzer database=pbsacct year=2019 month=05 software=singularity executables=None cpuhours=6344.08 corehours=169.64 nodehours=165.28 n_jobs=30 n_users=4 n_groups=2 n_accounts=2 
syshost=pitzer database=pbsacct year=2019 month=05 software=amber executables=None cpuhours=5953.63 corehours=5645.47 nodehours=170.10 n_jobs=461 n_users=5 n_groups=5 n_accounts=5 
syshost=pitzer database=pbsacct year=2019 month=05 software=bismark executables=None cpuhours=5911.51 corehours=1408.67 nodehours=226.00 n_jobs=217 n_users=2 n_groups=2 n_accounts=3 
syshost=pitzer database=pbsacct year=2019 month=05 software=converge executables=None cpuhours=5702.82 corehours=5682.14 nodehours=142.57 n_jobs=1 n_users=1 n_groups=1 n_accounts=1 
syshost=pitzer database=pbsacct year=2019 month=05 software=setsm executables=None cpuhours=5533.93 corehours=4124.72 nodehours=213.07 n_jobs=88 n_users=3 n_groups=2 n_accounts=1 
syshost=pitzer database=pbsacct year=2019 month=05 software=bioperl executables=None cpuhours=5297.17 corehours=4669.72 nodehours=132.43 n_jobs=22 n_users=1 n_groups=1 n_accounts=1 
syshost=pitzer database=pbsacct year=2019 month=05 software=bwa executables=None cpuhours=5002.07 corehours=601.24 nodehours=119.47 n_jobs=136 n_users=5 n_groups=4 n_accounts=5 
syshost=pitzer database=pbsacct year=2019 month=05 software=omen executables=None cpuhours=4850.59 corehours=3670.03 nodehours=230.98 n_jobs=958 n_users=1 n_groups=1 n_accounts=1 
syshost=pitzer database=pbsacct year=2019 month=05 software=SOAPdenovo executables=None cpuhours=4636.91 corehours=339.23 nodehours=57.97 n_jobs=9 n_users=1 n_groups=1 n_accounts=1 
syshost=pitzer database=pbsacct year=2019 month=05 software=adf executables=None cpuhours=4551.40 corehours=6373.27 nodehours=172.02 n_jobs=52 n_users=6 n_groups=6 n_accounts=5 
syshost=pitzer database=pbsacct year=2019 month=05 software=ddmax executables=None cpuhours=4217.37 corehours=3358.38 nodehours=105.52 n_jobs=33 n_users=1 n_groups=1 n_accounts=1 
syshost=pitzer database=pbsacct year=2019 month=05 software=sses executables=None cpuhours=3879.44 corehours=431.49 nodehours=142.47 n_jobs=111 n_users=2 n_groups=2 n_accounts=1 
