syshost=pitzer database=pbsacct year=2019 month=08 software=lammps executables=None cpuhours=1310147.11 corehours=1302742.81 nodehours=40386.65 n_jobs=4553 n_users=8 n_groups=8 n_accounts=10 
syshost=pitzer database=pbsacct year=2019 month=08 software=vasp executables=None cpuhours=724452.85 corehours=717557.26 nodehours=18123.58 n_jobs=1712 n_users=9 n_groups=4 n_accounts=4 
syshost=pitzer database=pbsacct year=2019 month=08 software=namd executables=None cpuhours=400301.18 corehours=398991.22 nodehours=10027.21 n_jobs=66 n_users=5 n_groups=2 n_accounts=2 
syshost=pitzer database=pbsacct year=2019 month=08 software=cam executables=None cpuhours=319059.81 corehours=280335.83 nodehours=8737.60 n_jobs=138 n_users=4 n_groups=4 n_accounts=4 
syshost=pitzer database=pbsacct year=2019 month=08 software=gaussian executables=None cpuhours=317451.98 corehours=280459.14 nodehours=8070.63 n_jobs=1344 n_users=13 n_groups=9 n_accounts=9 
syshost=pitzer database=pbsacct year=2019 month=08 software=xgc executables=None cpuhours=315099.33 corehours=312325.67 nodehours=12406.72 n_jobs=307 n_users=1 n_groups=1 n_accounts=1 
syshost=pitzer database=pbsacct year=2019 month=08 software=qchem executables=None cpuhours=312130.69 corehours=225872.10 nodehours=11073.81 n_jobs=2320 n_users=13 n_groups=5 n_accounts=5 
syshost=pitzer database=pbsacct year=2019 month=08 software=lsp executables=None cpuhours=217368.97 corehours=217028.94 nodehours=10426.73 n_jobs=57 n_users=3 n_groups=1 n_accounts=1 
syshost=pitzer database=pbsacct year=2019 month=08 software=python executables=None cpuhours=181303.19 corehours=97810.33 nodehours=27601.40 n_jobs=8205 n_users=50 n_groups=34 n_accounts=33 
syshost=pitzer database=pbsacct year=2019 month=08 software=foam executables=None cpuhours=176186.15 corehours=17276.98 nodehours=4404.76 n_jobs=89 n_users=3 n_groups=3 n_accounts=3 
syshost=pitzer database=pbsacct year=2019 month=08 software=ncl executables=None cpuhours=158324.99 corehours=157023.74 nodehours=3958.13 n_jobs=750 n_users=2 n_groups=2 n_accounts=2 
syshost=pitzer database=pbsacct year=2019 month=08 software=gromacs executables=None cpuhours=150659.61 corehours=130621.04 nodehours=4124.70 n_jobs=114 n_users=8 n_groups=6 n_accounts=5 
syshost=pitzer database=pbsacct year=2019 month=08 software=starccm executables=None cpuhours=130217.96 corehours=129490.82 nodehours=3258.98 n_jobs=41 n_users=1 n_groups=1 n_accounts=1 
syshost=pitzer database=pbsacct year=2019 month=08 software=raspa executables=None cpuhours=106178.75 corehours=105851.98 nodehours=87245.99 n_jobs=4130 n_users=4 n_groups=1 n_accounts=1 
syshost=pitzer database=pbsacct year=2019 month=08 software=molcas executables=None cpuhours=103040.64 corehours=42114.06 nodehours=35759.21 n_jobs=2043 n_users=4 n_groups=1 n_accounts=2 
syshost=pitzer database=pbsacct year=2019 month=08 software=R executables=None cpuhours=89736.00 corehours=40282.08 nodehours=4768.43 n_jobs=1055 n_users=11 n_groups=10 n_accounts=10 
syshost=pitzer database=pbsacct year=2019 month=08 software=jetxb executables=None cpuhours=76653.33 corehours=76377.71 nodehours=1916.33 n_jobs=6 n_users=1 n_groups=1 n_accounts=2 
syshost=pitzer database=pbsacct year=2019 month=08 software=a_out executables=None cpuhours=41692.49 corehours=41277.95 nodehours=1757.17 n_jobs=1232 n_users=5 n_groups=3 n_accounts=4 
syshost=pitzer database=pbsacct year=2019 month=08 software=yt executables=None cpuhours=40996.79 corehours=230.08 nodehours=2849.86 n_jobs=342 n_users=39 n_groups=15 n_accounts=13 
syshost=pitzer database=pbsacct year=2019 month=08 software=phonon executables=None cpuhours=38238.40 corehours=37847.60 nodehours=955.96 n_jobs=209 n_users=1 n_groups=1 n_accounts=1 
syshost=pitzer database=pbsacct year=2019 month=08 software=hy3s executables=None cpuhours=32675.55 corehours=23320.01 nodehours=1797.04 n_jobs=2555 n_users=4 n_groups=4 n_accounts=4 
syshost=pitzer database=pbsacct year=2019 month=08 software=v2 executables=None cpuhours=32015.33 corehours=19389.17 nodehours=805.70 n_jobs=724 n_users=2 n_groups=2 n_accounts=2 
syshost=pitzer database=pbsacct year=2019 month=08 software=spades executables=None cpuhours=30198.83 corehours=5719.63 nodehours=631.96 n_jobs=78 n_users=2 n_groups=2 n_accounts=1 
syshost=pitzer database=pbsacct year=2019 month=08 software=trial executables=None cpuhours=23719.99 corehours=23614.03 nodehours=741.25 n_jobs=158 n_users=1 n_groups=1 n_accounts=1 
syshost=pitzer database=pbsacct year=2019 month=08 software=beast executables=None cpuhours=23483.55 corehours=8232.06 nodehours=838.70 n_jobs=99 n_users=2 n_groups=2 n_accounts=1 
syshost=pitzer database=pbsacct year=2019 month=08 software=charmm executables=None cpuhours=22878.03 corehours=22551.27 nodehours=571.95 n_jobs=8 n_users=1 n_groups=1 n_accounts=1 
syshost=pitzer database=pbsacct year=2019 month=08 software=AraSim executables=None cpuhours=22540.29 corehours=21893.97 nodehours=563.58 n_jobs=69 n_users=1 n_groups=1 n_accounts=1 
syshost=pitzer database=pbsacct year=2019 month=08 software=3dh executables=None cpuhours=19202.13 corehours=14038.66 nodehours=480.05 n_jobs=1 n_users=1 n_groups=1 n_accounts=1 
syshost=pitzer database=pbsacct year=2019 month=08 software=bam executables=None cpuhours=15941.64 corehours=4106.78 nodehours=764.00 n_jobs=510 n_users=7 n_groups=5 n_accounts=6 
syshost=pitzer database=pbsacct year=2019 month=08 software=ash executables=None cpuhours=12082.27 corehours=5501.20 nodehours=5838.08 n_jobs=190 n_users=1 n_groups=1 n_accounts=1 
syshost=pitzer database=pbsacct year=2019 month=08 software=vnc executables=None cpuhours=11475.42 corehours=432.49 nodehours=286.89 n_jobs=99 n_users=15 n_groups=13 n_accounts=13 
syshost=pitzer database=pbsacct year=2019 month=08 software=coarsen executables=None cpuhours=10506.08 corehours=379.75 nodehours=296.96 n_jobs=62 n_users=1 n_groups=1 n_accounts=1 
syshost=pitzer database=pbsacct year=2019 month=08 software=bowtie executables=None cpuhours=9717.74 corehours=5719.24 nodehours=201.92 n_jobs=202 n_users=4 n_groups=2 n_accounts=2 
syshost=pitzer database=pbsacct year=2019 month=08 software=eden executables=None cpuhours=9094.77 corehours=1086.57 nodehours=950.65 n_jobs=56 n_users=2 n_groups=1 n_accounts=1 
syshost=pitzer database=pbsacct year=2019 month=08 software=cp2k executables=None cpuhours=8343.59 corehours=7479.13 nodehours=210.59 n_jobs=36 n_users=2 n_groups=2 n_accounts=3 
syshost=pitzer database=pbsacct year=2019 month=08 software=caffe executables=None cpuhours=8126.98 corehours=7349.66 nodehours=203.17 n_jobs=54 n_users=1 n_groups=1 n_accounts=1 
syshost=pitzer database=pbsacct year=2019 month=08 software=lmf executables=None cpuhours=7590.67 corehours=6501.89 nodehours=191.98 n_jobs=93 n_users=2 n_groups=2 n_accounts=2 
syshost=pitzer database=pbsacct year=2019 month=08 software=wrf executables=None cpuhours=7263.01 corehours=5640.26 nodehours=303.88 n_jobs=25 n_users=2 n_groups=2 n_accounts=2 
syshost=pitzer database=pbsacct year=2019 month=08 software=amber executables=None cpuhours=6619.26 corehours=6350.52 nodehours=813.07 n_jobs=500 n_users=4 n_groups=3 n_accounts=3 
syshost=pitzer database=pbsacct year=2019 month=08 software=Rstudio executables=None cpuhours=6071.71 corehours=428.07 nodehours=449.36 n_jobs=42 n_users=10 n_groups=9 n_accounts=9 
syshost=pitzer database=pbsacct year=2019 month=08 software=gtc executables=None cpuhours=5811.91 corehours=789.47 nodehours=121.08 n_jobs=2 n_users=1 n_groups=1 n_accounts=1 
syshost=pitzer database=pbsacct year=2019 month=08 software=setsm executables=None cpuhours=5539.38 corehours=3199.61 nodehours=223.13 n_jobs=216 n_users=2 n_groups=2 n_accounts=1 
syshost=pitzer database=pbsacct year=2019 month=08 software=vli executables=None cpuhours=4914.26 corehours=2155.68 nodehours=245.71 n_jobs=8 n_users=1 n_groups=1 n_accounts=1 
syshost=pitzer database=pbsacct year=2019 month=08 software=rosetta executables=None cpuhours=4343.53 corehours=3888.17 nodehours=108.59 n_jobs=340 n_users=1 n_groups=1 n_accounts=1 
syshost=pitzer database=pbsacct year=2019 month=08 software=matlab executables=None cpuhours=4238.71 corehours=1035.38 nodehours=818.82 n_jobs=2037 n_users=8 n_groups=6 n_accounts=6 
syshost=pitzer database=pbsacct year=2019 month=08 software=cm1 executables=None cpuhours=3438.24 corehours=3359.20 nodehours=213.76 n_jobs=133 n_users=2 n_groups=2 n_accounts=2 
syshost=pitzer database=pbsacct year=2019 month=08 software=megahit executables=None cpuhours=3185.46 corehours=1853.93 nodehours=189.35 n_jobs=1163 n_users=4 n_groups=2 n_accounts=2 
syshost=pitzer database=pbsacct year=2019 month=08 software=run_xyzvort executables=None cpuhours=3154.10 corehours=1264.76 nodehours=140.48 n_jobs=64 n_users=3 n_groups=3 n_accounts=4 
syshost=pitzer database=pbsacct year=2019 month=08 software=kmeans executables=None cpuhours=2889.46 corehours=380.99 nodehours=361.18 n_jobs=6 n_users=1 n_groups=1 n_accounts=1 
syshost=pitzer database=pbsacct year=2019 month=08 software=gaac executables=None cpuhours=2559.18 corehours=794.22 nodehours=67.38 n_jobs=3 n_users=1 n_groups=1 n_accounts=1 
