syshost=owens database=pbsacct year=2019 month=12 software=lammps executables=None cpuhours=906189.83 corehours=896513.60 nodehours=98314.79 n_jobs=3144 n_users=22 n_groups=18 n_accounts=18 
syshost=owens database=pbsacct year=2019 month=12 software=wrf executables=None cpuhours=709578.43 corehours=648850.21 nodehours=25677.79 n_jobs=4308 n_users=5 n_groups=4 n_accounts=3 
syshost=owens database=pbsacct year=2019 month=12 software=vasp executables=None cpuhours=653207.53 corehours=649893.96 nodehours=23257.51 n_jobs=2445 n_users=39 n_groups=14 n_accounts=12 
syshost=owens database=pbsacct year=2019 month=12 software=fdl3di executables=None cpuhours=573644.84 corehours=571683.35 nodehours=20487.32 n_jobs=55 n_users=1 n_groups=1 n_accounts=1 
syshost=owens database=pbsacct year=2019 month=12 software=python executables=None cpuhours=570508.42 corehours=393504.20 nodehours=37798.12 n_jobs=16122 n_users=117 n_groups=76 n_accounts=67 
syshost=owens database=pbsacct year=2019 month=12 software=atmosphere_model executables=None cpuhours=548148.91 corehours=519039.36 nodehours=20075.59 n_jobs=536 n_users=6 n_groups=2 n_accounts=3 
syshost=owens database=pbsacct year=2019 month=12 software=namd executables=None cpuhours=472987.44 corehours=469103.42 nodehours=18733.86 n_jobs=860 n_users=8 n_groups=4 n_accounts=4 
syshost=owens database=pbsacct year=2019 month=12 software=starccm executables=None cpuhours=357441.62 corehours=350377.47 nodehours=12765.77 n_jobs=132 n_users=6 n_groups=4 n_accounts=6 
syshost=owens database=pbsacct year=2019 month=12 software=real_exe executables=None cpuhours=266864.70 corehours=245012.64 nodehours=10065.89 n_jobs=24771 n_users=4 n_groups=3 n_accounts=2 
syshost=owens database=pbsacct year=2019 month=12 software=hy3s executables=None cpuhours=238353.77 corehours=212169.30 nodehours=11906.53 n_jobs=1313 n_users=12 n_groups=11 n_accounts=11 
syshost=owens database=pbsacct year=2019 month=12 software=R executables=None cpuhours=233790.74 corehours=132806.27 nodehours=28385.50 n_jobs=7713 n_users=27 n_groups=22 n_accounts=21 
syshost=owens database=pbsacct year=2019 month=12 software=vnc executables=None cpuhours=232655.49 corehours=72695.04 nodehours=8273.82 n_jobs=787 n_users=86 n_groups=50 n_accounts=43 
syshost=owens database=pbsacct year=2019 month=12 software=gaussian executables=None cpuhours=232567.51 corehours=180657.60 nodehours=11474.26 n_jobs=5045 n_users=49 n_groups=33 n_accounts=31 
syshost=owens database=pbsacct year=2019 month=12 software=abaqus executables=None cpuhours=205498.71 corehours=125595.69 nodehours=7850.66 n_jobs=1271 n_users=20 n_groups=11 n_accounts=11 
syshost=owens database=pbsacct year=2019 month=12 software=lsdyna executables=None cpuhours=172530.00 corehours=171836.17 nodehours=6161.80 n_jobs=312 n_users=7 n_groups=5 n_accounts=5 
syshost=owens database=pbsacct year=2019 month=12 software=foam executables=None cpuhours=153240.89 corehours=17820.21 nodehours=5481.05 n_jobs=140 n_users=6 n_groups=5 n_accounts=5 
syshost=owens database=pbsacct year=2019 month=12 software=tsc executables=None cpuhours=149279.45 corehours=148710.31 nodehours=5331.41 n_jobs=38 n_users=1 n_groups=1 n_accounts=1 
syshost=owens database=pbsacct year=2019 month=12 software=singularity executables=None cpuhours=131341.50 corehours=16864.89 nodehours=6605.66 n_jobs=2198 n_users=11 n_groups=8 n_accounts=6 
syshost=owens database=pbsacct year=2019 month=12 software=fluent executables=None cpuhours=122524.64 corehours=4003.62 nodehours=4450.05 n_jobs=65 n_users=3 n_groups=2 n_accounts=2 
syshost=owens database=pbsacct year=2019 month=12 software=matlab executables=None cpuhours=120331.48 corehours=32108.56 nodehours=5299.00 n_jobs=815 n_users=45 n_groups=37 n_accounts=36 
syshost=owens database=pbsacct year=2019 month=12 software=bedtools executables=None cpuhours=93327.56 corehours=40418.71 nodehours=23687.93 n_jobs=20296 n_users=5 n_groups=3 n_accounts=3 
syshost=owens database=pbsacct year=2019 month=12 software=virsorter executables=None cpuhours=47766.74 corehours=10907.41 nodehours=2478.20 n_jobs=124 n_users=4 n_groups=2 n_accounts=2 
syshost=owens database=pbsacct year=2019 month=12 software=hmc executables=None cpuhours=47040.27 corehours=6222.51 nodehours=1688.78 n_jobs=123 n_users=3 n_groups=3 n_accounts=3 
syshost=owens database=pbsacct year=2019 month=12 software=guppy executables=None cpuhours=46895.40 corehours=46544.16 nodehours=2344.77 n_jobs=104 n_users=1 n_groups=1 n_accounts=1 
syshost=owens database=pbsacct year=2019 month=12 software=ansys executables=None cpuhours=39743.38 corehours=33732.87 nodehours=1419.55 n_jobs=96 n_users=12 n_groups=10 n_accounts=9 
syshost=owens database=pbsacct year=2019 month=12 software=bwa executables=None cpuhours=37120.32 corehours=1659.33 nodehours=1661.63 n_jobs=988 n_users=21 n_groups=13 n_accounts=7 
syshost=owens database=pbsacct year=2019 month=12 software=TWODHBLhybridroe_sol executables=None cpuhours=36052.17 corehours=35694.41 nodehours=1287.58 n_jobs=38 n_users=1 n_groups=1 n_accounts=1 
syshost=owens database=pbsacct year=2019 month=12 software=orca executables=None cpuhours=34792.27 corehours=29382.85 nodehours=1627.85 n_jobs=337 n_users=5 n_groups=3 n_accounts=3 
syshost=owens database=pbsacct year=2019 month=12 software=bam executables=None cpuhours=34471.84 corehours=14757.97 nodehours=2823.06 n_jobs=4512 n_users=27 n_groups=18 n_accounts=15 
syshost=owens database=pbsacct year=2019 month=12 software=a_out executables=None cpuhours=31089.91 corehours=29749.43 nodehours=1436.63 n_jobs=1006 n_users=5 n_groups=5 n_accounts=5 
syshost=owens database=pbsacct year=2019 month=12 software=qchem executables=None cpuhours=30186.77 corehours=24028.32 nodehours=1080.18 n_jobs=233 n_users=10 n_groups=6 n_accounts=6 
syshost=owens database=pbsacct year=2019 month=12 software=raspa executables=None cpuhours=24549.40 corehours=24443.95 nodehours=24549.40 n_jobs=3150 n_users=5 n_groups=2 n_accounts=1 
syshost=owens database=pbsacct year=2019 month=12 software=gromacs executables=None cpuhours=24490.41 corehours=20450.65 nodehours=1923.61 n_jobs=137 n_users=11 n_groups=8 n_accounts=7 
syshost=owens database=pbsacct year=2019 month=12 software=Rstudio executables=None cpuhours=23900.16 corehours=1108.49 nodehours=2552.18 n_jobs=563 n_users=130 n_groups=41 n_accounts=39 
syshost=owens database=pbsacct year=2019 month=12 software=hsi executables=None cpuhours=22401.45 corehours=2200.67 nodehours=800.76 n_jobs=8 n_users=2 n_groups=2 n_accounts=2 
syshost=owens database=pbsacct year=2019 month=12 software=charmm executables=None cpuhours=20961.42 corehours=20887.34 nodehours=748.62 n_jobs=9 n_users=1 n_groups=1 n_accounts=1 
syshost=owens database=pbsacct year=2019 month=12 software=bbmap executables=None cpuhours=18732.32 corehours=1642.32 nodehours=568.10 n_jobs=1660 n_users=8 n_groups=5 n_accounts=5 
syshost=owens database=pbsacct year=2019 month=12 software=yt executables=None cpuhours=16177.92 corehours=1412.25 nodehours=2357.88 n_jobs=507 n_users=118 n_groups=34 n_accounts=33 
syshost=owens database=pbsacct year=2019 month=12 software=bowtie executables=None cpuhours=13555.49 corehours=6373.29 nodehours=921.81 n_jobs=349 n_users=19 n_groups=14 n_accounts=12 
syshost=owens database=pbsacct year=2019 month=12 software=ncl executables=None cpuhours=13452.32 corehours=12992.28 nodehours=2771.17 n_jobs=25550 n_users=8 n_groups=8 n_accounts=8 
syshost=owens database=pbsacct year=2019 month=12 software=pop executables=None cpuhours=12587.38 corehours=8382.75 nodehours=685.49 n_jobs=12426 n_users=12 n_groups=6 n_accounts=7 
syshost=owens database=pbsacct year=2019 month=12 software=amber executables=None cpuhours=12451.54 corehours=11263.36 nodehours=1614.98 n_jobs=1533 n_users=11 n_groups=10 n_accounts=9 
syshost=owens database=pbsacct year=2019 month=12 software=comsol executables=None cpuhours=12035.87 corehours=614.61 nodehours=531.79 n_jobs=40 n_users=5 n_groups=5 n_accounts=5 
syshost=owens database=pbsacct year=2019 month=12 software=fsc26 executables=None cpuhours=12012.65 corehours=3382.39 nodehours=500.53 n_jobs=1023 n_users=1 n_groups=1 n_accounts=1 
syshost=owens database=pbsacct year=2019 month=12 software=gzip executables=None cpuhours=9834.34 corehours=4820.42 nodehours=342.61 n_jobs=314 n_users=9 n_groups=8 n_accounts=9 
syshost=owens database=pbsacct year=2019 month=12 software=atat executables=None cpuhours=8313.28 corehours=2890.89 nodehours=821.94 n_jobs=103 n_users=4 n_groups=4 n_accounts=4 
syshost=owens database=pbsacct year=2019 month=12 software=run_xyzvort executables=None cpuhours=8264.72 corehours=8021.98 nodehours=592.97 n_jobs=151 n_users=5 n_groups=4 n_accounts=4 
syshost=owens database=pbsacct year=2019 month=12 software=lsp executables=None cpuhours=7908.47 corehours=7708.72 nodehours=282.45 n_jobs=9 n_users=2 n_groups=1 n_accounts=1 
syshost=owens database=pbsacct year=2019 month=12 software=res executables=None cpuhours=7386.80 corehours=1038.88 nodehours=555.60 n_jobs=358 n_users=12 n_groups=10 n_accounts=9 
syshost=owens database=pbsacct year=2019 month=12 software=setsm executables=None cpuhours=7125.20 corehours=3731.59 nodehours=258.49 n_jobs=79 n_users=1 n_groups=1 n_accounts=1 
