syshost=pitzer database=pbsacct year=2019 month=03 software=lammps executables=None cpuhours=1074878.66 corehours=1007930.82 nodehours=29088.90 n_jobs=2301 n_users=11 n_groups=7 n_accounts=5 
syshost=pitzer database=pbsacct year=2019 month=03 software=vasp executables=None cpuhours=948265.18 corehours=882653.99 nodehours=25766.00 n_jobs=1373 n_users=8 n_groups=4 n_accounts=4 
syshost=pitzer database=pbsacct year=2019 month=03 software=python executables=None cpuhours=670333.31 corehours=64660.38 nodehours=40660.81 n_jobs=6518 n_users=69 n_groups=33 n_accounts=34 
syshost=pitzer database=pbsacct year=2019 month=03 software=starccm executables=None cpuhours=256072.24 corehours=254163.89 nodehours=6401.81 n_jobs=55 n_users=2 n_groups=2 n_accounts=2 
syshost=pitzer database=pbsacct year=2019 month=03 software=tsc executables=None cpuhours=246971.50 corehours=243866.41 nodehours=6174.29 n_jobs=89 n_users=1 n_groups=1 n_accounts=1 
syshost=pitzer database=pbsacct year=2019 month=03 software=psi4 executables=None cpuhours=212948.78 corehours=83263.52 nodehours=5163.20 n_jobs=696 n_users=1 n_groups=1 n_accounts=1 
syshost=pitzer database=pbsacct year=2019 month=03 software=qchem executables=None cpuhours=198347.38 corehours=85247.85 nodehours=8602.44 n_jobs=2818 n_users=15 n_groups=6 n_accounts=7 
syshost=pitzer database=pbsacct year=2019 month=03 software=raspa executables=None cpuhours=196067.63 corehours=195473.09 nodehours=196067.63 n_jobs=8814 n_users=4 n_groups=1 n_accounts=1 
syshost=pitzer database=pbsacct year=2019 month=03 software=gaussian executables=None cpuhours=178153.29 corehours=106577.56 nodehours=4470.76 n_jobs=629 n_users=11 n_groups=10 n_accounts=10 
syshost=pitzer database=pbsacct year=2019 month=03 software=spades executables=None cpuhours=136682.66 corehours=16084.47 nodehours=2980.04 n_jobs=354 n_users=3 n_groups=2 n_accounts=2 
syshost=pitzer database=pbsacct year=2019 month=03 software=foam executables=None cpuhours=105083.86 corehours=17324.92 nodehours=2657.46 n_jobs=208 n_users=3 n_groups=2 n_accounts=2 
syshost=pitzer database=pbsacct year=2019 month=03 software=gromacs executables=None cpuhours=88543.40 corehours=87773.57 nodehours=2341.62 n_jobs=159 n_users=5 n_groups=4 n_accounts=5 
syshost=pitzer database=pbsacct year=2019 month=03 software=bam executables=None cpuhours=84822.11 corehours=33789.93 nodehours=3345.41 n_jobs=5184 n_users=6 n_groups=3 n_accounts=4 
syshost=pitzer database=pbsacct year=2019 month=03 software=a_out executables=None cpuhours=80206.67 corehours=61615.57 nodehours=2411.11 n_jobs=165 n_users=9 n_groups=6 n_accounts=6 
syshost=pitzer database=pbsacct year=2019 month=03 software=mexe executables=None cpuhours=69833.44 corehours=69434.27 nodehours=1745.84 n_jobs=36 n_users=1 n_groups=1 n_accounts=1 
syshost=pitzer database=pbsacct year=2019 month=03 software=molcas executables=None cpuhours=65205.54 corehours=30920.36 nodehours=31393.51 n_jobs=1630 n_users=3 n_groups=1 n_accounts=3 
syshost=pitzer database=pbsacct year=2019 month=03 software=AraSim executables=None cpuhours=44933.96 corehours=42185.48 nodehours=1161.37 n_jobs=180 n_users=2 n_groups=2 n_accounts=1 
syshost=pitzer database=pbsacct year=2019 month=03 software=rosetta executables=None cpuhours=34463.39 corehours=33980.38 nodehours=861.94 n_jobs=2332 n_users=2 n_groups=2 n_accounts=2 
syshost=pitzer database=pbsacct year=2019 month=03 software=xgc executables=None cpuhours=30062.79 corehours=29778.97 nodehours=30062.79 n_jobs=1380 n_users=1 n_groups=1 n_accounts=1 
syshost=pitzer database=pbsacct year=2019 month=03 software=cam executables=None cpuhours=26958.74 corehours=26860.74 nodehours=673.97 n_jobs=189 n_users=1 n_groups=1 n_accounts=1 
syshost=pitzer database=pbsacct year=2019 month=03 software=hy3s executables=None cpuhours=24461.46 corehours=16259.26 nodehours=807.51 n_jobs=4533 n_users=3 n_groups=3 n_accounts=3 
syshost=pitzer database=pbsacct year=2019 month=03 software=padc executables=None cpuhours=20948.44 corehours=19390.20 nodehours=526.59 n_jobs=28 n_users=2 n_groups=1 n_accounts=1 
syshost=pitzer database=pbsacct year=2019 month=03 software=trimmomatic executables=None cpuhours=19019.99 corehours=3136.34 nodehours=854.86 n_jobs=1303 n_users=3 n_groups=2 n_accounts=1 
syshost=pitzer database=pbsacct year=2019 month=03 software=cosmosis executables=None cpuhours=15006.98 corehours=14954.21 nodehours=375.18 n_jobs=18 n_users=1 n_groups=1 n_accounts=2 
syshost=pitzer database=pbsacct year=2019 month=03 software=setsm executables=None cpuhours=14602.28 corehours=9720.95 nodehours=424.20 n_jobs=91 n_users=1 n_groups=1 n_accounts=1 
syshost=pitzer database=pbsacct year=2019 month=03 software=R executables=None cpuhours=14481.64 corehours=4199.12 nodehours=1721.26 n_jobs=528 n_users=11 n_groups=11 n_accounts=11 
syshost=pitzer database=pbsacct year=2019 month=03 software=yt executables=None cpuhours=12912.32 corehours=644.46 nodehours=1701.99 n_jobs=738 n_users=44 n_groups=18 n_accounts=14 
syshost=pitzer database=pbsacct year=2019 month=03 software=turbomole executables=None cpuhours=12774.04 corehours=5626.42 nodehours=327.30 n_jobs=182 n_users=4 n_groups=3 n_accounts=3 
syshost=pitzer database=pbsacct year=2019 month=03 software=vnc executables=None cpuhours=12657.83 corehours=623.44 nodehours=316.45 n_jobs=136 n_users=28 n_groups=16 n_accounts=15 
syshost=pitzer database=pbsacct year=2019 month=03 software=pwscf executables=None cpuhours=12363.03 corehours=12325.23 nodehours=356.93 n_jobs=47 n_users=3 n_groups=2 n_accounts=3 
syshost=pitzer database=pbsacct year=2019 month=03 software=charmm executables=None cpuhours=12270.50 corehours=12166.15 nodehours=406.49 n_jobs=35 n_users=3 n_groups=3 n_accounts=3 
syshost=pitzer database=pbsacct year=2019 month=03 software=sses executables=None cpuhours=12069.86 corehours=605.33 nodehours=517.21 n_jobs=51 n_users=2 n_groups=2 n_accounts=2 
syshost=pitzer database=pbsacct year=2019 month=03 software=wrf executables=None cpuhours=11238.54 corehours=11180.89 nodehours=281.51 n_jobs=72 n_users=1 n_groups=1 n_accounts=1 
syshost=pitzer database=pbsacct year=2019 month=03 software=pop executables=None cpuhours=10200.58 corehours=9748.55 nodehours=256.54 n_jobs=11 n_users=2 n_groups=2 n_accounts=3 
syshost=pitzer database=pbsacct year=2019 month=03 software=hsi executables=None cpuhours=8765.57 corehours=3102.75 nodehours=3110.26 n_jobs=174 n_users=2 n_groups=2 n_accounts=2 
syshost=pitzer database=pbsacct year=2019 month=03 software=amber executables=None cpuhours=7691.92 corehours=6044.21 nodehours=629.60 n_jobs=564 n_users=3 n_groups=3 n_accounts=3 
syshost=pitzer database=pbsacct year=2019 month=03 software=mustem executables=None cpuhours=7685.02 corehours=7642.80 nodehours=192.13 n_jobs=181 n_users=2 n_groups=1 n_accounts=1 
syshost=pitzer database=pbsacct year=2019 month=03 software=matlab executables=None cpuhours=6980.31 corehours=4135.25 nodehours=4438.74 n_jobs=3447 n_users=11 n_groups=8 n_accounts=8 
syshost=pitzer database=pbsacct year=2019 month=03 software=chimera executables=None cpuhours=6724.94 corehours=454.25 nodehours=173.70 n_jobs=133 n_users=1 n_groups=1 n_accounts=1 
syshost=pitzer database=pbsacct year=2019 month=03 software=namd executables=None cpuhours=6398.62 corehours=6375.68 nodehours=399.91 n_jobs=19 n_users=1 n_groups=1 n_accounts=1 
syshost=pitzer database=pbsacct year=2019 month=03 software=megahit executables=None cpuhours=6357.09 corehours=4951.90 nodehours=158.93 n_jobs=127 n_users=2 n_groups=2 n_accounts=1 
syshost=pitzer database=pbsacct year=2019 month=03 software=v2 executables=None cpuhours=5457.18 corehours=1857.51 nodehours=1416.76 n_jobs=14587 n_users=1 n_groups=1 n_accounts=2 
syshost=pitzer database=pbsacct year=2019 month=03 software=gzip executables=None cpuhours=5315.50 corehours=485.75 nodehours=498.76 n_jobs=216 n_users=5 n_groups=2 n_accounts=1 
syshost=pitzer database=pbsacct year=2019 month=03 software=run_xyzvort executables=None cpuhours=5191.95 corehours=2733.92 nodehours=2801.41 n_jobs=31688 n_users=5 n_groups=4 n_accounts=5 
syshost=pitzer database=pbsacct year=2019 month=03 software=ddmax executables=None cpuhours=4938.58 corehours=2847.41 nodehours=123.67 n_jobs=97 n_users=1 n_groups=1 n_accounts=1 
syshost=pitzer database=pbsacct year=2019 month=03 software=bowtie executables=None cpuhours=4539.71 corehours=2985.03 nodehours=162.58 n_jobs=401 n_users=13 n_groups=8 n_accounts=4 
syshost=pitzer database=pbsacct year=2019 month=03 software=TWODHBLhybridroe_sol executables=None cpuhours=3875.73 corehours=3856.16 nodehours=96.89 n_jobs=18 n_users=1 n_groups=1 n_accounts=1 
syshost=pitzer database=pbsacct year=2019 month=03 software=augustus executables=None cpuhours=3595.96 corehours=1.72 nodehours=128.43 n_jobs=2 n_users=1 n_groups=1 n_accounts=1 
syshost=pitzer database=pbsacct year=2019 month=03 software=ncbi executables=None cpuhours=3359.28 corehours=339.00 nodehours=261.71 n_jobs=249 n_users=4 n_groups=4 n_accounts=3 
syshost=pitzer database=pbsacct year=2019 month=03 software=orca executables=None cpuhours=3269.29 corehours=785.77 nodehours=81.73 n_jobs=3 n_users=1 n_groups=1 n_accounts=1 
