syshost=owens database=pbsacct year=2019 month=10 software=lammps executables=None cpuhours=1529536.99 corehours=1521011.71 nodehours=79839.69 n_jobs=8928 n_users=25 n_groups=16 n_accounts=15 
syshost=owens database=pbsacct year=2019 month=10 software=vasp executables=None cpuhours=1132879.66 corehours=1098217.99 nodehours=40908.66 n_jobs=4586 n_users=42 n_groups=13 n_accounts=12 
syshost=owens database=pbsacct year=2019 month=10 software=python executables=None cpuhours=866040.27 corehours=590055.43 nodehours=65928.63 n_jobs=27459 n_users=148 n_groups=86 n_accounts=79 
syshost=owens database=pbsacct year=2019 month=10 software=foam executables=None cpuhours=674012.99 corehours=96953.32 nodehours=24072.13 n_jobs=826 n_users=7 n_groups=5 n_accounts=6 
syshost=owens database=pbsacct year=2019 month=10 software=cp2k executables=None cpuhours=540598.86 corehours=536494.73 nodehours=27030.05 n_jobs=199 n_users=1 n_groups=1 n_accounts=1 
syshost=owens database=pbsacct year=2019 month=10 software=namd executables=None cpuhours=441012.24 corehours=440504.52 nodehours=15798.16 n_jobs=1355 n_users=12 n_groups=4 n_accounts=4 
syshost=owens database=pbsacct year=2019 month=10 software=abaqus executables=None cpuhours=439155.08 corehours=333742.99 nodehours=16238.99 n_jobs=1063 n_users=32 n_groups=19 n_accounts=19 
syshost=owens database=pbsacct year=2019 month=10 software=fdl3di executables=None cpuhours=335071.74 corehours=329677.27 nodehours=11966.85 n_jobs=54 n_users=1 n_groups=1 n_accounts=1 
syshost=owens database=pbsacct year=2019 month=10 software=atmosphere_model executables=None cpuhours=311328.54 corehours=106636.55 nodehours=11510.74 n_jobs=230 n_users=6 n_groups=1 n_accounts=2 
syshost=owens database=pbsacct year=2019 month=10 software=starccm executables=None cpuhours=277527.55 corehours=266490.86 nodehours=9914.39 n_jobs=126 n_users=6 n_groups=5 n_accounts=6 
syshost=owens database=pbsacct year=2019 month=10 software=fluent executables=None cpuhours=246173.89 corehours=20077.19 nodehours=8985.16 n_jobs=283 n_users=8 n_groups=6 n_accounts=6 
syshost=owens database=pbsacct year=2019 month=10 software=wrf executables=None cpuhours=244360.41 corehours=233902.87 nodehours=10747.11 n_jobs=2056 n_users=4 n_groups=3 n_accounts=2 
syshost=owens database=pbsacct year=2019 month=10 software=vnc executables=None cpuhours=220610.76 corehours=20436.90 nodehours=7839.18 n_jobs=1180 n_users=137 n_groups=70 n_accounts=64 
syshost=owens database=pbsacct year=2019 month=10 software=qchem executables=None cpuhours=212684.45 corehours=110622.55 nodehours=13603.18 n_jobs=5937 n_users=24 n_groups=8 n_accounts=6 
syshost=owens database=pbsacct year=2019 month=10 software=bowtie executables=None cpuhours=180972.50 corehours=90259.02 nodehours=7171.21 n_jobs=3506 n_users=37 n_groups=19 n_accounts=15 
syshost=owens database=pbsacct year=2019 month=10 software=R executables=None cpuhours=163722.96 corehours=78537.71 nodehours=7911.96 n_jobs=3912 n_users=47 n_groups=34 n_accounts=31 
syshost=owens database=pbsacct year=2019 month=10 software=matlab executables=None cpuhours=126503.39 corehours=59136.31 nodehours=12883.25 n_jobs=6489 n_users=60 n_groups=46 n_accounts=42 
syshost=owens database=pbsacct year=2019 month=10 software=spades executables=None cpuhours=117548.80 corehours=14301.02 nodehours=3737.51 n_jobs=749 n_users=8 n_groups=5 n_accounts=5 
syshost=owens database=pbsacct year=2019 month=10 software=gaussian executables=None cpuhours=102859.25 corehours=87777.06 nodehours=8048.99 n_jobs=3204 n_users=48 n_groups=32 n_accounts=30 
syshost=owens database=pbsacct year=2019 month=10 software=hy3s executables=None cpuhours=96941.51 corehours=92440.96 nodehours=3871.74 n_jobs=5033 n_users=10 n_groups=9 n_accounts=11 
syshost=owens database=pbsacct year=2019 month=10 software=a_out executables=None cpuhours=89864.67 corehours=77832.29 nodehours=3636.28 n_jobs=2136 n_users=15 n_groups=12 n_accounts=9 
syshost=owens database=pbsacct year=2019 month=10 software=tapsim executables=None cpuhours=86663.19 corehours=85700.28 nodehours=6276.60 n_jobs=61 n_users=1 n_groups=1 n_accounts=1 
syshost=owens database=pbsacct year=2019 month=10 software=TWODHBLhybridroe_sol executables=None cpuhours=86024.73 corehours=85585.93 nodehours=3072.31 n_jobs=34 n_users=1 n_groups=1 n_accounts=1 
syshost=owens database=pbsacct year=2019 month=10 software=yt executables=None cpuhours=83810.58 corehours=2719.90 nodehours=7882.53 n_jobs=1259 n_users=210 n_groups=48 n_accounts=44 
syshost=owens database=pbsacct year=2019 month=10 software=bwa executables=None cpuhours=81727.97 corehours=14250.34 nodehours=5402.61 n_jobs=7142 n_users=18 n_groups=15 n_accounts=16 
syshost=owens database=pbsacct year=2019 month=10 software=lsp executables=None cpuhours=67226.38 corehours=65609.64 nodehours=2400.94 n_jobs=33 n_users=2 n_groups=1 n_accounts=1 
syshost=owens database=pbsacct year=2019 month=10 software=converge executables=None cpuhours=66130.09 corehours=65381.74 nodehours=2361.79 n_jobs=30 n_users=1 n_groups=1 n_accounts=1 
syshost=owens database=pbsacct year=2019 month=10 software=rosetta executables=None cpuhours=59769.40 corehours=59682.59 nodehours=4216.84 n_jobs=295 n_users=1 n_groups=1 n_accounts=1 
syshost=owens database=pbsacct year=2019 month=10 software=raspa executables=None cpuhours=58245.54 corehours=58210.08 nodehours=58245.54 n_jobs=14163 n_users=8 n_groups=2 n_accounts=1 
syshost=owens database=pbsacct year=2019 month=10 software=Rstudio executables=None cpuhours=54939.81 corehours=8555.35 nodehours=3959.06 n_jobs=1019 n_users=253 n_groups=67 n_accounts=52 
syshost=owens database=pbsacct year=2019 month=10 software=adf executables=None cpuhours=51089.49 corehours=10101.34 nodehours=2647.04 n_jobs=4939 n_users=43 n_groups=28 n_accounts=22 
syshost=owens database=pbsacct year=2019 month=10 software=gromacs executables=None cpuhours=49958.92 corehours=42902.62 nodehours=2379.70 n_jobs=3881 n_users=28 n_groups=13 n_accounts=7 
syshost=owens database=pbsacct year=2019 month=10 software=bam executables=None cpuhours=49894.02 corehours=7477.25 nodehours=3304.08 n_jobs=1812 n_users=37 n_groups=26 n_accounts=21 
syshost=owens database=pbsacct year=2019 month=10 software=v2 executables=None cpuhours=46887.64 corehours=22129.78 nodehours=1674.56 n_jobs=2587 n_users=2 n_groups=2 n_accounts=2 
syshost=owens database=pbsacct year=2019 month=10 software=atat executables=None cpuhours=45353.04 corehours=43270.50 nodehours=1620.14 n_jobs=35 n_users=4 n_groups=4 n_accounts=4 
syshost=owens database=pbsacct year=2019 month=10 software=SiteCorrelationLowCov executables=None cpuhours=44407.62 corehours=4375.01 nodehours=4440.76 n_jobs=3926 n_users=1 n_groups=1 n_accounts=1 
syshost=owens database=pbsacct year=2019 month=10 software=bedtools executables=None cpuhours=40077.56 corehours=3791.81 nodehours=3973.71 n_jobs=1147 n_users=8 n_groups=7 n_accounts=7 
syshost=owens database=pbsacct year=2019 month=10 software=lsdyna executables=None cpuhours=39713.98 corehours=35071.68 nodehours=1419.19 n_jobs=110 n_users=9 n_groups=6 n_accounts=5 
syshost=owens database=pbsacct year=2019 month=10 software=ncl executables=None cpuhours=32512.41 corehours=31641.20 nodehours=1150.22 n_jobs=180 n_users=7 n_groups=6 n_accounts=7 
syshost=owens database=pbsacct year=2019 month=10 software=firefly executables=None cpuhours=29854.08 corehours=21628.72 nodehours=2438.13 n_jobs=111 n_users=2 n_groups=2 n_accounts=2 
syshost=owens database=pbsacct year=2019 month=10 software=virsorter executables=None cpuhours=27138.57 corehours=11594.22 nodehours=3358.42 n_jobs=475 n_users=5 n_groups=1 n_accounts=2 
syshost=owens database=pbsacct year=2019 month=10 software=autostem executables=None cpuhours=26080.97 corehours=16466.46 nodehours=1306.15 n_jobs=738 n_users=1 n_groups=1 n_accounts=1 
syshost=owens database=pbsacct year=2019 month=10 software=ansys executables=None cpuhours=25137.69 corehours=20637.48 nodehours=913.02 n_jobs=114 n_users=10 n_groups=8 n_accounts=7 
syshost=owens database=pbsacct year=2019 month=10 software=comsol executables=None cpuhours=19827.54 corehours=1424.54 nodehours=919.82 n_jobs=103 n_users=7 n_groups=7 n_accounts=7 
syshost=owens database=pbsacct year=2019 month=10 software=amber executables=None cpuhours=19454.64 corehours=14724.38 nodehours=1600.84 n_jobs=1910 n_users=12 n_groups=12 n_accounts=11 
syshost=owens database=pbsacct year=2019 month=10 software=res executables=None cpuhours=18878.80 corehours=15276.98 nodehours=892.55 n_jobs=307 n_users=22 n_groups=15 n_accounts=13 
syshost=owens database=pbsacct year=2019 month=10 software=singularity executables=None cpuhours=14737.21 corehours=5860.74 nodehours=706.20 n_jobs=1179 n_users=31 n_groups=20 n_accounts=12 
syshost=owens database=pbsacct year=2019 month=10 software=psi4 executables=None cpuhours=14116.92 corehours=5558.94 nodehours=729.20 n_jobs=2024 n_users=2 n_groups=1 n_accounts=1 
syshost=owens database=pbsacct year=2019 month=10 software=eddy executables=None cpuhours=14025.33 corehours=2338.36 nodehours=553.35 n_jobs=43 n_users=2 n_groups=2 n_accounts=2 
syshost=owens database=pbsacct year=2019 month=10 software=charmm executables=None cpuhours=14002.49 corehours=13946.88 nodehours=500.09 n_jobs=4 n_users=1 n_groups=1 n_accounts=1 
