syshost=pitzer database=pbsacct year=2019 month=06 software=lammps executables=None cpuhours=995456.48 corehours=992057.31 nodehours=27389.13 n_jobs=1098 n_users=11 n_groups=10 n_accounts=10 
syshost=pitzer database=pbsacct year=2019 month=06 software=vasp executables=None cpuhours=804310.03 corehours=788208.79 nodehours=20118.24 n_jobs=1298 n_users=6 n_groups=4 n_accounts=4 
syshost=pitzer database=pbsacct year=2019 month=06 software=foam executables=None cpuhours=498652.81 corehours=39612.13 nodehours=12471.58 n_jobs=156 n_users=3 n_groups=2 n_accounts=3 
syshost=pitzer database=pbsacct year=2019 month=06 software=namd executables=None cpuhours=325561.47 corehours=324328.05 nodehours=8140.98 n_jobs=41 n_users=5 n_groups=2 n_accounts=2 
syshost=pitzer database=pbsacct year=2019 month=06 software=qchem executables=None cpuhours=296561.77 corehours=143661.85 nodehours=17030.20 n_jobs=3473 n_users=12 n_groups=4 n_accounts=5 
syshost=pitzer database=pbsacct year=2019 month=06 software=eddy executables=None cpuhours=288608.35 corehours=55410.18 nodehours=7888.02 n_jobs=648 n_users=1 n_groups=1 n_accounts=1 
syshost=pitzer database=pbsacct year=2019 month=06 software=a_out executables=None cpuhours=284928.46 corehours=283600.95 nodehours=7691.44 n_jobs=458 n_users=6 n_groups=4 n_accounts=4 
syshost=pitzer database=pbsacct year=2019 month=06 software=gromacs executables=None cpuhours=250727.00 corehours=249266.84 nodehours=6282.69 n_jobs=102 n_users=10 n_groups=8 n_accounts=9 
syshost=pitzer database=pbsacct year=2019 month=06 software=gaussian executables=None cpuhours=242343.53 corehours=234284.24 nodehours=6265.65 n_jobs=664 n_users=11 n_groups=8 n_accounts=9 
syshost=pitzer database=pbsacct year=2019 month=06 software=python executables=None cpuhours=202894.12 corehours=50777.85 nodehours=21173.03 n_jobs=5769 n_users=45 n_groups=34 n_accounts=31 
syshost=pitzer database=pbsacct year=2019 month=06 software=spades executables=None cpuhours=198565.94 corehours=15062.98 nodehours=4957.50 n_jobs=151 n_users=4 n_groups=2 n_accounts=4 
syshost=pitzer database=pbsacct year=2019 month=06 software=ncl executables=None cpuhours=170594.09 corehours=160988.67 nodehours=4265.48 n_jobs=182 n_users=5 n_groups=4 n_accounts=4 
syshost=pitzer database=pbsacct year=2019 month=06 software=raspa executables=None cpuhours=146122.48 corehours=142048.65 nodehours=72677.45 n_jobs=4730 n_users=4 n_groups=1 n_accounts=1 
syshost=pitzer database=pbsacct year=2019 month=06 software=molcas executables=None cpuhours=115153.79 corehours=70262.44 nodehours=29259.21 n_jobs=1972 n_users=3 n_groups=1 n_accounts=2 
syshost=pitzer database=pbsacct year=2019 month=06 software=cam executables=None cpuhours=113554.29 corehours=112741.39 nodehours=4988.09 n_jobs=441 n_users=1 n_groups=1 n_accounts=1 
syshost=pitzer database=pbsacct year=2019 month=06 software=starccm executables=None cpuhours=113277.09 corehours=112624.94 nodehours=2831.93 n_jobs=16 n_users=2 n_groups=2 n_accounts=3 
syshost=pitzer database=pbsacct year=2019 month=06 software=xgc executables=None cpuhours=107726.93 corehours=106627.42 nodehours=3853.98 n_jobs=199 n_users=1 n_groups=1 n_accounts=1 
syshost=pitzer database=pbsacct year=2019 month=06 software=yt executables=None cpuhours=99751.01 corehours=5532.10 nodehours=4171.82 n_jobs=375 n_users=23 n_groups=13 n_accounts=14 
syshost=pitzer database=pbsacct year=2019 month=06 software=orca executables=None cpuhours=56514.85 corehours=7030.88 nodehours=706.45 n_jobs=15 n_users=2 n_groups=2 n_accounts=2 
syshost=pitzer database=pbsacct year=2019 month=06 software=gtc executables=None cpuhours=53231.06 corehours=3935.03 nodehours=1526.63 n_jobs=225 n_users=3 n_groups=2 n_accounts=2 
syshost=pitzer database=pbsacct year=2019 month=06 software=cosmosis executables=None cpuhours=47584.39 corehours=29121.65 nodehours=1189.61 n_jobs=35 n_users=1 n_groups=1 n_accounts=1 
syshost=pitzer database=pbsacct year=2019 month=06 software=v2 executables=None cpuhours=41676.22 corehours=30280.55 nodehours=1043.84 n_jobs=3329 n_users=2 n_groups=2 n_accounts=3 
syshost=pitzer database=pbsacct year=2019 month=06 software=sms executables=None cpuhours=38506.91 corehours=37799.11 nodehours=962.67 n_jobs=157 n_users=1 n_groups=1 n_accounts=1 
syshost=pitzer database=pbsacct year=2019 month=06 software=beast executables=None cpuhours=26325.33 corehours=8904.63 nodehours=940.19 n_jobs=50 n_users=1 n_groups=1 n_accounts=1 
syshost=pitzer database=pbsacct year=2019 month=06 software=gadget executables=None cpuhours=24649.43 corehours=24508.12 nodehours=694.45 n_jobs=27 n_users=2 n_groups=2 n_accounts=2 
syshost=pitzer database=pbsacct year=2019 month=06 software=AraSim executables=None cpuhours=19869.95 corehours=18544.28 nodehours=543.38 n_jobs=64 n_users=1 n_groups=1 n_accounts=2 
syshost=pitzer database=pbsacct year=2019 month=06 software=bam executables=None cpuhours=17904.30 corehours=6708.75 nodehours=435.78 n_jobs=394 n_users=8 n_groups=5 n_accounts=6 
syshost=pitzer database=pbsacct year=2019 month=06 software=R executables=None cpuhours=13454.78 corehours=6687.72 nodehours=342.40 n_jobs=224 n_users=10 n_groups=8 n_accounts=11 
syshost=pitzer database=pbsacct year=2019 month=06 software=gaac executables=None cpuhours=11511.20 corehours=1070.65 nodehours=297.79 n_jobs=32 n_users=1 n_groups=1 n_accounts=1 
syshost=pitzer database=pbsacct year=2019 month=06 software=run_xyzvort executables=None cpuhours=10456.28 corehours=5654.91 nodehours=261.41 n_jobs=873 n_users=3 n_groups=2 n_accounts=4 
syshost=pitzer database=pbsacct year=2019 month=06 software=matlab executables=None cpuhours=10401.41 corehours=5100.55 nodehours=5778.62 n_jobs=18295 n_users=9 n_groups=7 n_accounts=7 
syshost=pitzer database=pbsacct year=2019 month=06 software=setsm executables=None cpuhours=10398.51 corehours=7370.49 nodehours=400.48 n_jobs=348 n_users=2 n_groups=1 n_accounts=1 
syshost=pitzer database=pbsacct year=2019 month=06 software=pwscf executables=None cpuhours=8217.98 corehours=8182.21 nodehours=293.87 n_jobs=87 n_users=4 n_groups=4 n_accounts=4 
syshost=pitzer database=pbsacct year=2019 month=06 software=athena executables=None cpuhours=8189.85 corehours=8025.36 nodehours=255.93 n_jobs=21 n_users=1 n_groups=1 n_accounts=1 
syshost=pitzer database=pbsacct year=2019 month=06 software=run_im executables=None cpuhours=7995.57 corehours=7968.23 nodehours=199.89 n_jobs=7 n_users=1 n_groups=1 n_accounts=1 
syshost=pitzer database=pbsacct year=2019 month=06 software=megahit executables=None cpuhours=7487.09 corehours=5341.04 nodehours=104.12 n_jobs=28 n_users=2 n_groups=1 n_accounts=1 
syshost=pitzer database=pbsacct year=2019 month=06 software=amber executables=None cpuhours=5981.72 corehours=5723.45 nodehours=221.40 n_jobs=474 n_users=5 n_groups=5 n_accounts=5 
syshost=pitzer database=pbsacct year=2019 month=06 software=padc executables=None cpuhours=5775.69 corehours=5738.35 nodehours=145.13 n_jobs=25 n_users=2 n_groups=1 n_accounts=1 
syshost=pitzer database=pbsacct year=2019 month=06 software=Rstudio executables=None cpuhours=5554.57 corehours=809.71 nodehours=694.25 n_jobs=84 n_users=10 n_groups=9 n_accounts=10 
syshost=pitzer database=pbsacct year=2019 month=06 software=canu executables=None cpuhours=5163.80 corehours=4263.01 nodehours=134.76 n_jobs=12 n_users=1 n_groups=1 n_accounts=1 
syshost=pitzer database=pbsacct year=2019 month=06 software=kmeans executables=None cpuhours=4765.27 corehours=598.11 nodehours=595.66 n_jobs=9 n_users=1 n_groups=1 n_accounts=1 
syshost=pitzer database=pbsacct year=2019 month=06 software=tsc executables=None cpuhours=4638.47 corehours=4229.69 nodehours=115.96 n_jobs=6 n_users=1 n_groups=1 n_accounts=1 
syshost=pitzer database=pbsacct year=2019 month=06 software=trimmomatic executables=None cpuhours=3611.59 corehours=835.95 nodehours=361.27 n_jobs=271 n_users=2 n_groups=2 n_accounts=2 
syshost=pitzer database=pbsacct year=2019 month=06 software=lsp executables=None cpuhours=2939.03 corehours=2926.40 nodehours=73.48 n_jobs=5 n_users=2 n_groups=2 n_accounts=2 
syshost=pitzer database=pbsacct year=2019 month=06 software=arts executables=None cpuhours=2401.30 corehours=861.56 nodehours=740.25 n_jobs=67 n_users=2 n_groups=2 n_accounts=2 
syshost=pitzer database=pbsacct year=2019 month=06 software=chimera executables=None cpuhours=2212.96 corehours=127.37 nodehours=72.63 n_jobs=18 n_users=1 n_groups=1 n_accounts=1 
syshost=pitzer database=pbsacct year=2019 month=06 software=res executables=None cpuhours=2205.86 corehours=2195.62 nodehours=55.15 n_jobs=28 n_users=1 n_groups=1 n_accounts=1 
syshost=pitzer database=pbsacct year=2019 month=06 software=dock executables=None cpuhours=2163.83 corehours=860.53 nodehours=332.02 n_jobs=189 n_users=2 n_groups=1 n_accounts=1 
syshost=pitzer database=pbsacct year=2019 month=06 software=vnc executables=None cpuhours=2149.15 corehours=14.13 nodehours=53.88 n_jobs=34 n_users=13 n_groups=12 n_accounts=13 
syshost=pitzer database=pbsacct year=2019 month=06 software=charmm executables=None cpuhours=2063.25 corehours=1978.94 nodehours=171.94 n_jobs=20 n_users=1 n_groups=1 n_accounts=1 
