syshost=pitzer database=pbsacct year=2019 month=01 software=lammps executables=None cpuhours=2008563.45 corehours=1983142.42 nodehours=52005.01 n_jobs=1744 n_users=13 n_groups=8 n_accounts=9 
syshost=pitzer database=pbsacct year=2019 month=01 software=vasp executables=None cpuhours=1050147.29 corehours=680253.41 nodehours=26266.74 n_jobs=528 n_users=4 n_groups=3 n_accounts=3 
syshost=pitzer database=pbsacct year=2019 month=01 software=qchem executables=None cpuhours=502111.48 corehours=189286.83 nodehours=12669.64 n_jobs=684 n_users=11 n_groups=5 n_accounts=6 
syshost=pitzer database=pbsacct year=2019 month=01 software=molcas executables=None cpuhours=332163.91 corehours=95306.43 nodehours=87888.72 n_jobs=957 n_users=3 n_groups=1 n_accounts=1 
syshost=pitzer database=pbsacct year=2019 month=01 software=python executables=None cpuhours=144656.96 corehours=34787.50 nodehours=12874.88 n_jobs=2148 n_users=28 n_groups=23 n_accounts=23 
syshost=pitzer database=pbsacct year=2019 month=01 software=bwa executables=None cpuhours=132618.55 corehours=19773.28 nodehours=3315.62 n_jobs=1430 n_users=4 n_groups=4 n_accounts=4 
syshost=pitzer database=pbsacct year=2019 month=01 software=mustem executables=None cpuhours=105330.29 corehours=104862.00 nodehours=2633.26 n_jobs=980 n_users=1 n_groups=1 n_accounts=1 
syshost=pitzer database=pbsacct year=2019 month=01 software=beast executables=None cpuhours=94387.67 corehours=24871.52 nodehours=3370.99 n_jobs=2000 n_users=1 n_groups=1 n_accounts=1 
syshost=pitzer database=pbsacct year=2019 month=01 software=mexe executables=None cpuhours=90687.39 corehours=90104.76 nodehours=2267.18 n_jobs=160 n_users=1 n_groups=1 n_accounts=1 
syshost=pitzer database=pbsacct year=2019 month=01 software=raspa executables=None cpuhours=77857.17 corehours=76559.59 nodehours=77857.17 n_jobs=2704 n_users=4 n_groups=1 n_accounts=1 
syshost=pitzer database=pbsacct year=2019 month=01 software=hy3s executables=None cpuhours=76221.49 corehours=43695.13 nodehours=1564.07 n_jobs=196 n_users=4 n_groups=4 n_accounts=5 
syshost=pitzer database=pbsacct year=2019 month=01 software=charmm executables=None cpuhours=49191.65 corehours=48926.53 nodehours=1231.75 n_jobs=32 n_users=2 n_groups=2 n_accounts=3 
syshost=pitzer database=pbsacct year=2019 month=01 software=a_out executables=None cpuhours=34701.75 corehours=33946.29 nodehours=1402.41 n_jobs=451 n_users=6 n_groups=5 n_accounts=7 
syshost=pitzer database=pbsacct year=2019 month=01 software=tsc executables=None cpuhours=27346.83 corehours=26675.61 nodehours=683.67 n_jobs=28 n_users=1 n_groups=1 n_accounts=1 
syshost=pitzer database=pbsacct year=2019 month=01 software=matlab executables=None cpuhours=27227.06 corehours=2272.83 nodehours=2100.58 n_jobs=4907 n_users=8 n_groups=7 n_accounts=7 
syshost=pitzer database=pbsacct year=2019 month=01 software=res executables=None cpuhours=17112.89 corehours=1854.42 nodehours=428.94 n_jobs=24 n_users=2 n_groups=2 n_accounts=2 
syshost=pitzer database=pbsacct year=2019 month=01 software=gromacs executables=None cpuhours=15634.67 corehours=14329.29 nodehours=395.35 n_jobs=103 n_users=6 n_groups=5 n_accounts=5 
syshost=pitzer database=pbsacct year=2019 month=01 software=bam executables=None cpuhours=13799.84 corehours=5364.21 nodehours=694.76 n_jobs=345 n_users=5 n_groups=5 n_accounts=7 
syshost=pitzer database=pbsacct year=2019 month=01 software=AraSim executables=None cpuhours=13514.63 corehours=12853.59 nodehours=344.71 n_jobs=77 n_users=2 n_groups=2 n_accounts=1 
syshost=pitzer database=pbsacct year=2019 month=01 software=pop executables=None cpuhours=10693.13 corehours=10379.32 nodehours=267.33 n_jobs=19 n_users=2 n_groups=2 n_accounts=2 
syshost=pitzer database=pbsacct year=2019 month=01 software=namd executables=None cpuhours=10509.90 corehours=10449.47 nodehours=656.79 n_jobs=31 n_users=3 n_groups=2 n_accounts=3 
syshost=pitzer database=pbsacct year=2019 month=01 software=phonon executables=None cpuhours=10093.82 corehours=9885.18 nodehours=252.35 n_jobs=91 n_users=2 n_groups=2 n_accounts=2 
syshost=pitzer database=pbsacct year=2019 month=01 software=sord executables=None cpuhours=7782.20 corehours=386.93 nodehours=389.11 n_jobs=700 n_users=1 n_groups=1 n_accounts=1 
syshost=pitzer database=pbsacct year=2019 month=01 software=dock executables=None cpuhours=7143.76 corehours=3014.97 nodehours=2796.34 n_jobs=143 n_users=1 n_groups=1 n_accounts=2 
syshost=pitzer database=pbsacct year=2019 month=01 software=amber executables=None cpuhours=6745.42 corehours=6408.46 nodehours=277.29 n_jobs=605 n_users=11 n_groups=8 n_accounts=9 
syshost=pitzer database=pbsacct year=2019 month=01 software=starccm executables=None cpuhours=5686.06 corehours=5613.35 nodehours=141.90 n_jobs=5 n_users=1 n_groups=1 n_accounts=1 
syshost=pitzer database=pbsacct year=2019 month=01 software=cam executables=None cpuhours=5616.85 corehours=218.77 nodehours=103.38 n_jobs=71 n_users=1 n_groups=1 n_accounts=1 
syshost=pitzer database=pbsacct year=2019 month=01 software=ncl executables=None cpuhours=5563.80 corehours=5473.32 nodehours=139.10 n_jobs=21 n_users=1 n_groups=1 n_accounts=1 
syshost=pitzer database=pbsacct year=2019 month=01 software=R executables=None cpuhours=4665.65 corehours=3687.25 nodehours=71.95 n_jobs=50 n_users=9 n_groups=8 n_accounts=9 
syshost=pitzer database=pbsacct year=2019 month=01 software=gtc executables=None cpuhours=4014.90 corehours=1115.51 nodehours=1003.73 n_jobs=152 n_users=1 n_groups=1 n_accounts=1 
syshost=pitzer database=pbsacct year=2019 month=01 software=vnc executables=None cpuhours=3810.97 corehours=136.00 nodehours=95.27 n_jobs=32 n_users=20 n_groups=15 n_accounts=16 
syshost=pitzer database=pbsacct year=2019 month=01 software=elk executables=None cpuhours=2683.91 corehours=1100.29 nodehours=1235.33 n_jobs=30 n_users=1 n_groups=1 n_accounts=1 
syshost=pitzer database=pbsacct year=2019 month=01 software=trimmomatic executables=None cpuhours=2045.06 corehours=239.02 nodehours=204.51 n_jobs=189 n_users=1 n_groups=1 n_accounts=1 
syshost=pitzer database=pbsacct year=2019 month=01 software=orca executables=None cpuhours=1773.73 corehours=1705.54 nodehours=44.73 n_jobs=77 n_users=4 n_groups=4 n_accounts=5 
syshost=pitzer database=pbsacct year=2019 month=01 software=gzip executables=None cpuhours=1104.98 corehours=230.67 nodehours=228.96 n_jobs=168 n_users=2 n_groups=2 n_accounts=2 
syshost=pitzer database=pbsacct year=2019 month=01 software=gaussian executables=None cpuhours=998.33 corehours=833.34 nodehours=119.15 n_jobs=175 n_users=9 n_groups=7 n_accounts=9 
syshost=pitzer database=pbsacct year=2019 month=01 software=real_exe executables=None cpuhours=986.17 corehours=969.52 nodehours=24.65 n_jobs=31 n_users=1 n_groups=1 n_accounts=1 
syshost=pitzer database=pbsacct year=2019 month=01 software=rosetta executables=None cpuhours=725.21 corehours=710.98 nodehours=18.13 n_jobs=67 n_users=1 n_groups=1 n_accounts=1 
syshost=pitzer database=pbsacct year=2019 month=01 software=arts executables=None cpuhours=678.51 corehours=477.64 nodehours=16.96 n_jobs=1 n_users=1 n_groups=1 n_accounts=1 
syshost=pitzer database=pbsacct year=2019 month=01 software=overlap executables=None cpuhours=576.13 corehours=23.14 nodehours=24.01 n_jobs=1 n_users=1 n_groups=1 n_accounts=1 
syshost=pitzer database=pbsacct year=2019 month=01 software=s4kt executables=None cpuhours=472.04 corehours=364.37 nodehours=472.04 n_jobs=22 n_users=1 n_groups=1 n_accounts=1 
syshost=pitzer database=pbsacct year=2019 month=01 software=eden executables=None cpuhours=450.46 corehours=85.80 nodehours=5.66 n_jobs=34 n_users=1 n_groups=1 n_accounts=1 
syshost=pitzer database=pbsacct year=2019 month=01 software=qiime executables=None cpuhours=386.11 corehours=38.74 nodehours=9.65 n_jobs=1 n_users=1 n_groups=1 n_accounts=1 
syshost=pitzer database=pbsacct year=2019 month=01 software=yt executables=None cpuhours=366.93 corehours=2.27 nodehours=69.69 n_jobs=75 n_users=15 n_groups=15 n_accounts=15 
syshost=pitzer database=pbsacct year=2019 month=01 software=fastqc executables=None cpuhours=297.37 corehours=91.35 nodehours=29.74 n_jobs=188 n_users=2 n_groups=2 n_accounts=2 
syshost=pitzer database=pbsacct year=2019 month=01 software=cp2k executables=None cpuhours=187.52 corehours=167.13 nodehours=7.04 n_jobs=10 n_users=2 n_groups=2 n_accounts=2 
syshost=pitzer database=pbsacct year=2019 month=01 software=samtools executables=None cpuhours=186.21 corehours=12.57 nodehours=11.00 n_jobs=77 n_users=3 n_groups=2 n_accounts=3 
syshost=pitzer database=pbsacct year=2019 month=01 software=sms executables=None cpuhours=165.81 corehours=118.02 nodehours=41.45 n_jobs=18 n_users=1 n_groups=1 n_accounts=1 
syshost=pitzer database=pbsacct year=2019 month=01 software=cif_mesh executables=None cpuhours=154.94 corehours=154.40 nodehours=154.94 n_jobs=92 n_users=1 n_groups=1 n_accounts=1 
syshost=pitzer database=pbsacct year=2019 month=01 software=run_xyzvort executables=None cpuhours=124.06 corehours=87.81 nodehours=124.06 n_jobs=1413 n_users=1 n_groups=1 n_accounts=1 
