syshost=owens database=pbsacct year=2020 month=01 software=lammps executables=None cpuhours=906957.74 corehours=903268.63 nodehours=69646.52 n_jobs=4045 n_users=24 n_groups=15 n_accounts=17 
syshost=owens database=pbsacct year=2020 month=01 software=vasp executables=None cpuhours=878445.14 corehours=845441.72 nodehours=31443.43 n_jobs=3636 n_users=18 n_groups=8 n_accounts=8 
syshost=owens database=pbsacct year=2020 month=01 software=starccm executables=None cpuhours=822058.81 corehours=814041.67 nodehours=29359.24 n_jobs=150 n_users=6 n_groups=4 n_accounts=3 
syshost=owens database=pbsacct year=2020 month=01 software=python executables=None cpuhours=786178.84 corehours=407074.86 nodehours=55212.04 n_jobs=53921 n_users=103 n_groups=71 n_accounts=65 
syshost=owens database=pbsacct year=2020 month=01 software=namd executables=None cpuhours=572281.22 corehours=570723.84 nodehours=20438.71 n_jobs=391 n_users=9 n_groups=4 n_accounts=4 
syshost=owens database=pbsacct year=2020 month=01 software=foam executables=None cpuhours=514658.92 corehours=60322.55 nodehours=18488.80 n_jobs=592 n_users=4 n_groups=4 n_accounts=4 
syshost=owens database=pbsacct year=2020 month=01 software=pwscf executables=None cpuhours=422383.24 corehours=44170.16 nodehours=15136.03 n_jobs=7001 n_users=3 n_groups=3 n_accounts=3 
syshost=owens database=pbsacct year=2020 month=01 software=abaqus executables=None cpuhours=388070.54 corehours=327590.62 nodehours=13501.34 n_jobs=867 n_users=26 n_groups=14 n_accounts=14 
syshost=owens database=pbsacct year=2020 month=01 software=gaussian executables=None cpuhours=382261.65 corehours=358630.98 nodehours=20097.68 n_jobs=13847 n_users=52 n_groups=33 n_accounts=32 
syshost=owens database=pbsacct year=2020 month=01 software=wrf executables=None cpuhours=344417.96 corehours=302706.37 nodehours=12356.48 n_jobs=2994 n_users=5 n_groups=4 n_accounts=2 
syshost=owens database=pbsacct year=2020 month=01 software=atmosphere_model executables=None cpuhours=328707.21 corehours=317832.76 nodehours=12543.53 n_jobs=299 n_users=8 n_groups=2 n_accounts=3 
syshost=owens database=pbsacct year=2020 month=01 software=tsc executables=None cpuhours=282767.29 corehours=269140.31 nodehours=10133.37 n_jobs=59 n_users=2 n_groups=2 n_accounts=2 
syshost=owens database=pbsacct year=2020 month=01 software=hy3s executables=None cpuhours=263579.14 corehours=248743.92 nodehours=10437.50 n_jobs=11866 n_users=19 n_groups=15 n_accounts=16 
syshost=owens database=pbsacct year=2020 month=01 software=lsp executables=None cpuhours=250525.09 corehours=247057.60 nodehours=8947.32 n_jobs=48 n_users=2 n_groups=1 n_accounts=1 
syshost=owens database=pbsacct year=2020 month=01 software=fdl3di executables=None cpuhours=216626.26 corehours=214508.52 nodehours=7743.12 n_jobs=36 n_users=2 n_groups=2 n_accounts=1 
syshost=owens database=pbsacct year=2020 month=01 software=res executables=None cpuhours=171863.47 corehours=20616.83 nodehours=6991.85 n_jobs=1362 n_users=15 n_groups=12 n_accounts=12 
syshost=owens database=pbsacct year=2020 month=01 software=lsdyna executables=None cpuhours=160697.31 corehours=160091.65 nodehours=5740.58 n_jobs=191 n_users=8 n_groups=6 n_accounts=4 
syshost=owens database=pbsacct year=2020 month=01 software=matlab executables=None cpuhours=157155.90 corehours=61089.64 nodehours=8272.85 n_jobs=5230 n_users=72 n_groups=43 n_accounts=42 
syshost=owens database=pbsacct year=2020 month=01 software=R executables=None cpuhours=156901.93 corehours=36268.23 nodehours=11459.03 n_jobs=2213 n_users=28 n_groups=23 n_accounts=25 
syshost=owens database=pbsacct year=2020 month=01 software=gromacs executables=None cpuhours=145769.96 corehours=131720.51 nodehours=5286.61 n_jobs=359 n_users=13 n_groups=10 n_accounts=11 
syshost=owens database=pbsacct year=2020 month=01 software=vnc executables=None cpuhours=127615.35 corehours=17943.95 nodehours=4456.15 n_jobs=640 n_users=67 n_groups=48 n_accounts=47 
syshost=owens database=pbsacct year=2020 month=01 software=fim executables=None cpuhours=121487.51 corehours=111925.26 nodehours=4338.84 n_jobs=338 n_users=3 n_groups=1 n_accounts=2 
syshost=owens database=pbsacct year=2020 month=01 software=pop executables=None cpuhours=96627.40 corehours=4585.25 nodehours=3724.25 n_jobs=5813 n_users=14 n_groups=10 n_accounts=12 
syshost=owens database=pbsacct year=2020 month=01 software=eden executables=None cpuhours=73333.60 corehours=73249.31 nodehours=18355.11 n_jobs=298 n_users=3 n_groups=3 n_accounts=3 
syshost=owens database=pbsacct year=2020 month=01 software=qchem executables=None cpuhours=68861.38 corehours=30454.40 nodehours=4199.60 n_jobs=3028 n_users=14 n_groups=6 n_accounts=6 
syshost=owens database=pbsacct year=2020 month=01 software=bedtools executables=None cpuhours=58226.15 corehours=22473.48 nodehours=20770.08 n_jobs=135397 n_users=7 n_groups=5 n_accounts=5 
syshost=owens database=pbsacct year=2020 month=01 software=a_out executables=None cpuhours=57662.95 corehours=47580.94 nodehours=2290.80 n_jobs=1858 n_users=9 n_groups=8 n_accounts=9 
syshost=owens database=pbsacct year=2020 month=01 software=ansys executables=None cpuhours=52701.62 corehours=24786.18 nodehours=1886.50 n_jobs=201 n_users=18 n_groups=13 n_accounts=13 
syshost=owens database=pbsacct year=2020 month=01 software=gzip executables=None cpuhours=52125.46 corehours=9989.14 nodehours=2883.03 n_jobs=3128 n_users=19 n_groups=18 n_accounts=18 
syshost=owens database=pbsacct year=2020 month=01 software=Rstudio executables=None cpuhours=50859.49 corehours=7310.36 nodehours=4298.81 n_jobs=1502 n_users=336 n_groups=59 n_accounts=52 
syshost=owens database=pbsacct year=2020 month=01 software=bam executables=None cpuhours=42335.80 corehours=11166.11 nodehours=3504.16 n_jobs=10510 n_users=32 n_groups=21 n_accounts=23 
syshost=owens database=pbsacct year=2020 month=01 software=fluent executables=None cpuhours=38196.91 corehours=1364.60 nodehours=1364.18 n_jobs=46 n_users=6 n_groups=4 n_accounts=5 
syshost=owens database=pbsacct year=2020 month=01 software=cam executables=None cpuhours=38060.62 corehours=37328.74 nodehours=1774.26 n_jobs=224 n_users=12 n_groups=11 n_accounts=11 
syshost=owens database=pbsacct year=2020 month=01 software=singularity executables=None cpuhours=36040.85 corehours=11334.54 nodehours=2692.18 n_jobs=3167 n_users=12 n_groups=5 n_accounts=6 
syshost=owens database=pbsacct year=2020 month=01 software=bowtie executables=None cpuhours=35903.02 corehours=8664.94 nodehours=1855.69 n_jobs=1436 n_users=20 n_groups=14 n_accounts=13 
syshost=owens database=pbsacct year=2020 month=01 software=mafft executables=None cpuhours=35283.67 corehours=1528.71 nodehours=1492.87 n_jobs=317 n_users=3 n_groups=3 n_accounts=3 
syshost=owens database=pbsacct year=2020 month=01 software=raspa executables=None cpuhours=34126.88 corehours=34117.54 nodehours=34126.88 n_jobs=4956 n_users=3 n_groups=2 n_accounts=1 
syshost=owens database=pbsacct year=2020 month=01 software=ncl executables=None cpuhours=28292.19 corehours=25588.80 nodehours=2339.79 n_jobs=1908 n_users=11 n_groups=8 n_accounts=8 
syshost=owens database=pbsacct year=2020 month=01 software=tapsim executables=None cpuhours=28224.65 corehours=28196.93 nodehours=2016.05 n_jobs=7 n_users=1 n_groups=1 n_accounts=1 
syshost=owens database=pbsacct year=2020 month=01 software=bwa executables=None cpuhours=27067.08 corehours=16705.30 nodehours=3528.26 n_jobs=4285 n_users=10 n_groups=8 n_accounts=9 
syshost=owens database=pbsacct year=2020 month=01 software=amber executables=None cpuhours=24934.84 corehours=23905.56 nodehours=1165.87 n_jobs=778 n_users=14 n_groups=13 n_accounts=13 
syshost=owens database=pbsacct year=2020 month=01 software=orca executables=None cpuhours=24046.77 corehours=23501.55 nodehours=874.00 n_jobs=149 n_users=6 n_groups=5 n_accounts=5 
syshost=owens database=pbsacct year=2020 month=01 software=virsorter executables=None cpuhours=23275.33 corehours=2150.33 nodehours=786.96 n_jobs=77 n_users=6 n_groups=3 n_accounts=3 
syshost=owens database=pbsacct year=2020 month=01 software=autostem executables=None cpuhours=22861.77 corehours=16681.41 nodehours=1428.86 n_jobs=360 n_users=1 n_groups=1 n_accounts=1 
syshost=owens database=pbsacct year=2020 month=01 software=decomp executables=None cpuhours=19958.73 corehours=19831.32 nodehours=19958.73 n_jobs=49577 n_users=1 n_groups=1 n_accounts=1 
syshost=owens database=pbsacct year=2020 month=01 software=mpas executables=None cpuhours=17768.04 corehours=3568.85 nodehours=659.49 n_jobs=1450 n_users=8 n_groups=1 n_accounts=2 
syshost=owens database=pbsacct year=2020 month=01 software=yt executables=None cpuhours=16484.07 corehours=171.97 nodehours=2593.54 n_jobs=609 n_users=104 n_groups=44 n_accounts=38 
syshost=owens database=pbsacct year=2020 month=01 software=maxsolve executables=None cpuhours=15485.91 corehours=7769.31 nodehours=350.00 n_jobs=115 n_users=2 n_groups=1 n_accounts=1 
syshost=owens database=pbsacct year=2020 month=01 software=blender executables=None cpuhours=12999.13 corehours=3139.38 nodehours=464.25 n_jobs=47 n_users=2 n_groups=2 n_accounts=2 
syshost=owens database=pbsacct year=2020 month=01 software=ncbi executables=None cpuhours=11261.70 corehours=9818.15 nodehours=1321.33 n_jobs=1298 n_users=14 n_groups=10 n_accounts=12 
