syshost=pitzer database=pbsacct software=namd executables=None cpuhours=1043927.65 corehours=1039665.42 nodehours=26098.19 n_jobs=381 n_users=5 n_groups=2 n_accounts=2 year=2020 month=07
syshost=pitzer database=pbsacct software=python executables=None cpuhours=733336.98 corehours=678675.96 nodehours=152779.84 n_jobs=6925 n_users=46 n_groups=34 n_accounts=35 year=2020 month=07
syshost=pitzer database=pbsacct software=tsc executables=None cpuhours=587861.56 corehours=585052.89 nodehours=14696.54 n_jobs=498 n_users=1 n_groups=1 n_accounts=2 year=2020 month=07
syshost=pitzer database=pbsacct software=xgc executables=None cpuhours=438778.69 corehours=436687.44 nodehours=21969.12 n_jobs=1314 n_users=1 n_groups=1 n_accounts=1 year=2020 month=07
syshost=pitzer database=pbsacct software=vasp executables=None cpuhours=404959.75 corehours=166414.35 nodehours=10141.30 n_jobs=847 n_users=10 n_groups=7 n_accounts=6 year=2020 month=07
syshost=pitzer database=pbsacct software=fluent executables=None cpuhours=248812.78 corehours=9390.60 nodehours=6220.32 n_jobs=51 n_users=2 n_groups=1 n_accounts=1 year=2020 month=07
syshost=pitzer database=pbsacct software=starccm executables=None cpuhours=172863.56 corehours=170981.20 nodehours=4321.59 n_jobs=42 n_users=1 n_groups=1 n_accounts=2 year=2020 month=07
syshost=pitzer database=pbsacct software=lammps executables=None cpuhours=163546.79 corehours=157593.05 nodehours=6560.51 n_jobs=366 n_users=7 n_groups=6 n_accounts=8 year=2020 month=07
syshost=pitzer database=pbsacct software=AraSim executables=None cpuhours=134139.10 corehours=124054.56 nodehours=119771.55 n_jobs=38807 n_users=7 n_groups=1 n_accounts=1 year=2020 month=07
syshost=pitzer database=pbsacct software=raspa executables=None cpuhours=133737.36 corehours=133357.19 nodehours=133737.36 n_jobs=7006 n_users=4 n_groups=1 n_accounts=2 year=2020 month=07
syshost=pitzer database=pbsacct software=qchem executables=None cpuhours=116628.94 corehours=28958.33 nodehours=4489.04 n_jobs=218 n_users=10 n_groups=5 n_accounts=4 year=2020 month=07
syshost=pitzer database=pbsacct software=charmm executables=None cpuhours=112698.42 corehours=112258.05 nodehours=2817.46 n_jobs=41 n_users=1 n_groups=1 n_accounts=1 year=2020 month=07
syshost=pitzer database=pbsacct software=foam executables=None cpuhours=89574.52 corehours=83237.11 nodehours=2239.52 n_jobs=92 n_users=2 n_groups=2 n_accounts=2 year=2020 month=07
syshost=pitzer database=pbsacct software=gaussian executables=None cpuhours=76653.23 corehours=54521.58 nodehours=1913.11 n_jobs=505 n_users=10 n_groups=10 n_accounts=11 year=2020 month=07
syshost=pitzer database=pbsacct software=wrf executables=None cpuhours=74529.78 corehours=74272.21 nodehours=2661.78 n_jobs=64 n_users=1 n_groups=1 n_accounts=2 year=2020 month=07
syshost=pitzer database=pbsacct software=molcas executables=None cpuhours=68184.13 corehours=39182.31 nodehours=22537.02 n_jobs=1075 n_users=2 n_groups=1 n_accounts=2 year=2020 month=07
syshost=pitzer database=pbsacct software=R executables=None cpuhours=64787.80 corehours=25120.70 nodehours=4826.80 n_jobs=2728 n_users=12 n_groups=11 n_accounts=11 year=2020 month=07
syshost=pitzer database=pbsacct software=setsm executables=None cpuhours=63363.62 corehours=34238.35 nodehours=1584.09 n_jobs=442 n_users=1 n_groups=1 n_accounts=1 year=2020 month=07
syshost=pitzer database=pbsacct software=spades executables=None cpuhours=51164.62 corehours=30979.69 nodehours=1346.17 n_jobs=164 n_users=4 n_groups=2 n_accounts=2 year=2020 month=07
syshost=pitzer database=pbsacct software=cosmosis executables=None cpuhours=49048.42 corehours=10947.17 nodehours=1732.15 n_jobs=42 n_users=2 n_groups=2 n_accounts=2 year=2020 month=07
syshost=pitzer database=pbsacct software=ash executables=None cpuhours=43256.69 corehours=3936.72 nodehours=2997.35 n_jobs=668 n_users=61 n_groups=40 n_accounts=41 year=2020 month=07
syshost=pitzer database=pbsacct software=atat executables=None cpuhours=39125.12 corehours=37951.12 nodehours=978.35 n_jobs=19 n_users=1 n_groups=1 n_accounts=1 year=2020 month=07
syshost=pitzer database=pbsacct software=cp2k executables=None cpuhours=37138.97 corehours=34972.74 nodehours=947.44 n_jobs=74 n_users=5 n_groups=4 n_accounts=4 year=2020 month=07
syshost=pitzer database=pbsacct software=virsorter executables=None cpuhours=34320.43 corehours=7059.33 nodehours=1023.07 n_jobs=97 n_users=4 n_groups=2 n_accounts=1 year=2020 month=07
syshost=pitzer database=pbsacct software=cam executables=None cpuhours=33704.68 corehours=24020.95 nodehours=1040.21 n_jobs=919 n_users=5 n_groups=5 n_accounts=5 year=2020 month=07
syshost=pitzer database=pbsacct software=rosetta executables=None cpuhours=31706.96 corehours=31585.08 nodehours=1584.68 n_jobs=88 n_users=1 n_groups=1 n_accounts=1 year=2020 month=07
syshost=pitzer database=pbsacct software=a_out executables=None cpuhours=28788.71 corehours=26657.34 nodehours=1426.66 n_jobs=743 n_users=3 n_groups=2 n_accounts=3 year=2020 month=07
syshost=pitzer database=pbsacct software=pop executables=None cpuhours=24107.08 corehours=8767.49 nodehours=846.08 n_jobs=746 n_users=10 n_groups=4 n_accounts=3 year=2020 month=07
syshost=pitzer database=pbsacct software=augustus executables=None cpuhours=22671.69 corehours=1223.68 nodehours=803.27 n_jobs=7 n_users=1 n_groups=1 n_accounts=2 year=2020 month=07
syshost=pitzer database=pbsacct software=maxsolve executables=None cpuhours=15007.78 corehours=10308.27 nodehours=187.60 n_jobs=73 n_users=1 n_groups=1 n_accounts=1 year=2020 month=07
syshost=pitzer database=pbsacct software=gromacs executables=None cpuhours=13369.00 corehours=12095.47 nodehours=334.23 n_jobs=59 n_users=5 n_groups=5 n_accounts=5 year=2020 month=07
syshost=pitzer database=pbsacct software=pwscf executables=None cpuhours=13246.98 corehours=13195.27 nodehours=331.28 n_jobs=21 n_users=2 n_groups=2 n_accounts=2 year=2020 month=07
syshost=pitzer database=pbsacct software=amber executables=None cpuhours=12682.61 corehours=12275.68 nodehours=501.13 n_jobs=478 n_users=5 n_groups=5 n_accounts=5 year=2020 month=07
syshost=pitzer database=pbsacct software=bowtie executables=None cpuhours=10819.25 corehours=7898.33 nodehours=343.97 n_jobs=81 n_users=7 n_groups=5 n_accounts=5 year=2020 month=07
syshost=pitzer database=pbsacct software=evp executables=None cpuhours=8550.94 corehours=8498.63 nodehours=266.68 n_jobs=60 n_users=2 n_groups=1 n_accounts=1 year=2020 month=07
syshost=pitzer database=pbsacct software=trial executables=None cpuhours=8081.08 corehours=8010.45 nodehours=252.69 n_jobs=190 n_users=1 n_groups=1 n_accounts=1 year=2020 month=07
syshost=pitzer database=pbsacct software=ncbi executables=None cpuhours=7644.73 corehours=970.88 nodehours=282.66 n_jobs=408 n_users=11 n_groups=8 n_accounts=7 year=2020 month=07
syshost=pitzer database=pbsacct software=calyx executables=None cpuhours=6577.27 corehours=1039.44 nodehours=164.43 n_jobs=33 n_users=1 n_groups=1 n_accounts=1 year=2020 month=07
syshost=pitzer database=pbsacct software=singularity executables=None cpuhours=6361.01 corehours=207.16 nodehours=159.88 n_jobs=62 n_users=5 n_groups=2 n_accounts=2 year=2020 month=07
syshost=pitzer database=pbsacct software=halo executables=None cpuhours=5391.52 corehours=4060.29 nodehours=148.26 n_jobs=2041 n_users=2 n_groups=2 n_accounts=2 year=2020 month=07
syshost=pitzer database=pbsacct software=bwa executables=None cpuhours=5197.79 corehours=412.13 nodehours=213.07 n_jobs=186 n_users=5 n_groups=5 n_accounts=5 year=2020 month=07
syshost=pitzer database=pbsacct software=athena executables=None cpuhours=4751.72 corehours=3771.06 nodehours=118.79 n_jobs=183 n_users=1 n_groups=1 n_accounts=1 year=2020 month=07
syshost=pitzer database=pbsacct software=turbo executables=None cpuhours=4483.73 corehours=4460.68 nodehours=224.19 n_jobs=23 n_users=1 n_groups=1 n_accounts=1 year=2020 month=07
syshost=pitzer database=pbsacct software=cvm executables=None cpuhours=4259.33 corehours=890.94 nodehours=1103.07 n_jobs=3137 n_users=1 n_groups=1 n_accounts=1 year=2020 month=07
syshost=pitzer database=pbsacct software=eden executables=None cpuhours=3599.96 corehours=3264.17 nodehours=3300.54 n_jobs=1180 n_users=3 n_groups=3 n_accounts=3 year=2020 month=07
syshost=pitzer database=pbsacct software=matlab executables=None cpuhours=2706.00 corehours=155.14 nodehours=68.09 n_jobs=60 n_users=6 n_groups=6 n_accounts=5 year=2020 month=07
syshost=pitzer database=pbsacct software=ncl executables=None cpuhours=2521.23 corehours=2384.00 nodehours=59.71 n_jobs=29 n_users=3 n_groups=3 n_accounts=3 year=2020 month=07
syshost=pitzer database=pbsacct software=samtools executables=None cpuhours=2316.68 corehours=878.96 nodehours=139.99 n_jobs=996 n_users=7 n_groups=4 n_accounts=5 year=2020 month=07
syshost=pitzer database=pbsacct software=gzip executables=None cpuhours=1683.48 corehours=473.21 nodehours=197.22 n_jobs=588 n_users=5 n_groups=4 n_accounts=4 year=2020 month=07
syshost=pitzer database=pbsacct software=meep executables=None cpuhours=1445.99 corehours=1415.64 nodehours=38.65 n_jobs=27 n_users=1 n_groups=1 n_accounts=1 year=2020 month=07
