syshost=pitzer database=pbsacct software=namd executables=None cpuhours=948339.42 corehours=942468.14 nodehours=25027.74 n_jobs=536 n_users=12 n_groups=8 n_accounts=7 year=2020 month=05
syshost=pitzer database=pbsacct software=python executables=None cpuhours=760825.22 corehours=633865.90 nodehours=139824.30 n_jobs=60124 n_users=66 n_groups=44 n_accounts=45 year=2020 month=05
syshost=pitzer database=pbsacct software=raspa executables=None cpuhours=454417.73 corehours=444135.92 nodehours=195953.60 n_jobs=18000 n_users=5 n_groups=2 n_accounts=1 year=2020 month=05
syshost=pitzer database=pbsacct software=fluent executables=None cpuhours=418732.60 corehours=15869.73 nodehours=10468.32 n_jobs=72 n_users=2 n_groups=1 n_accounts=1 year=2020 month=05
syshost=pitzer database=pbsacct software=vasp executables=None cpuhours=344396.14 corehours=261167.72 nodehours=8618.40 n_jobs=1775 n_users=10 n_groups=6 n_accounts=4 year=2020 month=05
syshost=pitzer database=pbsacct software=lammps executables=None cpuhours=306812.09 corehours=297420.77 nodehours=12912.04 n_jobs=935 n_users=13 n_groups=9 n_accounts=8 year=2020 month=05
syshost=pitzer database=pbsacct software=xgc executables=None cpuhours=305255.19 corehours=296003.47 nodehours=8707.37 n_jobs=1247 n_users=2 n_groups=1 n_accounts=2 year=2020 month=05
syshost=pitzer database=pbsacct software=qchem executables=None cpuhours=274557.76 corehours=149096.99 nodehours=11573.24 n_jobs=3610 n_users=19 n_groups=8 n_accounts=8 year=2020 month=05
syshost=pitzer database=pbsacct software=hy3s executables=None cpuhours=247311.89 corehours=243522.37 nodehours=6232.20 n_jobs=96 n_users=10 n_groups=9 n_accounts=9 year=2020 month=05
syshost=pitzer database=pbsacct software=starccm executables=None cpuhours=227834.17 corehours=223977.05 nodehours=5695.85 n_jobs=107 n_users=2 n_groups=1 n_accounts=1 year=2020 month=05
syshost=pitzer database=pbsacct software=a_out executables=None cpuhours=190438.24 corehours=181908.97 nodehours=7327.08 n_jobs=1256 n_users=5 n_groups=4 n_accounts=3 year=2020 month=05
syshost=pitzer database=pbsacct software=gaussian executables=None cpuhours=152952.57 corehours=115024.63 nodehours=4591.05 n_jobs=2253 n_users=18 n_groups=15 n_accounts=13 year=2020 month=05
syshost=pitzer database=pbsacct software=cp2k executables=None cpuhours=117875.49 corehours=84394.44 nodehours=3319.47 n_jobs=61 n_users=4 n_groups=3 n_accounts=3 year=2020 month=05
syshost=pitzer database=pbsacct software=cam executables=None cpuhours=116451.76 corehours=112682.95 nodehours=2913.73 n_jobs=563 n_users=7 n_groups=6 n_accounts=7 year=2020 month=05
syshost=pitzer database=pbsacct software=phonon executables=None cpuhours=84561.37 corehours=84165.42 nodehours=2114.03 n_jobs=348 n_users=1 n_groups=1 n_accounts=1 year=2020 month=05
syshost=pitzer database=pbsacct software=wrf executables=None cpuhours=81614.71 corehours=80546.53 nodehours=2609.80 n_jobs=183 n_users=3 n_groups=2 n_accounts=1 year=2020 month=05
syshost=pitzer database=pbsacct software=spades executables=None cpuhours=77570.36 corehours=14882.24 nodehours=1109.03 n_jobs=23 n_users=3 n_groups=3 n_accounts=3 year=2020 month=05
syshost=pitzer database=pbsacct software=molcas executables=None cpuhours=69583.96 corehours=42834.11 nodehours=23320.35 n_jobs=1099 n_users=3 n_groups=1 n_accounts=2 year=2020 month=05
syshost=pitzer database=pbsacct software=foam executables=None cpuhours=68437.16 corehours=45546.81 nodehours=1712.92 n_jobs=106 n_users=4 n_groups=4 n_accounts=4 year=2020 month=05
syshost=pitzer database=pbsacct software=mafft executables=None cpuhours=49110.55 corehours=3771.91 nodehours=2886.67 n_jobs=891 n_users=2 n_groups=2 n_accounts=2 year=2020 month=05
syshost=pitzer database=pbsacct software=ash executables=None cpuhours=45744.23 corehours=4966.77 nodehours=2623.01 n_jobs=506 n_users=61 n_groups=43 n_accounts=45 year=2020 month=05
syshost=pitzer database=pbsacct software=setsm executables=None cpuhours=40757.53 corehours=24405.59 nodehours=1018.99 n_jobs=437 n_users=2 n_groups=1 n_accounts=1 year=2020 month=05
syshost=pitzer database=pbsacct software=cosmosis executables=None cpuhours=37093.04 corehours=17290.10 nodehours=1209.31 n_jobs=27 n_users=2 n_groups=2 n_accounts=2 year=2020 month=05
syshost=pitzer database=pbsacct software=beast executables=None cpuhours=33991.19 corehours=12182.45 nodehours=1126.70 n_jobs=156 n_users=2 n_groups=2 n_accounts=1 year=2020 month=05
syshost=pitzer database=pbsacct software=hmmer executables=None cpuhours=33701.97 corehours=5310.83 nodehours=1199.68 n_jobs=35 n_users=2 n_groups=1 n_accounts=1 year=2020 month=05
syshost=pitzer database=pbsacct software=orca executables=None cpuhours=33383.35 corehours=31186.12 nodehours=2565.04 n_jobs=133 n_users=4 n_groups=4 n_accounts=4 year=2020 month=05
syshost=pitzer database=pbsacct software=tsc executables=None cpuhours=33107.06 corehours=32489.70 nodehours=840.24 n_jobs=13 n_users=3 n_groups=3 n_accounts=3 year=2020 month=05
syshost=pitzer database=pbsacct software=res executables=None cpuhours=33085.95 corehours=31493.49 nodehours=830.36 n_jobs=408 n_users=2 n_groups=2 n_accounts=2 year=2020 month=05
syshost=pitzer database=pbsacct software=amber executables=None cpuhours=29083.80 corehours=13849.13 nodehours=1027.99 n_jobs=655 n_users=11 n_groups=9 n_accounts=11 year=2020 month=05
syshost=pitzer database=pbsacct software=ncbi executables=None cpuhours=24167.46 corehours=12420.63 nodehours=1302.30 n_jobs=1632 n_users=11 n_groups=8 n_accounts=8 year=2020 month=05
syshost=pitzer database=pbsacct software=gromacs executables=None cpuhours=20143.47 corehours=18807.93 nodehours=660.65 n_jobs=71 n_users=9 n_groups=9 n_accounts=9 year=2020 month=05
syshost=pitzer database=pbsacct software=bowtie executables=None cpuhours=18196.02 corehours=4662.16 nodehours=579.20 n_jobs=228 n_users=9 n_groups=7 n_accounts=8 year=2020 month=05
syshost=pitzer database=pbsacct software=R executables=None cpuhours=17535.86 corehours=8216.29 nodehours=2403.66 n_jobs=576 n_users=16 n_groups=14 n_accounts=15 year=2020 month=05
syshost=pitzer database=pbsacct software=matlab executables=None cpuhours=16988.06 corehours=11380.75 nodehours=10973.78 n_jobs=8689 n_users=12 n_groups=10 n_accounts=10 year=2020 month=05
syshost=pitzer database=pbsacct software=singularity executables=None cpuhours=16615.38 corehours=292.95 nodehours=218.06 n_jobs=24 n_users=7 n_groups=6 n_accounts=5 year=2020 month=05
syshost=pitzer database=pbsacct software=bam executables=None cpuhours=13905.87 corehours=2930.33 nodehours=719.68 n_jobs=3059 n_users=12 n_groups=8 n_accounts=10 year=2020 month=05
syshost=pitzer database=pbsacct software=bbmap executables=None cpuhours=12781.47 corehours=6942.72 nodehours=479.04 n_jobs=551 n_users=3 n_groups=2 n_accounts=3 year=2020 month=05
syshost=pitzer database=pbsacct software=AraSim executables=None cpuhours=11751.69 corehours=7448.00 nodehours=2321.22 n_jobs=6535 n_users=3 n_groups=2 n_accounts=2 year=2020 month=05
syshost=pitzer database=pbsacct software=charmm executables=None cpuhours=11304.77 corehours=11206.29 nodehours=400.08 n_jobs=79 n_users=4 n_groups=3 n_accounts=3 year=2020 month=05
syshost=pitzer database=pbsacct software=enzo executables=None cpuhours=9350.71 corehours=6956.77 nodehours=321.53 n_jobs=146 n_users=2 n_groups=2 n_accounts=2 year=2020 month=05
syshost=pitzer database=pbsacct software=minced executables=None cpuhours=9169.48 corehours=7892.76 nodehours=2644.70 n_jobs=172 n_users=2 n_groups=1 n_accounts=2 year=2020 month=05
syshost=pitzer database=pbsacct software=run_xyzvort executables=None cpuhours=8901.21 corehours=6188.59 nodehours=370.46 n_jobs=354 n_users=7 n_groups=6 n_accounts=5 year=2020 month=05
syshost=pitzer database=pbsacct software=sms executables=None cpuhours=7530.49 corehours=937.60 nodehours=188.26 n_jobs=2 n_users=1 n_groups=1 n_accounts=1 year=2020 month=05
syshost=pitzer database=pbsacct software=rosetta executables=None cpuhours=7486.86 corehours=7428.98 nodehours=187.91 n_jobs=70 n_users=1 n_groups=1 n_accounts=1 year=2020 month=05
syshost=pitzer database=pbsacct software=cvm executables=None cpuhours=7214.29 corehours=5625.33 nodehours=180.78 n_jobs=50 n_users=1 n_groups=1 n_accounts=1 year=2020 month=05
syshost=pitzer database=pbsacct software=gzip executables=None cpuhours=6906.84 corehours=1448.30 nodehours=478.32 n_jobs=3556 n_users=4 n_groups=3 n_accounts=2 year=2020 month=05
syshost=pitzer database=pbsacct software=eden executables=None cpuhours=6218.58 corehours=5721.64 nodehours=323.25 n_jobs=199 n_users=1 n_groups=1 n_accounts=1 year=2020 month=05
syshost=pitzer database=pbsacct software=atat executables=None cpuhours=6010.47 corehours=5849.73 nodehours=161.29 n_jobs=58 n_users=4 n_groups=4 n_accounts=4 year=2020 month=05
syshost=pitzer database=pbsacct software=ctac executables=None cpuhours=5301.49 corehours=5267.69 nodehours=5251.12 n_jobs=69 n_users=2 n_groups=2 n_accounts=2 year=2020 month=05
syshost=pitzer database=pbsacct software=SOAPdenovo executables=None cpuhours=4779.04 corehours=653.62 nodehours=59.74 n_jobs=4 n_users=1 n_groups=1 n_accounts=1 year=2020 month=05
