syshost=pitzer database=pbsacct software=vasp executables=None cpuhours=931989.43 corehours=911517.34 nodehours=37658.94 n_jobs=3120 n_users=10 n_groups=7 n_accounts=5 
syshost=pitzer database=pbsacct software=lammps executables=None cpuhours=911943.40 corehours=906144.24 nodehours=30768.78 n_jobs=2742 n_users=9 n_groups=8 n_accounts=7 
syshost=pitzer database=pbsacct software=fdl3di executables=None cpuhours=514309.97 corehours=511993.55 nodehours=12895.93 n_jobs=40 n_users=2 n_groups=2 n_accounts=1 
syshost=pitzer database=pbsacct software=run_xyzvort executables=None cpuhours=455926.77 corehours=46788.61 nodehours=11398.17 n_jobs=626 n_users=1 n_groups=1 n_accounts=1 
syshost=pitzer database=pbsacct software=python executables=None cpuhours=285749.27 corehours=143993.34 nodehours=20577.62 n_jobs=3349 n_users=54 n_groups=41 n_accounts=41 
syshost=pitzer database=pbsacct software=namd executables=None cpuhours=217433.47 corehours=216525.99 nodehours=5453.82 n_jobs=33 n_users=6 n_groups=3 n_accounts=3 
syshost=pitzer database=pbsacct software=wrf executables=None cpuhours=203610.87 corehours=202401.59 nodehours=5102.93 n_jobs=781 n_users=3 n_groups=2 n_accounts=2 
syshost=pitzer database=pbsacct software=cam executables=None cpuhours=189158.01 corehours=180820.43 nodehours=5838.73 n_jobs=427 n_users=7 n_groups=7 n_accounts=8 
syshost=pitzer database=pbsacct software=raspa executables=None cpuhours=188480.05 corehours=184800.32 nodehours=107088.18 n_jobs=30171 n_users=5 n_groups=2 n_accounts=1 
syshost=pitzer database=pbsacct software=gaussian executables=None cpuhours=182623.80 corehours=176342.51 nodehours=4982.65 n_jobs=2141 n_users=13 n_groups=11 n_accounts=10 
syshost=pitzer database=pbsacct software=qchem executables=None cpuhours=164379.62 corehours=40762.57 nodehours=8277.45 n_jobs=919 n_users=11 n_groups=5 n_accounts=4 
syshost=pitzer database=pbsacct software=fluent executables=None cpuhours=155978.76 corehours=9244.13 nodehours=3899.47 n_jobs=48 n_users=2 n_groups=1 n_accounts=1 
syshost=pitzer database=pbsacct software=molcas executables=None cpuhours=148148.64 corehours=113629.01 nodehours=46036.71 n_jobs=1044 n_users=4 n_groups=1 n_accounts=2 
syshost=pitzer database=pbsacct software=starccm executables=None cpuhours=89702.44 corehours=88553.28 nodehours=2242.56 n_jobs=66 n_users=1 n_groups=1 n_accounts=1 
syshost=pitzer database=pbsacct software=ncl executables=None cpuhours=87669.59 corehours=85171.94 nodehours=2197.09 n_jobs=277 n_users=4 n_groups=3 n_accounts=4 
syshost=pitzer database=pbsacct software=beast executables=None cpuhours=74740.46 corehours=26035.12 nodehours=2669.30 n_jobs=164 n_users=1 n_groups=1 n_accounts=1 
syshost=pitzer database=pbsacct software=abinit executables=None cpuhours=67703.71 corehours=67380.06 nodehours=1692.61 n_jobs=327 n_users=2 n_groups=2 n_accounts=2 
syshost=pitzer database=pbsacct software=foam executables=None cpuhours=66326.39 corehours=63190.55 nodehours=1700.29 n_jobs=50 n_users=2 n_groups=2 n_accounts=2 
syshost=pitzer database=pbsacct software=R executables=None cpuhours=65619.66 corehours=17383.58 nodehours=2931.32 n_jobs=940 n_users=9 n_groups=9 n_accounts=9 
syshost=pitzer database=pbsacct software=charmm executables=None cpuhours=63280.63 corehours=62516.00 nodehours=1584.48 n_jobs=26 n_users=3 n_groups=3 n_accounts=3 
syshost=pitzer database=pbsacct software=sses executables=None cpuhours=37317.89 corehours=37057.77 nodehours=933.75 n_jobs=83 n_users=2 n_groups=2 n_accounts=2 
syshost=pitzer database=pbsacct software=cosmosis executables=None cpuhours=37160.27 corehours=16325.36 nodehours=929.99 n_jobs=52 n_users=2 n_groups=2 n_accounts=2 
syshost=pitzer database=pbsacct software=vnc executables=None cpuhours=31090.63 corehours=1299.75 nodehours=777.27 n_jobs=53 n_users=14 n_groups=12 n_accounts=13 
syshost=pitzer database=pbsacct software=Rstudio executables=None cpuhours=31011.18 corehours=10315.55 nodehours=543.73 n_jobs=82 n_users=26 n_groups=18 n_accounts=18 
syshost=pitzer database=pbsacct software=xgc executables=None cpuhours=27854.48 corehours=27738.69 nodehours=696.36 n_jobs=20 n_users=1 n_groups=1 n_accounts=1 
syshost=pitzer database=pbsacct software=cm1 executables=None cpuhours=27451.67 corehours=22082.08 nodehours=871.40 n_jobs=678 n_users=2 n_groups=2 n_accounts=3 
syshost=pitzer database=pbsacct software=a_out executables=None cpuhours=26386.14 corehours=25372.15 nodehours=1504.20 n_jobs=393 n_users=7 n_groups=6 n_accounts=5 
syshost=pitzer database=pbsacct software=bam executables=None cpuhours=25388.71 corehours=7282.39 nodehours=3804.34 n_jobs=1757 n_users=9 n_groups=6 n_accounts=7 
syshost=pitzer database=pbsacct software=gromacs executables=None cpuhours=24636.61 corehours=24426.13 nodehours=950.05 n_jobs=46 n_users=5 n_groups=4 n_accounts=5 
syshost=pitzer database=pbsacct software=pop executables=None cpuhours=24276.29 corehours=9507.74 nodehours=567.16 n_jobs=109 n_users=5 n_groups=3 n_accounts=3 
syshost=pitzer database=pbsacct software=setsm executables=None cpuhours=21807.50 corehours=11030.89 nodehours=545.19 n_jobs=141 n_users=2 n_groups=1 n_accounts=1 
syshost=pitzer database=pbsacct software=orca executables=None cpuhours=19018.27 corehours=12965.92 nodehours=475.47 n_jobs=106 n_users=2 n_groups=2 n_accounts=2 
syshost=pitzer database=pbsacct software=columbus executables=None cpuhours=13197.92 corehours=4333.85 nodehours=480.31 n_jobs=34 n_users=2 n_groups=2 n_accounts=2 
syshost=pitzer database=pbsacct software=matlab executables=None cpuhours=12700.36 corehours=4981.94 nodehours=856.26 n_jobs=1164 n_users=5 n_groups=4 n_accounts=4 
syshost=pitzer database=pbsacct software=delphi executables=None cpuhours=12655.59 corehours=4130.83 nodehours=451.99 n_jobs=12 n_users=1 n_groups=1 n_accounts=1 
syshost=pitzer database=pbsacct software=singularity executables=None cpuhours=11814.12 corehours=2073.87 nodehours=251.42 n_jobs=47 n_users=8 n_groups=5 n_accounts=5 
syshost=pitzer database=pbsacct software=bowtie executables=None cpuhours=10826.65 corehours=1949.22 nodehours=204.72 n_jobs=101 n_users=6 n_groups=5 n_accounts=5 
syshost=pitzer database=pbsacct software=yt executables=None cpuhours=7907.25 corehours=1126.08 nodehours=870.75 n_jobs=87 n_users=23 n_groups=17 n_accounts=16 
syshost=pitzer database=pbsacct software=atat executables=None cpuhours=7203.73 corehours=3588.69 nodehours=181.13 n_jobs=13 n_users=2 n_groups=2 n_accounts=2 
syshost=pitzer database=pbsacct software=maxsolve executables=None cpuhours=5868.58 corehours=5556.97 nodehours=73.36 n_jobs=16 n_users=1 n_groups=1 n_accounts=1 
syshost=pitzer database=pbsacct software=amber executables=None cpuhours=5469.21 corehours=5146.29 nodehours=137.12 n_jobs=395 n_users=2 n_groups=2 n_accounts=2 
syshost=pitzer database=pbsacct software=cp2k executables=None cpuhours=5428.33 corehours=4367.47 nodehours=326.29 n_jobs=218 n_users=5 n_groups=5 n_accounts=4 
syshost=pitzer database=pbsacct software=ior executables=None cpuhours=4828.93 corehours=21.53 nodehours=141.45 n_jobs=446 n_users=2 n_groups=2 n_accounts=2 
syshost=pitzer database=pbsacct software=athena executables=None cpuhours=4546.46 corehours=3781.27 nodehours=121.60 n_jobs=52 n_users=1 n_groups=1 n_accounts=1 
syshost=pitzer database=pbsacct software=res executables=None cpuhours=3841.05 corehours=3701.82 nodehours=96.04 n_jobs=9 n_users=4 n_groups=4 n_accounts=4 
syshost=pitzer database=pbsacct software=pwscf executables=None cpuhours=3759.57 corehours=3689.16 nodehours=93.96 n_jobs=99 n_users=4 n_groups=4 n_accounts=4 
syshost=pitzer database=pbsacct software=hy3s executables=None cpuhours=3525.65 corehours=308.21 nodehours=379.81 n_jobs=71 n_users=5 n_groups=5 n_accounts=4 
syshost=pitzer database=pbsacct software=TWODHBLhybridroe_sol executables=None cpuhours=3362.10 corehours=3345.64 nodehours=84.05 n_jobs=2 n_users=1 n_groups=1 n_accounts=1 
syshost=pitzer database=pbsacct software=megahit executables=None cpuhours=2188.06 corehours=1446.79 nodehours=97.11 n_jobs=110 n_users=3 n_groups=2 n_accounts=3 
syshost=pitzer database=pbsacct software=reframe executables=None cpuhours=1968.76 corehours=786.52 nodehours=49.47 n_jobs=429 n_users=3 n_groups=2 n_accounts=3 
