syshost=owens database=pbsacct software=starccm executables=None cpuhours=1111941.18 corehours=1102973.30 nodehours=39712.19 n_jobs=180 n_users=4 n_groups=4 n_accounts=3 year=2020 month=11
syshost=owens database=pbsacct software=vasp executables=None cpuhours=925203.94 corehours=834090.79 nodehours=33044.28 n_jobs=2437 n_users=30 n_groups=16 n_accounts=13 year=2020 month=11
syshost=owens database=pbsacct software=python executables=None cpuhours=677988.74 corehours=355151.08 nodehours=49282.23 n_jobs=144132 n_users=115 n_groups=72 n_accounts=56 year=2020 month=11
syshost=owens database=pbsacct software=cp2k executables=None cpuhours=612884.08 corehours=589022.71 nodehours=27591.57 n_jobs=1284 n_users=2 n_groups=1 n_accounts=1 year=2020 month=11
syshost=owens database=pbsacct software=namd executables=None cpuhours=423786.10 corehours=421538.95 nodehours=15135.22 n_jobs=603 n_users=10 n_groups=7 n_accounts=6 year=2020 month=11
syshost=owens database=pbsacct software=lammps executables=None cpuhours=390628.84 corehours=387587.54 nodehours=16830.48 n_jobs=2828 n_users=23 n_groups=21 n_accounts=18 year=2020 month=11
syshost=owens database=pbsacct software=res executables=None cpuhours=344862.43 corehours=334259.95 nodehours=12549.39 n_jobs=4699 n_users=16 n_groups=13 n_accounts=13 year=2020 month=11
syshost=owens database=pbsacct software=lsp executables=None cpuhours=337334.50 corehours=319796.42 nodehours=12047.66 n_jobs=61 n_users=4 n_groups=1 n_accounts=1 year=2020 month=11
syshost=owens database=pbsacct software=gromacs executables=None cpuhours=322610.02 corehours=318440.51 nodehours=12200.95 n_jobs=3119 n_users=6 n_groups=6 n_accounts=6 year=2020 month=11
syshost=owens database=pbsacct software=atmosphere_model executables=None cpuhours=273311.58 corehours=240025.39 nodehours=9761.14 n_jobs=543 n_users=8 n_groups=2 n_accounts=2 year=2020 month=11
syshost=owens database=pbsacct software=maya executables=None cpuhours=272574.38 corehours=217892.34 nodehours=9734.80 n_jobs=3851 n_users=20 n_groups=5 n_accounts=5 year=2020 month=11
syshost=owens database=pbsacct software=matlab executables=None cpuhours=217362.81 corehours=19576.18 nodehours=23989.17 n_jobs=70959 n_users=19 n_groups=12 n_accounts=14 year=2020 month=11
syshost=owens database=pbsacct software=ash executables=None cpuhours=196467.43 corehours=18067.92 nodehours=15445.22 n_jobs=4000 n_users=564 n_groups=153 n_accounts=116 year=2020 month=11
syshost=owens database=pbsacct software=abaqus executables=None cpuhours=189497.00 corehours=77120.12 nodehours=6313.20 n_jobs=1952 n_users=30 n_groups=16 n_accounts=17 year=2020 month=11
syshost=owens database=pbsacct software=ansys executables=None cpuhours=179320.30 corehours=74486.91 nodehours=6466.66 n_jobs=397 n_users=15 n_groups=12 n_accounts=13 year=2020 month=11
syshost=owens database=pbsacct software=gaussian executables=None cpuhours=159852.36 corehours=120353.55 nodehours=13010.66 n_jobs=14069 n_users=45 n_groups=30 n_accounts=27 year=2020 month=11
syshost=owens database=pbsacct software=R executables=None cpuhours=107641.00 corehours=49698.49 nodehours=32130.69 n_jobs=1763 n_users=27 n_groups=22 n_accounts=21 year=2020 month=11
syshost=owens database=pbsacct software=cam executables=None cpuhours=92230.00 corehours=81930.19 nodehours=3690.03 n_jobs=781 n_users=9 n_groups=9 n_accounts=9 year=2020 month=11
syshost=owens database=pbsacct software=lsdyna executables=None cpuhours=65931.22 corehours=65053.77 nodehours=2143.32 n_jobs=330 n_users=7 n_groups=6 n_accounts=4 year=2020 month=11
syshost=owens database=pbsacct software=fim executables=None cpuhours=62911.15 corehours=58311.42 nodehours=2246.83 n_jobs=228 n_users=6 n_groups=1 n_accounts=2 year=2020 month=11
syshost=owens database=pbsacct software=orca executables=None cpuhours=60157.19 corehours=11948.63 nodehours=2234.82 n_jobs=191 n_users=8 n_groups=6 n_accounts=6 year=2020 month=11
syshost=owens database=pbsacct software=a_out executables=None cpuhours=59264.34 corehours=58739.15 nodehours=2180.76 n_jobs=8422 n_users=10 n_groups=8 n_accounts=7 year=2020 month=11
syshost=owens database=pbsacct software=qchem executables=None cpuhours=57491.82 corehours=23497.18 nodehours=4035.33 n_jobs=4851 n_users=24 n_groups=9 n_accounts=6 year=2020 month=11
syshost=owens database=pbsacct software=amber executables=None cpuhours=53091.94 corehours=18479.12 nodehours=19184.85 n_jobs=16659 n_users=9 n_groups=9 n_accounts=7 year=2020 month=11
syshost=owens database=pbsacct software=tapsim executables=None cpuhours=47533.03 corehours=47432.32 nodehours=1751.18 n_jobs=33 n_users=1 n_groups=1 n_accounts=1 year=2020 month=11
syshost=owens database=pbsacct software=raspa executables=None cpuhours=41838.61 corehours=41701.45 nodehours=41838.61 n_jobs=39299 n_users=3 n_groups=2 n_accounts=2 year=2020 month=11
syshost=owens database=pbsacct software=fluent executables=None cpuhours=39930.64 corehours=8166.84 nodehours=1426.15 n_jobs=33 n_users=3 n_groups=3 n_accounts=2 year=2020 month=11
syshost=owens database=pbsacct software=mpas executables=None cpuhours=39875.75 corehours=34534.56 nodehours=1824.07 n_jobs=20204 n_users=12 n_groups=2 n_accounts=3 year=2020 month=11
syshost=owens database=pbsacct software=rosetta executables=None cpuhours=32611.55 corehours=16972.73 nodehours=1303.13 n_jobs=252 n_users=2 n_groups=2 n_accounts=2 year=2020 month=11
syshost=owens database=pbsacct software=trimmomatic executables=None cpuhours=28499.23 corehours=1053.44 nodehours=1017.83 n_jobs=124 n_users=2 n_groups=2 n_accounts=2 year=2020 month=11
syshost=owens database=pbsacct software=samtools executables=None cpuhours=26700.60 corehours=5361.52 nodehours=957.48 n_jobs=149 n_users=13 n_groups=10 n_accounts=8 year=2020 month=11
syshost=owens database=pbsacct software=bowtie executables=None cpuhours=23532.02 corehours=10075.29 nodehours=1543.52 n_jobs=2494 n_users=16 n_groups=12 n_accounts=10 year=2020 month=11
syshost=owens database=pbsacct software=measurements executables=None cpuhours=17150.93 corehours=26.45 nodehours=1114.24 n_jobs=20839 n_users=2 n_groups=1 n_accounts=1 year=2020 month=11
syshost=owens database=pbsacct software=mafft executables=None cpuhours=16138.53 corehours=690.24 nodehours=675.87 n_jobs=189 n_users=3 n_groups=2 n_accounts=2 year=2020 month=11
syshost=owens database=pbsacct software=so_gen_forecasts executables=None cpuhours=15258.79 corehours=2141.97 nodehours=546.34 n_jobs=10066 n_users=4 n_groups=1 n_accounts=1 year=2020 month=11
syshost=owens database=pbsacct software=wrf executables=None cpuhours=14451.93 corehours=14374.29 nodehours=520.55 n_jobs=44 n_users=4 n_groups=4 n_accounts=3 year=2020 month=11
syshost=owens database=pbsacct software=bwa executables=None cpuhours=13744.59 corehours=5499.23 nodehours=2452.58 n_jobs=2602 n_users=3 n_groups=3 n_accounts=3 year=2020 month=11
syshost=owens database=pbsacct software=so_gen_weights executables=None cpuhours=13528.15 corehours=8105.35 nodehours=483.15 n_jobs=1471 n_users=5 n_groups=1 n_accounts=1 year=2020 month=11
syshost=owens database=pbsacct software=drone executables=None cpuhours=12720.82 corehours=12674.77 nodehours=12720.82 n_jobs=671 n_users=1 n_groups=1 n_accounts=1 year=2020 month=11
syshost=owens database=pbsacct software=desmond executables=None cpuhours=12316.11 corehours=10537.12 nodehours=439.96 n_jobs=19 n_users=2 n_groups=2 n_accounts=2 year=2020 month=11
syshost=owens database=pbsacct software=kmeans executables=None cpuhours=11896.97 corehours=6021.15 nodehours=7331.45 n_jobs=22669 n_users=2 n_groups=2 n_accounts=3 year=2020 month=11
syshost=owens database=pbsacct software=bedtools executables=None cpuhours=9909.63 corehours=3654.78 nodehours=2331.84 n_jobs=1904 n_users=8 n_groups=6 n_accounts=6 year=2020 month=11
syshost=owens database=pbsacct software=lfm executables=None cpuhours=9316.81 corehours=9012.48 nodehours=332.74 n_jobs=26 n_users=3 n_groups=3 n_accounts=3 year=2020 month=11
syshost=owens database=pbsacct software=ctac executables=None cpuhours=9238.93 corehours=9144.59 nodehours=9156.31 n_jobs=952 n_users=2 n_groups=2 n_accounts=2 year=2020 month=11
syshost=owens database=pbsacct software=gzip executables=None cpuhours=7893.67 corehours=5486.38 nodehours=5456.32 n_jobs=9705 n_users=15 n_groups=14 n_accounts=14 year=2020 month=11
syshost=owens database=pbsacct software=gamess executables=None cpuhours=7754.24 corehours=7730.10 nodehours=646.48 n_jobs=174 n_users=2 n_groups=2 n_accounts=2 year=2020 month=11
syshost=owens database=pbsacct software=mustem executables=None cpuhours=7498.17 corehours=1295.38 nodehours=267.79 n_jobs=198 n_users=4 n_groups=2 n_accounts=2 year=2020 month=11
syshost=owens database=pbsacct software=apbs executables=None cpuhours=6983.69 corehours=5524.11 nodehours=1746.15 n_jobs=18076 n_users=1 n_groups=1 n_accounts=1 year=2020 month=11
syshost=owens database=pbsacct software=snptest executables=None cpuhours=6966.97 corehours=248.02 nodehours=248.82 n_jobs=112 n_users=1 n_groups=1 n_accounts=1 year=2020 month=11
syshost=owens database=pbsacct software=hsi executables=None cpuhours=6862.56 corehours=309.27 nodehours=245.09 n_jobs=173 n_users=4 n_groups=4 n_accounts=2 year=2020 month=11
