syshost=owens database=pbsacct software=vasp executables=None cpuhours=912241.77 corehours=791051.78 nodehours=32580.37 n_jobs=2784 n_users=25 n_groups=11 n_accounts=9 year=2020 month=10
syshost=owens database=pbsacct software=starccm executables=None cpuhours=769214.54 corehours=711699.65 nodehours=27471.95 n_jobs=160 n_users=7 n_groups=6 n_accounts=5 year=2020 month=10
syshost=owens database=pbsacct software=lsp executables=None cpuhours=602586.73 corehours=572155.77 nodehours=21520.95 n_jobs=130 n_users=5 n_groups=1 n_accounts=1 year=2020 month=10
syshost=owens database=pbsacct software=gaussian executables=None cpuhours=542276.68 corehours=497984.03 nodehours=25260.57 n_jobs=2371 n_users=42 n_groups=29 n_accounts=30 year=2020 month=10
syshost=owens database=pbsacct software=python executables=None cpuhours=471634.05 corehours=341667.95 nodehours=68961.74 n_jobs=59396 n_users=118 n_groups=69 n_accounts=53 year=2020 month=10
syshost=owens database=pbsacct software=namd executables=None cpuhours=467333.24 corehours=459457.93 nodehours=16690.72 n_jobs=593 n_users=11 n_groups=8 n_accounts=8 year=2020 month=10
syshost=owens database=pbsacct software=atmosphere_model executables=None cpuhours=411138.09 corehours=386110.82 nodehours=14683.50 n_jobs=584 n_users=7 n_groups=1 n_accounts=1 year=2020 month=10
syshost=owens database=pbsacct software=cp2k executables=None cpuhours=385484.69 corehours=372907.91 nodehours=19274.24 n_jobs=134 n_users=2 n_groups=1 n_accounts=1 year=2020 month=10
syshost=owens database=pbsacct software=gromacs executables=None cpuhours=273894.43 corehours=99580.02 nodehours=9986.54 n_jobs=429 n_users=5 n_groups=5 n_accounts=5 year=2020 month=10
syshost=owens database=pbsacct software=measurements executables=None cpuhours=263535.66 corehours=250309.00 nodehours=63643.44 n_jobs=15905 n_users=2 n_groups=2 n_accounts=2 year=2020 month=10
syshost=owens database=pbsacct software=ash executables=None cpuhours=250924.29 corehours=42109.06 nodehours=19978.69 n_jobs=4681 n_users=557 n_groups=147 n_accounts=126 year=2020 month=10
syshost=owens database=pbsacct software=fim executables=None cpuhours=204308.91 corehours=188536.76 nodehours=7296.75 n_jobs=773 n_users=7 n_groups=1 n_accounts=2 year=2020 month=10
syshost=owens database=pbsacct software=ftb executables=None cpuhours=202533.87 corehours=201526.15 nodehours=7233.36 n_jobs=136 n_users=4 n_groups=3 n_accounts=3 year=2020 month=10
syshost=owens database=pbsacct software=abaqus executables=None cpuhours=197318.44 corehours=45314.79 nodehours=6739.29 n_jobs=3830 n_users=21 n_groups=9 n_accounts=9 year=2020 month=10
syshost=owens database=pbsacct software=res executables=None cpuhours=141032.91 corehours=139039.70 nodehours=5635.68 n_jobs=1895 n_users=17 n_groups=15 n_accounts=15 year=2020 month=10
syshost=owens database=pbsacct software=lammps executables=None cpuhours=112596.23 corehours=96348.25 nodehours=7608.51 n_jobs=1308 n_users=18 n_groups=16 n_accounts=14 year=2020 month=10
syshost=owens database=pbsacct software=raspa executables=None cpuhours=112368.46 corehours=112214.09 nodehours=112368.46 n_jobs=13465 n_users=5 n_groups=2 n_accounts=2 year=2020 month=10
syshost=owens database=pbsacct software=ansys executables=None cpuhours=109507.04 corehours=60269.81 nodehours=4046.01 n_jobs=432 n_users=10 n_groups=7 n_accounts=8 year=2020 month=10
syshost=owens database=pbsacct software=mpas executables=None cpuhours=104582.87 corehours=77605.55 nodehours=4109.42 n_jobs=34467 n_users=14 n_groups=2 n_accounts=3 year=2020 month=10
syshost=owens database=pbsacct software=qchem executables=None cpuhours=94314.30 corehours=34490.36 nodehours=4792.70 n_jobs=3116 n_users=28 n_groups=10 n_accounts=7 year=2020 month=10
syshost=owens database=pbsacct software=a_out executables=None cpuhours=85550.02 corehours=84508.84 nodehours=3149.55 n_jobs=11657 n_users=12 n_groups=9 n_accounts=9 year=2020 month=10
syshost=owens database=pbsacct software=bwa executables=None cpuhours=66618.56 corehours=13844.20 nodehours=4947.99 n_jobs=4746 n_users=8 n_groups=7 n_accounts=9 year=2020 month=10
syshost=owens database=pbsacct software=npb executables=None cpuhours=63781.09 corehours=60.74 nodehours=2278.87 n_jobs=17 n_users=2 n_groups=2 n_accounts=2 year=2020 month=10
syshost=owens database=pbsacct software=bedtools executables=None cpuhours=54934.52 corehours=7274.61 nodehours=4033.67 n_jobs=1709 n_users=9 n_groups=8 n_accounts=10 year=2020 month=10
syshost=owens database=pbsacct software=mafft executables=None cpuhours=47044.36 corehours=1987.47 nodehours=1989.36 n_jobs=338 n_users=2 n_groups=1 n_accounts=1 year=2020 month=10
syshost=owens database=pbsacct software=R executables=None cpuhours=45154.49 corehours=29113.17 nodehours=25893.59 n_jobs=2987 n_users=25 n_groups=20 n_accounts=20 year=2020 month=10
syshost=owens database=pbsacct software=fluent executables=None cpuhours=38427.03 corehours=5469.30 nodehours=1372.39 n_jobs=28 n_users=2 n_groups=2 n_accounts=2 year=2020 month=10
syshost=owens database=pbsacct software=matlab executables=None cpuhours=35417.68 corehours=5362.17 nodehours=1409.25 n_jobs=951 n_users=21 n_groups=11 n_accounts=11 year=2020 month=10
syshost=owens database=pbsacct software=cam executables=None cpuhours=26394.42 corehours=24500.58 nodehours=1056.81 n_jobs=660 n_users=15 n_groups=12 n_accounts=14 year=2020 month=10
syshost=owens database=pbsacct software=gzip executables=None cpuhours=25770.74 corehours=9115.22 nodehours=6994.41 n_jobs=2388 n_users=16 n_groups=16 n_accounts=14 year=2020 month=10
syshost=owens database=pbsacct software=hy3s executables=None cpuhours=25314.22 corehours=17587.33 nodehours=1144.47 n_jobs=216 n_users=9 n_groups=7 n_accounts=10 year=2020 month=10
syshost=owens database=pbsacct software=orca executables=None cpuhours=21830.67 corehours=16252.16 nodehours=848.64 n_jobs=89 n_users=7 n_groups=5 n_accounts=5 year=2020 month=10
syshost=owens database=pbsacct software=amber executables=None cpuhours=21776.50 corehours=11890.06 nodehours=6842.18 n_jobs=1793 n_users=8 n_groups=8 n_accounts=7 year=2020 month=10
syshost=owens database=pbsacct software=lsdyna executables=None cpuhours=21706.55 corehours=21298.91 nodehours=775.23 n_jobs=249 n_users=6 n_groups=6 n_accounts=4 year=2020 month=10
syshost=owens database=pbsacct software=3dh executables=None cpuhours=20303.62 corehours=20039.67 nodehours=727.14 n_jobs=4 n_users=1 n_groups=1 n_accounts=1 year=2020 month=10
syshost=owens database=pbsacct software=ctac executables=None cpuhours=19690.57 corehours=19447.47 nodehours=19688.99 n_jobs=629 n_users=1 n_groups=1 n_accounts=1 year=2020 month=10
syshost=owens database=pbsacct software=bbmap executables=None cpuhours=19689.44 corehours=16475.73 nodehours=895.90 n_jobs=2889 n_users=7 n_groups=5 n_accounts=4 year=2020 month=10
syshost=owens database=pbsacct software=abinit executables=None cpuhours=17119.39 corehours=17040.90 nodehours=1131.87 n_jobs=162 n_users=2 n_groups=1 n_accounts=1 year=2020 month=10
syshost=owens database=pbsacct software=apbs executables=None cpuhours=16625.23 corehours=16072.25 nodehours=4156.31 n_jobs=3465 n_users=1 n_groups=1 n_accounts=1 year=2020 month=10
syshost=owens database=pbsacct software=adf executables=None cpuhours=15819.89 corehours=8554.59 nodehours=1087.31 n_jobs=1170 n_users=38 n_groups=24 n_accounts=26 year=2020 month=10
syshost=owens database=pbsacct software=rosetta executables=None cpuhours=13539.75 corehours=13464.41 nodehours=8322.69 n_jobs=456 n_users=3 n_groups=3 n_accounts=2 year=2020 month=10
syshost=owens database=pbsacct software=tapsim executables=None cpuhours=12821.36 corehours=12791.92 nodehours=481.54 n_jobs=22 n_users=1 n_groups=1 n_accounts=1 year=2020 month=10
syshost=owens database=pbsacct software=kmeans executables=None cpuhours=11678.42 corehours=8541.13 nodehours=1034.25 n_jobs=746 n_users=2 n_groups=2 n_accounts=3 year=2020 month=10
syshost=owens database=pbsacct software=so_gen_weights executables=None cpuhours=11402.44 corehours=7537.91 nodehours=407.23 n_jobs=504 n_users=3 n_groups=1 n_accounts=1 year=2020 month=10
syshost=owens database=pbsacct software=maya executables=None cpuhours=10919.64 corehours=8291.75 nodehours=389.99 n_jobs=759 n_users=5 n_groups=4 n_accounts=4 year=2020 month=10
syshost=owens database=pbsacct software=grib executables=None cpuhours=10129.39 corehours=6895.78 nodehours=422.06 n_jobs=36 n_users=1 n_groups=1 n_accounts=1 year=2020 month=10
syshost=owens database=pbsacct software=blender executables=None cpuhours=9127.25 corehours=4405.95 nodehours=327.36 n_jobs=1160 n_users=36 n_groups=3 n_accounts=2 year=2020 month=10
syshost=owens database=pbsacct software=eden executables=None cpuhours=9075.61 corehours=8282.66 nodehours=516.39 n_jobs=83 n_users=3 n_groups=3 n_accounts=3 year=2020 month=10
syshost=owens database=pbsacct software=bam executables=None cpuhours=8626.53 corehours=563.56 nodehours=529.80 n_jobs=630 n_users=20 n_groups=18 n_accounts=13 year=2020 month=10
syshost=owens database=pbsacct software=lkh executables=None cpuhours=8188.07 corehours=5727.22 nodehours=3076.79 n_jobs=4647 n_users=3 n_groups=3 n_accounts=3 year=2020 month=10
