syshost=owens database=pbsacct software=starccm executables=None cpuhours=896530.38 corehours=851617.01 nodehours=32018.94 n_jobs=195 n_users=7 n_groups=6 n_accounts=5 year=2020 month=09
syshost=owens database=pbsacct software=python executables=None cpuhours=841970.72 corehours=567948.77 nodehours=125898.70 n_jobs=24854 n_users=109 n_groups=69 n_accounts=59 year=2020 month=09
syshost=owens database=pbsacct software=namd executables=None cpuhours=838684.09 corehours=836790.17 nodehours=29956.94 n_jobs=180 n_users=8 n_groups=5 n_accounts=5 year=2020 month=09
syshost=owens database=pbsacct software=vasp executables=None cpuhours=693123.84 corehours=440274.82 nodehours=24975.84 n_jobs=1743 n_users=18 n_groups=10 n_accounts=10 year=2020 month=09
syshost=owens database=pbsacct software=atmosphere_model executables=None cpuhours=621103.94 corehours=603872.46 nodehours=22227.69 n_jobs=839 n_users=6 n_groups=1 n_accounts=1 year=2020 month=09
syshost=owens database=pbsacct software=ftb executables=None cpuhours=484643.41 corehours=483033.84 nodehours=17493.58 n_jobs=42 n_users=2 n_groups=2 n_accounts=2 year=2020 month=09
syshost=owens database=pbsacct software=ash executables=None cpuhours=399164.23 corehours=18189.48 nodehours=25199.42 n_jobs=4985 n_users=605 n_groups=153 n_accounts=129 year=2020 month=09
syshost=owens database=pbsacct software=R executables=None cpuhours=330928.47 corehours=12905.48 nodehours=13518.28 n_jobs=1806 n_users=25 n_groups=22 n_accounts=20 year=2020 month=09
syshost=owens database=pbsacct software=gaussian executables=None cpuhours=304772.16 corehours=245977.38 nodehours=15044.80 n_jobs=2428 n_users=46 n_groups=30 n_accounts=28 year=2020 month=09
syshost=owens database=pbsacct software=fim executables=None cpuhours=286556.85 corehours=264070.38 nodehours=10234.17 n_jobs=1168 n_users=5 n_groups=1 n_accounts=2 year=2020 month=09
syshost=owens database=pbsacct software=lsp executables=None cpuhours=255513.87 corehours=242500.54 nodehours=9125.50 n_jobs=88 n_users=5 n_groups=1 n_accounts=1 year=2020 month=09
syshost=owens database=pbsacct software=qchem executables=None cpuhours=240822.55 corehours=121829.64 nodehours=13047.50 n_jobs=4824 n_users=25 n_groups=9 n_accounts=7 year=2020 month=09
syshost=owens database=pbsacct software=amber executables=None cpuhours=189160.43 corehours=138365.31 nodehours=35032.36 n_jobs=6322 n_users=13 n_groups=13 n_accounts=10 year=2020 month=09
syshost=owens database=pbsacct software=abaqus executables=None cpuhours=146064.68 corehours=33575.35 nodehours=4922.53 n_jobs=1173 n_users=15 n_groups=4 n_accounts=4 year=2020 month=09
syshost=owens database=pbsacct software=fdl3di executables=None cpuhours=130049.96 corehours=129493.12 nodehours=4644.64 n_jobs=58 n_users=1 n_groups=1 n_accounts=1 year=2020 month=09
syshost=owens database=pbsacct software=mpas executables=None cpuhours=92857.25 corehours=77819.32 nodehours=7595.52 n_jobs=56192 n_users=11 n_groups=2 n_accounts=3 year=2020 month=09
syshost=owens database=pbsacct software=tsc executables=None cpuhours=80747.43 corehours=80284.44 nodehours=3208.92 n_jobs=50 n_users=4 n_groups=4 n_accounts=4 year=2020 month=09
syshost=owens database=pbsacct software=lammps executables=None cpuhours=78032.46 corehours=76399.56 nodehours=4001.05 n_jobs=753 n_users=12 n_groups=12 n_accounts=11 year=2020 month=09
syshost=owens database=pbsacct software=raspa executables=None cpuhours=71436.30 corehours=71387.09 nodehours=71436.30 n_jobs=12429 n_users=4 n_groups=2 n_accounts=2 year=2020 month=09
syshost=owens database=pbsacct software=wrf executables=None cpuhours=67602.36 corehours=67450.80 nodehours=2414.37 n_jobs=45 n_users=1 n_groups=1 n_accounts=1 year=2020 month=09
syshost=owens database=pbsacct software=res executables=None cpuhours=63306.19 corehours=58385.57 nodehours=2856.94 n_jobs=732 n_users=12 n_groups=11 n_accounts=11 year=2020 month=09
syshost=owens database=pbsacct software=rosetta executables=None cpuhours=50212.01 corehours=50062.12 nodehours=2215.18 n_jobs=254 n_users=4 n_groups=4 n_accounts=3 year=2020 month=09
syshost=owens database=pbsacct software=gromacs executables=None cpuhours=39716.93 corehours=38187.56 nodehours=1671.18 n_jobs=131 n_users=8 n_groups=7 n_accounts=7 year=2020 month=09
syshost=owens database=pbsacct software=bowtie executables=None cpuhours=38387.94 corehours=5934.68 nodehours=1541.52 n_jobs=750 n_users=16 n_groups=13 n_accounts=12 year=2020 month=09
syshost=owens database=pbsacct software=firefly executables=None cpuhours=38071.50 corehours=35236.74 nodehours=1359.70 n_jobs=184 n_users=1 n_groups=1 n_accounts=1 year=2020 month=09
syshost=owens database=pbsacct software=a_out executables=None cpuhours=35795.42 corehours=31211.43 nodehours=1452.81 n_jobs=4048 n_users=9 n_groups=7 n_accounts=9 year=2020 month=09
syshost=owens database=pbsacct software=cp2k executables=None cpuhours=33752.73 corehours=33735.29 nodehours=1687.67 n_jobs=15 n_users=3 n_groups=3 n_accounts=2 year=2020 month=09
syshost=owens database=pbsacct software=orca executables=None cpuhours=32027.36 corehours=30996.57 nodehours=2466.45 n_jobs=65 n_users=6 n_groups=5 n_accounts=5 year=2020 month=09
syshost=owens database=pbsacct software=ansys executables=None cpuhours=31446.85 corehours=19512.93 nodehours=1178.18 n_jobs=351 n_users=9 n_groups=7 n_accounts=8 year=2020 month=09
syshost=owens database=pbsacct software=trimmomatic executables=None cpuhours=29840.19 corehours=1067.83 nodehours=1071.30 n_jobs=152 n_users=5 n_groups=3 n_accounts=3 year=2020 month=09
syshost=owens database=pbsacct software=adf executables=None cpuhours=29137.38 corehours=4582.47 nodehours=1160.07 n_jobs=2266 n_users=34 n_groups=25 n_accounts=23 year=2020 month=09
syshost=owens database=pbsacct software=mafft executables=None cpuhours=28234.14 corehours=10120.32 nodehours=1089.45 n_jobs=252 n_users=6 n_groups=4 n_accounts=5 year=2020 month=09
syshost=owens database=pbsacct software=lkh executables=None cpuhours=26892.60 corehours=26094.88 nodehours=16394.99 n_jobs=9323 n_users=3 n_groups=3 n_accounts=3 year=2020 month=09
syshost=owens database=pbsacct software=guppy executables=None cpuhours=25869.04 corehours=24023.09 nodehours=996.20 n_jobs=39 n_users=2 n_groups=2 n_accounts=3 year=2020 month=09
syshost=owens database=pbsacct software=fluent executables=None cpuhours=22743.06 corehours=3224.84 nodehours=812.25 n_jobs=24 n_users=1 n_groups=1 n_accounts=1 year=2020 month=09
syshost=owens database=pbsacct software=lsdyna executables=None cpuhours=22711.28 corehours=20165.34 nodehours=811.12 n_jobs=277 n_users=7 n_groups=7 n_accounts=5 year=2020 month=09
syshost=owens database=pbsacct software=matlab executables=None cpuhours=21579.68 corehours=6566.67 nodehours=1186.91 n_jobs=1664 n_users=14 n_groups=9 n_accounts=9 year=2020 month=09
syshost=owens database=pbsacct software=virsorter executables=None cpuhours=20187.85 corehours=9173.56 nodehours=991.27 n_jobs=388 n_users=3 n_groups=1 n_accounts=1 year=2020 month=09
syshost=owens database=pbsacct software=3dh executables=None cpuhours=19506.16 corehours=19321.03 nodehours=698.60 n_jobs=3 n_users=1 n_groups=1 n_accounts=1 year=2020 month=09
syshost=owens database=pbsacct software=foam executables=None cpuhours=17766.20 corehours=1246.99 nodehours=634.51 n_jobs=4 n_users=1 n_groups=1 n_accounts=1 year=2020 month=09
syshost=owens database=pbsacct software=hy3s executables=None cpuhours=13777.47 corehours=5890.72 nodehours=1429.77 n_jobs=276 n_users=7 n_groups=6 n_accounts=6 year=2020 month=09
syshost=owens database=pbsacct software=phonon executables=None cpuhours=12665.74 corehours=4105.25 nodehours=452.35 n_jobs=174 n_users=3 n_groups=3 n_accounts=3 year=2020 month=09
syshost=owens database=pbsacct software=mustem executables=None cpuhours=11877.37 corehours=11679.02 nodehours=424.19 n_jobs=168 n_users=4 n_groups=2 n_accounts=2 year=2020 month=09
syshost=owens database=pbsacct software=spades executables=None cpuhours=8980.21 corehours=5162.12 nodehours=599.97 n_jobs=376 n_users=6 n_groups=5 n_accounts=4 year=2020 month=09
syshost=owens database=pbsacct software=maxsolve executables=None cpuhours=8027.11 corehours=5533.02 nodehours=168.31 n_jobs=70 n_users=2 n_groups=1 n_accounts=1 year=2020 month=09
syshost=owens database=pbsacct software=ncbi executables=None cpuhours=7712.02 corehours=2063.02 nodehours=1274.00 n_jobs=615 n_users=25 n_groups=18 n_accounts=14 year=2020 month=09
syshost=owens database=pbsacct software=apbs executables=None cpuhours=7633.20 corehours=7473.71 nodehours=1908.30 n_jobs=570 n_users=1 n_groups=1 n_accounts=1 year=2020 month=09
syshost=owens database=pbsacct software=gzip executables=None cpuhours=7386.71 corehours=4951.87 nodehours=4915.61 n_jobs=2234 n_users=18 n_groups=16 n_accounts=9 year=2020 month=09
syshost=owens database=pbsacct software=bedtools executables=None cpuhours=6939.22 corehours=652.18 nodehours=576.31 n_jobs=587 n_users=7 n_groups=5 n_accounts=5 year=2020 month=09
syshost=owens database=pbsacct software=v2 executables=None cpuhours=6448.61 corehours=233.76 nodehours=230.31 n_jobs=31 n_users=2 n_groups=1 n_accounts=1 year=2020 month=09
