syshost=pitzer database=pbsacct software=namd executables=None cpuhours=1039406.36 corehours=1035123.19 nodehours=25985.16 n_jobs=388 n_users=4 n_groups=2 n_accounts=3 year=2020 month=08
syshost=pitzer database=pbsacct software=tsc executables=None cpuhours=771266.76 corehours=763938.84 nodehours=19281.67 n_jobs=467 n_users=1 n_groups=1 n_accounts=2 year=2020 month=08
syshost=pitzer database=pbsacct software=python executables=None cpuhours=631665.96 corehours=514938.95 nodehours=109824.84 n_jobs=8196 n_users=49 n_groups=40 n_accounts=39 year=2020 month=08
syshost=pitzer database=pbsacct software=gaussian executables=None cpuhours=472465.17 corehours=442556.42 nodehours=12380.80 n_jobs=1396 n_users=10 n_groups=9 n_accounts=11 year=2020 month=08
syshost=pitzer database=pbsacct software=charmm executables=None cpuhours=439669.53 corehours=437910.32 nodehours=10991.74 n_jobs=153 n_users=2 n_groups=2 n_accounts=1 year=2020 month=08
syshost=pitzer database=pbsacct software=fluent executables=None cpuhours=322684.86 corehours=12419.01 nodehours=8067.12 n_jobs=74 n_users=2 n_groups=2 n_accounts=2 year=2020 month=08
syshost=pitzer database=pbsacct software=qchem executables=None cpuhours=302526.05 corehours=108693.61 nodehours=9575.90 n_jobs=337 n_users=12 n_groups=6 n_accounts=6 year=2020 month=08
syshost=pitzer database=pbsacct software=vasp executables=None cpuhours=179202.28 corehours=157874.79 nodehours=4578.19 n_jobs=932 n_users=10 n_groups=7 n_accounts=6 year=2020 month=08
syshost=pitzer database=pbsacct software=cp2k executables=None cpuhours=175462.20 corehours=161923.83 nodehours=4770.29 n_jobs=463 n_users=4 n_groups=4 n_accounts=4 year=2020 month=08
syshost=pitzer database=pbsacct software=raspa executables=None cpuhours=150814.02 corehours=150394.50 nodehours=150814.02 n_jobs=17651 n_users=7 n_groups=2 n_accounts=2 year=2020 month=08
syshost=pitzer database=pbsacct software=a_out executables=None cpuhours=139297.51 corehours=137810.56 nodehours=4917.97 n_jobs=10598 n_users=6 n_groups=5 n_accounts=5 year=2020 month=08
syshost=pitzer database=pbsacct software=pwscf executables=None cpuhours=124818.42 corehours=124343.56 nodehours=3120.51 n_jobs=23 n_users=3 n_groups=2 n_accounts=2 year=2020 month=08
syshost=pitzer database=pbsacct software=singularity executables=None cpuhours=113749.27 corehours=1676.59 nodehours=1484.26 n_jobs=34 n_users=4 n_groups=4 n_accounts=2 year=2020 month=08
syshost=pitzer database=pbsacct software=starccm executables=None cpuhours=97198.56 corehours=96288.70 nodehours=2429.96 n_jobs=10 n_users=1 n_groups=1 n_accounts=1 year=2020 month=08
syshost=pitzer database=pbsacct software=foam executables=None cpuhours=81071.50 corehours=68487.52 nodehours=2026.92 n_jobs=151 n_users=3 n_groups=3 n_accounts=3 year=2020 month=08
syshost=pitzer database=pbsacct software=lammps executables=None cpuhours=78501.61 corehours=69205.61 nodehours=4655.61 n_jobs=285 n_users=10 n_groups=9 n_accounts=9 year=2020 month=08
syshost=pitzer database=pbsacct software=cam executables=None cpuhours=74232.13 corehours=20868.53 nodehours=2244.96 n_jobs=186 n_users=4 n_groups=4 n_accounts=4 year=2020 month=08
syshost=pitzer database=pbsacct software=cosmosis executables=None cpuhours=71270.13 corehours=51605.83 nodehours=2058.63 n_jobs=31 n_users=2 n_groups=2 n_accounts=2 year=2020 month=08
syshost=pitzer database=pbsacct software=atat executables=None cpuhours=70431.66 corehours=68373.51 nodehours=1760.79 n_jobs=35 n_users=1 n_groups=1 n_accounts=3 year=2020 month=08
syshost=pitzer database=pbsacct software=molcas executables=None cpuhours=53990.17 corehours=6540.36 nodehours=17996.72 n_jobs=3992 n_users=1 n_groups=1 n_accounts=1 year=2020 month=08
syshost=pitzer database=pbsacct software=ash executables=None cpuhours=53203.01 corehours=10999.72 nodehours=3200.28 n_jobs=1015 n_users=60 n_groups=36 n_accounts=39 year=2020 month=08
syshost=pitzer database=pbsacct software=xgc executables=None cpuhours=50035.36 corehours=49818.19 nodehours=2479.76 n_jobs=194 n_users=1 n_groups=1 n_accounts=1 year=2020 month=08
syshost=pitzer database=pbsacct software=wrf executables=None cpuhours=42420.61 corehours=42264.49 nodehours=1246.25 n_jobs=24 n_users=1 n_groups=1 n_accounts=1 year=2020 month=08
syshost=pitzer database=pbsacct software=virsorter executables=None cpuhours=39217.12 corehours=17741.99 nodehours=1042.84 n_jobs=346 n_users=4 n_groups=1 n_accounts=1 year=2020 month=08
syshost=pitzer database=pbsacct software=pop executables=None cpuhours=31588.07 corehours=3764.72 nodehours=795.19 n_jobs=676 n_users=7 n_groups=3 n_accounts=3 year=2020 month=08
syshost=pitzer database=pbsacct software=gromacs executables=None cpuhours=26605.01 corehours=25153.55 nodehours=2849.58 n_jobs=397 n_users=7 n_groups=7 n_accounts=7 year=2020 month=08
syshost=pitzer database=pbsacct software=ncl executables=None cpuhours=24368.69 corehours=24252.50 nodehours=585.24 n_jobs=8 n_users=2 n_groups=2 n_accounts=2 year=2020 month=08
syshost=pitzer database=pbsacct software=AraSim executables=None cpuhours=22139.73 corehours=10373.24 nodehours=5223.27 n_jobs=9872 n_users=3 n_groups=1 n_accounts=1 year=2020 month=08
syshost=pitzer database=pbsacct software=maxsolve executables=None cpuhours=21013.40 corehours=14676.09 nodehours=262.67 n_jobs=16 n_users=1 n_groups=1 n_accounts=1 year=2020 month=08
syshost=pitzer database=pbsacct software=hy3s executables=None cpuhours=18559.89 corehours=16942.14 nodehours=639.12 n_jobs=65 n_users=3 n_groups=3 n_accounts=3 year=2020 month=08
syshost=pitzer database=pbsacct software=trial executables=None cpuhours=18004.77 corehours=17908.37 nodehours=567.23 n_jobs=188 n_users=1 n_groups=1 n_accounts=1 year=2020 month=08
syshost=pitzer database=pbsacct software=orca executables=None cpuhours=15076.27 corehours=7163.56 nodehours=376.91 n_jobs=31 n_users=1 n_groups=1 n_accounts=1 year=2020 month=08
syshost=pitzer database=pbsacct software=R executables=None cpuhours=13214.99 corehours=4021.54 nodehours=2148.82 n_jobs=908 n_users=11 n_groups=11 n_accounts=11 year=2020 month=08
syshost=pitzer database=pbsacct software=amber executables=None cpuhours=11428.93 corehours=11079.94 nodehours=387.57 n_jobs=595 n_users=5 n_groups=4 n_accounts=4 year=2020 month=08
syshost=pitzer database=pbsacct software=beast executables=None cpuhours=10052.02 corehours=3766.10 nodehours=359.00 n_jobs=2 n_users=1 n_groups=1 n_accounts=1 year=2020 month=08
syshost=pitzer database=pbsacct software=mpas executables=None cpuhours=8380.18 corehours=850.04 nodehours=209.50 n_jobs=8 n_users=1 n_groups=1 n_accounts=1 year=2020 month=08
syshost=pitzer database=pbsacct software=rosetta executables=None cpuhours=7022.48 corehours=6945.53 nodehours=309.77 n_jobs=10 n_users=1 n_groups=1 n_accounts=1 year=2020 month=08
syshost=pitzer database=pbsacct software=samtools executables=None cpuhours=6152.38 corehours=413.15 nodehours=388.77 n_jobs=127 n_users=4 n_groups=3 n_accounts=4 year=2020 month=08
syshost=pitzer database=pbsacct software=ncbi executables=None cpuhours=5924.71 corehours=1132.25 nodehours=231.25 n_jobs=402 n_users=9 n_groups=8 n_accounts=8 year=2020 month=08
syshost=pitzer database=pbsacct software=evp executables=None cpuhours=5337.18 corehours=5311.19 nodehours=166.79 n_jobs=14 n_users=2 n_groups=1 n_accounts=1 year=2020 month=08
syshost=pitzer database=pbsacct software=eden executables=None cpuhours=5182.62 corehours=4199.07 nodehours=4263.61 n_jobs=6809 n_users=2 n_groups=2 n_accounts=1 year=2020 month=08
syshost=pitzer database=pbsacct software=athena executables=None cpuhours=5071.72 corehours=3662.96 nodehours=126.79 n_jobs=261 n_users=2 n_groups=1 n_accounts=1 year=2020 month=08
syshost=pitzer database=pbsacct software=calyx executables=None cpuhours=4388.76 corehours=384.81 nodehours=109.72 n_jobs=23 n_users=1 n_groups=1 n_accounts=1 year=2020 month=08
syshost=pitzer database=pbsacct software=adda executables=None cpuhours=3904.48 corehours=1840.20 nodehours=99.01 n_jobs=3 n_users=3 n_groups=3 n_accounts=3 year=2020 month=08
syshost=pitzer database=pbsacct software=ctac executables=None cpuhours=3796.67 corehours=3787.06 nodehours=3796.67 n_jobs=61 n_users=1 n_groups=1 n_accounts=1 year=2020 month=08
syshost=pitzer database=pbsacct software=halo executables=None cpuhours=2093.22 corehours=2050.31 nodehours=52.33 n_jobs=124 n_users=1 n_groups=1 n_accounts=1 year=2020 month=08
syshost=pitzer database=pbsacct software=mafft executables=None cpuhours=1769.58 corehours=1556.43 nodehours=122.93 n_jobs=169 n_users=4 n_groups=3 n_accounts=3 year=2020 month=08
syshost=pitzer database=pbsacct software=TWODHBLhybridroe_sol executables=None cpuhours=1715.13 corehours=1702.54 nodehours=42.88 n_jobs=14 n_users=1 n_groups=1 n_accounts=1 year=2020 month=08
syshost=pitzer database=pbsacct software=bam executables=None cpuhours=1547.72 corehours=446.93 nodehours=92.82 n_jobs=1402 n_users=7 n_groups=5 n_accounts=6 year=2020 month=08
syshost=pitzer database=pbsacct software=sigma executables=None cpuhours=1196.34 corehours=52.04 nodehours=30.33 n_jobs=21 n_users=2 n_groups=2 n_accounts=2 year=2020 month=08
