syshost=owens database=pbsacct software=starccm executables=None cpuhours=1082933.77 corehours=1065029.26 nodehours=38676.21 n_jobs=184 n_users=4 n_groups=3 n_accounts=2 year=2020 month=03
syshost=owens database=pbsacct software=foam executables=None cpuhours=728206.88 corehours=126195.53 nodehours=26007.58 n_jobs=356 n_users=6 n_groups=6 n_accounts=6 year=2020 month=03
syshost=owens database=pbsacct software=python executables=None cpuhours=719950.20 corehours=469708.92 nodehours=50727.58 n_jobs=25430 n_users=119 n_groups=80 n_accounts=74 year=2020 month=03
syshost=owens database=pbsacct software=abaqus executables=None cpuhours=692614.09 corehours=611885.76 nodehours=24235.25 n_jobs=893 n_users=27 n_groups=13 n_accounts=13 year=2020 month=03
syshost=owens database=pbsacct software=vasp executables=None cpuhours=689589.16 corehours=666669.27 nodehours=26473.98 n_jobs=3131 n_users=21 n_groups=10 n_accounts=8 year=2020 month=03
syshost=owens database=pbsacct software=lammps executables=None cpuhours=672645.16 corehours=657085.83 nodehours=77449.62 n_jobs=5724 n_users=20 n_groups=12 n_accounts=10 year=2020 month=03
syshost=owens database=pbsacct software=gaussian executables=None cpuhours=663619.21 corehours=644518.49 nodehours=27264.98 n_jobs=4466 n_users=55 n_groups=33 n_accounts=35 year=2020 month=03
syshost=owens database=pbsacct software=wrf executables=None cpuhours=605378.75 corehours=558291.66 nodehours=21707.70 n_jobs=4742 n_users=4 n_groups=3 n_accounts=2 year=2020 month=03
syshost=owens database=pbsacct software=namd executables=None cpuhours=534624.19 corehours=539289.73 nodehours=19345.80 n_jobs=994 n_users=14 n_groups=5 n_accounts=3 year=2020 month=03
syshost=owens database=pbsacct software=atmosphere_model executables=None cpuhours=400096.35 corehours=386332.38 nodehours=15122.98 n_jobs=524 n_users=7 n_groups=1 n_accounts=2 year=2020 month=03
syshost=owens database=pbsacct software=tsc executables=None cpuhours=330169.89 corehours=324437.84 nodehours=11792.60 n_jobs=118 n_users=4 n_groups=4 n_accounts=5 year=2020 month=03
syshost=owens database=pbsacct software=R executables=None cpuhours=269200.79 corehours=49562.75 nodehours=18038.21 n_jobs=9432 n_users=31 n_groups=26 n_accounts=25 year=2020 month=03
syshost=owens database=pbsacct software=cp2k executables=None cpuhours=240526.37 corehours=200061.75 nodehours=14925.03 n_jobs=9202 n_users=2 n_groups=2 n_accounts=2 year=2020 month=03
syshost=owens database=pbsacct software=qchem executables=None cpuhours=189647.44 corehours=71320.67 nodehours=12430.18 n_jobs=13070 n_users=16 n_groups=7 n_accounts=6 year=2020 month=03
syshost=owens database=pbsacct software=gromacs executables=None cpuhours=189168.08 corehours=171863.42 nodehours=11256.54 n_jobs=669 n_users=14 n_groups=12 n_accounts=12 year=2020 month=03
syshost=owens database=pbsacct software=amber executables=None cpuhours=187509.03 corehours=139120.03 nodehours=20245.38 n_jobs=3422 n_users=17 n_groups=13 n_accounts=14 year=2020 month=03
syshost=owens database=pbsacct software=fim executables=None cpuhours=181908.91 corehours=166523.45 nodehours=6496.75 n_jobs=652 n_users=4 n_groups=1 n_accounts=3 year=2020 month=03
syshost=owens database=pbsacct software=phonon executables=None cpuhours=180130.19 corehours=177873.91 nodehours=6433.22 n_jobs=551 n_users=3 n_groups=3 n_accounts=3 year=2020 month=03
syshost=owens database=pbsacct software=raspa executables=None cpuhours=161117.97 corehours=159906.24 nodehours=161117.97 n_jobs=23903 n_users=3 n_groups=2 n_accounts=1 year=2020 month=03
syshost=owens database=pbsacct software=hy3s executables=None cpuhours=132254.24 corehours=104244.25 nodehours=4825.02 n_jobs=1296 n_users=17 n_groups=12 n_accounts=12 year=2020 month=03
syshost=owens database=pbsacct software=ncl executables=None cpuhours=129424.83 corehours=115338.91 nodehours=6718.67 n_jobs=7979 n_users=15 n_groups=7 n_accounts=7 year=2020 month=03
syshost=owens database=pbsacct software=vnc executables=None cpuhours=110933.10 corehours=19717.14 nodehours=3589.71 n_jobs=664 n_users=80 n_groups=55 n_accounts=53 year=2020 month=03
syshost=owens database=pbsacct software=ansys executables=None cpuhours=108733.51 corehours=80043.78 nodehours=3725.16 n_jobs=443 n_users=18 n_groups=14 n_accounts=15 year=2020 month=03
syshost=owens database=pbsacct software=res executables=None cpuhours=96969.66 corehours=39093.11 nodehours=9737.74 n_jobs=3915 n_users=17 n_groups=16 n_accounts=14 year=2020 month=03
syshost=owens database=pbsacct software=xgc executables=None cpuhours=59002.63 corehours=58845.41 nodehours=2107.24 n_jobs=66 n_users=1 n_groups=1 n_accounts=1 year=2020 month=03
syshost=owens database=pbsacct software=a_out executables=None cpuhours=55422.80 corehours=53570.38 nodehours=2551.44 n_jobs=1464 n_users=14 n_groups=10 n_accounts=11 year=2020 month=03
syshost=owens database=pbsacct software=mpas executables=None cpuhours=50299.42 corehours=5595.59 nodehours=2026.56 n_jobs=18058 n_users=10 n_groups=1 n_accounts=2 year=2020 month=03
syshost=owens database=pbsacct software=decomp executables=None cpuhours=47554.65 corehours=47164.31 nodehours=47554.65 n_jobs=6991 n_users=1 n_groups=1 n_accounts=1 year=2020 month=03
syshost=owens database=pbsacct software=gzip executables=None cpuhours=45979.03 corehours=13065.22 nodehours=2371.23 n_jobs=1795 n_users=25 n_groups=21 n_accounts=21 year=2020 month=03
syshost=owens database=pbsacct software=lsdyna executables=None cpuhours=43872.31 corehours=43577.99 nodehours=1567.37 n_jobs=106 n_users=8 n_groups=6 n_accounts=5 year=2020 month=03
syshost=owens database=pbsacct software=matlab executables=None cpuhours=40658.17 corehours=9247.88 nodehours=4014.86 n_jobs=1229 n_users=52 n_groups=40 n_accounts=39 year=2020 month=03
syshost=owens database=pbsacct software=adf executables=None cpuhours=39112.31 corehours=6443.11 nodehours=1884.34 n_jobs=1906 n_users=26 n_groups=23 n_accounts=24 year=2020 month=03
syshost=owens database=pbsacct software=setsm executables=None cpuhours=37957.19 corehours=20476.28 nodehours=1355.61 n_jobs=325 n_users=1 n_groups=2 n_accounts=2 year=2020 month=03
syshost=owens database=pbsacct software=yt executables=None cpuhours=36728.72 corehours=3558.05 nodehours=3999.86 n_jobs=579 n_users=85 n_groups=40 n_accounts=41 year=2020 month=03
syshost=owens database=pbsacct software=Rstudio executables=None cpuhours=35049.91 corehours=967.50 nodehours=3869.59 n_jobs=799 n_users=238 n_groups=49 n_accounts=45 year=2020 month=03
syshost=owens database=pbsacct software=bowtie executables=None cpuhours=31582.25 corehours=8114.96 nodehours=1422.90 n_jobs=443 n_users=18 n_groups=13 n_accounts=13 year=2020 month=03
syshost=owens database=pbsacct software=bam executables=None cpuhours=27792.72 corehours=4596.33 nodehours=3704.58 n_jobs=1707 n_users=27 n_groups=18 n_accounts=20 year=2020 month=03
syshost=owens database=pbsacct software=fluent executables=None cpuhours=25715.15 corehours=1524.45 nodehours=918.40 n_jobs=25 n_users=1 n_groups=1 n_accounts=1 year=2020 month=03
syshost=owens database=pbsacct software=eden executables=None cpuhours=25394.14 corehours=24758.85 nodehours=6246.89 n_jobs=136 n_users=3 n_groups=3 n_accounts=3 year=2020 month=03
syshost=owens database=pbsacct software=cam executables=None cpuhours=23925.68 corehours=19462.97 nodehours=894.67 n_jobs=244 n_users=8 n_groups=7 n_accounts=7 year=2020 month=03
syshost=owens database=pbsacct software=atat executables=None cpuhours=21850.57 corehours=20545.73 nodehours=19928.72 n_jobs=572 n_users=3 n_groups=3 n_accounts=3 year=2020 month=03
syshost=owens database=pbsacct software=converge executables=None cpuhours=21413.77 corehours=21351.89 nodehours=764.78 n_jobs=9 n_users=2 n_groups=2 n_accounts=1 year=2020 month=03
syshost=owens database=pbsacct software=arts executables=None cpuhours=20727.23 corehours=0.12 nodehours=740.26 n_jobs=16 n_users=2 n_groups=1 n_accounts=1 year=2020 month=03
syshost=owens database=pbsacct software=lsp executables=None cpuhours=19673.42 corehours=19133.00 nodehours=702.62 n_jobs=7 n_users=2 n_groups=1 n_accounts=1 year=2020 month=03
syshost=owens database=pbsacct software=blender executables=None cpuhours=17479.79 corehours=2912.37 nodehours=624.28 n_jobs=109 n_users=4 n_groups=4 n_accounts=4 year=2020 month=03
syshost=owens database=pbsacct software=singularity executables=None cpuhours=17440.02 corehours=3136.29 nodehours=732.80 n_jobs=1434 n_users=7 n_groups=5 n_accounts=4 year=2020 month=03
syshost=owens database=pbsacct software=drone executables=None cpuhours=17366.68 corehours=17195.30 nodehours=17366.68 n_jobs=1317 n_users=1 n_groups=1 n_accounts=1 year=2020 month=03
syshost=owens database=pbsacct software=bedtools executables=None cpuhours=16310.89 corehours=4989.98 nodehours=6102.46 n_jobs=32195 n_users=13 n_groups=9 n_accounts=8 year=2020 month=03
syshost=owens database=pbsacct software=megahit executables=None cpuhours=16237.82 corehours=11058.32 nodehours=2237.23 n_jobs=559 n_users=5 n_groups=3 n_accounts=3 year=2020 month=03
syshost=owens database=pbsacct software=SOAPdenovo executables=None cpuhours=15665.81 corehours=2210.44 nodehours=336.28 n_jobs=18 n_users=2 n_groups=2 n_accounts=2 year=2020 month=03
