syshost=pitzer database=pbsacct software=hy3s executables=None cpuhours=674401.86 corehours=642960.42 nodehours=16935.16 n_jobs=200 n_users=8 n_groups=6 n_accounts=6 year=2020 month=03
syshost=pitzer database=pbsacct software=vasp executables=None cpuhours=664803.39 corehours=651917.42 nodehours=17667.47 n_jobs=2107 n_users=11 n_groups=7 n_accounts=5 year=2020 month=03
syshost=pitzer database=pbsacct software=raspa executables=None cpuhours=480315.47 corehours=472009.21 nodehours=194667.01 n_jobs=58025 n_users=5 n_groups=2 n_accounts=1 year=2020 month=03
syshost=pitzer database=pbsacct software=fluent executables=None cpuhours=370628.43 corehours=20999.87 nodehours=9265.71 n_jobs=118 n_users=2 n_groups=1 n_accounts=1 year=2020 month=03
syshost=pitzer database=pbsacct software=namd executables=None cpuhours=369315.07 corehours=367898.90 nodehours=10464.81 n_jobs=181 n_users=6 n_groups=5 n_accounts=4 year=2020 month=03
syshost=pitzer database=pbsacct software=python executables=None cpuhours=275775.40 corehours=124061.73 nodehours=21135.22 n_jobs=6704 n_users=47 n_groups=33 n_accounts=31 year=2020 month=03
syshost=pitzer database=pbsacct software=lammps executables=None cpuhours=237827.66 corehours=236954.42 nodehours=16266.78 n_jobs=286 n_users=6 n_groups=6 n_accounts=5 year=2020 month=03
syshost=pitzer database=pbsacct software=fdl3di executables=None cpuhours=218435.10 corehours=217592.41 nodehours=5460.88 n_jobs=14 n_users=1 n_groups=1 n_accounts=1 year=2020 month=03
syshost=pitzer database=pbsacct software=cp2k executables=None cpuhours=195762.86 corehours=160219.69 nodehours=11106.71 n_jobs=8517 n_users=5 n_groups=3 n_accounts=3 year=2020 month=03
syshost=pitzer database=pbsacct software=charmm executables=None cpuhours=182814.19 corehours=180754.10 nodehours=4571.32 n_jobs=99 n_users=3 n_groups=3 n_accounts=3 year=2020 month=03
syshost=pitzer database=pbsacct software=cam executables=None cpuhours=164577.76 corehours=161683.04 nodehours=12237.93 n_jobs=2351 n_users=6 n_groups=5 n_accounts=5 year=2020 month=03
syshost=pitzer database=pbsacct software=foam executables=None cpuhours=156013.50 corehours=42675.51 nodehours=3900.79 n_jobs=169 n_users=5 n_groups=5 n_accounts=5 year=2020 month=03
syshost=pitzer database=pbsacct software=bam executables=None cpuhours=115871.92 corehours=85532.06 nodehours=5542.74 n_jobs=4173 n_users=7 n_groups=5 n_accounts=6 year=2020 month=03
syshost=pitzer database=pbsacct software=molcas executables=None cpuhours=109382.98 corehours=68878.19 nodehours=33571.65 n_jobs=1957 n_users=3 n_groups=1 n_accounts=2 year=2020 month=03
syshost=pitzer database=pbsacct software=qchem executables=None cpuhours=108416.07 corehours=85311.97 nodehours=5449.26 n_jobs=1497 n_users=12 n_groups=7 n_accounts=6 year=2020 month=03
syshost=pitzer database=pbsacct software=wrf executables=None cpuhours=103908.91 corehours=103106.85 nodehours=2639.50 n_jobs=5119 n_users=2 n_groups=2 n_accounts=2 year=2020 month=03
syshost=pitzer database=pbsacct software=starccm executables=None cpuhours=90809.50 corehours=90142.02 nodehours=2270.24 n_jobs=31 n_users=2 n_groups=1 n_accounts=1 year=2020 month=03
syshost=pitzer database=pbsacct software=abinit executables=None cpuhours=82275.90 corehours=81929.91 nodehours=2056.90 n_jobs=120 n_users=1 n_groups=1 n_accounts=1 year=2020 month=03
syshost=pitzer database=pbsacct software=gromacs executables=None cpuhours=79492.47 corehours=78715.12 nodehours=5062.62 n_jobs=356 n_users=9 n_groups=7 n_accounts=8 year=2020 month=03
syshost=pitzer database=pbsacct software=Rstudio executables=None cpuhours=66018.69 corehours=5268.83 nodehours=1522.79 n_jobs=128 n_users=18 n_groups=15 n_accounts=14 year=2020 month=03
syshost=pitzer database=pbsacct software=R executables=None cpuhours=63991.88 corehours=23232.84 nodehours=1747.35 n_jobs=607 n_users=12 n_groups=11 n_accounts=12 year=2020 month=03
syshost=pitzer database=pbsacct software=singularity executables=None cpuhours=62136.31 corehours=11294.71 nodehours=2331.16 n_jobs=616 n_users=8 n_groups=6 n_accounts=5 year=2020 month=03
syshost=pitzer database=pbsacct software=tsc executables=None cpuhours=54372.68 corehours=54094.04 nodehours=1359.32 n_jobs=10 n_users=1 n_groups=1 n_accounts=1 year=2020 month=03
syshost=pitzer database=pbsacct software=lmf executables=None cpuhours=46302.25 corehours=36697.32 nodehours=1157.56 n_jobs=172 n_users=1 n_groups=1 n_accounts=1 year=2020 month=03
syshost=pitzer database=pbsacct software=gaussian executables=None cpuhours=41143.11 corehours=31213.44 nodehours=2132.74 n_jobs=622 n_users=15 n_groups=14 n_accounts=14 year=2020 month=03
syshost=pitzer database=pbsacct software=coarsen executables=None cpuhours=38123.38 corehours=34178.58 nodehours=1361.55 n_jobs=442 n_users=1 n_groups=1 n_accounts=1 year=2020 month=03
syshost=pitzer database=pbsacct software=virsorter executables=None cpuhours=36866.22 corehours=8415.29 nodehours=1821.91 n_jobs=353 n_users=4 n_groups=1 n_accounts=1 year=2020 month=03
syshost=pitzer database=pbsacct software=setsm executables=None cpuhours=36548.92 corehours=9645.95 nodehours=915.35 n_jobs=253 n_users=2 n_groups=1 n_accounts=1 year=2020 month=03
syshost=pitzer database=pbsacct software=decomp executables=None cpuhours=36472.67 corehours=36334.69 nodehours=36472.67 n_jobs=3065 n_users=1 n_groups=1 n_accounts=1 year=2020 month=03
syshost=pitzer database=pbsacct software=phonon executables=None cpuhours=29726.69 corehours=29542.89 nodehours=746.62 n_jobs=27 n_users=3 n_groups=2 n_accounts=2 year=2020 month=03
syshost=pitzer database=pbsacct software=matlab executables=None cpuhours=22761.47 corehours=7352.92 nodehours=1025.90 n_jobs=617 n_users=9 n_groups=9 n_accounts=9 year=2020 month=03
syshost=pitzer database=pbsacct software=gzip executables=None cpuhours=20838.36 corehours=3324.44 nodehours=878.14 n_jobs=816 n_users=5 n_groups=4 n_accounts=4 year=2020 month=03
syshost=pitzer database=pbsacct software=a_out executables=None cpuhours=18219.66 corehours=17444.42 nodehours=3489.54 n_jobs=207 n_users=5 n_groups=4 n_accounts=3 year=2020 month=03
syshost=pitzer database=pbsacct software=beast executables=None cpuhours=17808.49 corehours=7209.76 nodehours=636.02 n_jobs=14 n_users=1 n_groups=1 n_accounts=1 year=2020 month=03
syshost=pitzer database=pbsacct software=vnc executables=None cpuhours=17172.28 corehours=1751.93 nodehours=429.31 n_jobs=105 n_users=23 n_groups=17 n_accounts=18 year=2020 month=03
syshost=pitzer database=pbsacct software=yt executables=None cpuhours=16267.61 corehours=5067.70 nodehours=1083.35 n_jobs=158 n_users=23 n_groups=20 n_accounts=18 year=2020 month=03
syshost=pitzer database=pbsacct software=AraSim executables=None cpuhours=15876.54 corehours=14294.62 nodehours=749.12 n_jobs=1029 n_users=4 n_groups=2 n_accounts=2 year=2020 month=03
syshost=pitzer database=pbsacct software=xgc executables=None cpuhours=15528.02 corehours=15464.85 nodehours=388.20 n_jobs=12 n_users=1 n_groups=1 n_accounts=1 year=2020 month=03
syshost=pitzer database=pbsacct software=sses executables=None cpuhours=13582.84 corehours=13489.87 nodehours=339.57 n_jobs=29 n_users=1 n_groups=1 n_accounts=1 year=2020 month=03
syshost=pitzer database=pbsacct software=maxsolve executables=None cpuhours=13019.93 corehours=10786.41 nodehours=185.00 n_jobs=45 n_users=2 n_groups=1 n_accounts=1 year=2020 month=03
syshost=pitzer database=pbsacct software=bbmap executables=None cpuhours=11963.70 corehours=1006.41 nodehours=434.30 n_jobs=820 n_users=5 n_groups=4 n_accounts=3 year=2020 month=03
syshost=pitzer database=pbsacct software=amber executables=None cpuhours=11822.23 corehours=10596.54 nodehours=333.64 n_jobs=453 n_users=5 n_groups=4 n_accounts=4 year=2020 month=03
syshost=pitzer database=pbsacct software=chimera executables=None cpuhours=9473.82 corehours=8971.87 nodehours=225.37 n_jobs=580 n_users=1 n_groups=1 n_accounts=1 year=2020 month=03
syshost=pitzer database=pbsacct software=atmosphere_model executables=None cpuhours=8239.33 corehours=7245.02 nodehours=205.98 n_jobs=2 n_users=1 n_groups=1 n_accounts=1 year=2020 month=03
syshost=pitzer database=pbsacct software=ncl executables=None cpuhours=6758.78 corehours=7778.60 nodehours=282.39 n_jobs=397 n_users=6 n_groups=6 n_accounts=6 year=2020 month=03
syshost=pitzer database=pbsacct software=orca executables=None cpuhours=6673.76 corehours=4141.21 nodehours=166.88 n_jobs=60 n_users=3 n_groups=3 n_accounts=3 year=2020 month=03
syshost=pitzer database=pbsacct software=ncbi executables=None cpuhours=6443.65 corehours=6028.97 nodehours=166.96 n_jobs=13 n_users=4 n_groups=4 n_accounts=3 year=2020 month=03
syshost=pitzer database=pbsacct software=cosmosis executables=None cpuhours=6263.55 corehours=4529.19 nodehours=162.81 n_jobs=24 n_users=2 n_groups=2 n_accounts=1 year=2020 month=03
syshost=pitzer database=pbsacct software=reframe executables=None cpuhours=5405.93 corehours=2487.88 nodehours=135.74 n_jobs=699 n_users=3 n_groups=2 n_accounts=3 year=2020 month=03
syshost=pitzer database=pbsacct software=pwscf executables=None cpuhours=4273.76 corehours=3948.03 nodehours=107.06 n_jobs=72 n_users=3 n_groups=3 n_accounts=3 year=2020 month=03
