syshost=owens database=pbsacct software=lammps executables=None cpuhours=1514796.90 corehours=1505945.69 nodehours=99374.18 n_jobs=2599 n_users=21 n_groups=13 n_accounts=12 year=2020 month=02
syshost=owens database=pbsacct software=wrf executables=None cpuhours=1167818.65 corehours=1039855.15 nodehours=41726.81 n_jobs=4517 n_users=5 n_groups=4 n_accounts=3 year=2020 month=02
syshost=owens database=pbsacct software=vasp executables=None cpuhours=1042953.92 corehours=1023096.44 nodehours=58022.34 n_jobs=5109 n_users=18 n_groups=10 n_accounts=9 year=2020 month=02
syshost=owens database=pbsacct software=gaussian executables=None cpuhours=588637.24 corehours=550489.52 nodehours=28292.18 n_jobs=3854 n_users=65 n_groups=35 n_accounts=32 year=2020 month=02
syshost=owens database=pbsacct software=abaqus executables=None cpuhours=571428.52 corehours=505655.86 nodehours=20519.40 n_jobs=935 n_users=29 n_groups=16 n_accounts=16 year=2020 month=02
syshost=owens database=pbsacct software=python executables=None cpuhours=566387.32 corehours=361264.40 nodehours=43922.16 n_jobs=19971 n_users=107 n_groups=73 n_accounts=70 year=2020 month=02
syshost=owens database=pbsacct software=starccm executables=None cpuhours=554196.94 corehours=547645.44 nodehours=19792.75 n_jobs=96 n_users=6 n_groups=5 n_accounts=6 year=2020 month=02
syshost=owens database=pbsacct software=tsc executables=None cpuhours=319966.87 corehours=316389.32 nodehours=11427.39 n_jobs=14 n_users=1 n_groups=1 n_accounts=1 year=2020 month=02
syshost=owens database=pbsacct software=gromacs executables=None cpuhours=284773.67 corehours=281211.19 nodehours=11483.54 n_jobs=875 n_users=12 n_groups=10 n_accounts=10 year=2020 month=02
syshost=owens database=pbsacct software=qchem executables=None cpuhours=239835.83 corehours=92844.22 nodehours=16112.58 n_jobs=20609 n_users=13 n_groups=6 n_accounts=4 year=2020 month=02
syshost=owens database=pbsacct software=fdl3di executables=None cpuhours=239694.90 corehours=236487.11 nodehours=8560.55 n_jobs=44 n_users=2 n_groups=2 n_accounts=1 year=2020 month=02
syshost=owens database=pbsacct software=res executables=None cpuhours=220876.06 corehours=57296.70 nodehours=24682.00 n_jobs=12707 n_users=19 n_groups=15 n_accounts=14 year=2020 month=02
syshost=owens database=pbsacct software=namd executables=None cpuhours=214274.28 corehours=212459.13 nodehours=7653.81 n_jobs=891 n_users=12 n_groups=5 n_accounts=4 year=2020 month=02
syshost=owens database=pbsacct software=raspa executables=None cpuhours=123622.49 corehours=123053.85 nodehours=123622.25 n_jobs=13215 n_users=5 n_groups=2 n_accounts=1 year=2020 month=02
syshost=owens database=pbsacct software=ncbi executables=None cpuhours=122887.02 corehours=81746.41 nodehours=7791.79 n_jobs=1925 n_users=18 n_groups=11 n_accounts=8 year=2020 month=02
syshost=owens database=pbsacct software=fim executables=None cpuhours=121945.23 corehours=112633.62 nodehours=4355.19 n_jobs=304 n_users=5 n_groups=1 n_accounts=2 year=2020 month=02
syshost=owens database=pbsacct software=cp2k executables=None cpuhours=116641.36 corehours=87099.79 nodehours=7285.21 n_jobs=11108 n_users=2 n_groups=2 n_accounts=2 year=2020 month=02
syshost=owens database=pbsacct software=amber executables=None cpuhours=114838.80 corehours=87531.60 nodehours=5841.15 n_jobs=929 n_users=14 n_groups=12 n_accounts=13 year=2020 month=02
syshost=owens database=pbsacct software=R executables=None cpuhours=113174.70 corehours=52201.24 nodehours=24966.99 n_jobs=2408 n_users=40 n_groups=32 n_accounts=28 year=2020 month=02
syshost=owens database=pbsacct software=lsp executables=None cpuhours=105576.89 corehours=103595.51 nodehours=3770.60 n_jobs=29 n_users=2 n_groups=1 n_accounts=1 year=2020 month=02
syshost=owens database=pbsacct software=a_out executables=None cpuhours=99095.30 corehours=98225.51 nodehours=3942.08 n_jobs=2344 n_users=17 n_groups=17 n_accounts=17 year=2020 month=02
syshost=owens database=pbsacct software=Rstudio executables=None cpuhours=92238.86 corehours=18985.91 nodehours=7224.07 n_jobs=1569 n_users=286 n_groups=54 n_accounts=49 year=2020 month=02
syshost=owens database=pbsacct software=bam executables=None cpuhours=91929.86 corehours=7104.48 nodehours=5996.46 n_jobs=1314 n_users=33 n_groups=23 n_accounts=24 year=2020 month=02
syshost=owens database=pbsacct software=ncl executables=None cpuhours=89193.77 corehours=87423.10 nodehours=3334.39 n_jobs=5992 n_users=12 n_groups=9 n_accounts=9 year=2020 month=02
syshost=owens database=pbsacct software=gzip executables=None cpuhours=79062.25 corehours=26510.51 nodehours=3502.41 n_jobs=2641 n_users=19 n_groups=16 n_accounts=14 year=2020 month=02
syshost=owens database=pbsacct software=atmosphere_model executables=None cpuhours=68061.96 corehours=65935.20 nodehours=2784.57 n_jobs=91 n_users=6 n_groups=1 n_accounts=1 year=2020 month=02
syshost=owens database=pbsacct software=picard executables=None cpuhours=64984.77 corehours=5828.03 nodehours=2446.16 n_jobs=505 n_users=8 n_groups=7 n_accounts=9 year=2020 month=02
syshost=owens database=pbsacct software=ansys executables=None cpuhours=64785.70 corehours=39757.02 nodehours=2357.85 n_jobs=342 n_users=12 n_groups=8 n_accounts=8 year=2020 month=02
syshost=owens database=pbsacct software=matlab executables=None cpuhours=63814.41 corehours=18622.32 nodehours=7322.09 n_jobs=8112 n_users=42 n_groups=33 n_accounts=32 year=2020 month=02
syshost=owens database=pbsacct software=vnc executables=None cpuhours=62891.11 corehours=5021.80 nodehours=2235.57 n_jobs=488 n_users=82 n_groups=56 n_accounts=55 year=2020 month=02
syshost=owens database=pbsacct software=bedtools executables=None cpuhours=58927.50 corehours=10390.09 nodehours=9707.44 n_jobs=12578 n_users=8 n_groups=6 n_accounts=7 year=2020 month=02
syshost=owens database=pbsacct software=foam executables=None cpuhours=57052.52 corehours=7201.13 nodehours=2100.66 n_jobs=75 n_users=4 n_groups=4 n_accounts=4 year=2020 month=02
syshost=owens database=pbsacct software=bwa executables=None cpuhours=55999.46 corehours=9394.30 nodehours=4065.63 n_jobs=6664 n_users=15 n_groups=11 n_accounts=11 year=2020 month=02
syshost=owens database=pbsacct software=atat executables=None cpuhours=54994.47 corehours=2574.78 nodehours=2032.81 n_jobs=25 n_users=5 n_groups=5 n_accounts=5 year=2020 month=02
syshost=owens database=pbsacct software=lsdyna executables=None cpuhours=49186.68 corehours=45504.59 nodehours=1688.09 n_jobs=79 n_users=5 n_groups=4 n_accounts=3 year=2020 month=02
syshost=owens database=pbsacct software=yt executables=None cpuhours=39729.19 corehours=7627.25 nodehours=3987.03 n_jobs=619 n_users=82 n_groups=41 n_accounts=37 year=2020 month=02
syshost=owens database=pbsacct software=hy3s executables=None cpuhours=35400.98 corehours=28845.72 nodehours=1817.90 n_jobs=737 n_users=22 n_groups=15 n_accounts=15 year=2020 month=02
syshost=owens database=pbsacct software=mafft executables=None cpuhours=32045.68 corehours=1324.58 nodehours=1326.74 n_jobs=251 n_users=1 n_groups=1 n_accounts=1 year=2020 month=02
syshost=owens database=pbsacct software=pwscf executables=None cpuhours=31442.39 corehours=23811.89 nodehours=1122.94 n_jobs=437 n_users=2 n_groups=2 n_accounts=2 year=2020 month=02
syshost=owens database=pbsacct software=SiteCorrelationLowCov executables=None cpuhours=30941.76 corehours=3071.92 nodehours=3094.18 n_jobs=3442 n_users=1 n_groups=1 n_accounts=1 year=2020 month=02
syshost=owens database=pbsacct software=arts executables=None cpuhours=27374.90 corehours=0.22 nodehours=977.68 n_jobs=36 n_users=1 n_groups=1 n_accounts=1 year=2020 month=02
syshost=owens database=pbsacct software=samtools executables=None cpuhours=24795.46 corehours=7316.96 nodehours=962.94 n_jobs=209 n_users=12 n_groups=10 n_accounts=10 year=2020 month=02
syshost=owens database=pbsacct software=singularity executables=None cpuhours=22617.49 corehours=5456.49 nodehours=1206.90 n_jobs=1456 n_users=11 n_groups=5 n_accounts=6 year=2020 month=02
syshost=owens database=pbsacct software=mfc executables=None cpuhours=17943.49 corehours=4447.91 nodehours=1281.68 n_jobs=102 n_users=1 n_groups=1 n_accounts=1 year=2020 month=02
syshost=owens database=pbsacct software=bismark executables=None cpuhours=17455.98 corehours=16866.73 nodehours=865.55 n_jobs=234 n_users=5 n_groups=5 n_accounts=5 year=2020 month=02
syshost=owens database=pbsacct software=spades executables=None cpuhours=17371.19 corehours=5137.51 nodehours=772.72 n_jobs=699 n_users=6 n_groups=5 n_accounts=5 year=2020 month=02
syshost=owens database=pbsacct software=blender executables=None cpuhours=17204.79 corehours=2525.51 nodehours=614.46 n_jobs=64 n_users=3 n_groups=2 n_accounts=2 year=2020 month=02
syshost=owens database=pbsacct software=mpas executables=None cpuhours=16162.31 corehours=1681.55 nodehours=675.98 n_jobs=1319 n_users=9 n_groups=1 n_accounts=2 year=2020 month=02
syshost=owens database=pbsacct software=cam executables=None cpuhours=15344.81 corehours=11567.70 nodehours=658.25 n_jobs=3516 n_users=16 n_groups=15 n_accounts=15 year=2020 month=02
syshost=owens database=pbsacct software=virsorter executables=None cpuhours=12545.44 corehours=3313.59 nodehours=998.97 n_jobs=964 n_users=4 n_groups=2 n_accounts=2 year=2020 month=02
