syshost=pitzer database=pbsacct software=namd executables=None cpuhours=1217895.13 corehours=1211671.63 nodehours=31130.16 n_jobs=726 n_users=6 n_groups=4 n_accounts=3 year=2020 month=06
syshost=pitzer database=pbsacct software=python executables=None cpuhours=1065465.04 corehours=861062.01 nodehours=187930.09 n_jobs=20118 n_users=51 n_groups=36 n_accounts=39 year=2020 month=06
syshost=pitzer database=pbsacct software=raspa executables=None cpuhours=447635.78 corehours=434004.12 nodehours=197458.35 n_jobs=12675 n_users=6 n_groups=2 n_accounts=3 year=2020 month=06
syshost=pitzer database=pbsacct software=qchem executables=None cpuhours=335595.00 corehours=155612.42 nodehours=14702.49 n_jobs=5574 n_users=14 n_groups=6 n_accounts=6 year=2020 month=06
syshost=pitzer database=pbsacct software=lammps executables=None cpuhours=294695.34 corehours=290028.88 nodehours=24589.35 n_jobs=1145 n_users=7 n_groups=6 n_accounts=6 year=2020 month=06
syshost=pitzer database=pbsacct software=fluent executables=None cpuhours=294067.22 corehours=11122.83 nodehours=7351.68 n_jobs=57 n_users=2 n_groups=1 n_accounts=1 year=2020 month=06
syshost=pitzer database=pbsacct software=xgc executables=None cpuhours=267750.46 corehours=266436.40 nodehours=12792.23 n_jobs=1613 n_users=1 n_groups=1 n_accounts=2 year=2020 month=06
syshost=pitzer database=pbsacct software=vasp executables=None cpuhours=194959.73 corehours=54683.95 nodehours=4876.12 n_jobs=3154 n_users=8 n_groups=5 n_accounts=4 year=2020 month=06
syshost=pitzer database=pbsacct software=tsc executables=None cpuhours=175191.48 corehours=174444.68 nodehours=4379.81 n_jobs=153 n_users=4 n_groups=3 n_accounts=4 year=2020 month=06
syshost=pitzer database=pbsacct software=R executables=None cpuhours=168814.08 corehours=21162.02 nodehours=10280.02 n_jobs=2946 n_users=9 n_groups=8 n_accounts=8 year=2020 month=06
syshost=pitzer database=pbsacct software=gaussian executables=None cpuhours=149572.91 corehours=39434.00 nodehours=3827.83 n_jobs=674 n_users=12 n_groups=10 n_accounts=9 year=2020 month=06
syshost=pitzer database=pbsacct software=starccm executables=None cpuhours=119004.50 corehours=117674.23 nodehours=2975.11 n_jobs=40 n_users=2 n_groups=1 n_accounts=1 year=2020 month=06
syshost=pitzer database=pbsacct software=cp2k executables=None cpuhours=79653.49 corehours=55260.47 nodehours=2009.49 n_jobs=21 n_users=4 n_groups=3 n_accounts=3 year=2020 month=06
syshost=pitzer database=pbsacct software=ash executables=None cpuhours=65456.85 corehours=11429.68 nodehours=3754.06 n_jobs=834 n_users=54 n_groups=38 n_accounts=38 year=2020 month=06
syshost=pitzer database=pbsacct software=a_out executables=None cpuhours=60651.44 corehours=45929.79 nodehours=4319.24 n_jobs=686 n_users=4 n_groups=3 n_accounts=3 year=2020 month=06
syshost=pitzer database=pbsacct software=charmm executables=None cpuhours=57554.38 corehours=57293.55 nodehours=1473.10 n_jobs=62 n_users=4 n_groups=3 n_accounts=3 year=2020 month=06
syshost=pitzer database=pbsacct software=molcas executables=None cpuhours=57410.54 corehours=27536.87 nodehours=18894.95 n_jobs=1362 n_users=2 n_groups=1 n_accounts=1 year=2020 month=06
syshost=pitzer database=pbsacct software=setsm executables=None cpuhours=56654.30 corehours=28516.03 nodehours=1416.36 n_jobs=552 n_users=2 n_groups=1 n_accounts=1 year=2020 month=06
syshost=pitzer database=pbsacct software=AraSim executables=None cpuhours=50090.52 corehours=43061.37 nodehours=34866.55 n_jobs=9269 n_users=5 n_groups=2 n_accounts=2 year=2020 month=06
syshost=pitzer database=pbsacct software=rosetta executables=None cpuhours=49653.79 corehours=49443.45 nodehours=2482.61 n_jobs=104 n_users=2 n_groups=2 n_accounts=2 year=2020 month=06
syshost=pitzer database=pbsacct software=cosmosis executables=None cpuhours=43027.88 corehours=12504.36 nodehours=1499.04 n_jobs=20 n_users=2 n_groups=2 n_accounts=1 year=2020 month=06
syshost=pitzer database=pbsacct software=cam executables=None cpuhours=40995.99 corehours=40851.20 nodehours=1024.90 n_jobs=76 n_users=1 n_groups=1 n_accounts=1 year=2020 month=06
syshost=pitzer database=pbsacct software=gzip executables=None cpuhours=37971.78 corehours=7189.69 nodehours=1900.72 n_jobs=354 n_users=3 n_groups=3 n_accounts=3 year=2020 month=06
syshost=pitzer database=pbsacct software=beast executables=None cpuhours=35749.76 corehours=13883.65 nodehours=1276.78 n_jobs=37 n_users=1 n_groups=1 n_accounts=1 year=2020 month=06
syshost=pitzer database=pbsacct software=virsorter executables=None cpuhours=28795.51 corehours=16899.12 nodehours=1397.39 n_jobs=281 n_users=6 n_groups=2 n_accounts=1 year=2020 month=06
syshost=pitzer database=pbsacct software=lsp executables=None cpuhours=26873.60 corehours=26077.42 nodehours=934.54 n_jobs=23 n_users=2 n_groups=1 n_accounts=1 year=2020 month=06
syshost=pitzer database=pbsacct software=phonon executables=None cpuhours=22492.44 corehours=5585.92 nodehours=562.31 n_jobs=146 n_users=1 n_groups=1 n_accounts=1 year=2020 month=06
syshost=pitzer database=pbsacct software=hy3s executables=None cpuhours=20563.72 corehours=19116.85 nodehours=560.28 n_jobs=84 n_users=10 n_groups=8 n_accounts=8 year=2020 month=06
syshost=pitzer database=pbsacct software=ncbi executables=None cpuhours=18309.40 corehours=3576.45 nodehours=601.08 n_jobs=389 n_users=10 n_groups=5 n_accounts=6 year=2020 month=06
syshost=pitzer database=pbsacct software=orca executables=None cpuhours=17771.46 corehours=1835.54 nodehours=450.32 n_jobs=17 n_users=3 n_groups=3 n_accounts=3 year=2020 month=06
syshost=pitzer database=pbsacct software=atat executables=None cpuhours=16503.05 corehours=15695.53 nodehours=415.86 n_jobs=38 n_users=1 n_groups=1 n_accounts=1 year=2020 month=06
syshost=pitzer database=pbsacct software=foam executables=None cpuhours=15539.53 corehours=14178.39 nodehours=388.49 n_jobs=19 n_users=2 n_groups=2 n_accounts=2 year=2020 month=06
syshost=pitzer database=pbsacct software=wrf executables=None cpuhours=15033.36 corehours=14920.76 nodehours=723.14 n_jobs=1454 n_users=2 n_groups=2 n_accounts=1 year=2020 month=06
syshost=pitzer database=pbsacct software=gromacs executables=None cpuhours=11592.87 corehours=11014.06 nodehours=471.82 n_jobs=136 n_users=7 n_groups=7 n_accounts=7 year=2020 month=06
syshost=pitzer database=pbsacct software=evp executables=None cpuhours=11363.05 corehours=11291.89 nodehours=369.37 n_jobs=191 n_users=2 n_groups=1 n_accounts=1 year=2020 month=06
syshost=pitzer database=pbsacct software=turbo executables=None cpuhours=6905.15 corehours=6833.23 nodehours=400.08 n_jobs=81 n_users=2 n_groups=1 n_accounts=1 year=2020 month=06
syshost=pitzer database=pbsacct software=sigma executables=None cpuhours=6517.93 corehours=1625.60 nodehours=1629.48 n_jobs=24 n_users=1 n_groups=1 n_accounts=1 year=2020 month=06
syshost=pitzer database=pbsacct software=ctac executables=None cpuhours=6381.81 corehours=6269.38 nodehours=6282.88 n_jobs=138 n_users=2 n_groups=2 n_accounts=2 year=2020 month=06
syshost=pitzer database=pbsacct software=pwscf executables=None cpuhours=6338.59 corehours=6315.85 nodehours=180.08 n_jobs=6 n_users=2 n_groups=1 n_accounts=1 year=2020 month=06
syshost=pitzer database=pbsacct software=amber executables=None cpuhours=5865.22 corehours=5539.36 nodehours=186.68 n_jobs=451 n_users=5 n_groups=4 n_accounts=5 year=2020 month=06
syshost=pitzer database=pbsacct software=pop executables=None cpuhours=5535.48 corehours=207.10 nodehours=114.54 n_jobs=345 n_users=8 n_groups=3 n_accounts=3 year=2020 month=06
syshost=pitzer database=pbsacct software=calyx executables=None cpuhours=4383.07 corehours=768.68 nodehours=109.58 n_jobs=32 n_users=2 n_groups=2 n_accounts=2 year=2020 month=06
syshost=pitzer database=pbsacct software=meep executables=None cpuhours=3649.24 corehours=3541.79 nodehours=96.28 n_jobs=80 n_users=1 n_groups=1 n_accounts=2 year=2020 month=06
syshost=pitzer database=pbsacct software=hf executables=None cpuhours=3608.45 corehours=921.23 nodehours=180.42 n_jobs=2 n_users=1 n_groups=1 n_accounts=1 year=2020 month=06
syshost=pitzer database=pbsacct software=qb executables=None cpuhours=3452.63 corehours=3436.92 nodehours=172.63 n_jobs=17 n_users=2 n_groups=2 n_accounts=2 year=2020 month=06
syshost=pitzer database=pbsacct software=minced executables=None cpuhours=2967.91 corehours=2870.72 nodehours=978.64 n_jobs=104 n_users=1 n_groups=1 n_accounts=1 year=2020 month=06
syshost=pitzer database=pbsacct software=augustus executables=None cpuhours=2860.24 corehours=107.86 nodehours=102.15 n_jobs=1 n_users=1 n_groups=1 n_accounts=1 year=2020 month=06
syshost=pitzer database=pbsacct software=athena executables=None cpuhours=2690.19 corehours=2140.27 nodehours=67.25 n_jobs=125 n_users=1 n_groups=1 n_accounts=1 year=2020 month=06
syshost=pitzer database=pbsacct software=matlab executables=None cpuhours=2554.10 corehours=1317.69 nodehours=928.48 n_jobs=773 n_users=5 n_groups=5 n_accounts=5 year=2020 month=06
syshost=pitzer database=pbsacct software=singularity executables=None cpuhours=2535.75 corehours=129.92 nodehours=74.78 n_jobs=604 n_users=7 n_groups=4 n_accounts=4 year=2020 month=06
