syshost=pitzer database=pbsacct year=2020 month=01 software=namd executables=None cpuhours=961421.13 corehours=957961.67 nodehours=24071.93 n_jobs=94 n_users=8 n_groups=3 n_accounts=3 
syshost=pitzer database=pbsacct year=2020 month=01 software=fdl3di executables=None cpuhours=747452.42 corehours=688787.12 nodehours=18686.31 n_jobs=22 n_users=2 n_groups=2 n_accounts=1 
syshost=pitzer database=pbsacct year=2020 month=01 software=vasp executables=None cpuhours=602830.69 corehours=587216.08 nodehours=15175.74 n_jobs=1517 n_users=9 n_groups=5 n_accounts=5 
syshost=pitzer database=pbsacct year=2020 month=01 software=tsc executables=None cpuhours=369005.09 corehours=367656.19 nodehours=9225.13 n_jobs=401 n_users=2 n_groups=2 n_accounts=2 
syshost=pitzer database=pbsacct year=2020 month=01 software=python executables=None cpuhours=300419.50 corehours=165330.29 nodehours=29277.94 n_jobs=2525 n_users=49 n_groups=32 n_accounts=31 
syshost=pitzer database=pbsacct year=2020 month=01 software=cam executables=None cpuhours=285684.82 corehours=278093.31 nodehours=7416.44 n_jobs=223 n_users=5 n_groups=5 n_accounts=6 
syshost=pitzer database=pbsacct year=2020 month=01 software=cm1 executables=None cpuhours=237791.53 corehours=200519.68 nodehours=9449.92 n_jobs=5275 n_users=3 n_groups=3 n_accounts=5 
syshost=pitzer database=pbsacct year=2020 month=01 software=lammps executables=None cpuhours=173331.16 corehours=169615.58 nodehours=7030.00 n_jobs=1204 n_users=10 n_groups=8 n_accounts=11 
syshost=pitzer database=pbsacct year=2020 month=01 software=qchem executables=None cpuhours=168204.53 corehours=85734.88 nodehours=8290.64 n_jobs=950 n_users=10 n_groups=5 n_accounts=5 
syshost=pitzer database=pbsacct year=2020 month=01 software=fluent executables=None cpuhours=167259.98 corehours=9309.06 nodehours=4371.60 n_jobs=55 n_users=1 n_groups=1 n_accounts=1 
syshost=pitzer database=pbsacct year=2020 month=01 software=molcas executables=None cpuhours=152438.87 corehours=94728.59 nodehours=40711.12 n_jobs=2071 n_users=6 n_groups=2 n_accounts=2 
syshost=pitzer database=pbsacct year=2020 month=01 software=a_out executables=None cpuhours=149012.66 corehours=148363.21 nodehours=4317.83 n_jobs=1377 n_users=7 n_groups=6 n_accounts=5 
syshost=pitzer database=pbsacct year=2020 month=01 software=run_xyzvort executables=None cpuhours=133897.60 corehours=12917.44 nodehours=3347.61 n_jobs=183 n_users=3 n_groups=2 n_accounts=2 
syshost=pitzer database=pbsacct year=2020 month=01 software=raspa executables=None cpuhours=120755.66 corehours=119367.31 nodehours=56143.97 n_jobs=4940 n_users=4 n_groups=2 n_accounts=1 
syshost=pitzer database=pbsacct year=2020 month=01 software=ncl executables=None cpuhours=115147.41 corehours=113194.62 nodehours=2880.08 n_jobs=315 n_users=6 n_groups=5 n_accounts=5 
syshost=pitzer database=pbsacct year=2020 month=01 software=xgc executables=None cpuhours=111558.45 corehours=110278.83 nodehours=2856.83 n_jobs=326 n_users=1 n_groups=1 n_accounts=1 
syshost=pitzer database=pbsacct year=2020 month=01 software=gaussian executables=None cpuhours=109910.31 corehours=97078.69 nodehours=2691.35 n_jobs=1750 n_users=11 n_groups=11 n_accounts=10 
syshost=pitzer database=pbsacct year=2020 month=01 software=spades executables=None cpuhours=102205.78 corehours=298.07 nodehours=2557.41 n_jobs=476 n_users=1 n_groups=1 n_accounts=1 
syshost=pitzer database=pbsacct year=2020 month=01 software=AraSim executables=None cpuhours=87909.11 corehours=80858.56 nodehours=4518.49 n_jobs=4272 n_users=9 n_groups=2 n_accounts=2 
syshost=pitzer database=pbsacct year=2020 month=01 software=wrf executables=None cpuhours=79096.54 corehours=77201.63 nodehours=2334.21 n_jobs=7476 n_users=4 n_groups=3 n_accounts=3 
syshost=pitzer database=pbsacct year=2020 month=01 software=R executables=None cpuhours=71100.33 corehours=18507.92 nodehours=2425.63 n_jobs=807 n_users=6 n_groups=6 n_accounts=6 
syshost=pitzer database=pbsacct year=2020 month=01 software=hy3s executables=None cpuhours=55379.30 corehours=41976.82 nodehours=3091.85 n_jobs=1314 n_users=6 n_groups=6 n_accounts=6 
syshost=pitzer database=pbsacct year=2020 month=01 software=megahit executables=None cpuhours=53183.53 corehours=643.84 nodehours=1185.11 n_jobs=355 n_users=2 n_groups=2 n_accounts=2 
syshost=pitzer database=pbsacct year=2020 month=01 software=Rstudio executables=None cpuhours=50556.63 corehours=20907.26 nodehours=961.40 n_jobs=88 n_users=18 n_groups=15 n_accounts=15 
syshost=pitzer database=pbsacct year=2020 month=01 software=starccm executables=None cpuhours=48422.17 corehours=47414.28 nodehours=1210.55 n_jobs=76 n_users=2 n_groups=1 n_accounts=1 
syshost=pitzer database=pbsacct year=2020 month=01 software=ncbi executables=None cpuhours=41795.77 corehours=2279.53 nodehours=1113.27 n_jobs=75 n_users=8 n_groups=6 n_accounts=8 
syshost=pitzer database=pbsacct year=2020 month=01 software=bowtie executables=None cpuhours=27559.61 corehours=9483.17 nodehours=753.16 n_jobs=908 n_users=7 n_groups=4 n_accounts=4 
syshost=pitzer database=pbsacct year=2020 month=01 software=padc executables=None cpuhours=23928.60 corehours=23801.63 nodehours=598.22 n_jobs=12 n_users=2 n_groups=1 n_accounts=1 
syshost=pitzer database=pbsacct year=2020 month=01 software=cosmosis executables=None cpuhours=22368.80 corehours=10648.48 nodehours=559.22 n_jobs=29 n_users=1 n_groups=1 n_accounts=1 
syshost=pitzer database=pbsacct year=2020 month=01 software=abinit executables=None cpuhours=21110.05 corehours=21028.44 nodehours=527.95 n_jobs=34 n_users=2 n_groups=2 n_accounts=2 
syshost=pitzer database=pbsacct year=2020 month=01 software=yt executables=None cpuhours=20801.46 corehours=1131.68 nodehours=1479.56 n_jobs=157 n_users=33 n_groups=21 n_accounts=18 
syshost=pitzer database=pbsacct year=2020 month=01 software=setsm executables=None cpuhours=20678.36 corehours=6044.52 nodehours=518.71 n_jobs=132 n_users=2 n_groups=1 n_accounts=1 
syshost=pitzer database=pbsacct year=2020 month=01 software=orca executables=None cpuhours=19958.36 corehours=14039.49 nodehours=499.02 n_jobs=162 n_users=2 n_groups=2 n_accounts=2 
syshost=pitzer database=pbsacct year=2020 month=01 software=comsol executables=None cpuhours=18948.24 corehours=8142.47 nodehours=236.85 n_jobs=18 n_users=1 n_groups=1 n_accounts=1 
syshost=pitzer database=pbsacct year=2020 month=01 software=beast executables=None cpuhours=18415.86 corehours=6731.33 nodehours=657.71 n_jobs=63 n_users=1 n_groups=1 n_accounts=1 
syshost=pitzer database=pbsacct year=2020 month=01 software=atmosphere_model executables=None cpuhours=17029.56 corehours=15273.21 nodehours=425.74 n_jobs=73 n_users=1 n_groups=1 n_accounts=1 
syshost=pitzer database=pbsacct year=2020 month=01 software=singularity executables=None cpuhours=15093.71 corehours=606.43 nodehours=531.63 n_jobs=46 n_users=7 n_groups=3 n_accounts=5 
syshost=pitzer database=pbsacct year=2020 month=01 software=maxsolve executables=None cpuhours=14086.37 corehours=9870.24 nodehours=227.79 n_jobs=60 n_users=2 n_groups=1 n_accounts=1 
syshost=pitzer database=pbsacct year=2020 month=01 software=mexe executables=None cpuhours=11958.78 corehours=11892.51 nodehours=298.99 n_jobs=7 n_users=1 n_groups=2 n_accounts=2 
syshost=pitzer database=pbsacct year=2020 month=01 software=amber executables=None cpuhours=10024.92 corehours=9050.99 nodehours=394.96 n_jobs=503 n_users=6 n_groups=4 n_accounts=5 
syshost=pitzer database=pbsacct year=2020 month=01 software=sses executables=None cpuhours=9939.85 corehours=9881.55 nodehours=248.74 n_jobs=19 n_users=2 n_groups=2 n_accounts=2 
syshost=pitzer database=pbsacct year=2020 month=01 software=bam executables=None cpuhours=9721.48 corehours=2590.76 nodehours=495.66 n_jobs=1082 n_users=8 n_groups=6 n_accounts=8 
syshost=pitzer database=pbsacct year=2020 month=01 software=evp executables=None cpuhours=8898.58 corehours=8859.98 nodehours=278.72 n_jobs=178 n_users=2 n_groups=1 n_accounts=1 
syshost=pitzer database=pbsacct year=2020 month=01 software=gromacs executables=None cpuhours=8174.79 corehours=4164.52 nodehours=870.30 n_jobs=46 n_users=4 n_groups=4 n_accounts=4 
syshost=pitzer database=pbsacct year=2020 month=01 software=ftb executables=None cpuhours=7828.82 corehours=194.58 nodehours=195.72 n_jobs=27 n_users=1 n_groups=1 n_accounts=1 
syshost=pitzer database=pbsacct year=2020 month=01 software=charmm executables=None cpuhours=7475.34 corehours=7380.53 nodehours=186.88 n_jobs=49 n_users=1 n_groups=1 n_accounts=1 
syshost=pitzer database=pbsacct year=2020 month=01 software=res executables=None cpuhours=6328.12 corehours=5625.42 nodehours=288.08 n_jobs=23 n_users=3 n_groups=3 n_accounts=4 
syshost=pitzer database=pbsacct year=2020 month=01 software=mafft executables=None cpuhours=5665.57 corehours=141.10 nodehours=142.11 n_jobs=1141 n_users=4 n_groups=2 n_accounts=3 
syshost=pitzer database=pbsacct year=2020 month=01 software=trial executables=None cpuhours=5550.01 corehours=5527.69 nodehours=173.51 n_jobs=117 n_users=1 n_groups=1 n_accounts=1 
syshost=pitzer database=pbsacct year=2020 month=01 software=vnc executables=None cpuhours=4882.80 corehours=509.65 nodehours=122.07 n_jobs=75 n_users=15 n_groups=11 n_accounts=14 
