syshost=pitzer database=pbsacct software=python executables=None cpuhours=751929.58 corehours=586235.72 nodehours=141408.24 n_jobs=12537 n_users=62 n_groups=45 n_accounts=42 year=2020 month=04
syshost=pitzer database=pbsacct software=namd executables=None cpuhours=730245.40 corehours=726248.08 nodehours=20462.79 n_jobs=723 n_users=8 n_groups=5 n_accounts=4 year=2020 month=04
syshost=pitzer database=pbsacct software=vasp executables=None cpuhours=689836.75 corehours=646752.58 nodehours=17593.84 n_jobs=6200 n_users=10 n_groups=5 n_accounts=4 year=2020 month=04
syshost=pitzer database=pbsacct software=fluent executables=None cpuhours=476043.26 corehours=18190.12 nodehours=11901.08 n_jobs=79 n_users=1 n_groups=1 n_accounts=1 year=2020 month=04
syshost=pitzer database=pbsacct software=hy3s executables=None cpuhours=334976.76 corehours=329772.41 nodehours=8454.56 n_jobs=47 n_users=8 n_groups=5 n_accounts=5 year=2020 month=04
syshost=pitzer database=pbsacct software=raspa executables=None cpuhours=199833.70 corehours=198630.50 nodehours=152957.88 n_jobs=16657 n_users=5 n_groups=2 n_accounts=1 year=2020 month=04
syshost=pitzer database=pbsacct software=R executables=None cpuhours=199772.33 corehours=144461.44 nodehours=7424.52 n_jobs=2149 n_users=9 n_groups=9 n_accounts=10 year=2020 month=04
syshost=pitzer database=pbsacct software=wrf executables=None cpuhours=192862.74 corehours=191579.81 nodehours=5123.88 n_jobs=205 n_users=3 n_groups=2 n_accounts=1 year=2020 month=04
syshost=pitzer database=pbsacct software=cp2k executables=None cpuhours=179774.98 corehours=164741.15 nodehours=6330.31 n_jobs=648 n_users=2 n_groups=1 n_accounts=1 year=2020 month=04
syshost=pitzer database=pbsacct software=setsm executables=None cpuhours=156548.51 corehours=71127.37 nodehours=3913.71 n_jobs=1090 n_users=3 n_groups=1 n_accounts=1 year=2020 month=04
syshost=pitzer database=pbsacct software=molcas executables=None cpuhours=146589.30 corehours=101337.27 nodehours=47625.13 n_jobs=2138 n_users=3 n_groups=1 n_accounts=2 year=2020 month=04
syshost=pitzer database=pbsacct software=qchem executables=None cpuhours=130376.85 corehours=59310.13 nodehours=13170.92 n_jobs=2798 n_users=7 n_groups=3 n_accounts=4 year=2020 month=04
syshost=pitzer database=pbsacct software=gaussian executables=None cpuhours=93400.27 corehours=36488.27 nodehours=2888.75 n_jobs=294 n_users=14 n_groups=14 n_accounts=12 year=2020 month=04
syshost=pitzer database=pbsacct software=a_out executables=None cpuhours=87490.34 corehours=85995.89 nodehours=4100.30 n_jobs=338 n_users=7 n_groups=6 n_accounts=5 year=2020 month=04
syshost=pitzer database=pbsacct software=starccm executables=None cpuhours=81396.33 corehours=80762.97 nodehours=2034.91 n_jobs=15 n_users=1 n_groups=1 n_accounts=1 year=2020 month=04
syshost=pitzer database=pbsacct software=lammps executables=None cpuhours=74279.04 corehours=61161.30 nodehours=16126.61 n_jobs=592 n_users=7 n_groups=7 n_accounts=6 year=2020 month=04
syshost=pitzer database=pbsacct software=tsc executables=None cpuhours=72771.14 corehours=71830.03 nodehours=1819.28 n_jobs=24 n_users=2 n_groups=2 n_accounts=2 year=2020 month=04
syshost=pitzer database=pbsacct software=coarsen executables=None cpuhours=65639.20 corehours=50249.61 nodehours=2344.28 n_jobs=288 n_users=1 n_groups=1 n_accounts=1 year=2020 month=04
syshost=pitzer database=pbsacct software=lmf executables=None cpuhours=54486.86 corehours=39083.51 nodehours=1371.04 n_jobs=2453 n_users=1 n_groups=1 n_accounts=1 year=2020 month=04
syshost=pitzer database=pbsacct software=res executables=None cpuhours=52528.02 corehours=30289.41 nodehours=1313.90 n_jobs=211 n_users=3 n_groups=3 n_accounts=3 year=2020 month=04
syshost=pitzer database=pbsacct software=cosmosis executables=None cpuhours=50161.33 corehours=10534.63 nodehours=1607.88 n_jobs=35 n_users=2 n_groups=2 n_accounts=1 year=2020 month=04
syshost=pitzer database=pbsacct software=foam executables=None cpuhours=47789.86 corehours=4659.34 nodehours=1194.97 n_jobs=40 n_users=5 n_groups=5 n_accounts=5 year=2020 month=04
syshost=pitzer database=pbsacct software=matlab executables=None cpuhours=43234.54 corehours=5271.13 nodehours=3902.93 n_jobs=3701 n_users=7 n_groups=6 n_accounts=6 year=2020 month=04
syshost=pitzer database=pbsacct software=gromacs executables=None cpuhours=36544.07 corehours=32611.87 nodehours=2275.61 n_jobs=129 n_users=5 n_groups=5 n_accounts=5 year=2020 month=04
syshost=pitzer database=pbsacct software=beast executables=None cpuhours=36013.97 corehours=7939.95 nodehours=1058.04 n_jobs=84 n_users=3 n_groups=3 n_accounts=2 year=2020 month=04
syshost=pitzer database=pbsacct software=maxsolve executables=None cpuhours=33637.74 corehours=26343.25 nodehours=652.01 n_jobs=163 n_users=3 n_groups=1 n_accounts=1 year=2020 month=04
syshost=pitzer database=pbsacct software=bowtie executables=None cpuhours=32901.27 corehours=6722.30 nodehours=909.78 n_jobs=77 n_users=6 n_groups=4 n_accounts=4 year=2020 month=04
syshost=pitzer database=pbsacct software=ftb executables=None cpuhours=30057.16 corehours=25753.00 nodehours=1367.02 n_jobs=23 n_users=2 n_groups=2 n_accounts=2 year=2020 month=04
syshost=pitzer database=pbsacct software=ncl executables=None cpuhours=29677.43 corehours=30523.00 nodehours=769.35 n_jobs=54 n_users=4 n_groups=4 n_accounts=4 year=2020 month=04
syshost=pitzer database=pbsacct software=pop executables=None cpuhours=27871.19 corehours=5767.97 nodehours=751.61 n_jobs=267 n_users=6 n_groups=5 n_accounts=5 year=2020 month=04
syshost=pitzer database=pbsacct software=trimmomatic executables=None cpuhours=24376.78 corehours=2638.52 nodehours=2329.11 n_jobs=422 n_users=2 n_groups=2 n_accounts=2 year=2020 month=04
syshost=pitzer database=pbsacct software=cm1 executables=None cpuhours=21517.79 corehours=2839.01 nodehours=1767.20 n_jobs=647 n_users=3 n_groups=3 n_accounts=1 year=2020 month=04
syshost=pitzer database=pbsacct software=ncbi executables=None cpuhours=19206.09 corehours=8187.72 nodehours=475.29 n_jobs=203 n_users=14 n_groups=8 n_accounts=8 year=2020 month=04
syshost=pitzer database=pbsacct software=megahit executables=None cpuhours=17902.31 corehours=4731.84 nodehours=464.76 n_jobs=127 n_users=1 n_groups=1 n_accounts=1 year=2020 month=04
syshost=pitzer database=pbsacct software=singularity executables=None cpuhours=17275.87 corehours=4709.76 nodehours=572.62 n_jobs=31 n_users=6 n_groups=6 n_accounts=5 year=2020 month=04
syshost=pitzer database=pbsacct software=rosetta executables=None cpuhours=17054.39 corehours=16931.46 nodehours=481.18 n_jobs=186 n_users=1 n_groups=1 n_accounts=1 year=2020 month=04
syshost=pitzer database=pbsacct software=AraSim executables=None cpuhours=15396.04 corehours=12617.34 nodehours=1385.10 n_jobs=4973 n_users=2 n_groups=2 n_accounts=2 year=2020 month=04
syshost=pitzer database=pbsacct software=overlap executables=None cpuhours=15027.25 corehours=935.48 nodehours=253.88 n_jobs=23 n_users=4 n_groups=4 n_accounts=3 year=2020 month=04
syshost=pitzer database=pbsacct software=charmm executables=None cpuhours=15005.62 corehours=13677.15 nodehours=375.14 n_jobs=17 n_users=2 n_groups=2 n_accounts=2 year=2020 month=04
syshost=pitzer database=pbsacct software=spades executables=None cpuhours=14681.27 corehours=2140.28 nodehours=209.90 n_jobs=6 n_users=3 n_groups=3 n_accounts=3 year=2020 month=04
syshost=pitzer database=pbsacct software=orca executables=None cpuhours=14407.02 corehours=791.93 nodehours=408.27 n_jobs=45 n_users=5 n_groups=5 n_accounts=5 year=2020 month=04
syshost=pitzer database=pbsacct software=amber executables=None cpuhours=13143.69 corehours=12597.76 nodehours=328.70 n_jobs=431 n_users=5 n_groups=4 n_accounts=5 year=2020 month=04
syshost=pitzer database=pbsacct software=ash executables=None cpuhours=12397.31 corehours=1410.98 nodehours=938.40 n_jobs=258 n_users=46 n_groups=33 n_accounts=34 year=2020 month=04
syshost=pitzer database=pbsacct software=cam executables=None cpuhours=12319.69 corehours=8749.62 nodehours=1465.81 n_jobs=392 n_users=4 n_groups=4 n_accounts=4 year=2020 month=04
syshost=pitzer database=pbsacct software=augustus executables=None cpuhours=11079.61 corehours=656.83 nodehours=681.95 n_jobs=59 n_users=1 n_groups=1 n_accounts=2 year=2020 month=04
syshost=pitzer database=pbsacct software=wget executables=None cpuhours=9834.81 corehours=288.06 nodehours=4917.40 n_jobs=184 n_users=1 n_groups=1 n_accounts=1 year=2020 month=04
syshost=pitzer database=pbsacct software=gzip executables=None cpuhours=8758.28 corehours=873.00 nodehours=856.09 n_jobs=1039 n_users=3 n_groups=3 n_accounts=3 year=2020 month=04
syshost=pitzer database=pbsacct software=3dh executables=None cpuhours=6265.80 corehours=5616.79 nodehours=156.65 n_jobs=1 n_users=1 n_groups=1 n_accounts=1 year=2020 month=04
syshost=pitzer database=pbsacct software=mafft executables=None cpuhours=6006.16 corehours=2492.25 nodehours=246.10 n_jobs=39 n_users=2 n_groups=2 n_accounts=2 year=2020 month=04
syshost=pitzer database=pbsacct software=atat executables=None cpuhours=5823.36 corehours=5675.83 nodehours=146.37 n_jobs=71 n_users=2 n_groups=2 n_accounts=2 year=2020 month=04
