syshost=owens database=pbsacct software=starccm executables=None cpuhours=1320556.13 corehours=939442.30 nodehours=47162.72 n_jobs=233 n_users=7 n_groups=6 n_accounts=5 year=2020 month=06
syshost=owens database=pbsacct software=python executables=None cpuhours=1192981.82 corehours=970856.48 nodehours=217723.53 n_jobs=26952 n_users=109 n_groups=85 n_accounts=83 year=2020 month=06
syshost=owens database=pbsacct software=vasp executables=None cpuhours=859984.30 corehours=367520.19 nodehours=30718.29 n_jobs=1898 n_users=19 n_groups=11 n_accounts=10 year=2020 month=06
syshost=owens database=pbsacct software=lammps executables=None cpuhours=766703.85 corehours=759483.12 nodehours=39101.04 n_jobs=1402 n_users=23 n_groups=16 n_accounts=12 year=2020 month=06
syshost=owens database=pbsacct software=raspa executables=None cpuhours=607695.57 corehours=559166.93 nodehours=342063.73 n_jobs=30769 n_users=7 n_groups=2 n_accounts=2 year=2020 month=06
syshost=owens database=pbsacct software=atmosphere_model executables=None cpuhours=604440.59 corehours=547089.30 nodehours=21968.35 n_jobs=674 n_users=8 n_groups=2 n_accounts=4 year=2020 month=06
syshost=owens database=pbsacct software=qchem executables=None cpuhours=567839.06 corehours=261445.56 nodehours=35011.89 n_jobs=13359 n_users=19 n_groups=8 n_accounts=5 year=2020 month=06
syshost=owens database=pbsacct software=namd executables=None cpuhours=529199.40 corehours=528488.72 nodehours=19014.84 n_jobs=252 n_users=11 n_groups=4 n_accounts=4 year=2020 month=06
syshost=owens database=pbsacct software=res executables=None cpuhours=374430.96 corehours=370507.70 nodehours=14236.45 n_jobs=6042 n_users=11 n_groups=11 n_accounts=12 year=2020 month=06
syshost=owens database=pbsacct software=gaussian executables=None cpuhours=370071.55 corehours=317909.33 nodehours=31361.49 n_jobs=7981 n_users=62 n_groups=30 n_accounts=30 year=2020 month=06
syshost=owens database=pbsacct software=ash executables=None cpuhours=359791.32 corehours=55427.57 nodehours=30886.00 n_jobs=2726 n_users=199 n_groups=126 n_accounts=127 year=2020 month=06
syshost=owens database=pbsacct software=amber executables=None cpuhours=213390.06 corehours=164349.99 nodehours=22457.15 n_jobs=4918 n_users=18 n_groups=15 n_accounts=14 year=2020 month=06
syshost=owens database=pbsacct software=singularity executables=None cpuhours=199009.27 corehours=12160.91 nodehours=11937.27 n_jobs=1109 n_users=9 n_groups=7 n_accounts=5 year=2020 month=06
syshost=owens database=pbsacct software=fim executables=None cpuhours=169892.05 corehours=156747.45 nodehours=6067.57 n_jobs=630 n_users=6 n_groups=1 n_accounts=3 year=2020 month=06
syshost=owens database=pbsacct software=matlab executables=None cpuhours=164071.36 corehours=89403.82 nodehours=9027.18 n_jobs=2340 n_users=22 n_groups=19 n_accounts=18 year=2020 month=06
syshost=owens database=pbsacct software=a_out executables=None cpuhours=158641.30 corehours=158180.96 nodehours=5736.48 n_jobs=904 n_users=9 n_groups=8 n_accounts=8 year=2020 month=06
syshost=owens database=pbsacct software=orca executables=None cpuhours=152486.05 corehours=108869.21 nodehours=6486.19 n_jobs=351 n_users=10 n_groups=3 n_accounts=3 year=2020 month=06
syshost=owens database=pbsacct software=abaqus executables=None cpuhours=129091.00 corehours=51585.11 nodehours=5120.62 n_jobs=987 n_users=27 n_groups=14 n_accounts=11 year=2020 month=06
syshost=owens database=pbsacct software=bedtools executables=None cpuhours=129011.37 corehours=102638.08 nodehours=116817.70 n_jobs=12322 n_users=12 n_groups=8 n_accounts=7 year=2020 month=06
syshost=owens database=pbsacct software=tsc executables=None cpuhours=124560.98 corehours=123375.11 nodehours=4464.18 n_jobs=91 n_users=4 n_groups=4 n_accounts=5 year=2020 month=06
syshost=owens database=pbsacct software=lsp executables=None cpuhours=114672.48 corehours=110699.50 nodehours=4095.45 n_jobs=71 n_users=3 n_groups=1 n_accounts=1 year=2020 month=06
syshost=owens database=pbsacct software=R executables=None cpuhours=96956.19 corehours=21250.67 nodehours=5206.59 n_jobs=5166 n_users=34 n_groups=28 n_accounts=28 year=2020 month=06
syshost=owens database=pbsacct software=lsdyna executables=None cpuhours=91993.44 corehours=90735.37 nodehours=2586.86 n_jobs=171 n_users=4 n_groups=4 n_accounts=2 year=2020 month=06
syshost=owens database=pbsacct software=run_xyzvort executables=None cpuhours=91757.97 corehours=16588.09 nodehours=3293.73 n_jobs=556 n_users=8 n_groups=7 n_accounts=9 year=2020 month=06
syshost=owens database=pbsacct software=drone executables=None cpuhours=86823.27 corehours=67012.22 nodehours=52148.18 n_jobs=4727 n_users=2 n_groups=1 n_accounts=2 year=2020 month=06
syshost=owens database=pbsacct software=bam executables=None cpuhours=77237.18 corehours=34818.06 nodehours=46331.88 n_jobs=3651 n_users=30 n_groups=17 n_accounts=16 year=2020 month=06
syshost=owens database=pbsacct software=foam executables=None cpuhours=69723.27 corehours=34090.74 nodehours=2538.67 n_jobs=71 n_users=3 n_groups=3 n_accounts=3 year=2020 month=06
syshost=owens database=pbsacct software=fdl3di executables=None cpuhours=60093.40 corehours=56034.80 nodehours=2905.36 n_jobs=114 n_users=2 n_groups=2 n_accounts=1 year=2020 month=06
syshost=owens database=pbsacct software=ftb executables=None cpuhours=57055.86 corehours=56861.98 nodehours=2037.71 n_jobs=66 n_users=1 n_groups=1 n_accounts=1 year=2020 month=06
syshost=owens database=pbsacct software=mpas executables=None cpuhours=56038.96 corehours=12333.12 nodehours=2916.55 n_jobs=26230 n_users=15 n_groups=2 n_accounts=3 year=2020 month=06
syshost=owens database=pbsacct software=ncl executables=None cpuhours=55722.66 corehours=54888.53 nodehours=2106.25 n_jobs=1282 n_users=7 n_groups=6 n_accounts=5 year=2020 month=06
syshost=owens database=pbsacct software=wrf executables=None cpuhours=51632.95 corehours=42914.94 nodehours=6203.79 n_jobs=2139 n_users=4 n_groups=2 n_accounts=2 year=2020 month=06
syshost=owens database=pbsacct software=so_gen_weights executables=None cpuhours=43965.41 corehours=22738.96 nodehours=1570.19 n_jobs=497 n_users=5 n_groups=1 n_accounts=1 year=2020 month=06
syshost=owens database=pbsacct software=bowtie executables=None cpuhours=41859.76 corehours=37104.83 nodehours=3996.29 n_jobs=3889 n_users=22 n_groups=14 n_accounts=13 year=2020 month=06
syshost=owens database=pbsacct software=tfe executables=None cpuhours=37930.00 corehours=32131.63 nodehours=1355.62 n_jobs=47 n_users=3 n_groups=3 n_accounts=3 year=2020 month=06
syshost=owens database=pbsacct software=ansys executables=None cpuhours=34042.05 corehours=22459.39 nodehours=1980.00 n_jobs=236 n_users=17 n_groups=13 n_accounts=15 year=2020 month=06
syshost=owens database=pbsacct software=comsol executables=None cpuhours=33193.07 corehours=2734.39 nodehours=1211.02 n_jobs=30 n_users=2 n_groups=2 n_accounts=2 year=2020 month=06
syshost=owens database=pbsacct software=ncbi executables=None cpuhours=30316.73 corehours=24450.69 nodehours=1130.28 n_jobs=256 n_users=15 n_groups=10 n_accounts=10 year=2020 month=06
syshost=owens database=pbsacct software=dock executables=None cpuhours=29949.56 corehours=5080.06 nodehours=1147.64 n_jobs=540 n_users=2 n_groups=2 n_accounts=2 year=2020 month=06
syshost=owens database=pbsacct software=adf executables=None cpuhours=26645.16 corehours=3541.07 nodehours=3195.51 n_jobs=279 n_users=26 n_groups=21 n_accounts=21 year=2020 month=06
syshost=owens database=pbsacct software=gromacs executables=None cpuhours=25173.96 corehours=24559.35 nodehours=899.07 n_jobs=156 n_users=5 n_groups=5 n_accounts=5 year=2020 month=06
syshost=owens database=pbsacct software=megahit executables=None cpuhours=23976.23 corehours=19821.44 nodehours=2168.64 n_jobs=56 n_users=3 n_groups=2 n_accounts=3 year=2020 month=06
syshost=owens database=pbsacct software=sigma executables=None cpuhours=19883.91 corehours=2063.35 nodehours=728.27 n_jobs=516 n_users=5 n_groups=5 n_accounts=5 year=2020 month=06
syshost=owens database=pbsacct software=arts executables=None cpuhours=19549.38 corehours=13933.49 nodehours=698.19 n_jobs=105 n_users=5 n_groups=3 n_accounts=3 year=2020 month=06
syshost=owens database=pbsacct software=bwa executables=None cpuhours=19287.30 corehours=7985.75 nodehours=1772.41 n_jobs=1851 n_users=13 n_groups=11 n_accounts=11 year=2020 month=06
syshost=owens database=pbsacct software=pwscf executables=None cpuhours=18431.06 corehours=18257.32 nodehours=852.37 n_jobs=178 n_users=6 n_groups=4 n_accounts=4 year=2020 month=06
syshost=owens database=pbsacct software=gamess executables=None cpuhours=14833.17 corehours=11279.28 nodehours=1001.93 n_jobs=480 n_users=5 n_groups=5 n_accounts=5 year=2020 month=06
syshost=owens database=pbsacct software=cam executables=None cpuhours=14761.47 corehours=9668.51 nodehours=537.71 n_jobs=1516 n_users=6 n_groups=6 n_accounts=6 year=2020 month=06
syshost=owens database=pbsacct software=tapsim executables=None cpuhours=14243.56 corehours=13564.64 nodehours=1101.32 n_jobs=57 n_users=1 n_groups=1 n_accounts=1 year=2020 month=06
syshost=owens database=pbsacct software=vep executables=None cpuhours=13660.00 corehours=7316.66 nodehours=519.70 n_jobs=73 n_users=3 n_groups=2 n_accounts=3 year=2020 month=06
